[2015.09.20-21.47.50:685][  0]Log file open, 09/20/15 16:47:50
[2015.09.20-21.47.50:685][  0]LogInit:Display: Running engine for game: Daedalus
[2015.09.20-21.47.50:685][  0]LogInit:Display: RandInit(1925564680) SRandInit(1925564681).
[2015.09.20-21.47.50:685][  0]LogTaskGraph: Started task graph with 4 named threads and 5 total threads.
[2015.09.20-21.47.50:685][  0]LogStats: Stats thread started at 0.085033
[2015.09.20-21.47.50:685][  0]LogInit: Version: 4.9.1-2689999+++depot+UE4-Releases+4.9
[2015.09.20-21.47.50:685][  0]LogInit: API Version: 2672455
[2015.09.20-21.47.50:685][  0]LogInit: Compiled (64-bit): Sep 14 2015 04:12:03
[2015.09.20-21.47.50:685][  0]LogInit: Compiled with Visual C++: 18.00.21005.01
[2015.09.20-21.47.50:685][  0]LogInit: Build Configuration: Development
[2015.09.20-21.47.50:685][  0]LogInit: Branch Name: ++depot+UE4-Releases+4.9
[2015.09.20-21.47.50:685][  0]LogInit: Command line:  
[2015.09.20-21.47.50:685][  0]LogInit: Base directory: C:/Program Files/Epic Games/4.9/Engine/Binaries/Win64/
[2015.09.20-21.47.50:685][  0]LogInit: Rocket: 1
[2015.09.20-21.47.50:697][  0]LogInit: Using libcurl 7.41.0
[2015.09.20-21.47.50:697][  0]LogInit:  - built for x86_64-pc-win32
[2015.09.20-21.47.50:697][  0]LogInit:  - supports SSL with WinSSL
[2015.09.20-21.47.50:697][  0]LogInit:  - other features:
[2015.09.20-21.47.50:697][  0]LogInit:      CURL_VERSION_SSL
[2015.09.20-21.47.50:697][  0]LogInit:      CURL_VERSION_IPV6
[2015.09.20-21.47.50:697][  0]LogInit:      CURL_VERSION_ASYNCHDNS
[2015.09.20-21.47.50:697][  0]LogInit:      CURL_VERSION_LARGEFILE
[2015.09.20-21.47.50:697][  0]LogInit:      CURL_VERSION_IDN
[2015.09.20-21.47.50:697][  0]LogInit:  CurlRequestOptions (configurable via config and command line):
[2015.09.20-21.47.50:697][  0]LogInit:  - bVerifyPeer = true  - Libcurl will verify peer certificate
[2015.09.20-21.47.50:697][  0]LogInit:  - bUseHttpProxy = false  - Libcurl will NOT use HTTP proxy
[2015.09.20-21.47.50:697][  0]LogInit:  - bDontReuseConnections = false  - Libcurl will reuse connections
[2015.09.20-21.47.50:697][  0]LogInit:  - CertBundlePath = nullptr  - Libcurl will use whatever was configured at build time.
[2015.09.20-21.47.50:706][  0]LogInit: Presizing for 0 objects not considered by GC, pre-allocating 0 bytes.
[2015.09.20-21.47.50:715][  0]LogInit: Object subsystem initialized
[2015.09.20-21.47.50:717][  0]LogInit: Selected Device Profile: [Windows]
[2015.09.20-21.47.50:717][  0]LogInit: Applying CVar settings loaded from the selected device profile: [Windows]
[2015.09.20-21.47.50:728][  0]LogInit: Computer: WANI
[2015.09.20-21.47.50:728][  0]LogInit: User: K
[2015.09.20-21.47.50:728][  0]LogInit: CPU Page size=4096, Cores=2
[2015.09.20-21.47.50:728][  0]LogInit: High frequency timer resolution =2.338443 MHz
[2015.09.20-21.47.50:728][  0]LogMemory: Memory total: Physical=7.6GB (8GB approx)
[2015.09.20-21.47.50:728][  0]LogMemory: Platform Memory Stats for Windows
[2015.09.20-21.47.50:728][  0]LogMemory: Process Physical Memory: 54.46 MB used, 54.46 MB peak
[2015.09.20-21.47.50:728][  0]LogMemory: Process Virtual Memory: 55.22 MB used, 55.22 MB peak
[2015.09.20-21.47.50:728][  0]LogMemory: Physical Memory: 3580.79 MB used, 7813.53 MB total
[2015.09.20-21.47.50:728][  0]LogMemory: Virtual Memory: 363.61 MB used, 134217728.00 MB total
[2015.09.20-21.47.50:770][  0]LogTextLocalizationManager: No specific translations for ('en-US') exist, so ('en') translations will be used.
[2015.09.20-21.47.51:913][  0]LogD3D11RHI: Found D3D11 adapter 0: Intel(R) HD Graphics 4000 (Feature Level 11_0)
[2015.09.20-21.47.51:913][  0]LogD3D11RHI: Adapter has 32MB of dedicated video memory, 0MB of dedicated system memory, and 1760MB of shared system memory, 1 output[s]
[2015.09.20-21.47.51:915][  0]LogD3D11RHI: Found D3D11 adapter 1: Microsoft Basic Render Driver (Feature Level 11_0)
[2015.09.20-21.47.51:915][  0]LogD3D11RHI: Adapter has 0MB of dedicated video memory, 0MB of dedicated system memory, and 3906MB of shared system memory, 0 output[s]
[2015.09.20-21.47.51:915][  0]LogD3D11RHI: Chosen D3D11 Adapter Id = 0
[2015.09.20-21.47.51:923][  0]LogD3D11RHI: !Direct3DDevice
[2015.09.20-21.47.51:923][  0]LogRHI: Texture pool is 638 MB (70% of 912 MB)
[2015.09.20-21.47.51:926][  0]LogD3D11RHI: Async texture creation enabled
[2015.09.20-21.47.51:933][  0]LogShaderCompilers: Guid format shader working directory is 14 characters bigger than the processId version (../../../../../../Users/K/Desktop/Daedalus/Labyrinth/Intermediate/Shaders/WorkingDirectory/35524/).
[2015.09.20-21.47.51:933][  0]LogShaderCompilers: Cleaned the shader compiler working directory '../../../../../../Users/K/Desktop/Daedalus/Labyrinth/Intermediate/Shaders/tmp/13E8B0B54570828EB4F335AA39408FE7/'.
[2015.09.20-21.47.51:933][  0]LogShaderCompilers:Display: Using Local Shader Compiler.
[2015.09.20-21.47.53:471][  0]LogTemp:Display: Loaded TP AllDesktopTargetPlatform
[2015.09.20-21.47.53:478][  0]LogTemp:Display: Loaded TP WindowsClientTargetPlatform
[2015.09.20-21.47.53:485][  0]LogTemp:Display: Loaded TP WindowsNoEditorTargetPlatform
[2015.09.20-21.47.53:492][  0]LogTemp:Display: Loaded TP WindowsServerTargetPlatform
[2015.09.20-21.47.53:499][  0]LogTemp:Display: Loaded TP WindowsTargetPlatform
[2015.09.20-21.47.53:507][  0]LogTemp:Display: Loaded TP AndroidTargetPlatform
[2015.09.20-21.47.53:514][  0]LogTemp:Display: Loaded TP Android_ASTCTargetPlatform
[2015.09.20-21.47.53:518][  0]LogTemp:Display: Loaded TP Android_ATCTargetPlatform
[2015.09.20-21.47.53:522][  0]LogTemp:Display: Loaded TP Android_DXTTargetPlatform
[2015.09.20-21.47.53:527][  0]LogTemp:Display: Loaded TP Android_ETC1TargetPlatform
[2015.09.20-21.47.53:531][  0]LogTemp:Display: Loaded TP Android_ETC2TargetPlatform
[2015.09.20-21.47.53:536][  0]LogTemp:Display: Loaded TP Android_PVRTCTargetPlatform
[2015.09.20-21.47.53:537][  0]LogTemp:Display: Loaded TP HTML5TargetPlatform
[2015.09.20-21.47.53:556][  0]LogTemp:Display: Loaded TP IOSTargetPlatform
[2015.09.20-21.47.53:560][  0]LogTemp:Display: Loaded TP LinuxNoEditorTargetPlatform
[2015.09.20-21.47.53:564][  0]LogTemp:Display: Loaded TP LinuxServerTargetPlatform
[2015.09.20-21.47.53:570][  0]LogTemp:Display: Loaded TP LinuxTargetPlatform
[2015.09.20-21.47.53:570][  0]LogTargetPlatformManager:Display: Building Assets For Windows
[2015.09.20-21.47.53:680][  0]LogDerivedDataCache:Display: Max Cache Size: 512 MB
[2015.09.20-21.47.53:729][  0]LogDerivedDataCache: Loaded boot cache 0.05s 41MB C:/Users/K/AppData/Local/UnrealEngine/4.9/DerivedDataCache/Boot.ddc.
[2015.09.20-21.47.53:729][  0]LogDerivedDataCache:Display: Loaded Boot cache: C:/Users/K/AppData/Local/UnrealEngine/4.9/DerivedDataCache/Boot.ddc
[2015.09.20-21.47.53:729][  0]LogDerivedDataCache: FDerivedDataBackendGraph:  Pak pak cache file ../../../../../../Users/K/Desktop/Daedalus/Labyrinth/DerivedDataCache/DDC.ddp not found, will not use a pak cache.
[2015.09.20-21.47.53:729][  0]LogDerivedDataCache: Unable to find inner node Pak for hierarchical cache Hierarchy.
[2015.09.20-21.47.53:729][  0]LogDerivedDataCache: FDerivedDataBackendGraph:  CompressedPak pak cache file ../../../../../../Users/K/Desktop/Daedalus/Labyrinth/DerivedDataCache/Compressed.ddp not found, will not use a pak cache.
[2015.09.20-21.47.53:729][  0]LogDerivedDataCache: Unable to find inner node CompressedPak for hierarchical cache Hierarchy.
[2015.09.20-21.47.53:928][  0]LogDerivedDataCache:Display: Pak cache opened for reading ../../../Engine/DerivedDataCache/Compressed.ddp.
[2015.09.20-21.47.53:940][  0]LogDerivedDataCache: Using Local data cache path C:/Users/K/AppData/Local/UnrealEngine/Common/DerivedDataCache: Writable
[2015.09.20-21.47.54:180][  0]LogInit: Selected Device Profile: [Windows]
[2015.09.20-21.47.54:186][  0]LogContentStreaming: Texture pool size is 0.000000MB
[2015.09.20-21.47.54:354][  0]LogMeshUtilities: No automatic mesh reduction module available
[2015.09.20-21.47.54:354][  0]LogMeshUtilities: No automatic mesh merging module available
[2015.09.20-21.47.54:725][  0]LogInit: WinSock: version 1.1 (2.2), MaxSocks=32767, MaxUdp=65467
[2015.09.20-21.47.55:646][  0]LogAssetRegistry: FAssetRegistry took 0.0112 seconds to start up
[2015.09.20-21.47.55:667][  0]UdpMessaging: Initializing bridge on interface 0.0.0.0:0 to multicast group 230.0.0.1:6666.
[2015.09.20-21.47.56:074][  0]SourceControl: Info Source control is disabled
[2015.09.20-21.47.56:089][  0]SourceControl: Info Source control is disabled
[2015.09.20-21.47.56:106][  0]SourceControl: Info Source control is disabled
[2015.09.20-21.47.56:125][  0]SourceControl: Info Source control is disabled
[2015.09.20-21.47.56:342][  0]LogLinker:Warning: Asset '../../../Engine/Plugins/Runtime/LeapMotionController/Content/LM_PassthroughMaterial.uasset' has been saved with empty engine version. The asset will be loaded but may be incompatible.
[2015.09.20-21.47.56:477][  0]LogObj: 28528 objects as part of root set at end of initial load.
[2015.09.20-21.47.56:478][  0]LogUObjectAllocator: 6068456 out of 0 bytes used by permanent object pool.
[2015.09.20-21.47.56:563][  0]LogEngine: Initializing Engine...
[2015.09.20-21.47.56:567][  0]LogHMD: Can't find Oculus library dev build: is proper Runtime installed? Version: 0.7.0.0
[2015.09.20-21.47.56:568][  0]LogHMD: SteamVR failed to initialize.  Err: 110
[2015.09.20-21.47.56:749][  0]LogAIModule: Creating AISystem for world NewWorld
[2015.09.20-21.47.56:753][  0]LogInit: XAudio2 using 'Speakers (Realtek High Definition Audio)' : 2 channels at 48 kHz using 32 bits per sample (channel mask 0x3)
[2015.09.20-21.47.57:027][  0]LogInit: FAudioDevice initialized.
[2015.09.20-21.47.57:051][  0]LogDerivedDataCache: Saved boot cache 0.02s 41MB C:/Users/K/AppData/Local/UnrealEngine/4.9/DerivedDataCache/Boot.ddc.
[2015.09.20-21.47.57:054][  0]LogInit: Texture streaming: Enabled
[2015.09.20-21.47.57:061][  0]LogAnalytics: Creating configured Analytics provider AnalyticsET
[2015.09.20-21.47.57:061][  0]LogAnalytics: [UEEditor.Rocket.Release] APIServer = http://et2.epicgames.com/ET2/. AppVersion = 4.9.1-2689999+++depot+UE4-Releases+4.9
[2015.09.20-21.47.57:061][  0]LogAnalytics: [UEEditor.Rocket.Release] SetUserId 9725863445f283451391ee9307d07a37|d69e99ce7d8a43a9a925913f345bcf00|1242505c-bb25-4a12-b2e6-5931f3c4781d
[2015.09.20-21.47.57:061][  0]LogAnalytics: [UEEditor.Rocket.Release] AnalyticsET::StartSession
[2015.09.20-21.47.57:132][  0]LogInit: Transaction tracking system initialized
[2015.09.20-21.47.57:215][  0]BlueprintLog: New page: Editor Load
[2015.09.20-21.47.57:368][  0]LocalizationService: Info Localization service is disabled
[2015.09.20-21.47.57:493][  0]LogConsoleResponse:Display: 
[2015.09.20-21.47.57:686][  0]LogCook:Display: Done creating registry. It took  0.00s.
[2015.09.20-21.47.57:802][  0]LogFileCache: Scanning file cache for directory 'C:/Users/K/Desktop/Daedalus/Labyrinth/Content/' took 0.02s
[2015.09.20-21.47.57:802][  0]SourceControl: Info Source control is disabled
[2015.09.20-21.47.57:802][  0]Cmd: MAP LOAD FILE="../../../../../../Users/K/Desktop/Daedalus/Labyrinth/Content/FirstPersonBP/Maps/FirstPersonExampleMap.umap" TEMPLATE=0 SHOWPROGRESS=1 FEATURELEVEL=3
[2015.09.20-21.47.57:803][  0]LightingResults: New page: Lighting Build
[2015.09.20-21.47.57:808][  0]MapCheck: New page: Map Check
[2015.09.20-21.47.57:808][  0]LightingResults: New page: Lighting Build
[2015.09.20-21.47.57:836][  0]LogParticles: Destroying 0 GPU particle simulations for FXSystem 0x0000006255F3FCE0
[2015.09.20-21.47.59:052][  0]LogAIModule: Creating AISystem for world FirstPersonExampleMap
[2015.09.20-21.47.59:061][  0]LogEditorServer: Finished looking for orphan Actors (0.000 secs)
[2015.09.20-21.47.59:062][  0]Cmd: MAP CHECKDEP NOCLEARLOG
[2015.09.20-21.47.59:136][  0]MapCheck: Info Map check complete: 0 Error(s), 0 Warning(s), took 73.94ms to complete.
[2015.09.20-21.47.59:136][  0]LogFileHelpers: Loading map 'FirstPersonExampleMap' took 1.334
[2015.09.20-21.47.59:215][  0]LogCollectionManager: Loaded 0 collections in 0.004439 seconds
[2015.09.20-21.47.59:264][  0]LogFileCache: Scanning file cache for directory 'C:/Users/K/Desktop/Daedalus/Labyrinth/Saved/Collections/' took 0.01s
[2015.09.20-21.47.59:264][  0]LogFileCache: Scanning file cache for directory 'C:/Users/K/Desktop/Daedalus/Labyrinth/Content/Developers/K/Collections/' took 0.01s
[2015.09.20-21.47.59:264][  0]LogFileCache: Scanning file cache for directory 'C:/Users/K/Desktop/Daedalus/Labyrinth/Content/Collections/' took 0.01s
[2015.09.20-21.47.59:264][  0]LogContentBrowser: Native class hierarchy populated in 0.0156 seconds. Added 1882 classes and 339 folders.
[2015.09.20-21.47.59:272][  0]LogCollectionManager: Rebuilt the GUID cache for 0 collections in 0.000004 seconds
[2015.09.20-21.47.59:285][  0]LogContentBrowser: Native class hierarchy updated for 'WidgetCarousel' in 0.0005 seconds. Added 0 classes and 0 folders.
[2015.09.20-21.47.59:355][  0]LogContentBrowser: Native class hierarchy updated for 'AddContentDialog' in 0.0007 seconds. Added 0 classes and 0 folders.
[2015.09.20-21.47.59:426][  0]LogContentBrowser: Native class hierarchy updated for 'SceneOutliner' in 0.0006 seconds. Added 1 classes and 2 folders.
[2015.09.20-21.47.59:541][  0]LogCrashTracker: Crashtracker disabled due to settings.
[2015.09.20-21.47.59:548][  0]LogUObjectGlobals:Warning: Failed to find object 'Class None.'
[2015.09.20-21.47.59:574][  0]LogLoad: Full Startup: 9.74 seconds (BP compile: 0.30 seconds)
[2015.09.20-21.47.59:690][  0]LogContentStreaming: Texture pool size now 200 MB
[2015.09.20-21.47.59:900][  0]LogRenderer: Reallocating scene render targets to support 932x724 (Frame:2).
[2015.09.20-21.48.01:304][  6]LogAssetRegistry: Asset discovery search completed in 5.6689 seconds
[2015.09.20-21.48.01:304][  6]LogCollectionManager: Rebuilt the object cache for 0 collections in 0.000001 seconds (found 0 objects)
[2015.09.20-21.48.01:304][  6]LogCollectionManager: Fixed up redirectors for 0 collections in 0.000037 seconds (updated 0 objects)
[2015.09.20-21.48.08:397][192]LogBlueprintUserMessages: Early PlayInEditor Detection: Level '/Game/FirstPersonBP/Maps/FirstPersonExampleMap.FirstPersonExampleMap:PersistentLevel' has LevelScriptBlueprint '/Game/FirstPersonBP/Maps/FirstPersonExampleMap.FirstPersonExampleMap:PersistentLevel.FirstPersonExampleMap' with GeneratedClass '/Game/FirstPersonBP/Maps/FirstPersonExampleMap.FirstPersonExampleMap_C' with ClassGeneratedBy '/Game/FirstPersonBP/Maps/FirstPersonExampleMap.FirstPersonExampleMap:PersistentLevel.FirstPersonExampleMap'
[2015.09.20-21.48.08:397][192]LogPlayLevel: PlayLevel: No blueprints needed recompiling
[2015.09.20-21.48.08:398][192]PIE: New page: PIE session: FirstPersonExampleMap (Sep 20, 2015, 11:48:08 AM)
[2015.09.20-21.48.08:398][192]LogPlayLevel: Creating play world package: /Game/FirstPersonBP/Maps/UEDPIE_0_FirstPersonExampleMap
[2015.09.20-21.48.08:433][192]LogPlayLevel: PIE: StaticDuplicateObject took: (0.034832s)
[2015.09.20-21.48.08:434][192]LogAIModule: Creating AISystem for world FirstPersonExampleMap
[2015.09.20-21.48.08:434][192]LogPlayLevel: PIE: World Init took: (0.001342s)
[2015.09.20-21.48.08:435][192]LogPlayLevel: PIE: Created PIE world by copying editor world from /Game/FirstPersonBP/Maps/FirstPersonExampleMap.FirstPersonExampleMap to /Game/FirstPersonBP/Maps/UEDPIE_0_FirstPersonExampleMap.FirstPersonExampleMap (0.036823s)
[2015.09.20-21.48.08:488][192]LogInit: XAudio2 using 'Speakers (Realtek High Definition Audio)' : 2 channels at 48 kHz using 32 bits per sample (channel mask 0x3)
[2015.09.20-21.48.08:497][192]LogInit: FAudioDevice initialized.
[2015.09.20-21.48.08:552][192]LogWorld: Game class is 'GameMode'
[2015.09.20-21.48.08:557][192]LogWorld: Bringing World /Game/FirstPersonBP/Maps/UEDPIE_0_FirstPersonExampleMap.FirstPersonExampleMap up for play (max tick rate 0) at 2015.09.20-16.48.08
[2015.09.20-21.48.08:557][192]LogActor:Warning: GameSession /Game/FirstPersonBP/Maps/UEDPIE_0_FirstPersonExampleMap.FirstPersonExampleMap:PersistentLevel.GameSession_0 has natively added scene component(s), but none of them were set as the actor's RootComponent - picking one arbitrarily
[2015.09.20-21.48.08:558][192]LogActor:Warning: GameNetworkManager /Game/FirstPersonBP/Maps/UEDPIE_0_FirstPersonExampleMap.FirstPersonExampleMap:PersistentLevel.GameNetworkManager_0 has natively added scene component(s), but none of them were set as the actor's RootComponent - picking one arbitrarily
[2015.09.20-21.48.08:558][192]LogWorld: Bringing up level for play took: 0.004923
[2015.09.20-21.48.08:626][192]LogScript:Warning: Attempted to get an item from array cells out of bounds [100/99]!
[2015.09.20-21.48.08:626][192]LogScript:Warning: Accessed None 'CallFunc_Array_Get_Item'
	Cell_C /Game/FirstPersonBP/Maps/UEDPIE_0_FirstPersonExampleMap.FirstPersonExampleMap:PersistentLevel.Cell_C_100
	Function /Game/FirstPersonBP/Cell.Cell_C:makeWalls:0085
[2015.09.20-21.48.08:626][192]PIE:Error: Error Accessed None 'CallFunc_Array_Get_Item' from node Branch in graph 'makeWalls' in blueprint Cell
[2015.09.20-21.48.08:658][192]PIE: Info Play in editor start time for /Game/FirstPersonBP/Maps/UEDPIE_0_FirstPersonExampleMap 0.593
[2015.09.20-21.48.08:658][192]LogBlueprintUserMessages: Late PlayInEditor Detection: Level '/Game/FirstPersonBP/Maps/FirstPersonExampleMap.FirstPersonExampleMap:PersistentLevel' has LevelScriptBlueprint '/Game/FirstPersonBP/Maps/FirstPersonExampleMap.FirstPersonExampleMap:PersistentLevel.FirstPersonExampleMap' with GeneratedClass '/Game/FirstPersonBP/Maps/FirstPersonExampleMap.FirstPersonExampleMap_C' with ClassGeneratedBy '/Game/FirstPersonBP/Maps/FirstPersonExampleMap.FirstPersonExampleMap:PersistentLevel.FirstPersonExampleMap'
[2015.09.20-21.48.08:743][193]LogRenderer: Reallocating scene render targets to support 1280x724 (Frame:146).
[2015.09.20-21.48.27:144][426]LogBlueprintUserMessages: Early EndPlayMap Detection: Level '/Game/FirstPersonBP/Maps/FirstPersonExampleMap.FirstPersonExampleMap:PersistentLevel' has LevelScriptBlueprint '/Game/FirstPersonBP/Maps/FirstPersonExampleMap.FirstPersonExampleMap:PersistentLevel.FirstPersonExampleMap' with GeneratedClass '/Game/FirstPersonBP/Maps/FirstPersonExampleMap.FirstPersonExampleMap_C' with ClassGeneratedBy '/Game/FirstPersonBP/Maps/FirstPersonExampleMap.FirstPersonExampleMap:PersistentLevel.FirstPersonExampleMap'
[2015.09.20-21.48.27:270][426]LogBlueprintUserMessages: Late EndPlayMap Detection: Level '/Game/FirstPersonBP/Maps/FirstPersonExampleMap.FirstPersonExampleMap:PersistentLevel' has LevelScriptBlueprint '/Game/FirstPersonBP/Maps/FirstPersonExampleMap.FirstPersonExampleMap:PersistentLevel.FirstPersonExampleMap' with GeneratedClass '/Game/FirstPersonBP/Maps/FirstPersonExampleMap.FirstPersonExampleMap_C' with ClassGeneratedBy '/Game/FirstPersonBP/Maps/FirstPersonExampleMap.FirstPersonExampleMap:PersistentLevel.FirstPersonExampleMap'
[2015.09.20-21.48.27:312][426]LogParticles: Destroying 0 GPU particle simulations for FXSystem 0x0000006261DF4F40
[2015.09.20-21.48.34:328][945]LogLinker:Warning: Asset '../../../Engine/Content/ArtTools/RenderToTexture/Macros/RenderToTextureMacros.uasset' has been saved with empty engine version. The asset will be loaded but may be incompatible.
[2015.09.20-21.48.35:079][945]LogContentBrowser: Native class hierarchy updated for 'BlueprintGraph' in 0.0010 seconds. Added 107 classes and 0 folders.
[2015.09.20-21.49.01:725][234]LogBlueprintUserMessages: Early PlayInEditor Detection: Level '/Game/FirstPersonBP/Maps/FirstPersonExampleMap.FirstPersonExampleMap:PersistentLevel' has LevelScriptBlueprint '/Game/FirstPersonBP/Maps/FirstPersonExampleMap.FirstPersonExampleMap:PersistentLevel.FirstPersonExampleMap' with GeneratedClass '/Game/FirstPersonBP/Maps/FirstPersonExampleMap.FirstPersonExampleMap_C' with ClassGeneratedBy '/Game/FirstPersonBP/Maps/FirstPersonExampleMap.FirstPersonExampleMap:PersistentLevel.FirstPersonExampleMap'
[2015.09.20-21.49.01:725][234]BlueprintLog: New page: Pre-Play auto-recompile
[2015.09.20-21.49.01:752][234]LogPlayLevel: [PlayLevel] Compiling Cell before play...
[2015.09.20-21.49.01:917][234]LogPlayLevel: PlayLevel: Blueprint regeneration took 192 ms (2 blueprints)
[2015.09.20-21.49.01:920][234]LogPlayLevel: [PlayLevel] Compiling Daedalus before play...
[2015.09.20-21.49.02:079][234]LogPlayLevel: PlayLevel: Blueprint regeneration took 353 ms (2 blueprints)
[2015.09.20-21.49.02:132][234]PIE: New page: PIE session: FirstPersonExampleMap (Sep 20, 2015, 11:49:02 AM)
[2015.09.20-21.49.02:132][234]LogPlayLevel: Creating play world package: /Game/FirstPersonBP/Maps/UEDPIE_0_FirstPersonExampleMap
[2015.09.20-21.49.02:155][234]LogPlayLevel: PIE: StaticDuplicateObject took: (0.022770s)
[2015.09.20-21.49.02:156][234]LogAIModule: Creating AISystem for world FirstPersonExampleMap
[2015.09.20-21.49.02:156][234]LogPlayLevel: PIE: World Init took: (0.001652s)
[2015.09.20-21.49.02:156][234]LogPlayLevel: PIE: Created PIE world by copying editor world from /Game/FirstPersonBP/Maps/FirstPersonExampleMap.FirstPersonExampleMap to /Game/FirstPersonBP/Maps/UEDPIE_0_FirstPersonExampleMap.FirstPersonExampleMap (0.024653s)
[2015.09.20-21.49.02:206][234]LogInit: XAudio2 using 'Speakers (Realtek High Definition Audio)' : 2 channels at 48 kHz using 32 bits per sample (channel mask 0x3)
[2015.09.20-21.49.02:213][234]LogInit: FAudioDevice initialized.
[2015.09.20-21.49.02:246][234]LogWorld: Game class is 'GameMode'
[2015.09.20-21.49.02:250][234]LogWorld: Bringing World /Game/FirstPersonBP/Maps/UEDPIE_0_FirstPersonExampleMap.FirstPersonExampleMap up for play (max tick rate 0) at 2015.09.20-16.49.02
[2015.09.20-21.49.02:250][234]LogActor:Warning: GameSession /Game/FirstPersonBP/Maps/UEDPIE_0_FirstPersonExampleMap.FirstPersonExampleMap:PersistentLevel.GameSession_1 has natively added scene component(s), but none of them were set as the actor's RootComponent - picking one arbitrarily
[2015.09.20-21.49.02:250][234]LogActor:Warning: GameNetworkManager /Game/FirstPersonBP/Maps/UEDPIE_0_FirstPersonExampleMap.FirstPersonExampleMap:PersistentLevel.GameNetworkManager_1 has natively added scene component(s), but none of them were set as the actor's RootComponent - picking one arbitrarily
[2015.09.20-21.49.02:250][234]LogWorld: Bringing up level for play took: 0.003921
[2015.09.20-21.49.02:332][234]PIE: Info Play in editor start time for /Game/FirstPersonBP/Maps/UEDPIE_0_FirstPersonExampleMap 0.267
[2015.09.20-21.49.02:332][234]LogBlueprintUserMessages: Late PlayInEditor Detection: Level '/Game/FirstPersonBP/Maps/FirstPersonExampleMap.FirstPersonExampleMap:PersistentLevel' has LevelScriptBlueprint '/Game/FirstPersonBP/Maps/FirstPersonExampleMap.FirstPersonExampleMap:PersistentLevel.FirstPersonExampleMap' with GeneratedClass '/Game/FirstPersonBP/Maps/FirstPersonExampleMap.FirstPersonExampleMap_C' with ClassGeneratedBy '/Game/FirstPersonBP/Maps/FirstPersonExampleMap.FirstPersonExampleMap:PersistentLevel.FirstPersonExampleMap'
[2015.09.20-21.49.13:834][370]LogBlueprintUserMessages: Early EndPlayMap Detection: Level '/Game/FirstPersonBP/Maps/FirstPersonExampleMap.FirstPersonExampleMap:PersistentLevel' has LevelScriptBlueprint '/Game/FirstPersonBP/Maps/FirstPersonExampleMap.FirstPersonExampleMap:PersistentLevel.FirstPersonExampleMap' with GeneratedClass '/Game/FirstPersonBP/Maps/FirstPersonExampleMap.FirstPersonExampleMap_C' with ClassGeneratedBy '/Game/FirstPersonBP/Maps/FirstPersonExampleMap.FirstPersonExampleMap:PersistentLevel.FirstPersonExampleMap'
[2015.09.20-21.49.13:952][370]LogBlueprintUserMessages: Late EndPlayMap Detection: Level '/Game/FirstPersonBP/Maps/FirstPersonExampleMap.FirstPersonExampleMap:PersistentLevel' has LevelScriptBlueprint '/Game/FirstPersonBP/Maps/FirstPersonExampleMap.FirstPersonExampleMap:PersistentLevel.FirstPersonExampleMap' with GeneratedClass '/Game/FirstPersonBP/Maps/FirstPersonExampleMap.FirstPersonExampleMap_C' with ClassGeneratedBy '/Game/FirstPersonBP/Maps/FirstPersonExampleMap.FirstPersonExampleMap:PersistentLevel.FirstPersonExampleMap'
[2015.09.20-21.49.14:053][371]LogParticles: Destroying 0 GPU particle simulations for FXSystem 0x000000621B1A3B00
[2015.09.20-21.49.17:763][719]LogBlueprintUserMessages: Early PlayInEditor Detection: Level '/Game/FirstPersonBP/Maps/FirstPersonExampleMap.FirstPersonExampleMap:PersistentLevel' has LevelScriptBlueprint '/Game/FirstPersonBP/Maps/FirstPersonExampleMap.FirstPersonExampleMap:PersistentLevel.FirstPersonExampleMap' with GeneratedClass '/Game/FirstPersonBP/Maps/FirstPersonExampleMap.FirstPersonExampleMap_C' with ClassGeneratedBy '/Game/FirstPersonBP/Maps/FirstPersonExampleMap.FirstPersonExampleMap:PersistentLevel.FirstPersonExampleMap'
[2015.09.20-21.49.17:763][719]LogPlayLevel: PlayLevel: No blueprints needed recompiling
[2015.09.20-21.49.17:763][719]PIE: New page: PIE session: FirstPersonExampleMap (Sep 20, 2015, 11:49:17 AM)
[2015.09.20-21.49.17:763][719]LogPlayLevel: Creating play world package: /Game/FirstPersonBP/Maps/UEDPIE_0_FirstPersonExampleMap
[2015.09.20-21.49.17:790][719]LogPlayLevel: PIE: StaticDuplicateObject took: (0.026529s)
[2015.09.20-21.49.17:791][719]LogAIModule: Creating AISystem for world FirstPersonExampleMap
[2015.09.20-21.49.17:791][719]LogPlayLevel: PIE: World Init took: (0.001572s)
[2015.09.20-21.49.17:791][719]LogPlayLevel: PIE: Created PIE world by copying editor world from /Game/FirstPersonBP/Maps/FirstPersonExampleMap.FirstPersonExampleMap to /Game/FirstPersonBP/Maps/UEDPIE_0_FirstPersonExampleMap.FirstPersonExampleMap (0.028372s)
[2015.09.20-21.49.17:847][719]LogInit: XAudio2 using 'Speakers (Realtek High Definition Audio)' : 2 channels at 48 kHz using 32 bits per sample (channel mask 0x3)
[2015.09.20-21.49.17:853][719]LogInit: FAudioDevice initialized.
[2015.09.20-21.49.17:893][719]LogWorld: Game class is 'GameMode'
[2015.09.20-21.49.17:897][719]LogWorld: Bringing World /Game/FirstPersonBP/Maps/UEDPIE_0_FirstPersonExampleMap.FirstPersonExampleMap up for play (max tick rate 0) at 2015.09.20-16.49.17
[2015.09.20-21.49.17:897][719]LogActor:Warning: GameSession /Game/FirstPersonBP/Maps/UEDPIE_0_FirstPersonExampleMap.FirstPersonExampleMap:PersistentLevel.GameSession_2 has natively added scene component(s), but none of them were set as the actor's RootComponent - picking one arbitrarily
[2015.09.20-21.49.17:897][719]LogActor:Warning: GameNetworkManager /Game/FirstPersonBP/Maps/UEDPIE_0_FirstPersonExampleMap.FirstPersonExampleMap:PersistentLevel.GameNetworkManager_2 has natively added scene component(s), but none of them were set as the actor's RootComponent - picking one arbitrarily
[2015.09.20-21.49.17:897][719]LogWorld: Bringing up level for play took: 0.003850
[2015.09.20-21.49.18:007][719]PIE: Info Play in editor start time for /Game/FirstPersonBP/Maps/UEDPIE_0_FirstPersonExampleMap -0.057
[2015.09.20-21.49.18:007][719]LogBlueprintUserMessages: Late PlayInEditor Detection: Level '/Game/FirstPersonBP/Maps/FirstPersonExampleMap.FirstPersonExampleMap:PersistentLevel' has LevelScriptBlueprint '/Game/FirstPersonBP/Maps/FirstPersonExampleMap.FirstPersonExampleMap:PersistentLevel.FirstPersonExampleMap' with GeneratedClass '/Game/FirstPersonBP/Maps/FirstPersonExampleMap.FirstPersonExampleMap_C' with ClassGeneratedBy '/Game/FirstPersonBP/Maps/FirstPersonExampleMap.FirstPersonExampleMap:PersistentLevel.FirstPersonExampleMap'
[2015.09.20-21.49.24:856][800]LogBlueprintUserMessages: Early EndPlayMap Detection: Level '/Game/FirstPersonBP/Maps/FirstPersonExampleMap.FirstPersonExampleMap:PersistentLevel' has LevelScriptBlueprint '/Game/FirstPersonBP/Maps/FirstPersonExampleMap.FirstPersonExampleMap:PersistentLevel.FirstPersonExampleMap' with GeneratedClass '/Game/FirstPersonBP/Maps/FirstPersonExampleMap.FirstPersonExampleMap_C' with ClassGeneratedBy '/Game/FirstPersonBP/Maps/FirstPersonExampleMap.FirstPersonExampleMap:PersistentLevel.FirstPersonExampleMap'
[2015.09.20-21.49.24:986][800]LogBlueprintUserMessages: Late EndPlayMap Detection: Level '/Game/FirstPersonBP/Maps/FirstPersonExampleMap.FirstPersonExampleMap:PersistentLevel' has LevelScriptBlueprint '/Game/FirstPersonBP/Maps/FirstPersonExampleMap.FirstPersonExampleMap:PersistentLevel.FirstPersonExampleMap' with GeneratedClass '/Game/FirstPersonBP/Maps/FirstPersonExampleMap.FirstPersonExampleMap_C' with ClassGeneratedBy '/Game/FirstPersonBP/Maps/FirstPersonExampleMap.FirstPersonExampleMap:PersistentLevel.FirstPersonExampleMap'
[2015.09.20-21.49.25:091][801]LogParticles: Destroying 0 GPU particle simulations for FXSystem 0x000000621AD4DE40
[2015.09.20-21.49.28:196][944]Cmd: OBJ SAVEPACKAGE PACKAGE="/Game/FirstPersonBP/Cell" FILE="../../../../../../Users/K/Desktop/Daedalus/Labyrinth/Content/FirstPersonBP/Cell.uasset" SILENT=true
[2015.09.20-21.49.28:566][944]LogSavePackage: Save=352.505493ms
[2015.09.20-21.49.28:566][944]LogSavePackage: Moving '../../../../../../Users/K/Desktop/Daedalus/Labyrinth/Saved/CellCB6B89334BC54BEF0D9CAAAF6653ACC9.tmp' to '../../../../../../Users/K/Desktop/Daedalus/Labyrinth/Content/FirstPersonBP/Cell.uasset'
[2015.09.20-21.49.28:570][944]LogSavePackage: Total save time: 372.533347ms
[2015.09.20-21.49.28:570][944]LogSavePackage:Warning: Finished SavePackage ../../../../../../Users/K/Desktop/Daedalus/Labyrinth/Content/FirstPersonBP/Cell.uasset
[2015.09.20-21.49.28:823][944]LogSavePackage: Save=97.165504ms
[2015.09.20-21.49.28:823][944]LogSavePackage: Moving '../../../../../../Users/K/Desktop/Daedalus/Labyrinth/Saved/FirstPersonExampleMap7F33AE57400DD408B48289ACC6F6CAA1.tmp' to '../../../../../../Users/K/Desktop/Daedalus/Labyrinth/Content/FirstPersonBP/Maps/FirstPersonExampleMap.umap'
[2015.09.20-21.49.28:827][944]LogSavePackage: Total save time: 120.018318ms
[2015.09.20-21.49.28:827][944]LogSavePackage:Warning: Finished SavePackage ../../../../../../Users/K/Desktop/Daedalus/Labyrinth/Content/FirstPersonBP/Maps/FirstPersonExampleMap.umap
[2015.09.20-21.49.28:871][944]LogFileHelpers: Saving map 'FirstPersonExampleMap' took 0.297
[2015.09.20-21.49.51:271][813]LogSlate:Warning: Prevented a slow task dialog from being summoned while a context menu was open
[2015.09.20-21.49.52:006][813]LogAIModule: Creating AISystem for world Advanced_Lighting
[2015.09.20-21.49.52:009][813]LogStaticMesh:Warning: Cached component instance data transform did not match!  Discarding cached lighting data which will cause lighting to be unbuilt.
/Game/StarterContent/Maps/Advanced_Lighting.Advanced_Lighting:PersistentLevel.BP_LightStudio_C_0.Skybox
Current X=0.000000 Y=0.000000 Z=1500.000000 Cached X=0.000000 Y=0.000000 Z=1500.000000
[2015.09.20-21.49.52:197][813]LogAIModule: Creating AISystem for world Minimal_Default
[2015.09.20-21.49.53:402][813]LogAIModule: Creating AISystem for world StarterMap
[2015.09.20-21.49.53:407][813]LogParticles:Warning: InitializeSystem called on an unregistered component. Template=/Game/StarterContent/Particles/P_Ambient_Dust.P_Ambient_Dust Component=/Game/StarterContent/Maps/StarterMap.StarterMap:PersistentLevel.P_Ambient_Dust_17.ParticleSystemComponent0
[2015.09.20-21.49.53:572][813]LogParticles:Warning: InitializeSystem called on an unregistered component. Template=/Game/StarterContent/Particles/P_Fire.P_Fire Component=/Game/StarterContent/Maps/StarterMap.StarterMap:PersistentLevel.Blueprint_Effect_Fire_C_1.P_Fire
[2015.09.20-21.49.53:573][813]LogParticles:Warning: InitializeSystem called on an unregistered component. Template=/Game/StarterContent/Particles/P_Smoke.P_Smoke Component=/Game/StarterContent/Maps/StarterMap.StarterMap:PersistentLevel.Blueprint_Effect_Smoke_C_1.P_Smoke
[2015.09.20-21.49.53:573][813]LogParticles:Warning: InitializeSystem called on an unregistered component. Template=/Game/StarterContent/Particles/P_Sparks.P_Sparks Component=/Game/StarterContent/Maps/StarterMap.StarterMap:PersistentLevel.Blueprint_Effect_Sparks_C_1.Sparks
[2015.09.20-21.49.53:573][813]LogParticles:Warning: InitializeSystem called on an unregistered component. Template=/Game/StarterContent/Particles/P_Steam_Lit.P_Steam_Lit Component=/Game/StarterContent/Maps/StarterMap.StarterMap:PersistentLevel.Blueprint_Effect_Steam_C_1.P_Steam_Lit
[2015.09.20-21.49.53:580][813]LogParticles:Warning: InitializeSystem called on an unregistered component. Template=/Game/StarterContent/Particles/P_Fire.P_Fire Component=/Game/StarterContent/Maps/StarterMap.StarterMap:PersistentLevel.Blueprint_Effect_Fire_C_1.P_Fire
[2015.09.20-21.49.53:581][813]LogParticles:Warning: InitializeSystem called on an unregistered component. Template=/Game/StarterContent/Particles/P_Fire.P_Fire Component=/Game/StarterContent/Maps/StarterMap.StarterMap:PersistentLevel.Blueprint_Effect_Fire_C_1.P_Fire
[2015.09.20-21.49.53:581][813]LogParticles:Warning: InitializeSystem called on an unregistered component. Template=/Game/StarterContent/Particles/P_Smoke.P_Smoke Component=/Game/StarterContent/Maps/StarterMap.StarterMap:PersistentLevel.Blueprint_Effect_Smoke_C_1.P_Smoke
[2015.09.20-21.49.53:582][813]LogParticles:Warning: InitializeSystem called on an unregistered component. Template=/Game/StarterContent/Particles/P_Smoke.P_Smoke Component=/Game/StarterContent/Maps/StarterMap.StarterMap:PersistentLevel.Blueprint_Effect_Smoke_C_1.P_Smoke
[2015.09.20-21.49.53:582][813]LogParticles:Warning: InitializeSystem called on an unregistered component. Template=/Game/StarterContent/Particles/P_Sparks.P_Sparks Component=/Game/StarterContent/Maps/StarterMap.StarterMap:PersistentLevel.Blueprint_Effect_Sparks_C_1.Sparks
[2015.09.20-21.49.53:582][813]LogParticles:Warning: InitializeSystem called on an unregistered component. Template=/Game/StarterContent/Particles/P_Sparks.P_Sparks Component=/Game/StarterContent/Maps/StarterMap.StarterMap:PersistentLevel.Blueprint_Effect_Sparks_C_1.Sparks
[2015.09.20-21.49.53:583][813]LogParticles:Warning: InitializeSystem called on an unregistered component. Template=/Game/StarterContent/Particles/P_Steam_Lit.P_Steam_Lit Component=/Game/StarterContent/Maps/StarterMap.StarterMap:PersistentLevel.Blueprint_Effect_Steam_C_1.P_Steam_Lit
[2015.09.20-21.49.53:583][813]LogParticles:Warning: InitializeSystem called on an unregistered component. Template=/Game/StarterContent/Particles/P_Steam_Lit.P_Steam_Lit Component=/Game/StarterContent/Maps/StarterMap.StarterMap:PersistentLevel.Blueprint_Effect_Steam_C_1.P_Steam_Lit
[2015.09.20-21.59.48:063][187]LogWindowsTextInputMethodSystem:Display: IME system now deactivated.
[2015.09.20-21.59.48:436][188]Cmd: QUIT_EDITOR
[2015.09.20-21.59.49:742][188]LogExit: Preparing to exit.
[2015.09.20-21.59.50:253][188]LogExit: Editor shut down
[2015.09.20-21.59.50:254][188]LogExit: Transaction tracking system shut down
[2015.09.20-21.59.50:260][188]LogParticles: Destroying 0 GPU particle simulations for FXSystem 0x00000062432B4AE0
[2015.09.20-21.59.50:260][188]LogParticles: Destroying 0 GPU particle simulations for FXSystem 0x0000006261BBB880
[2015.09.20-21.59.50:261][188]LogParticles: Destroying 0 GPU particle simulations for FXSystem 0x0000006243849EE0
[2015.09.20-21.59.50:261][188]LogParticles: Destroying 0 GPU particle simulations for FXSystem 0x000000626AF5DBC0
[2015.09.20-21.59.50:261][188]LogParticles: Destroying 0 GPU particle simulations for FXSystem 0x000000626AF5D9E0
[2015.09.20-21.59.50:263][188]LogParticles: Destroying 0 GPU particle simulations for FXSystem 0x0000006261C8DA80
[2015.09.20-21.59.50:583][188]LogExit: Object subsystem successfully closed.
[2015.09.20-21.59.50:595][188]LogD3D11RHI: Shutdown
[2015.09.20-21.59.50:595][188]LogD3D11RHI: CleanupD3DDevice
[2015.09.20-21.59.50:730][188]LogD3D11RHI: ~FD3D11DynamicRHI
[2015.09.20-21.59.50:760][188]LogModuleManager: Shutting down and abandoning module BlueprintGraph (200)
[2015.09.20-21.59.50:760][188]LogModuleManager: Shutting down and abandoning module CrashTracker (199)
[2015.09.20-21.59.50:760][188]LogModuleManager: Shutting down and abandoning module SceneOutliner (198)
[2015.09.20-21.59.50:760][188]LogModuleManager: Shutting down and abandoning module SuperSearch (197)
[2015.09.20-21.59.50:760][188]LogModuleManager: Shutting down and abandoning module WidgetCarousel (196)
[2015.09.20-21.59.50:760][188]LogModuleManager: Shutting down and abandoning module AddContentDialog (195)
[2015.09.20-21.59.50:762][188]LogModuleManager: Shutting down and abandoning module EditorWidgets (194)
[2015.09.20-21.59.50:762][188]LogModuleManager: Shutting down and abandoning module CollectionManager (193)
[2015.09.20-21.59.50:762][188]LogModuleManager: Shutting down and abandoning module StatsViewer (192)
[2015.09.20-21.59.50:762][188]LogModuleManager: Shutting down and abandoning module FoliageEdit (191)
[2015.09.20-21.59.50:762][188]LogModuleManager: Shutting down and abandoning module LandscapeEditor (190)
[2015.09.20-21.59.50:763][188]LogModuleManager: Shutting down and abandoning module ActorPickerMode (189)
[2015.09.20-21.59.50:763][188]LogModuleManager: Shutting down and abandoning module GeometryMode (188)
[2015.09.20-21.59.50:763][188]LogModuleManager: Shutting down and abandoning module TextureAlignMode (187)
[2015.09.20-21.59.50:763][188]LogModuleManager: Shutting down and abandoning module BspMode (186)
[2015.09.20-21.59.50:763][188]LogModuleManager: Shutting down and abandoning module PlacementMode (185)
[2015.09.20-21.59.50:763][188]LogModuleManager: Shutting down and abandoning module AutomationWorker (184)
[2015.09.20-21.59.50:763][188]LogModuleManager: Shutting down and abandoning module CharacterAI (183)
[2015.09.20-21.59.50:763][188]LogModuleManager: Shutting down and abandoning module SmartSnapping (182)
[2015.09.20-21.59.50:763][188]LogModuleManager: Shutting down and abandoning module ViewportSnapping (181)
[2015.09.20-21.59.50:763][188]LogModuleManager: Shutting down and abandoning module LogVisualizer (180)
[2015.09.20-21.59.50:763][188]LogModuleManager: Shutting down and abandoning module GameProjectGeneration (179)
[2015.09.20-21.59.50:763][188]LogModuleManager: Shutting down and abandoning module IntroTutorials (178)
[2015.09.20-21.59.50:763][188]LogModuleManager: Shutting down and abandoning module EditorLiveStreaming (177)
[2015.09.20-21.59.50:763][188]LogModuleManager: Shutting down and abandoning module IOSPlatformEditor (176)
[2015.09.20-21.59.50:763][188]LogModuleManager: Shutting down and abandoning module HTML5PlatformEditor (175)
[2015.09.20-21.59.50:763][188]LogModuleManager: Shutting down and abandoning module AndroidDeviceDetection (174)
[2015.09.20-21.59.50:920][188]LogModuleManager: Shutting down and abandoning module AndroidPlatformEditor (173)
[2015.09.20-21.59.50:920][188]LogModuleManager: Shutting down and abandoning module IOSRuntimeSettings (172)
[2015.09.20-21.59.50:920][188]LogModuleManager: Shutting down and abandoning module AndroidRuntimeSettings (171)
[2015.09.20-21.59.50:920][188]LogModuleManager: Shutting down and abandoning module MergeActors (170)
[2015.09.20-21.59.50:920][188]LogModuleManager: Shutting down and abandoning module SizeMap (169)
[2015.09.20-21.59.50:920][188]LogModuleManager: Shutting down and abandoning module TreeMap (168)
[2015.09.20-21.59.50:920][188]LogModuleManager: Shutting down and abandoning module ReferenceViewer (167)
[2015.09.20-21.59.50:920][188]LogModuleManager: Shutting down and abandoning module LocalizationService (166)
[2015.09.20-21.59.50:920][188]LogModuleManager: Shutting down and abandoning module LocalizationDashboard (165)
[2015.09.20-21.59.50:920][188]LogModuleManager: Shutting down and abandoning module HardwareTargeting (164)
[2015.09.20-21.59.50:920][188]LogModuleManager: Shutting down and abandoning module DeviceProfileEditor (163)
[2015.09.20-21.59.50:920][188]LogModuleManager: Shutting down and abandoning module UndoHistory (162)
[2015.09.20-21.59.50:920][188]LogModuleManager: Shutting down and abandoning module GameplayTagsEditor (161)
[2015.09.20-21.59.50:920][188]LogModuleManager: Shutting down and abandoning module UserFeedback (160)
[2015.09.20-21.59.50:920][188]LogModuleManager: Shutting down and abandoning module XmlParser (159)
[2015.09.20-21.59.50:920][188]LogModuleManager: Shutting down and abandoning module Blutility (158)
[2015.09.20-21.59.50:920][188]LogModuleManager: Shutting down and abandoning module ProjectTargetPlatformEditor (157)
[2015.09.20-21.59.50:920][188]LogModuleManager: Shutting down and abandoning module ProjectSettingsViewer (156)
[2015.09.20-21.59.50:920][188]LogModuleManager: Shutting down and abandoning module InputBindingEditor (155)
[2015.09.20-21.59.50:920][188]LogModuleManager: Shutting down and abandoning module EditorSettingsViewer (154)
[2015.09.20-21.59.50:920][188]LogModuleManager: Shutting down and abandoning module SettingsEditor (153)
[2015.09.20-21.59.50:920][188]LogModuleManager: Shutting down and abandoning module ProjectLauncher (152)
[2015.09.20-21.59.50:920][188]LogModuleManager: Shutting down and abandoning module SessionFrontend (151)
[2015.09.20-21.59.50:920][188]LogModuleManager: Shutting down and abandoning module ProfilerClient (150)
[2015.09.20-21.59.50:920][188]LogModuleManager: Shutting down and abandoning module TargetDeviceServices (149)
[2015.09.20-21.59.50:920][188]LogModuleManager: Shutting down and abandoning module DeviceManager (148)
[2015.09.20-21.59.50:921][188]LogModuleManager: Shutting down and abandoning module AutomationController (147)
[2015.09.20-21.59.50:921][188]LogModuleManager: Shutting down and abandoning module AutomationWindow (146)
[2015.09.20-21.59.50:921][188]LogModuleManager: Shutting down and abandoning module Layers (145)
[2015.09.20-21.59.50:921][188]LogModuleManager: Shutting down and abandoning module ComponentVisualizers (144)
[2015.09.20-21.59.50:921][188]LogModuleManager: Shutting down and abandoning module DetailCustomizations (143)
[2015.09.20-21.59.50:921][188]LogModuleManager: Shutting down and abandoning module PackagesDialog (142)
[2015.09.20-21.59.50:921][188]LogModuleManager: Shutting down and abandoning module Persona (141)
[2015.09.20-21.59.50:921][188]LogModuleManager: Shutting down and abandoning module Kismet (140)
[2015.09.20-21.59.50:921][188]LogModuleManager: Shutting down and abandoning module GraphEditor (139)
[2015.09.20-21.59.50:921][188]LogModuleManager: Shutting down and abandoning module ClassViewer (138)
[2015.09.20-21.59.50:921][188]LogModuleManager: Shutting down and abandoning module Toolbox (137)
[2015.09.20-21.59.50:921][188]LogModuleManager: Shutting down and abandoning module ModuleUI (136)
[2015.09.20-21.59.50:921][188]LogModuleManager: Shutting down and abandoning module MovieSceneTools (135)
[2015.09.20-21.59.50:921][188]LogModuleManager: Shutting down and abandoning module OutputLog (134)
[2015.09.20-21.59.50:921][188]LogModuleManager: Shutting down and abandoning module GammaUI (133)
[2015.09.20-21.59.50:921][188]LogModuleManager: Shutting down and abandoning module Documentation (132)
[2015.09.20-21.59.50:921][188]LogModuleManager: Shutting down and abandoning module GameLiveStreaming (131)
[2015.09.20-21.59.50:921][188]LogModuleManager: Shutting down and abandoning module StreamingPauseRendering (130)
[2015.09.20-21.59.50:921][188]LogModuleManager: Shutting down and abandoning module AnalyticsET (129)
[2015.09.20-21.59.50:921][188]LogModuleManager: Shutting down and abandoning module Analytics (128)
[2015.09.20-21.59.50:921][188]LogModuleManager: Shutting down and abandoning module AITestSuite (127)
[2015.09.20-21.59.50:921][188]LogModuleManager: Shutting down and abandoning module GameplayDebugger (126)
[2015.09.20-21.59.50:921][188]LogModuleManager: Shutting down and abandoning module AIModule (125)
[2015.09.20-21.59.50:921][188]LogModuleManager: Shutting down and abandoning module ProfilerService (124)
[2015.09.20-21.59.51:119][188]LogModuleManager: Shutting down and abandoning module TaskGraph (123)
[2015.09.20-21.59.51:119][188]LogModuleManager: Shutting down and abandoning module SubstanceEditor (122)
[2015.09.20-21.59.51:119][188]LogModuleManager: Shutting down and abandoning module SlateRemote (121)
[2015.09.20-21.59.51:119][188]LogModuleManager: Shutting down and abandoning module SteamVRController (120)
[2015.09.20-21.59.51:119][188]LogModuleManager: Shutting down and abandoning module SteamVR (119)
[2015.09.20-21.59.51:119][188]LogModuleManager: Shutting down and abandoning module ProceduralMeshComponent (118)
[2015.09.20-21.59.51:119][188]LogModuleManager: Shutting down and abandoning module OculusRift (117)
[2015.09.20-21.59.51:119][188]LogModuleManager: Shutting down and abandoning module OculusLibrary (116)
[2015.09.20-21.59.51:119][188]LogModuleManager: Shutting down and abandoning module LeapMotionController (115)
[2015.09.20-21.59.51:149][188]LogModuleManager: Shutting down and abandoning module CustomMeshComponent (114)
[2015.09.20-21.59.51:149][188]LogModuleManager: Shutting down and abandoning module CableComponent (113)
[2015.09.20-21.59.51:149][188]LogModuleManager: Shutting down and abandoning module ArchVisCharacter (112)
[2015.09.20-21.59.51:149][188]LogModuleManager: Shutting down and abandoning module MessagingDebugger (111)
[2015.09.20-21.59.51:149][188]LogModuleManager: Shutting down and abandoning module MediaPlayerEditor (110)
[2015.09.20-21.59.51:149][188]LogModuleManager: Shutting down and abandoning module HTML5Networking (109)
[2015.09.20-21.59.51:149][188]LogModuleManager: Shutting down and abandoning module SpeedTreeImporter (108)
[2015.09.20-21.59.51:149][188]LogModuleManager: Shutting down and abandoning module PluginBrowser (107)
[2015.09.20-21.59.51:149][188]LogModuleManager: Shutting down and abandoning module EpicSurvey (106)
[2015.09.20-21.59.51:149][188]LogModuleManager: Shutting down and abandoning module DesktopPlatform (105)
[2015.09.20-21.59.51:149][188]LogModuleManager: Shutting down and abandoning module VisualStudioSourceCodeAccess (104)
[2015.09.20-21.59.51:149][188]LogModuleManager: Shutting down and abandoning module UObjectPlugin (103)
[2015.09.20-21.59.51:149][188]LogModuleManager: Shutting down and abandoning module SubversionSourceControl (102)
[2015.09.20-21.59.51:149][188]LogModuleManager: Shutting down and abandoning module PerforceSourceControl (101)
[2015.09.20-21.59.51:149][188]LogModuleManager: Shutting down and abandoning module SourceControl (100)
[2015.09.20-21.59.51:149][188]LogModuleManager: Shutting down and abandoning module GitSourceControl (99)
[2015.09.20-21.59.51:150][188]LogModuleManager: Shutting down and abandoning module LightPropagationVolumeEditor (98)
[2015.09.20-21.59.51:150][188]LogModuleManager: Shutting down and abandoning module PaperTiledImporter (97)
[2015.09.20-21.59.51:150][188]LogModuleManager: Shutting down and abandoning module PaperSpriteSheetImporter (96)
[2015.09.20-21.59.51:150][188]LogModuleManager: Shutting down and abandoning module MeshPaint (95)
[2015.09.20-21.59.51:150][188]LogModuleManager: Shutting down and abandoning module SlateReflector (94)
[2015.09.20-21.59.51:150][188]LogModuleManager: Shutting down and abandoning module HotReload (93)
[2015.09.20-21.59.51:150][188]LogModuleManager: Shutting down and abandoning module MainFrame (92)
[2015.09.20-21.59.51:150][188]LogModuleManager: Shutting down and abandoning module LevelEditor (91)
[2015.09.20-21.59.51:151][188]LogModuleManager: Shutting down and abandoning module ContentBrowser (90)
[2015.09.20-21.59.51:152][188]LogModuleManager: Shutting down and abandoning module Paper2DEditor (89)
[2015.09.20-21.59.51:152][188]LogModuleManager: Shutting down and abandoning module UdpMessaging (88)
[2015.09.20-21.59.51:254][188]LogModuleManager: Shutting down and abandoning module DirectoryWatcher (87)
[2015.09.20-21.59.51:254][188]LogModuleManager: Shutting down and abandoning module AssetRegistry (86)
[2015.09.20-21.59.51:380][188]LogModuleManager: Shutting down and abandoning module SubstanceCore (85)
[2015.09.20-21.59.51:380][188]LogModuleManager: Shutting down and abandoning module LightPropagationVolumeRuntime (84)
[2015.09.20-21.59.51:380][188]LogModuleManager: Shutting down and abandoning module Paper2D (83)
[2015.09.20-21.59.51:380][188]LogModuleManager: Shutting down and abandoning module WindowsMoviePlayer (82)
[2015.09.20-21.59.51:387][188]LogModuleManager: Shutting down and abandoning module Media (81)
[2015.09.20-21.59.51:387][188]LogModuleManager: Shutting down and abandoning module WmfMedia (80)
[2015.09.20-21.59.51:387][188]LogModuleManager: Shutting down and abandoning module OnlineBlueprintSupport (79)
[2015.09.20-21.59.51:387][188]LogModuleManager: Shutting down and abandoning module GameplayTasksEditor (78)
[2015.09.20-21.59.51:388][188]LogModuleManager: Shutting down and abandoning module PropertyEditor (77)
[2015.09.20-21.59.51:388][188]LogModuleManager: Shutting down and abandoning module BehaviorTreeEditor (76)
[2015.09.20-21.59.51:388][188]LogModuleManager: Shutting down and abandoning module FunctionalTesting (75)
[2015.09.20-21.59.51:388][188]LogModuleManager: Shutting down and abandoning module CollisionAnalyzer (74)
[2015.09.20-21.59.51:388][188]LogModuleManager: Shutting down and abandoning module WorkspaceMenuStructure (73)
[2015.09.20-21.59.51:388][188]LogModuleManager: Shutting down and abandoning module MessageLog (72)
[2015.09.20-21.59.51:388][188]LogModuleManager: Shutting down and abandoning module Sequencer (71)
[2015.09.20-21.59.51:388][188]LogModuleManager: Shutting down and abandoning module AssetTools (70)
[2015.09.20-21.59.51:388][188]LogModuleManager: Shutting down and abandoning module UMGEditor (69)
[2015.09.20-21.59.51:388][188]LogModuleManager: Shutting down and abandoning module UMG (68)
[2015.09.20-21.59.51:388][188]LogModuleManager: Shutting down and abandoning module Slate (67)
[2015.09.20-21.59.51:388][188]LogModuleManager: Shutting down and abandoning module EditorStyle (66)
[2015.09.20-21.59.51:391][188]LogModuleManager: Shutting down and abandoning module SessionServices (65)
[2015.09.20-21.59.51:391][188]LogModuleManager: Shutting down and abandoning module SourceCodeAccess (64)
[2015.09.20-21.59.51:392][188]LogModuleManager: Shutting down and abandoning module HeadMountedDisplay (63)
[2015.09.20-21.59.51:392][188]LogModuleManager: Shutting down and abandoning module XAudio2 (62)
[2015.09.20-21.59.51:392][188]LogModuleManager: Shutting down and abandoning module Networking (60)
[2015.09.20-21.59.51:392][188]LogModuleManager: Shutting down and abandoning module Core (59)
[2015.09.20-21.59.51:392][188]LogModuleManager: Shutting down and abandoning module KismetCompiler (58)
[2015.09.20-21.59.51:392][188]LogModuleManager: Shutting down and abandoning module PhysXFormats (57)
[2015.09.20-21.59.51:392][188]LogModuleManager: Shutting down and abandoning module MeshUtilities (56)
[2015.09.20-21.59.51:392][188]LogModuleManager: Shutting down and abandoning module CookingStats (55)
[2015.09.20-21.59.51:394][188]LogModuleManager: Shutting down and abandoning module DerivedDataCache (54)
[2015.09.20-21.59.51:433][188]LogDerivedDataCache: Shutdown
[2015.09.20-21.59.51:433][188]LogModuleManager: Shutting down and abandoning module ShaderFormatOpenGL (53)
[2015.09.20-21.59.51:433][188]LogModuleManager: Shutting down and abandoning module ShaderFormatD3D (52)
[2015.09.20-21.59.51:433][188]LogModuleManager: Shutting down and abandoning module MetalShaderFormat (51)
[2015.09.20-21.59.51:433][188]LogModuleManager: Shutting down and abandoning module TextureFormatUncompressed (50)
[2015.09.20-21.59.51:433][188]LogModuleManager: Shutting down and abandoning module TextureFormatPVR (49)
[2015.09.20-21.59.51:433][188]LogModuleManager: Shutting down and abandoning module TextureFormatIntelISPCTexComp (48)
[2015.09.20-21.59.51:433][188]LogModuleManager: Shutting down and abandoning module TextureFormatDXT (47)
[2015.09.20-21.59.51:433][188]LogModuleManager: Shutting down and abandoning module ImageWrapper (46)
[2015.09.20-21.59.51:433][188]LogModuleManager: Shutting down and abandoning module TextureFormatASTC (45)
[2015.09.20-21.59.51:433][188]LogModuleManager: Shutting down and abandoning module TextureFormatAndroid (44)
[2015.09.20-21.59.51:433][188]LogModuleManager: Shutting down and abandoning module AudioFormatOpus (43)
[2015.09.20-21.59.51:433][188]LogModuleManager: Shutting down and abandoning module AudioFormatOgg (42)
[2015.09.20-21.59.51:433][188]LogModuleManager: Shutting down and abandoning module AudioFormatADPCM (41)
[2015.09.20-21.59.51:433][188]LogModuleManager: Shutting down and abandoning module LinuxTargetPlatform (40)
[2015.09.20-21.59.51:433][188]LogModuleManager: Shutting down and abandoning module LinuxServerTargetPlatform (39)
[2015.09.20-21.59.51:433][188]LogModuleManager: Shutting down and abandoning module LinuxNoEditorTargetPlatform (38)
[2015.09.20-21.59.51:433][188]LogModuleManager: Shutting down and abandoning module Messaging (37)
[2015.09.20-21.59.51:433][188]LogModuleManager: Shutting down and abandoning module IOSTargetPlatform (36)
[2015.09.20-21.59.51:433][188]LogModuleManager: Shutting down and abandoning module HTML5TargetPlatform (35)
[2015.09.20-21.59.51:433][188]LogModuleManager: Shutting down and abandoning module Android_PVRTCTargetPlatform (34)
[2015.09.20-21.59.51:433][188]LogModuleManager: Shutting down and abandoning module Android_ETC2TargetPlatform (33)
[2015.09.20-21.59.51:433][188]LogModuleManager: Shutting down and abandoning module Android_ETC1TargetPlatform (32)
[2015.09.20-21.59.51:433][188]LogModuleManager: Shutting down and abandoning module Android_DXTTargetPlatform (31)
[2015.09.20-21.59.51:433][188]LogModuleManager: Shutting down and abandoning module Android_ATCTargetPlatform (30)
[2015.09.20-21.59.51:433][188]LogModuleManager: Shutting down and abandoning module Android_ASTCTargetPlatform (29)
[2015.09.20-21.59.51:433][188]LogModuleManager: Shutting down and abandoning module AndroidTargetPlatform (28)
[2015.09.20-21.59.51:433][188]LogModuleManager: Shutting down and abandoning module WindowsTargetPlatform (27)
[2015.09.20-21.59.51:433][188]LogModuleManager: Shutting down and abandoning module WindowsServerTargetPlatform (26)
[2015.09.20-21.59.51:433][188]LogModuleManager: Shutting down and abandoning module WindowsNoEditorTargetPlatform (25)
[2015.09.20-21.59.51:433][188]LogModuleManager: Shutting down and abandoning module WindowsClientTargetPlatform (24)
[2015.09.20-21.59.51:433][188]LogModuleManager: Shutting down and abandoning module AllDesktopTargetPlatform (23)
[2015.09.20-21.59.51:433][188]LogModuleManager: Shutting down and abandoning module TargetPlatform (22)
[2015.09.20-21.59.51:433][188]LogModuleManager: Shutting down and abandoning module InputCore (21)
[2015.09.20-21.59.51:433][188]LogModuleManager: Shutting down and abandoning module Settings (20)
[2015.09.20-21.59.51:434][188]LogModuleManager: Shutting down and abandoning module OnlineSubsystem (18)
[2015.09.20-21.59.51:434][188]LogModuleManager: Shutting down and abandoning module HTTP (17)
[2015.09.20-21.59.52:435][188]LogModuleManager: Shutting down and abandoning module XMPP (16)
[2015.09.20-21.59.52:435][188]LogModuleManager: Shutting down and abandoning module ExampleDeviceProfileSelector (15)
[2015.09.20-21.59.52:435][188]LogModuleManager: Shutting down and abandoning module TextureCompressor (14)
[2015.09.20-21.59.52:435][188]LogModuleManager: Shutting down and abandoning module ShaderCore (13)
[2015.09.20-21.59.52:435][188]LogModuleManager: Shutting down and abandoning module Landscape (12)
[2015.09.20-21.59.52:435][188]LogModuleManager: Shutting down and abandoning module SlateRHIRenderer (11)
[2015.09.20-21.59.52:437][188]LogModuleManager: Shutting down and abandoning module OpenGLDrv (10)
[2015.09.20-21.59.52:437][188]LogModuleManager: Shutting down and abandoning module D3D11RHI (9)
[2015.09.20-21.59.52:437][188]LogModuleManager: Shutting down and abandoning module AnimGraphRuntime (8)
[2015.09.20-21.59.52:437][188]LogModuleManager: Shutting down and abandoning module Renderer (7)
[2015.09.20-21.59.52:437][188]LogModuleManager: Shutting down and abandoning module Engine (6)
[2015.09.20-21.59.52:437][188]LogModuleManager: Shutting down and abandoning module CoreUObject (5)
[2015.09.20-21.59.52:437][188]LogModuleManager: Shutting down and abandoning module NetworkFile (4)
[2015.09.20-21.59.52:437][188]LogModuleManager: Shutting down and abandoning module StreamingFile (3)
[2015.09.20-21.59.52:437][188]LogModuleManager: Shutting down and abandoning module SandboxFile (2)
[2015.09.20-21.59.52:437][188]LogModuleManager: Shutting down and abandoning module PakFile (1)
[2015.09.20-21.59.52:438][188]LogExit: Exiting.
[2015.09.20-21.59.52:462][188]Log file closed, 09/20/15 16:59:52
