[2015.12.19-20.36.08:799][  0]Log file open, 12/19/15 14:36:08
[2015.12.19-20.36.08:799][  0]LogInit:Display: Running engine for game: Daedalus
[2015.12.19-20.36.08:799][  0]LogPlatformFile: Not using cached read wrapper
[2015.12.19-20.36.08:799][  0]LogInit:Display: RandInit(-324287729) SRandInit(-324287726).
[2015.12.19-20.36.08:799][  0]LogTaskGraph: Started task graph with 4 named threads and 5 total threads.
[2015.12.19-20.36.08:799][  0]LogStats: Stats thread started at 0.148778
[2015.12.19-20.36.08:799][  0]LogInit: Version: 4.10.1-2791327+++depot+UE4-Releases+4.10
[2015.12.19-20.36.08:799][  0]LogInit: API Version: 2758231
[2015.12.19-20.36.08:799][  0]LogInit: Compiled (64-bit): Dec  4 2015 19:44:40
[2015.12.19-20.36.08:799][  0]LogInit: Compiled with Visual C++: 19.00.23026.00
[2015.12.19-20.36.08:799][  0]LogInit: Build Configuration: Development
[2015.12.19-20.36.08:799][  0]LogInit: Branch Name: ++depot+UE4-Releases+4.10
[2015.12.19-20.36.08:799][  0]LogInit: Command line:  
[2015.12.19-20.36.08:799][  0]LogInit: Base directory: C:/Program Files/Epic Games/4.10/Engine/Binaries/Win64/
[2015.12.19-20.36.08:799][  0]LogInit: Rocket: 1
[2015.12.19-20.36.08:826][  0]LogInit: Using libcurl 7.41.0
[2015.12.19-20.36.08:826][  0]LogInit:  - built for x86_64-pc-win32
[2015.12.19-20.36.08:826][  0]LogInit:  - supports SSL with WinSSL
[2015.12.19-20.36.08:826][  0]LogInit:  - other features:
[2015.12.19-20.36.08:826][  0]LogInit:      CURL_VERSION_SSL
[2015.12.19-20.36.08:826][  0]LogInit:      CURL_VERSION_IPV6
[2015.12.19-20.36.08:826][  0]LogInit:      CURL_VERSION_ASYNCHDNS
[2015.12.19-20.36.08:826][  0]LogInit:      CURL_VERSION_LARGEFILE
[2015.12.19-20.36.08:826][  0]LogInit:      CURL_VERSION_IDN
[2015.12.19-20.36.08:826][  0]LogInit:  CurlRequestOptions (configurable via config and command line):
[2015.12.19-20.36.08:826][  0]LogInit:  - bVerifyPeer = true  - Libcurl will verify peer certificate
[2015.12.19-20.36.08:826][  0]LogInit:  - bUseHttpProxy = false  - Libcurl will NOT use HTTP proxy
[2015.12.19-20.36.08:826][  0]LogInit:  - bDontReuseConnections = false  - Libcurl will reuse connections
[2015.12.19-20.36.08:826][  0]LogInit:  - CertBundlePath = nullptr  - Libcurl will use whatever was configured at build time.
[2015.12.19-20.36.08:848][  0]LogInit: Presizing for 0 objects not considered by GC, pre-allocating 0 bytes.
[2015.12.19-20.36.08:871][  0]LogInit: Object subsystem initialized
[2015.12.19-20.36.08:873][  0]LogInit: Selected Device Profile: [Windows]
[2015.12.19-20.36.08:873][  0]LogInit: Applying CVar settings loaded from the selected device profile: [Windows]
[2015.12.19-20.36.08:903][  0]LogInit: Computer: WANI
[2015.12.19-20.36.08:903][  0]LogInit: User: K
[2015.12.19-20.36.08:903][  0]LogInit: CPU Page size=4096, Cores=2
[2015.12.19-20.36.08:903][  0]LogInit: High frequency timer resolution =2.338438 MHz
[2015.12.19-20.36.08:904][  0]LogMemory: Memory total: Physical=7.6GB (8GB approx)
[2015.12.19-20.36.08:904][  0]LogMemory: Platform Memory Stats for Windows
[2015.12.19-20.36.08:904][  0]LogMemory: Process Physical Memory: 58.85 MB used, 58.85 MB peak
[2015.12.19-20.36.08:904][  0]LogMemory: Process Virtual Memory: 55.85 MB used, 55.85 MB peak
[2015.12.19-20.36.08:904][  0]LogMemory: Physical Memory: 4727.23 MB used, 7813.53 MB total
[2015.12.19-20.36.08:904][  0]LogMemory: Virtual Memory: 395.59 MB used, 134217728.00 MB total
[2015.12.19-20.36.08:976][  0]LogTextLocalizationManager: No specific translations for ('en-US') exist, so ('en') translations will be used.
[2015.12.19-20.36.09:953][  0]LogD3D11RHI: Found D3D11 adapter 0: Intel(R) HD Graphics 4000 (Feature Level 11_0)
[2015.12.19-20.36.09:953][  0]LogD3D11RHI: Adapter has 32MB of dedicated video memory, 0MB of dedicated system memory, and 1760MB of shared system memory, 1 output[s]
[2015.12.19-20.36.09:955][  0]LogD3D11RHI: Found D3D11 adapter 1: Microsoft Basic Render Driver (Feature Level 11_0)
[2015.12.19-20.36.09:955][  0]LogD3D11RHI: Adapter has 0MB of dedicated video memory, 0MB of dedicated system memory, and 3906MB of shared system memory, 0 output[s]
[2015.12.19-20.36.09:955][  0]LogD3D11RHI: Chosen D3D11 Adapter Id = 0
[2015.12.19-20.36.09:966][  0]LogD3D11RHI: !Direct3DDevice
[2015.12.19-20.36.09:966][  0]LogRHI: Texture pool is 638 MB (70% of 912 MB)
[2015.12.19-20.36.09:972][  0]LogD3D11RHI: Async texture creation enabled
[2015.12.19-20.36.09:981][  0]LogShaderCompilers: Guid format shader working directory is -26 characters bigger than the processId version (../../../../../../Users/K/Documents/GitHub/DaedalusEngine/Labyrinth/Intermediate/Shaders/WorkingDirectory/20168/).
[2015.12.19-20.36.09:981][  0]LogShaderCompilers: Cleaned the shader compiler working directory 'C:/Users/K/AppData/Local/Temp/UnrealShaderWorkingDir/B68D4FE24FA0A7C55B3B579DF036353D/'.
[2015.12.19-20.36.09:981][  0]LogShaderCompilers:Display: Using Local Shader Compiler.
[2015.12.19-20.36.11:830][  0]LogTemp:Display: Loaded TP AllDesktopTargetPlatform
[2015.12.19-20.36.11:842][  0]LogTemp:Display: Loaded TP WindowsClientTargetPlatform
[2015.12.19-20.36.11:855][  0]LogTemp:Display: Loaded TP WindowsNoEditorTargetPlatform
[2015.12.19-20.36.11:869][  0]LogTemp:Display: Loaded TP WindowsServerTargetPlatform
[2015.12.19-20.36.11:880][  0]LogTemp:Display: Loaded TP WindowsTargetPlatform
[2015.12.19-20.36.11:888][  0]LogTemp:Display: Loaded TP AndroidTargetPlatform
[2015.12.19-20.36.11:896][  0]LogTemp:Display: Loaded TP Android_ASTCTargetPlatform
[2015.12.19-20.36.11:904][  0]LogTemp:Display: Loaded TP Android_ATCTargetPlatform
[2015.12.19-20.36.11:912][  0]LogTemp:Display: Loaded TP Android_DXTTargetPlatform
[2015.12.19-20.36.11:918][  0]LogTemp:Display: Loaded TP Android_ETC1TargetPlatform
[2015.12.19-20.36.11:928][  0]LogTemp:Display: Loaded TP Android_ETC2TargetPlatform
[2015.12.19-20.36.11:947][  0]LogTemp:Display: Loaded TP Android_MultiTargetPlatform
[2015.12.19-20.36.11:947][  0]LogTemp:Display: Loaded TP Android_PVRTCTargetPlatform
[2015.12.19-20.36.11:949][  0]LogTemp:Display: Loaded TP HTML5TargetPlatform
[2015.12.19-20.36.11:980][  0]LogTemp:Display: Loaded TP IOSTargetPlatform
[2015.12.19-20.36.11:987][  0]LogTemp:Display: Loaded TP LinuxNoEditorTargetPlatform
[2015.12.19-20.36.11:998][  0]LogTemp:Display: Loaded TP LinuxServerTargetPlatform
[2015.12.19-20.36.12:010][  0]LogTemp:Display: Loaded TP LinuxTargetPlatform
[2015.12.19-20.36.12:010][  0]LogTargetPlatformManager:Display: Building Assets For Windows
[2015.12.19-20.36.12:228][  0]LogDerivedDataCache:Display: Max Cache Size: 512 MB
[2015.12.19-20.36.12:305][  0]LogDerivedDataCache: Loaded boot cache 0.08s 41MB C:/Users/K/AppData/Local/UnrealEngine/4.10/DerivedDataCache/Boot.ddc.
[2015.12.19-20.36.12:306][  0]LogDerivedDataCache:Display: Loaded Boot cache: C:/Users/K/AppData/Local/UnrealEngine/4.10/DerivedDataCache/Boot.ddc
[2015.12.19-20.36.12:306][  0]LogDerivedDataCache: FDerivedDataBackendGraph:  Pak pak cache file ../../../../../../Users/K/Documents/GitHub/DaedalusEngine/Labyrinth/DerivedDataCache/DDC.ddp not found, will not use a pak cache.
[2015.12.19-20.36.12:306][  0]LogDerivedDataCache: Unable to find inner node Pak for hierarchical cache Hierarchy.
[2015.12.19-20.36.12:306][  0]LogDerivedDataCache: FDerivedDataBackendGraph:  CompressedPak pak cache file ../../../../../../Users/K/Documents/GitHub/DaedalusEngine/Labyrinth/DerivedDataCache/Compressed.ddp not found, will not use a pak cache.
[2015.12.19-20.36.12:306][  0]LogDerivedDataCache: Unable to find inner node CompressedPak for hierarchical cache Hierarchy.
[2015.12.19-20.36.12:434][  0]LogDerivedDataCache:Display: Pak cache opened for reading ../../../Engine/DerivedDataCache/Compressed.ddp.
[2015.12.19-20.36.12:447][  0]LogDerivedDataCache: Using Local data cache path C:/Users/K/AppData/Local/UnrealEngine/Common/DerivedDataCache: Writable
[2015.12.19-20.36.12:940][  0]LogInit: Selected Device Profile: [Windows]
[2015.12.19-20.36.12:949][  0]LogContentStreaming: Texture pool size is 0.000000MB
[2015.12.19-20.36.13:237][  0]LogMeshUtilities: No automatic mesh reduction module available
[2015.12.19-20.36.13:237][  0]LogMeshUtilities: No automatic mesh merging module available
[2015.12.19-20.36.13:761][  0]LogInit: WinSock: version 1.1 (2.2), MaxSocks=32767, MaxUdp=65467
[2015.12.19-20.36.15:274][  0]UdpMessaging: Initializing bridge on interface 0.0.0.0:0 to multicast group 230.0.0.1:6666.
[2015.12.19-20.36.15:410][  0]LogAssetRegistry: FAssetRegistry took 0.0121 seconds to start up
[2015.12.19-20.36.15:777][  0]SourceControl: Info Source control is disabled
[2015.12.19-20.36.15:785][  0]SourceControl: Info Source control is disabled
[2015.12.19-20.36.15:810][  0]SourceControl: Info Source control is disabled
[2015.12.19-20.36.15:835][  0]SourceControl: Info Source control is disabled
[2015.12.19-20.36.16:483][  0]LogObj: 28633 objects as part of root set at end of initial load.
[2015.12.19-20.36.16:483][  0]LogUObjectAllocator: 6099752 out of 0 bytes used by permanent object pool.
[2015.12.19-20.36.16:597][  0]LogEngine: Initializing Engine...
[2015.12.19-20.36.16:605][  0]LogHMD: Can't find Oculus library dev build: is proper Runtime installed? Version: 0.8.0.0
[2015.12.19-20.36.16:606][  0]LogHMD: SteamVR failed to initialize.  Err: 110
[2015.12.19-20.36.16:850][  0]LogAIModule: Creating AISystem for world NewWorld
[2015.12.19-20.36.16:856][  0]LogInit: XAudio2 using 'Speakers (Realtek High Definition Audio)' : 2 channels at 48 kHz using 32 bits per sample (channel mask 0x3)
[2015.12.19-20.36.16:869][  0]LogInit: FAudioDevice initialized.
[2015.12.19-20.36.16:905][  0]LogDerivedDataCache: Saved boot cache 0.04s 41MB C:/Users/K/AppData/Local/UnrealEngine/4.10/DerivedDataCache/Boot.ddc.
[2015.12.19-20.36.16:916][  0]LogInit: Texture streaming: Enabled
[2015.12.19-20.36.16:927][  0]LogAnalytics: Creating configured Analytics provider AnalyticsET
[2015.12.19-20.36.16:927][  0]LogAnalytics: [UEEditor.Rocket.Release] APIServer = http://et2.epicgames.com/ET2/. AppVersion = 4.10.1-2791327+++depot+UE4-Releases+4.10
[2015.12.19-20.36.16:927][  0]LogAnalytics: [UEEditor.Rocket.Release] SetUserId 9725863445f283451391ee9307d07a37|d69e99ce7d8a43a9a925913f345bcf00|1242505c-bb25-4a12-b2e6-5931f3c4781d
[2015.12.19-20.36.16:927][  0]LogAnalytics: [UEEditor.Rocket.Release] AnalyticsET::StartSession
[2015.12.19-20.36.16:998][  0]LogInit: Transaction tracking system initialized
[2015.12.19-20.36.17:106][  0]BlueprintLog: New page: Editor Load
[2015.12.19-20.36.17:514][  0]LocalizationService: Info Localization service is disabled
[2015.12.19-20.36.17:895][  0]LogConsoleResponse:Display: 
[2015.12.19-20.36.18:119][  0]LogCook:Display: Done creating registry. It took  0.00s.
[2015.12.19-20.36.18:333][  0]LogFileCache: Scanning file cache for directory 'C:/Users/K/Documents/GitHub/DaedalusEngine/Labyrinth/Content/' took 0.04s
[2015.12.19-20.36.18:333][  0]SourceControl: Info Source control is disabled
[2015.12.19-20.36.18:334][  0]Cmd: MAP LOAD FILE="../../../../../../Users/K/Documents/GitHub/DaedalusEngine/Labyrinth/Content/FirstPersonBP/Maps/FirstPersonExampleMap.umap" TEMPLATE=0 SHOWPROGRESS=1 FEATURELEVEL=3
[2015.12.19-20.36.18:334][  0]LightingResults: New page: Lighting Build
[2015.12.19-20.36.18:376][  0]MapCheck: New page: Map Check
[2015.12.19-20.36.18:376][  0]LightingResults: New page: Lighting Build
[2015.12.19-20.36.18:418][  0]LogParticles: Destroying 0 GPU particle simulations for FXSystem 0x000000AB92B73B00
[2015.12.19-20.36.20:996][  0]LogAIModule: Creating AISystem for world FirstPersonExampleMap
[2015.12.19-20.36.21:036][  0]LogSpawn:Warning: SpawnActor failed because we are running a ConstructionScript (Cell_C)
[2015.12.19-20.36.21:036][  0]LogScript:Warning: Accessed None 'placeholderCell'
	Daedalus_C /Game/FirstPersonBP/Maps/FirstPersonExampleMap.FirstPersonExampleMap:PersistentLevel.Daedalus_C_1
	Function /Game/Maze/Blueprints/Daedalus.Daedalus_C:MakePlaceholderCell:0128
[2015.12.19-20.36.21:046][  0]LogScript:Warning: Accessed None 'CallFunc_Array_Get_Item3'
	Cell_C /Game/FirstPersonBP/Maps/FirstPersonExampleMap.FirstPersonExampleMap:PersistentLevel.Cell_C_71
	Function /Game/Maze/Blueprints/Cell.Cell_C:makeWalls:059E
[2015.12.19-20.36.21:046][  0]LogScript:Warning: Accessed None 'CallFunc_Array_Get_Item2'
	Cell_C /Game/FirstPersonBP/Maps/FirstPersonExampleMap.FirstPersonExampleMap:PersistentLevel.Cell_C_71
	Function /Game/Maze/Blueprints/Cell.Cell_C:makeWalls:0826
[2015.12.19-20.36.21:047][  0]LogScript:Warning: Accessed None 'CallFunc_Array_Get_Item2'
	Cell_C /Game/FirstPersonBP/Maps/FirstPersonExampleMap.FirstPersonExampleMap:PersistentLevel.Cell_C_72
	Function /Game/Maze/Blueprints/Cell.Cell_C:makeWalls:0826
[2015.12.19-20.36.21:048][  0]LogScript:Warning: Accessed None 'CallFunc_Array_Get_Item2'
	Cell_C /Game/FirstPersonBP/Maps/FirstPersonExampleMap.FirstPersonExampleMap:PersistentLevel.Cell_C_73
	Function /Game/Maze/Blueprints/Cell.Cell_C:makeWalls:0826
[2015.12.19-20.36.21:050][  0]LogScript:Warning: Accessed None 'CallFunc_Array_Get_Item2'
	Cell_C /Game/FirstPersonBP/Maps/FirstPersonExampleMap.FirstPersonExampleMap:PersistentLevel.Cell_C_74
	Function /Game/Maze/Blueprints/Cell.Cell_C:makeWalls:0826
[2015.12.19-20.36.21:051][  0]LogScript:Warning: Accessed None 'CallFunc_Array_Get_Item2'
	Cell_C /Game/FirstPersonBP/Maps/FirstPersonExampleMap.FirstPersonExampleMap:PersistentLevel.Cell_C_75
	Function /Game/Maze/Blueprints/Cell.Cell_C:makeWalls:0826
[2015.12.19-20.36.21:051][  0]LogScript:Warning: Accessed None 'CallFunc_Array_Get_Item'
	Cell_C /Game/FirstPersonBP/Maps/FirstPersonExampleMap.FirstPersonExampleMap:PersistentLevel.Cell_C_75
	Function /Game/Maze/Blueprints/Cell.Cell_C:makeWalls:0AAE
[2015.12.19-20.36.21:052][  0]LogScript:Warning: Accessed None 'CallFunc_Array_Get_Item3'
	Cell_C /Game/FirstPersonBP/Maps/FirstPersonExampleMap.FirstPersonExampleMap:PersistentLevel.Cell_C_76
	Function /Game/Maze/Blueprints/Cell.Cell_C:makeWalls:059E
[2015.12.19-20.36.21:056][  0]LogScript:Warning: Accessed None 'CallFunc_Array_Get_Item'
	Cell_C /Game/FirstPersonBP/Maps/FirstPersonExampleMap.FirstPersonExampleMap:PersistentLevel.Cell_C_80
	Function /Game/Maze/Blueprints/Cell.Cell_C:makeWalls:0AAE
[2015.12.19-20.36.21:057][  0]LogScript:Warning: Accessed None 'CallFunc_Array_Get_Item3'
	Cell_C /Game/FirstPersonBP/Maps/FirstPersonExampleMap.FirstPersonExampleMap:PersistentLevel.Cell_C_81
	Function /Game/Maze/Blueprints/Cell.Cell_C:makeWalls:059E
[2015.12.19-20.36.21:060][  0]LogScript:Warning: Accessed None 'CallFunc_Array_Get_Item'
	Cell_C /Game/FirstPersonBP/Maps/FirstPersonExampleMap.FirstPersonExampleMap:PersistentLevel.Cell_C_85
	Function /Game/Maze/Blueprints/Cell.Cell_C:makeWalls:0AAE
[2015.12.19-20.36.21:061][  0]LogScript:Warning: Accessed None 'CallFunc_Array_Get_Item3'
	Cell_C /Game/FirstPersonBP/Maps/FirstPersonExampleMap.FirstPersonExampleMap:PersistentLevel.Cell_C_86
	Function /Game/Maze/Blueprints/Cell.Cell_C:makeWalls:059E
[2015.12.19-20.36.21:065][  0]LogScript:Warning: Accessed None 'CallFunc_Array_Get_Item'
	Cell_C /Game/FirstPersonBP/Maps/FirstPersonExampleMap.FirstPersonExampleMap:PersistentLevel.Cell_C_90
	Function /Game/Maze/Blueprints/Cell.Cell_C:makeWalls:0AAE
[2015.12.19-20.36.21:065][  0]LogScript:Warning: Accessed None 'CallFunc_Array_Get_Item4'
	Cell_C /Game/FirstPersonBP/Maps/FirstPersonExampleMap.FirstPersonExampleMap:PersistentLevel.Cell_C_91
	Function /Game/Maze/Blueprints/Cell.Cell_C:makeWalls:0340
[2015.12.19-20.36.21:066][  0]LogScript:Warning: Accessed None 'CallFunc_Array_Get_Item3'
	Cell_C /Game/FirstPersonBP/Maps/FirstPersonExampleMap.FirstPersonExampleMap:PersistentLevel.Cell_C_91
	Function /Game/Maze/Blueprints/Cell.Cell_C:makeWalls:059E
[2015.12.19-20.36.21:067][  0]LogScript:Warning: Accessed None 'CallFunc_Array_Get_Item4'
	Cell_C /Game/FirstPersonBP/Maps/FirstPersonExampleMap.FirstPersonExampleMap:PersistentLevel.Cell_C_92
	Function /Game/Maze/Blueprints/Cell.Cell_C:makeWalls:0340
[2015.12.19-20.36.21:068][  0]LogScript:Warning: Accessed None 'CallFunc_Array_Get_Item4'
	Cell_C /Game/FirstPersonBP/Maps/FirstPersonExampleMap.FirstPersonExampleMap:PersistentLevel.Cell_C_93
	Function /Game/Maze/Blueprints/Cell.Cell_C:makeWalls:0340
[2015.12.19-20.36.21:069][  0]LogScript:Warning: Accessed None 'CallFunc_Array_Get_Item4'
	Cell_C /Game/FirstPersonBP/Maps/FirstPersonExampleMap.FirstPersonExampleMap:PersistentLevel.Cell_C_94
	Function /Game/Maze/Blueprints/Cell.Cell_C:makeWalls:0340
[2015.12.19-20.36.21:070][  0]LogScript:Warning: Accessed None 'CallFunc_Array_Get_Item4'
	Cell_C /Game/FirstPersonBP/Maps/FirstPersonExampleMap.FirstPersonExampleMap:PersistentLevel.Cell_C_95
	Function /Game/Maze/Blueprints/Cell.Cell_C:makeWalls:0340
[2015.12.19-20.36.21:070][  0]LogScript:Warning: Accessed None 'CallFunc_Array_Get_Item'
	Cell_C /Game/FirstPersonBP/Maps/FirstPersonExampleMap.FirstPersonExampleMap:PersistentLevel.Cell_C_95
	Function /Game/Maze/Blueprints/Cell.Cell_C:makeWalls:0AAE
[2015.12.19-20.36.21:076][  0]LogEditorServer: Finished looking for orphan Actors (0.000 secs)
[2015.12.19-20.36.21:077][  0]Cmd: MAP CHECKDEP NOCLEARLOG
[2015.12.19-20.36.21:175][  0]MapCheck: Info Map check complete: 0 Error(s), 0 Warning(s), took 97.346ms to complete.
[2015.12.19-20.36.21:175][  0]LogFileHelpers: Loading map 'FirstPersonExampleMap' took 2.841
[2015.12.19-20.36.21:281][  0]LogCollectionManager: Loaded 0 collections in 0.005484 seconds
[2015.12.19-20.36.21:328][  0]LogFileCache: Scanning file cache for directory 'C:/Users/K/Documents/GitHub/DaedalusEngine/Labyrinth/Saved/Collections/' took 0.01s
[2015.12.19-20.36.21:328][  0]LogFileCache: Scanning file cache for directory 'C:/Users/K/Documents/GitHub/DaedalusEngine/Labyrinth/Content/Developers/K/Collections/' took 0.01s
[2015.12.19-20.36.21:328][  0]LogFileCache: Scanning file cache for directory 'C:/Users/K/Documents/GitHub/DaedalusEngine/Labyrinth/Content/Collections/' took 0.01s
[2015.12.19-20.36.21:328][  0]LogCollectionManager: Rebuilt the GUID cache for 0 collections in 0.000003 seconds
[2015.12.19-20.36.21:347][  0]LogContentBrowser: Native class hierarchy populated in 0.0191 seconds. Added 1893 classes and 338 folders.
[2015.12.19-20.36.21:363][  0]LogContentBrowser: Native class hierarchy updated for 'WidgetCarousel' in 0.0007 seconds. Added 0 classes and 0 folders.
[2015.12.19-20.36.21:459][  0]LogContentBrowser: Native class hierarchy updated for 'AddContentDialog' in 0.0007 seconds. Added 0 classes and 0 folders.
[2015.12.19-20.36.21:540][  0]LogContentBrowser: Native class hierarchy updated for 'SceneOutliner' in 0.0010 seconds. Added 1 classes and 2 folders.
[2015.12.19-20.36.21:687][  0]LogCrashTracker: Crashtracker disabled due to settings.
[2015.12.19-20.36.21:698][  0]LogUObjectGlobals:Warning: Failed to find object 'Class None.'
[2015.12.19-20.36.21:731][  0]LogLoad: Full Startup: 15.30 seconds (BP compile: 0.80 seconds)
[2015.12.19-20.36.21:757][  0]LogOcInput: Can't find Oculus library dev build: is proper Runtime installed? Version: 0.8.0.0
[2015.12.19-20.36.21:922][  0]LogContentStreaming: Texture pool size now 400 MB
[2015.12.19-20.36.22:236][  0]LogRenderer: Reallocating scene render targets to support 936x720 (Frame:2).
[2015.12.19-20.36.23:603][  4]LogCollectionManager: Rebuilt the object cache for 0 collections in 0.000001 seconds (found 0 objects)
[2015.12.19-20.36.23:857][  7]LogAssetRegistry: Asset discovery search completed in 8.4587 seconds
[2015.12.19-20.36.23:857][  7]LogCollectionManager: Fixed up redirectors for 0 collections in 0.000005 seconds (updated 0 objects)
[2015.12.19-20.36.27:524][104]LogSlate:Warning: Prevented a slow task dialog from being summoned while a context menu was open
[2015.12.19-20.36.29:017][104]LogLinker:Warning: CreateExport: Failed to load Parent for Function /Game/RealisticBlueprintWeapons/Blueprints/WeaponEffects/MuzzleEffect.MuzzleEffect_C:UserConstructionScript; removing parent information, but keeping function
[2015.12.19-20.36.29:435][104]LogBlueprint:Warning: [compiler MyCharacter] Warning  Set Text (String)  is deprecated; Use the SetText function taking an FText instead.
[2015.12.19-20.36.29:446][104]LogBlueprint:Warning: [compiler MyCharacter] Warning  Set Text (String)  is deprecated; Use the SetText function taking an FText instead.
[2015.12.19-20.36.29:465][104]LogBlueprint:Warning: [compiler MyCharacter] Warning [0023.04] Compile of MyCharacter successful, but with 2 Warning(s) [in 70 ms]
[2015.12.19-20.36.29:467][104]LogBlueprint:Warning: [compiler MyCharacter] Warning [0023.04] Compile of MyCharacter successful, but with 3 Warning(s) [in 1 ms]
[2015.12.19-20.36.29:467][104]LogBlueprint:Warning: [compiler MyCharacter] Warning [0023.04] Compile of MyCharacter successful, but with 4 Warning(s) [in 0 ms]
[2015.12.19-20.36.29:641][104]LogBlueprint:Warning: [compiler MyCharacter] Warning  Set Text (String)  is deprecated; Use the SetText function taking an FText instead.
[2015.12.19-20.36.29:651][104]LogBlueprint:Warning: [compiler MyCharacter] Warning  Set Text (String)  is deprecated; Use the SetText function taking an FText instead.
[2015.12.19-20.36.29:666][104]LogBlueprint:Warning: [compiler MyCharacter] Warning [0023.24] Compile of MyCharacter successful, but with 2 Warning(s) [in 63 ms]
[2015.12.19-20.36.29:667][104]LogBlueprint:Warning: [compiler MyCharacter] Warning [0023.24] Compile of MyCharacter successful, but with 3 Warning(s) [in 0 ms]
[2015.12.19-20.36.29:669][104]LogBlueprint:Warning: [compiler MyCharacter] Warning [0023.24] Compile of MyCharacter successful, but with 4 Warning(s) [in 2 ms]
[2015.12.19-20.36.29:957][104]LogSkeletalMesh:Warning: Building adjacency information for skeletal mesh '/Game/RealisticBlueprintWeapons/ExampleContent/AnimationDemo/Meshes/Owen.Owen'.
[2015.12.19-20.36.30:919][104]LogBlueprint:Warning: [compiler Target] Warning  Set Text (String)  is deprecated; Use the SetText function taking an FText instead.
[2015.12.19-20.36.30:924][104]LogBlueprint:Warning: [compiler Target] Warning [0024.50] Compile of Target successful, but with 1 Warning(s) [in 8 ms]
[2015.12.19-20.36.30:924][104]LogBlueprint:Warning: [compiler Target] Warning [0024.50] Compile of Target successful, but with 2 Warning(s) [in 0 ms]
[2015.12.19-20.36.30:924][104]LogBlueprint:Warning: [compiler Target] Warning [0024.50] Compile of Target successful, but with 3 Warning(s) [in 0 ms]
[2015.12.19-20.36.30:931][104]LogBlueprint:Warning: [compiler Target] Warning  Set Text (String)  is deprecated; Use the SetText function taking an FText instead.
[2015.12.19-20.36.30:935][104]LogBlueprint:Warning: [compiler Target] Warning [0024.51] Compile of Target successful, but with 1 Warning(s) [in 6 ms]
[2015.12.19-20.36.30:935][104]LogBlueprint:Warning: [compiler Target] Warning [0024.51] Compile of Target successful, but with 2 Warning(s) [in 0 ms]
[2015.12.19-20.36.30:935][104]LogBlueprint:Warning: [compiler Target] Warning [0024.51] Compile of Target successful, but with 3 Warning(s) [in 0 ms]
[2015.12.19-20.36.32:229][104]LogLinker:Warning: CreateExport: Failed to load Parent for Function /Game/RealisticBlueprintWeapons/Blueprints/Weapons/Bow.Bow_C:UserConstructionScript; removing parent information, but keeping function
[2015.12.19-20.36.32:247][104]LogLinker:Warning: CreateExport: Failed to load Parent for Function /Game/RealisticBlueprintWeapons/Blueprints/Weapons/Longbow.Longbow_C:UserConstructionScript; removing parent information, but keeping function
[2015.12.19-20.36.32:312][104]LogLinker:Warning: CreateExport: Failed to load Parent for Function /Game/RealisticBlueprintWeapons/Blueprints/Weapons/Shotgun.Shotgun_C:UserConstructionScript; removing parent information, but keeping function
[2015.12.19-20.36.32:415][104]LogLinker:Warning: CreateExport: Failed to load Parent for Function /Game/RealisticBlueprintWeapons/Blueprints/Weapons/Sniper.Sniper_C:UserConstructionScript; removing parent information, but keeping function
[2015.12.19-20.36.54:011][104]LogTexture:Display: Building textures: LightMapTexture2D_10 (AutoDXT)
[2015.12.19-20.36.54:819][104]LogTexture:Display: Building textures: LightMapTexture2D_12 (AutoDXT)
[2015.12.19-20.36.55:644][104]LogTexture:Display: Building textures: LightMapTexture2D_14 (AutoDXT)
[2015.12.19-20.36.56:463][104]LogTexture:Display: Building textures: LightMapTexture2D_16 (AutoDXT)
[2015.12.19-20.36.56:980][104]LogTexture:Display: Building textures: LightMapTexture2D_18 (AutoDXT)
[2015.12.19-20.36.58:336][104]LogTexture:Display: Building textures: LightMapTexture2D_2 (AutoDXT)
[2015.12.19-20.36.59:923][104]LogTexture:Display: Building textures: LightMapTexture2D_20 (AutoDXT)
[2015.12.19-20.37.00:748][104]LogTexture:Display: Building textures: LightMapTexture2D_22 (AutoDXT)
[2015.12.19-20.37.00:997][104]LogTexture:Display: Building textures: LightMapTexture2D_24 (AutoDXT)
[2015.12.19-20.37.01:850][104]LogTexture:Display: Building textures: LightMapTexture2D_26 (AutoDXT)
[2015.12.19-20.37.02:680][104]LogTexture:Display: Building textures: LightMapTexture2D_28 (AutoDXT)
[2015.12.19-20.37.03:496][104]LogTexture:Display: Building textures: LightMapTexture2D_30 (AutoDXT)
[2015.12.19-20.37.03:709][104]LogTexture:Display: Building textures: LightMapTexture2D_32 (AutoDXT)
[2015.12.19-20.37.03:729][104]LogTexture:Display: Building textures: LightMapTexture2D_33 (DXT1)
[2015.12.19-20.37.03:757][104]LogTexture:Display: Building textures: LightMapTexture2D_4 (AutoDXT)
[2015.12.19-20.37.04:596][104]LogTexture:Display: Building textures: LightMapTexture2D_6 (AutoDXT)
[2015.12.19-20.37.05:411][104]LogTexture:Display: Building textures: LightMapTexture2D_8 (AutoDXT)
[2015.12.19-20.37.06:217][104]LogTexture:Display: Building textures: ShadowMapTexture2D_18 (BGRA8)
[2015.12.19-20.37.06:258][104]LogTexture:Display: Building textures: ShadowMapTexture2D_19 (BGRA8)
[2015.12.19-20.37.06:297][104]LogTexture:Display: Building textures: ShadowMapTexture2D_20 (BGRA8)
[2015.12.19-20.37.06:338][104]LogTexture:Display: Building textures: ShadowMapTexture2D_21 (BGRA8)
[2015.12.19-20.37.06:381][104]LogTexture:Display: Building textures: ShadowMapTexture2D_22 (BGRA8)
[2015.12.19-20.37.06:420][104]LogTexture:Display: Building textures: ShadowMapTexture2D_23 (BGRA8)
[2015.12.19-20.37.06:460][104]LogTexture:Display: Building textures: ShadowMapTexture2D_24 (BGRA8)
[2015.12.19-20.37.06:493][104]LogTexture:Display: Building textures: ShadowMapTexture2D_25 (BGRA8)
[2015.12.19-20.37.06:509][104]LogTexture:Display: Building textures: ShadowMapTexture2D_26 (BGRA8)
[2015.12.19-20.37.06:553][104]LogTexture:Display: Building textures: ShadowMapTexture2D_27 (BGRA8)
[2015.12.19-20.37.06:589][104]LogTexture:Display: Building textures: ShadowMapTexture2D_28 (BGRA8)
[2015.12.19-20.37.06:605][104]LogTexture:Display: Building textures: ShadowMapTexture2D_29 (BGRA8)
[2015.12.19-20.37.06:650][104]LogTexture:Display: Building textures: ShadowMapTexture2D_30 (BGRA8)
[2015.12.19-20.37.06:691][104]LogTexture:Display: Building textures: ShadowMapTexture2D_31 (BGRA8)
[2015.12.19-20.37.06:726][104]LogTexture:Display: Building textures: ShadowMapTexture2D_32 (BGRA8)
[2015.12.19-20.37.06:734][104]LogTexture:Display: Building textures: ShadowMapTexture2D_33 (BGRA8)
[2015.12.19-20.37.06:735][104]LogAIModule: Creating AISystem for world Default
[2015.12.19-20.37.10:464][104]LogAIModule: Creating AISystem for world Untitled
[2015.12.19-20.37.25:563][386]LogSlate:Warning: Prevented a slow task dialog from being summoned while a context menu was open
[2015.12.19-20.37.25:765][386]LogMaterial: Missing cached shader map for material M_Brick_Clay_New2, compiling. 
[2015.12.19-20.37.26:600][386]LogMaterial: Missing cached shader map for material M_Metal_Copper, compiling. 
[2015.12.19-20.37.39:091][588]LogTexture:Display: Building textures: nasa-high-res-earth-at-night-dnb_land_ocean_ice-2012-13500x6750 (BGRA8)
[2015.12.19-20.38.00:809][588]LogStaticMesh: Building static mesh missile...
[2015.12.19-20.38.00:809][588]LogSlate:Warning: Prevented a slow task dialog from being summoned while a context menu was open
[2015.12.19-20.38.04:030][588]LogStaticMesh: Built static mesh [3.221818.2s] /Game/FirstPerson/Meshes/missile.missile
[2015.12.19-20.38.04:051][588]LogMaterial: Missing cached shader map for material unnamed, compiling. 
[2015.12.19-20.38.04:696][588]LogTexture:Display: Building textures: Texture (AutoDXT)
[2015.12.19-20.38.20:800][588]LogMaterial: Missing cached shader map for material Missile__Texture_png, compiling. 
[2015.12.19-20.38.20:820][588]LogLinker:Warning: Asset '../../../../../../Users/K/Documents/GitHub/DaedalusEngine/Labyrinth/Content/FirstPersonBP/Blueprints/FirstPersonHUD.uasset' has been saved with empty engine version. The asset will be loaded but may be incompatible.
[2015.12.19-20.38.30:255][588]LoadErrors:Error: Error /Game/FirstPersonBP/Daedalus : Failed import for Daedalus_C /Game/Maze/Daedalus.Default__Daedalus_C [redirection] in /Game/FirstPersonBP/Daedalus
[2015.12.19-20.38.30:255][588]LoadErrors:Error: Error /Game/FirstPersonBP/DaedalusEngine : Failed import for Daedalus_C /Game/FirstPersonBP/Daedalus.Default__Daedalus_C [redirection] in /Game/FirstPersonBP/DaedalusEngine
[2015.12.19-20.38.31:433][611]LogBlueprintUserMessages: Early PlayInEditor Detection: Level '/Game/FirstPersonBP/Maps/FirstPersonExampleMap.FirstPersonExampleMap:PersistentLevel' has LevelScriptBlueprint '/Game/FirstPersonBP/Maps/FirstPersonExampleMap.FirstPersonExampleMap:PersistentLevel.FirstPersonExampleMap' with GeneratedClass '/Game/FirstPersonBP/Maps/FirstPersonExampleMap.FirstPersonExampleMap_C' with ClassGeneratedBy '/Game/FirstPersonBP/Maps/FirstPersonExampleMap.FirstPersonExampleMap:PersistentLevel.FirstPersonExampleMap'
[2015.12.19-20.38.31:433][611]LogPlayLevel: PlayLevel: No blueprints needed recompiling
[2015.12.19-20.38.31:435][611]PIE: New page: PIE session: FirstPersonExampleMap (Dec 19, 2015, 8:38:31 AM)
[2015.12.19-20.38.31:436][611]LogPlayLevel: Creating play world package: /Game/FirstPersonBP/Maps/UEDPIE_0_FirstPersonExampleMap
[2015.12.19-20.38.31:476][611]LogPlayLevel: PIE: StaticDuplicateObject took: (0.040613s)
[2015.12.19-20.38.31:478][611]LogAIModule: Creating AISystem for world FirstPersonExampleMap
[2015.12.19-20.38.31:478][611]LogPlayLevel: PIE: World Init took: (0.002113s)
[2015.12.19-20.38.31:479][611]LogPlayLevel: PIE: Created PIE world by copying editor world from /Game/FirstPersonBP/Maps/FirstPersonExampleMap.FirstPersonExampleMap to /Game/FirstPersonBP/Maps/UEDPIE_0_FirstPersonExampleMap.FirstPersonExampleMap (0.043634s)
[2015.12.19-20.38.31:520][611]LogInit: XAudio2 using 'Speakers (Realtek High Definition Audio)' : 2 channels at 48 kHz using 32 bits per sample (channel mask 0x3)
[2015.12.19-20.38.31:528][611]LogInit: FAudioDevice initialized.
[2015.12.19-20.38.31:645][611]LogWorld: Game class is 'GameMode'
[2015.12.19-20.38.31:664][611]LogWorld: Bringing World /Game/FirstPersonBP/Maps/UEDPIE_0_FirstPersonExampleMap.FirstPersonExampleMap up for play (max tick rate 60) at 2015.12.19-14.38.31
[2015.12.19-20.38.31:665][611]LogActor:Warning: GameSession /Game/FirstPersonBP/Maps/UEDPIE_0_FirstPersonExampleMap.FirstPersonExampleMap:PersistentLevel.GameSession_0 has natively added scene component(s), but none of them were set as the actor's RootComponent - picking one arbitrarily
[2015.12.19-20.38.31:666][611]LogActor:Warning: GameNetworkManager /Game/FirstPersonBP/Maps/UEDPIE_0_FirstPersonExampleMap.FirstPersonExampleMap:PersistentLevel.GameNetworkManager_0 has natively added scene component(s), but none of them were set as the actor's RootComponent - picking one arbitrarily
[2015.12.19-20.38.31:668][611]LogWorld: Bringing up level for play took: 0.011621
[2015.12.19-20.38.31:690][611]LogBlueprintUserMessages: [Daedalus_C_1] -----------
[2015.12.19-20.38.31:691][611]LogBlueprintUserMessages: [Daedalus_C_1] 0
[2015.12.19-20.38.31:691][611]LogBlueprintUserMessages: [Daedalus_C_1] 1
[2015.12.19-20.38.31:691][611]LogBlueprintUserMessages: [Daedalus_C_1] 1
[2015.12.19-20.38.31:691][611]LogBlueprintUserMessages: [Daedalus_C_1] 1
[2015.12.19-20.38.31:692][611]LogScript:Warning: Attempted to set an invalid index on array CellValue_12_5A1875AC453F39D5298178B5D85E6594 [5/4]!
[2015.12.19-20.38.31:692][611]LogBlueprintUserMessages: [Daedalus_C_1] 4
[2015.12.19-20.38.31:692][611]LogBlueprintUserMessages: [Daedalus_C_1] -----------
[2015.12.19-20.38.31:692][611]LogBlueprintUserMessages: [Daedalus_C_1] 0
[2015.12.19-20.38.31:692][611]LogBlueprintUserMessages: [Daedalus_C_1] 1
[2015.12.19-20.38.31:692][611]LogBlueprintUserMessages: [Daedalus_C_1] 1
[2015.12.19-20.38.31:692][611]LogBlueprintUserMessages: [Daedalus_C_1] 3
[2015.12.19-20.38.31:692][611]LogScript:Warning: Attempted to set an invalid index on array CellValue_12_5A1875AC453F39D5298178B5D85E6594 [5/4]!
[2015.12.19-20.38.31:692][611]LogBlueprintUserMessages: [Daedalus_C_1] 4
[2015.12.19-20.38.31:692][611]LogBlueprintUserMessages: [Daedalus_C_1] -----------
[2015.12.19-20.38.31:692][611]LogBlueprintUserMessages: [Daedalus_C_1] 0
[2015.12.19-20.38.31:692][611]LogBlueprintUserMessages: [Daedalus_C_1] 1
[2015.12.19-20.38.31:692][611]LogBlueprintUserMessages: [Daedalus_C_1] 2
[2015.12.19-20.38.31:693][611]LogBlueprintUserMessages: [Daedalus_C_1] 3
[2015.12.19-20.38.31:693][611]LogBlueprintUserMessages: [Daedalus_C_1] 3
[2015.12.19-20.38.31:693][611]LogBlueprintUserMessages: [Daedalus_C_1] -----------
[2015.12.19-20.38.31:693][611]LogBlueprintUserMessages: [Daedalus_C_1] 0
[2015.12.19-20.38.31:693][611]LogBlueprintUserMessages: [Daedalus_C_1] 0
[2015.12.19-20.38.31:693][611]LogBlueprintUserMessages: [Daedalus_C_1] 2
[2015.12.19-20.38.31:693][611]LogBlueprintUserMessages: [Daedalus_C_1] 2
[2015.12.19-20.38.31:693][611]LogBlueprintUserMessages: [Daedalus_C_1] 2
[2015.12.19-20.38.31:693][611]LogBlueprintUserMessages: [Daedalus_C_1] -----------
[2015.12.19-20.38.31:693][611]LogBlueprintUserMessages: [Daedalus_C_1] 0
[2015.12.19-20.38.31:693][611]LogBlueprintUserMessages: [Daedalus_C_1] 1
[2015.12.19-20.38.31:693][611]LogBlueprintUserMessages: [Daedalus_C_1] 2
[2015.12.19-20.38.31:693][611]LogBlueprintUserMessages: [Daedalus_C_1] 3
[2015.12.19-20.38.31:693][611]LogScript:Warning: Attempted to set an invalid index on array CellValue_12_5A1875AC453F39D5298178B5D85E6594 [5/4]!
[2015.12.19-20.38.31:693][611]LogBlueprintUserMessages: [Daedalus_C_1] 3
[2015.12.19-20.38.31:728][611]PIE: Info Play in editor start time for /Game/FirstPersonBP/Maps/UEDPIE_0_FirstPersonExampleMap 0.016
[2015.12.19-20.38.31:728][611]LogBlueprintUserMessages: Late PlayInEditor Detection: Level '/Game/FirstPersonBP/Maps/FirstPersonExampleMap.FirstPersonExampleMap:PersistentLevel' has LevelScriptBlueprint '/Game/FirstPersonBP/Maps/FirstPersonExampleMap.FirstPersonExampleMap:PersistentLevel.FirstPersonExampleMap' with GeneratedClass '/Game/FirstPersonBP/Maps/FirstPersonExampleMap.FirstPersonExampleMap_C' with ClassGeneratedBy '/Game/FirstPersonBP/Maps/FirstPersonExampleMap.FirstPersonExampleMap:PersistentLevel.FirstPersonExampleMap'
[2015.12.19-20.38.31:809][612]LogRenderer: Reallocating scene render targets to support 1116x720 (Frame:158).
[2015.12.19-20.38.37:266][731]LogBlueprintUserMessages: Early EndPlayMap Detection: Level '/Game/FirstPersonBP/Maps/FirstPersonExampleMap.FirstPersonExampleMap:PersistentLevel' has LevelScriptBlueprint '/Game/FirstPersonBP/Maps/FirstPersonExampleMap.FirstPersonExampleMap:PersistentLevel.FirstPersonExampleMap' with GeneratedClass '/Game/FirstPersonBP/Maps/FirstPersonExampleMap.FirstPersonExampleMap_C' with ClassGeneratedBy '/Game/FirstPersonBP/Maps/FirstPersonExampleMap.FirstPersonExampleMap:PersistentLevel.FirstPersonExampleMap'
[2015.12.19-20.38.37:348][731]LogBlueprintUserMessages: Late EndPlayMap Detection: Level '/Game/FirstPersonBP/Maps/FirstPersonExampleMap.FirstPersonExampleMap:PersistentLevel' has LevelScriptBlueprint '/Game/FirstPersonBP/Maps/FirstPersonExampleMap.FirstPersonExampleMap:PersistentLevel.FirstPersonExampleMap' with GeneratedClass '/Game/FirstPersonBP/Maps/FirstPersonExampleMap.FirstPersonExampleMap_C' with ClassGeneratedBy '/Game/FirstPersonBP/Maps/FirstPersonExampleMap.FirstPersonExampleMap:PersistentLevel.FirstPersonExampleMap'
[2015.12.19-20.38.37:422][732]LogParticles: Destroying 0 GPU particle simulations for FXSystem 0x000000ABC142D4E0
[2015.12.19-20.39.20:072][888]LogWindowsTextInputMethodSystem:Display: IME system now deactivated.
[2015.12.19-20.39.20:363][889]Cmd: QUIT_EDITOR
[2015.12.19-20.39.20:910][889]LogExit: Preparing to exit.
[2015.12.19-20.39.21:512][889]LogExit: Editor shut down
[2015.12.19-20.39.21:513][889]LogExit: Transaction tracking system shut down
[2015.12.19-20.39.21:520][889]LogParticles: Destroying 0 GPU particle simulations for FXSystem 0x000000AB82589120
[2015.12.19-20.39.21:520][889]LogParticles: Destroying 0 GPU particle simulations for FXSystem 0x000000AB8381F880
[2015.12.19-20.39.21:520][889]LogParticles: Destroying 0 GPU particle simulations for FXSystem 0x000000ABA3985080
[2015.12.19-20.39.21:579][889]LogParticles: Destroying 0 GPU particle simulations for FXSystem 0x000000ABC18153A0
[2015.12.19-20.39.21:812][889]LogExit: Object subsystem successfully closed.
[2015.12.19-20.39.21:841][889]LogD3D11RHI: Shutdown
[2015.12.19-20.39.21:841][889]LogD3D11RHI: CleanupD3DDevice
[2015.12.19-20.39.21:965][889]LogD3D11RHI: ~FD3D11DynamicRHI
[2015.12.19-20.39.22:004][889]LogModuleManager: Shutting down and abandoning module CrashTracker (198)
[2015.12.19-20.39.22:004][889]LogModuleManager: Shutting down and abandoning module SceneOutliner (197)
[2015.12.19-20.39.22:004][889]LogModuleManager: Shutting down and abandoning module SuperSearch (196)
[2015.12.19-20.39.22:004][889]LogModuleManager: Shutting down and abandoning module WidgetCarousel (195)
[2015.12.19-20.39.22:004][889]LogModuleManager: Shutting down and abandoning module AddContentDialog (194)
[2015.12.19-20.39.22:006][889]LogModuleManager: Shutting down and abandoning module EditorWidgets (193)
[2015.12.19-20.39.22:006][889]LogModuleManager: Shutting down and abandoning module CollectionManager (192)
[2015.12.19-20.39.22:007][889]LogModuleManager: Shutting down and abandoning module StatsViewer (191)
[2015.12.19-20.39.22:008][889]LogModuleManager: Shutting down and abandoning module FoliageEdit (190)
[2015.12.19-20.39.22:009][889]LogModuleManager: Shutting down and abandoning module LandscapeEditor (189)
[2015.12.19-20.39.22:009][889]LogModuleManager: Shutting down and abandoning module ActorPickerMode (188)
[2015.12.19-20.39.22:009][889]LogModuleManager: Shutting down and abandoning module GeometryMode (187)
[2015.12.19-20.39.22:009][889]LogModuleManager: Shutting down and abandoning module TextureAlignMode (186)
[2015.12.19-20.39.22:009][889]LogModuleManager: Shutting down and abandoning module BspMode (185)
[2015.12.19-20.39.22:009][889]LogModuleManager: Shutting down and abandoning module PlacementMode (184)
[2015.12.19-20.39.22:009][889]LogModuleManager: Shutting down and abandoning module AutomationWorker (183)
[2015.12.19-20.39.22:009][889]LogModuleManager: Shutting down and abandoning module CharacterAI (182)
[2015.12.19-20.39.22:009][889]LogModuleManager: Shutting down and abandoning module SmartSnapping (181)
[2015.12.19-20.39.22:009][889]LogModuleManager: Shutting down and abandoning module ViewportSnapping (180)
[2015.12.19-20.39.22:009][889]LogModuleManager: Shutting down and abandoning module LogVisualizer (179)
[2015.12.19-20.39.22:010][889]LogModuleManager: Shutting down and abandoning module GameProjectGeneration (178)
[2015.12.19-20.39.22:012][889]LogModuleManager: Shutting down and abandoning module IntroTutorials (177)
[2015.12.19-20.39.22:014][889]LogModuleManager: Shutting down and abandoning module EditorLiveStreaming (176)
[2015.12.19-20.39.22:014][889]LogModuleManager: Shutting down and abandoning module IOSPlatformEditor (175)
[2015.12.19-20.39.22:014][889]LogModuleManager: Shutting down and abandoning module HTML5PlatformEditor (174)
[2015.12.19-20.39.22:014][889]LogModuleManager: Shutting down and abandoning module AndroidDeviceDetection (173)
[2015.12.19-20.39.22:865][889]LogModuleManager: Shutting down and abandoning module AndroidPlatformEditor (172)
[2015.12.19-20.39.22:865][889]LogModuleManager: Shutting down and abandoning module IOSRuntimeSettings (171)
[2015.12.19-20.39.22:865][889]LogModuleManager: Shutting down and abandoning module AndroidRuntimeSettings (170)
[2015.12.19-20.39.22:865][889]LogModuleManager: Shutting down and abandoning module MergeActors (169)
[2015.12.19-20.39.22:867][889]LogModuleManager: Shutting down and abandoning module SizeMap (168)
[2015.12.19-20.39.22:867][889]LogModuleManager: Shutting down and abandoning module TreeMap (167)
[2015.12.19-20.39.22:868][889]LogModuleManager: Shutting down and abandoning module ReferenceViewer (166)
[2015.12.19-20.39.22:868][889]LogModuleManager: Shutting down and abandoning module LocalizationService (165)
[2015.12.19-20.39.22:868][889]LogModuleManager: Shutting down and abandoning module LocalizationDashboard (164)
[2015.12.19-20.39.22:870][889]LogModuleManager: Shutting down and abandoning module HardwareTargeting (163)
[2015.12.19-20.39.22:870][889]LogModuleManager: Shutting down and abandoning module DeviceProfileEditor (162)
[2015.12.19-20.39.22:871][889]LogModuleManager: Shutting down and abandoning module UndoHistory (161)
[2015.12.19-20.39.22:871][889]LogModuleManager: Shutting down and abandoning module GameplayTagsEditor (160)
[2015.12.19-20.39.22:871][889]LogModuleManager: Shutting down and abandoning module UserFeedback (159)
[2015.12.19-20.39.22:871][889]LogModuleManager: Shutting down and abandoning module XmlParser (158)
[2015.12.19-20.39.22:871][889]LogModuleManager: Shutting down and abandoning module Blutility (157)
[2015.12.19-20.39.22:871][889]LogModuleManager: Shutting down and abandoning module ProjectTargetPlatformEditor (156)
[2015.12.19-20.39.22:872][889]LogModuleManager: Shutting down and abandoning module ProjectSettingsViewer (155)
[2015.12.19-20.39.22:872][889]LogModuleManager: Shutting down and abandoning module InputBindingEditor (154)
[2015.12.19-20.39.22:872][889]LogModuleManager: Shutting down and abandoning module EditorSettingsViewer (153)
[2015.12.19-20.39.22:872][889]LogModuleManager: Shutting down and abandoning module SettingsEditor (152)
[2015.12.19-20.39.22:874][889]LogModuleManager: Shutting down and abandoning module ProjectLauncher (151)
[2015.12.19-20.39.22:874][889]LogModuleManager: Shutting down and abandoning module SessionFrontend (150)
[2015.12.19-20.39.22:875][889]LogModuleManager: Shutting down and abandoning module ProfilerClient (149)
[2015.12.19-20.39.22:875][889]LogModuleManager: Shutting down and abandoning module TargetDeviceServices (148)
[2015.12.19-20.39.22:875][889]LogModuleManager: Shutting down and abandoning module DeviceManager (147)
[2015.12.19-20.39.22:876][889]LogModuleManager: Shutting down and abandoning module AutomationController (146)
[2015.12.19-20.39.22:876][889]LogModuleManager: Shutting down and abandoning module AutomationWindow (145)
[2015.12.19-20.39.22:877][889]LogModuleManager: Shutting down and abandoning module Layers (144)
[2015.12.19-20.39.22:878][889]LogModuleManager: Shutting down and abandoning module ComponentVisualizers (143)
[2015.12.19-20.39.22:878][889]LogModuleManager: Shutting down and abandoning module DetailCustomizations (142)
[2015.12.19-20.39.22:879][889]LogModuleManager: Shutting down and abandoning module PackagesDialog (141)
[2015.12.19-20.39.22:880][889]LogModuleManager: Shutting down and abandoning module Persona (140)
[2015.12.19-20.39.22:882][889]LogModuleManager: Shutting down and abandoning module Kismet (139)
[2015.12.19-20.39.22:883][889]LogModuleManager: Shutting down and abandoning module GraphEditor (138)
[2015.12.19-20.39.22:884][889]LogModuleManager: Shutting down and abandoning module ClassViewer (137)
[2015.12.19-20.39.22:885][889]LogModuleManager: Shutting down and abandoning module Toolbox (136)
[2015.12.19-20.39.22:885][889]LogModuleManager: Shutting down and abandoning module ModuleUI (135)
[2015.12.19-20.39.22:886][889]LogModuleManager: Shutting down and abandoning module MovieSceneTools (134)
[2015.12.19-20.39.22:887][889]LogModuleManager: Shutting down and abandoning module OutputLog (133)
[2015.12.19-20.39.22:887][889]LogModuleManager: Shutting down and abandoning module GammaUI (132)
[2015.12.19-20.39.22:887][889]LogModuleManager: Shutting down and abandoning module Documentation (131)
[2015.12.19-20.39.22:887][889]LogModuleManager: Shutting down and abandoning module GameLiveStreaming (130)
[2015.12.19-20.39.22:887][889]LogModuleManager: Shutting down and abandoning module StreamingPauseRendering (129)
[2015.12.19-20.39.22:887][889]LogModuleManager: Shutting down and abandoning module AnalyticsET (128)
[2015.12.19-20.39.22:887][889]LogModuleManager: Shutting down and abandoning module Analytics (127)
[2015.12.19-20.39.22:887][889]LogModuleManager: Shutting down and abandoning module AITestSuite (126)
[2015.12.19-20.39.22:888][889]LogModuleManager: Shutting down and abandoning module GameplayDebugger (125)
[2015.12.19-20.39.22:888][889]LogModuleManager: Shutting down and abandoning module AIModule (124)
[2015.12.19-20.39.22:888][889]LogModuleManager: Shutting down and abandoning module ProfilerService (123)
[2015.12.19-20.39.23:008][889]LogModuleManager: Shutting down and abandoning module TaskGraph (122)
[2015.12.19-20.39.23:010][889]LogModuleManager: Shutting down and abandoning module SlateRemote (121)
[2015.12.19-20.39.23:010][889]LogModuleManager: Shutting down and abandoning module SteamVRController (120)
[2015.12.19-20.39.23:010][889]LogModuleManager: Shutting down and abandoning module SteamVR (119)
[2015.12.19-20.39.23:010][889]LogModuleManager: Shutting down and abandoning module ProceduralMeshComponent (118)
[2015.12.19-20.39.23:010][889]LogModuleManager: Shutting down and abandoning module OculusLibrary (117)
[2015.12.19-20.39.23:010][889]LogModuleManager: Shutting down and abandoning module OculusInput (116)
[2015.12.19-20.39.23:010][889]LogModuleManager: Shutting down and abandoning module LeapMotionController (115)
[2015.12.19-20.39.23:033][889]LogModuleManager: Shutting down and abandoning module CustomMeshComponent (114)
[2015.12.19-20.39.23:033][889]LogModuleManager: Shutting down and abandoning module CableComponent (113)
[2015.12.19-20.39.23:033][889]LogModuleManager: Shutting down and abandoning module ArchVisCharacter (112)
[2015.12.19-20.39.23:033][889]LogModuleManager: Shutting down and abandoning module MessagingDebugger (111)
[2015.12.19-20.39.23:035][889]LogModuleManager: Shutting down and abandoning module MediaPlayerEditor (110)
[2015.12.19-20.39.23:036][889]LogModuleManager: Shutting down and abandoning module HTML5Networking (109)
[2015.12.19-20.39.23:036][889]LogModuleManager: Shutting down and abandoning module SpeedTreeImporter (108)
[2015.12.19-20.39.23:036][889]LogModuleManager: Shutting down and abandoning module PluginBrowser (107)
[2015.12.19-20.39.23:037][889]LogModuleManager: Shutting down and abandoning module EpicSurvey (106)
[2015.12.19-20.39.23:038][889]LogModuleManager: Shutting down and abandoning module DesktopPlatform (105)
[2015.12.19-20.39.23:038][889]LogModuleManager: Shutting down and abandoning module VisualStudioSourceCodeAccess (104)
[2015.12.19-20.39.23:039][889]LogModuleManager: Shutting down and abandoning module UObjectPlugin (103)
[2015.12.19-20.39.23:039][889]LogModuleManager: Shutting down and abandoning module SubversionSourceControl (102)
[2015.12.19-20.39.23:039][889]LogModuleManager: Shutting down and abandoning module PerforceSourceControl (101)
[2015.12.19-20.39.23:041][889]LogModuleManager: Shutting down and abandoning module SourceControl (100)
[2015.12.19-20.39.23:042][889]LogModuleManager: Shutting down and abandoning module GitSourceControl (99)
[2015.12.19-20.39.23:043][889]LogModuleManager: Shutting down and abandoning module LightPropagationVolumeEditor (98)
[2015.12.19-20.39.23:043][889]LogModuleManager: Shutting down and abandoning module PaperTiledImporter (97)
[2015.12.19-20.39.23:043][889]LogModuleManager: Shutting down and abandoning module PaperSpriteSheetImporter (96)
[2015.12.19-20.39.23:043][889]LogModuleManager: Shutting down and abandoning module MeshPaint (95)
[2015.12.19-20.39.23:043][889]LogModuleManager: Shutting down and abandoning module SlateReflector (94)
[2015.12.19-20.39.23:044][889]LogModuleManager: Shutting down and abandoning module HotReload (93)
[2015.12.19-20.39.23:044][889]LogModuleManager: Shutting down and abandoning module MainFrame (92)
[2015.12.19-20.39.23:044][889]LogModuleManager: Shutting down and abandoning module LevelEditor (91)
[2015.12.19-20.39.23:045][889]LogModuleManager: Shutting down and abandoning module DirectoryWatcher (90)
[2015.12.19-20.39.23:046][889]LogModuleManager: Shutting down and abandoning module AssetRegistry (89)
[2015.12.19-20.39.23:112][889]LogModuleManager: Shutting down and abandoning module ContentBrowser (88)
[2015.12.19-20.39.23:113][889]LogModuleManager: Shutting down and abandoning module Paper2DEditor (87)
[2015.12.19-20.39.23:115][889]LogModuleManager: Shutting down and abandoning module UdpMessaging (86)
[2015.12.19-20.39.23:216][889]LogModuleManager: Shutting down and abandoning module LightPropagationVolumeRuntime (85)
[2015.12.19-20.39.23:216][889]LogModuleManager: Shutting down and abandoning module Paper2D (84)
[2015.12.19-20.39.23:219][889]LogModuleManager: Shutting down and abandoning module WindowsMoviePlayer (83)
[2015.12.19-20.39.23:224][889]LogModuleManager: Shutting down and abandoning module Media (82)
[2015.12.19-20.39.23:224][889]LogModuleManager: Shutting down and abandoning module WmfMedia (81)
[2015.12.19-20.39.23:226][889]LogModuleManager: Shutting down and abandoning module OnlineBlueprintSupport (80)
[2015.12.19-20.39.23:226][889]LogModuleManager: Shutting down and abandoning module GameplayTasksEditor (79)
[2015.12.19-20.39.23:226][889]LogModuleManager: Shutting down and abandoning module PropertyEditor (78)
[2015.12.19-20.39.23:226][889]LogModuleManager: Shutting down and abandoning module BehaviorTreeEditor (77)
[2015.12.19-20.39.23:227][889]LogModuleManager: Shutting down and abandoning module FunctionalTesting (76)
[2015.12.19-20.39.23:227][889]LogModuleManager: Shutting down and abandoning module CollisionAnalyzer (75)
[2015.12.19-20.39.23:228][889]LogModuleManager: Shutting down and abandoning module WorkspaceMenuStructure (74)
[2015.12.19-20.39.23:228][889]LogModuleManager: Shutting down and abandoning module MessageLog (73)
[2015.12.19-20.39.23:228][889]LogModuleManager: Shutting down and abandoning module Sequencer (72)
[2015.12.19-20.39.23:231][889]LogModuleManager: Shutting down and abandoning module AssetTools (71)
[2015.12.19-20.39.23:233][889]LogModuleManager: Shutting down and abandoning module UMGEditor (70)
[2015.12.19-20.39.23:235][889]LogModuleManager: Shutting down and abandoning module UMG (69)
[2015.12.19-20.39.23:235][889]LogModuleManager: Shutting down and abandoning module Slate (68)
[2015.12.19-20.39.23:235][889]LogModuleManager: Shutting down and abandoning module EditorStyle (67)
[2015.12.19-20.39.23:238][889]LogModuleManager: Shutting down and abandoning module SessionServices (66)
[2015.12.19-20.39.23:238][889]LogModuleManager: Shutting down and abandoning module SourceCodeAccess (65)
[2015.12.19-20.39.23:238][889]LogModuleManager: Shutting down and abandoning module HeadMountedDisplay (64)
[2015.12.19-20.39.23:238][889]LogModuleManager: Shutting down and abandoning module XAudio2 (63)
[2015.12.19-20.39.23:238][889]LogModuleManager: Shutting down and abandoning module Networking (61)
[2015.12.19-20.39.23:238][889]LogModuleManager: Shutting down and abandoning module Core (60)
[2015.12.19-20.39.23:238][889]LogModuleManager: Shutting down and abandoning module KismetCompiler (59)
[2015.12.19-20.39.23:238][889]LogModuleManager: Shutting down and abandoning module PhysXFormats (58)
[2015.12.19-20.39.23:238][889]LogModuleManager: Shutting down and abandoning module MeshUtilities (57)
[2015.12.19-20.39.23:238][889]LogModuleManager: Shutting down and abandoning module DerivedDataCache (56)
[2015.12.19-20.39.23:339][889]LogDerivedDataCache: Shutdown
[2015.12.19-20.39.23:339][889]LogModuleManager: Shutting down and abandoning module ShaderFormatOpenGL (55)
[2015.12.19-20.39.23:339][889]LogModuleManager: Shutting down and abandoning module ShaderFormatD3D (54)
[2015.12.19-20.39.23:340][889]LogModuleManager: Shutting down and abandoning module MetalShaderFormat (53)
[2015.12.19-20.39.23:340][889]LogModuleManager: Shutting down and abandoning module TextureFormatUncompressed (52)
[2015.12.19-20.39.23:340][889]LogModuleManager: Shutting down and abandoning module TextureFormatPVR (51)
[2015.12.19-20.39.23:340][889]LogModuleManager: Shutting down and abandoning module TextureFormatIntelISPCTexComp (50)
[2015.12.19-20.39.23:340][889]LogModuleManager: Shutting down and abandoning module TextureFormatDXT (49)
[2015.12.19-20.39.23:340][889]LogModuleManager: Shutting down and abandoning module ImageWrapper (48)
[2015.12.19-20.39.23:340][889]LogModuleManager: Shutting down and abandoning module TextureFormatASTC (47)
[2015.12.19-20.39.23:340][889]LogModuleManager: Shutting down and abandoning module TextureFormatAndroid (46)
[2015.12.19-20.39.23:341][889]LogModuleManager: Shutting down and abandoning module AudioFormatOpus (45)
[2015.12.19-20.39.23:342][889]LogModuleManager: Shutting down and abandoning module AudioFormatOgg (44)
[2015.12.19-20.39.23:342][889]LogModuleManager: Shutting down and abandoning module AudioFormatADPCM (43)
[2015.12.19-20.39.23:342][889]LogModuleManager: Shutting down and abandoning module LinuxTargetPlatform (42)
[2015.12.19-20.39.23:342][889]LogModuleManager: Shutting down and abandoning module LinuxServerTargetPlatform (41)
[2015.12.19-20.39.23:342][889]LogModuleManager: Shutting down and abandoning module LinuxNoEditorTargetPlatform (40)
[2015.12.19-20.39.23:342][889]LogModuleManager: Shutting down and abandoning module Messaging (39)
[2015.12.19-20.39.23:342][889]LogModuleManager: Shutting down and abandoning module IOSTargetPlatform (38)
[2015.12.19-20.39.23:342][889]LogModuleManager: Shutting down and abandoning module HTML5TargetPlatform (37)
[2015.12.19-20.39.23:343][889]LogModuleManager: Shutting down and abandoning module Android_PVRTCTargetPlatform (36)
[2015.12.19-20.39.23:343][889]LogModuleManager: Shutting down and abandoning module Android_MultiTargetPlatform (35)
[2015.12.19-20.39.23:343][889]LogModuleManager: Shutting down and abandoning module Android_ETC2TargetPlatform (34)
[2015.12.19-20.39.23:343][889]LogModuleManager: Shutting down and abandoning module Android_ETC1TargetPlatform (33)
[2015.12.19-20.39.23:343][889]LogModuleManager: Shutting down and abandoning module Android_DXTTargetPlatform (32)
[2015.12.19-20.39.23:343][889]LogModuleManager: Shutting down and abandoning module Android_ATCTargetPlatform (31)
[2015.12.19-20.39.23:343][889]LogModuleManager: Shutting down and abandoning module Android_ASTCTargetPlatform (30)
[2015.12.19-20.39.23:343][889]LogModuleManager: Shutting down and abandoning module AndroidTargetPlatform (29)
[2015.12.19-20.39.23:343][889]LogModuleManager: Shutting down and abandoning module WindowsTargetPlatform (28)
[2015.12.19-20.39.23:343][889]LogModuleManager: Shutting down and abandoning module WindowsServerTargetPlatform (27)
[2015.12.19-20.39.23:343][889]LogModuleManager: Shutting down and abandoning module WindowsNoEditorTargetPlatform (26)
[2015.12.19-20.39.23:343][889]LogModuleManager: Shutting down and abandoning module WindowsClientTargetPlatform (25)
[2015.12.19-20.39.23:343][889]LogModuleManager: Shutting down and abandoning module AllDesktopTargetPlatform (24)
[2015.12.19-20.39.23:343][889]LogModuleManager: Shutting down and abandoning module TargetPlatform (23)
[2015.12.19-20.39.23:343][889]LogModuleManager: Shutting down and abandoning module InputCore (22)
[2015.12.19-20.39.23:343][889]LogModuleManager: Shutting down and abandoning module Settings (21)
[2015.12.19-20.39.23:343][889]LogModuleManager: Shutting down and abandoning module OnlineSubsystem (19)
[2015.12.19-20.39.23:343][889]LogModuleManager: Shutting down and abandoning module HTTP (18)
[2015.12.19-20.39.24:345][889]LogModuleManager: Shutting down and abandoning module XMPP (17)
[2015.12.19-20.39.24:349][889]LogModuleManager: Shutting down and abandoning module OculusRift (16)
[2015.12.19-20.39.24:352][889]LogModuleManager: Shutting down and abandoning module ExampleDeviceProfileSelector (15)
[2015.12.19-20.39.24:352][889]LogModuleManager: Shutting down and abandoning module TextureCompressor (14)
[2015.12.19-20.39.24:352][889]LogModuleManager: Shutting down and abandoning module ShaderCore (13)
[2015.12.19-20.39.24:352][889]LogModuleManager: Shutting down and abandoning module Landscape (12)
[2015.12.19-20.39.24:352][889]LogModuleManager: Shutting down and abandoning module SlateRHIRenderer (11)
[2015.12.19-20.39.24:354][889]LogModuleManager: Shutting down and abandoning module OpenGLDrv (10)
[2015.12.19-20.39.24:356][889]LogModuleManager: Shutting down and abandoning module D3D11RHI (9)
[2015.12.19-20.39.24:356][889]LogModuleManager: Shutting down and abandoning module AnimGraphRuntime (8)
[2015.12.19-20.39.24:356][889]LogModuleManager: Shutting down and abandoning module Renderer (7)
[2015.12.19-20.39.24:356][889]LogModuleManager: Shutting down and abandoning module Engine (6)
[2015.12.19-20.39.24:356][889]LogModuleManager: Shutting down and abandoning module CoreUObject (5)
[2015.12.19-20.39.24:356][889]LogModuleManager: Shutting down and abandoning module NetworkFile (4)
[2015.12.19-20.39.24:358][889]LogModuleManager: Shutting down and abandoning module StreamingFile (3)
[2015.12.19-20.39.24:358][889]LogModuleManager: Shutting down and abandoning module SandboxFile (2)
[2015.12.19-20.39.24:358][889]LogModuleManager: Shutting down and abandoning module PakFile (1)
[2015.12.19-20.39.24:361][889]LogExit: Exiting.
[2015.12.19-20.39.24:362][889]Log file closed, 12/19/15 14:39:24
