[2015.12.19-20.35.25:087][  0]Log file open, 12/19/15 14:35:25
[2015.12.19-20.35.25:087][  0]LogInit:Display: Running engine for game: Daedalus
[2015.12.19-20.35.25:087][  0]LogPlatformFile: Not using cached read wrapper
[2015.12.19-20.35.25:087][  0]LogInit:Display: RandInit(-426818117) SRandInit(-426818114).
[2015.12.19-20.35.25:087][  0]LogTaskGraph: Started task graph with 4 named threads and 5 total threads.
[2015.12.19-20.35.25:087][  0]LogStats: Stats thread started at 0.103715
[2015.12.19-20.35.25:087][  0]LogInit: Version: 4.10.1-2791327+++depot+UE4-Releases+4.10
[2015.12.19-20.35.25:087][  0]LogInit: API Version: 2758231
[2015.12.19-20.35.25:088][  0]LogInit: Compiled (64-bit): Dec  4 2015 19:44:40
[2015.12.19-20.35.25:088][  0]LogInit: Compiled with Visual C++: 19.00.23026.00
[2015.12.19-20.35.25:088][  0]LogInit: Build Configuration: Development
[2015.12.19-20.35.25:088][  0]LogInit: Branch Name: ++depot+UE4-Releases+4.10
[2015.12.19-20.35.25:088][  0]LogInit: Command line:  
[2015.12.19-20.35.25:088][  0]LogInit: Base directory: C:/Program Files/Epic Games/4.10/Engine/Binaries/Win64/
[2015.12.19-20.35.25:088][  0]LogInit: Rocket: 1
[2015.12.19-20.35.25:107][  0]LogInit: Using libcurl 7.41.0
[2015.12.19-20.35.25:107][  0]LogInit:  - built for x86_64-pc-win32
[2015.12.19-20.35.25:107][  0]LogInit:  - supports SSL with WinSSL
[2015.12.19-20.35.25:107][  0]LogInit:  - other features:
[2015.12.19-20.35.25:107][  0]LogInit:      CURL_VERSION_SSL
[2015.12.19-20.35.25:107][  0]LogInit:      CURL_VERSION_IPV6
[2015.12.19-20.35.25:107][  0]LogInit:      CURL_VERSION_ASYNCHDNS
[2015.12.19-20.35.25:107][  0]LogInit:      CURL_VERSION_LARGEFILE
[2015.12.19-20.35.25:107][  0]LogInit:      CURL_VERSION_IDN
[2015.12.19-20.35.25:107][  0]LogInit:  CurlRequestOptions (configurable via config and command line):
[2015.12.19-20.35.25:107][  0]LogInit:  - bVerifyPeer = true  - Libcurl will verify peer certificate
[2015.12.19-20.35.25:107][  0]LogInit:  - bUseHttpProxy = false  - Libcurl will NOT use HTTP proxy
[2015.12.19-20.35.25:107][  0]LogInit:  - bDontReuseConnections = false  - Libcurl will reuse connections
[2015.12.19-20.35.25:107][  0]LogInit:  - CertBundlePath = nullptr  - Libcurl will use whatever was configured at build time.
[2015.12.19-20.35.25:125][  0]LogInit: Presizing for 0 objects not considered by GC, pre-allocating 0 bytes.
[2015.12.19-20.35.25:141][  0]LogInit: Object subsystem initialized
[2015.12.19-20.35.25:143][  0]LogInit: Selected Device Profile: [Windows]
[2015.12.19-20.35.25:143][  0]LogInit: Applying CVar settings loaded from the selected device profile: [Windows]
[2015.12.19-20.35.25:173][  0]LogInit: Computer: WANI
[2015.12.19-20.35.25:173][  0]LogInit: User: K
[2015.12.19-20.35.25:173][  0]LogInit: CPU Page size=4096, Cores=2
[2015.12.19-20.35.25:173][  0]LogInit: High frequency timer resolution =2.338438 MHz
[2015.12.19-20.35.25:174][  0]LogMemory: Memory total: Physical=7.6GB (8GB approx)
[2015.12.19-20.35.25:174][  0]LogMemory: Platform Memory Stats for Windows
[2015.12.19-20.35.25:174][  0]LogMemory: Process Physical Memory: 58.83 MB used, 58.83 MB peak
[2015.12.19-20.35.25:174][  0]LogMemory: Process Virtual Memory: 55.88 MB used, 55.88 MB peak
[2015.12.19-20.35.25:174][  0]LogMemory: Physical Memory: 4319.30 MB used, 7813.53 MB total
[2015.12.19-20.35.25:174][  0]LogMemory: Virtual Memory: 395.59 MB used, 134217728.00 MB total
[2015.12.19-20.35.25:263][  0]LogTextLocalizationManager: No specific translations for ('en-US') exist, so ('en') translations will be used.
[2015.12.19-20.35.26:074][  0]LogD3D11RHI: Found D3D11 adapter 0: Intel(R) HD Graphics 4000 (Feature Level 11_0)
[2015.12.19-20.35.26:074][  0]LogD3D11RHI: Adapter has 32MB of dedicated video memory, 0MB of dedicated system memory, and 1760MB of shared system memory, 1 output[s]
[2015.12.19-20.35.26:076][  0]LogD3D11RHI: Found D3D11 adapter 1: Microsoft Basic Render Driver (Feature Level 11_0)
[2015.12.19-20.35.26:076][  0]LogD3D11RHI: Adapter has 0MB of dedicated video memory, 0MB of dedicated system memory, and 3906MB of shared system memory, 0 output[s]
[2015.12.19-20.35.26:076][  0]LogD3D11RHI: Chosen D3D11 Adapter Id = 0
[2015.12.19-20.35.26:085][  0]LogD3D11RHI: !Direct3DDevice
[2015.12.19-20.35.26:086][  0]LogRHI: Texture pool is 638 MB (70% of 912 MB)
[2015.12.19-20.35.26:091][  0]LogD3D11RHI: Async texture creation enabled
[2015.12.19-20.35.26:097][  0]LogShaderCompilers: Guid format shader working directory is -26 characters bigger than the processId version (../../../../../../Users/K/Documents/GitHub/DaedalusEngine/Labyrinth/Intermediate/Shaders/WorkingDirectory/19460/).
[2015.12.19-20.35.26:097][  0]LogShaderCompilers: Cleaned the shader compiler working directory 'C:/Users/K/AppData/Local/Temp/UnrealShaderWorkingDir/ABE48FF24D11E05E418D7B87CD2D42A2/'.
[2015.12.19-20.35.26:097][  0]LogShaderCompilers:Display: Using Local Shader Compiler.
[2015.12.19-20.35.27:863][  0]LogTemp:Display: Loaded TP AllDesktopTargetPlatform
[2015.12.19-20.35.27:874][  0]LogTemp:Display: Loaded TP WindowsClientTargetPlatform
[2015.12.19-20.35.27:885][  0]LogTemp:Display: Loaded TP WindowsNoEditorTargetPlatform
[2015.12.19-20.35.27:896][  0]LogTemp:Display: Loaded TP WindowsServerTargetPlatform
[2015.12.19-20.35.27:905][  0]LogTemp:Display: Loaded TP WindowsTargetPlatform
[2015.12.19-20.35.27:912][  0]LogTemp:Display: Loaded TP AndroidTargetPlatform
[2015.12.19-20.35.27:919][  0]LogTemp:Display: Loaded TP Android_ASTCTargetPlatform
[2015.12.19-20.35.27:925][  0]LogTemp:Display: Loaded TP Android_ATCTargetPlatform
[2015.12.19-20.35.27:930][  0]LogTemp:Display: Loaded TP Android_DXTTargetPlatform
[2015.12.19-20.35.27:936][  0]LogTemp:Display: Loaded TP Android_ETC1TargetPlatform
[2015.12.19-20.35.27:943][  0]LogTemp:Display: Loaded TP Android_ETC2TargetPlatform
[2015.12.19-20.35.27:958][  0]LogTemp:Display: Loaded TP Android_MultiTargetPlatform
[2015.12.19-20.35.27:958][  0]LogTemp:Display: Loaded TP Android_PVRTCTargetPlatform
[2015.12.19-20.35.27:960][  0]LogTemp:Display: Loaded TP HTML5TargetPlatform
[2015.12.19-20.35.27:992][  0]LogTemp:Display: Loaded TP IOSTargetPlatform
[2015.12.19-20.35.27:998][  0]LogTemp:Display: Loaded TP LinuxNoEditorTargetPlatform
[2015.12.19-20.35.28:005][  0]LogTemp:Display: Loaded TP LinuxServerTargetPlatform
[2015.12.19-20.35.28:012][  0]LogTemp:Display: Loaded TP LinuxTargetPlatform
[2015.12.19-20.35.28:012][  0]LogTargetPlatformManager:Display: Building Assets For Windows
[2015.12.19-20.35.28:213][  0]LogDerivedDataCache:Display: Max Cache Size: 512 MB
[2015.12.19-20.35.28:297][  0]LogDerivedDataCache: Loaded boot cache 0.08s 41MB C:/Users/K/AppData/Local/UnrealEngine/4.10/DerivedDataCache/Boot.ddc.
[2015.12.19-20.35.28:297][  0]LogDerivedDataCache:Display: Loaded Boot cache: C:/Users/K/AppData/Local/UnrealEngine/4.10/DerivedDataCache/Boot.ddc
[2015.12.19-20.35.28:297][  0]LogDerivedDataCache: FDerivedDataBackendGraph:  Pak pak cache file ../../../../../../Users/K/Documents/GitHub/DaedalusEngine/Labyrinth/DerivedDataCache/DDC.ddp not found, will not use a pak cache.
[2015.12.19-20.35.28:297][  0]LogDerivedDataCache: Unable to find inner node Pak for hierarchical cache Hierarchy.
[2015.12.19-20.35.28:297][  0]LogDerivedDataCache: FDerivedDataBackendGraph:  CompressedPak pak cache file ../../../../../../Users/K/Documents/GitHub/DaedalusEngine/Labyrinth/DerivedDataCache/Compressed.ddp not found, will not use a pak cache.
[2015.12.19-20.35.28:297][  0]LogDerivedDataCache: Unable to find inner node CompressedPak for hierarchical cache Hierarchy.
[2015.12.19-20.35.28:438][  0]LogDerivedDataCache:Display: Pak cache opened for reading ../../../Engine/DerivedDataCache/Compressed.ddp.
[2015.12.19-20.35.28:455][  0]LogDerivedDataCache: Using Local data cache path C:/Users/K/AppData/Local/UnrealEngine/Common/DerivedDataCache: Writable
[2015.12.19-20.35.28:946][  0]LogInit: Selected Device Profile: [Windows]
[2015.12.19-20.35.28:953][  0]LogContentStreaming: Texture pool size is 0.000000MB
[2015.12.19-20.35.29:209][  0]LogMeshUtilities: No automatic mesh reduction module available
[2015.12.19-20.35.29:209][  0]LogMeshUtilities: No automatic mesh merging module available
[2015.12.19-20.35.29:684][  0]LogInit: WinSock: version 1.1 (2.2), MaxSocks=32767, MaxUdp=65467
[2015.12.19-20.35.31:060][  0]UdpMessaging: Initializing bridge on interface 0.0.0.0:0 to multicast group 230.0.0.1:6666.
[2015.12.19-20.35.31:188][  0]LogAssetRegistry: FAssetRegistry took 0.0124 seconds to start up
[2015.12.19-20.35.31:548][  0]SourceControl: Info Source control is disabled
[2015.12.19-20.35.31:550][  0]SourceControl: Info Source control is disabled
[2015.12.19-20.35.31:573][  0]SourceControl: Info Source control is disabled
[2015.12.19-20.35.31:595][  0]SourceControl: Info Source control is disabled
[2015.12.19-20.35.32:137][  0]LogObj: 28633 objects as part of root set at end of initial load.
[2015.12.19-20.35.32:137][  0]LogUObjectAllocator: 6099752 out of 0 bytes used by permanent object pool.
[2015.12.19-20.35.32:246][  0]LogEngine: Initializing Engine...
[2015.12.19-20.35.32:253][  0]LogHMD: Can't find Oculus library dev build: is proper Runtime installed? Version: 0.8.0.0
[2015.12.19-20.35.32:254][  0]LogHMD: SteamVR failed to initialize.  Err: 110
[2015.12.19-20.35.32:476][  0]LogAIModule: Creating AISystem for world NewWorld
[2015.12.19-20.35.32:483][  0]LogInit: XAudio2 using 'Speakers (Realtek High Definition Audio)' : 2 channels at 48 kHz using 32 bits per sample (channel mask 0x3)
[2015.12.19-20.35.32:495][  0]LogInit: FAudioDevice initialized.
[2015.12.19-20.35.32:529][  0]LogDerivedDataCache: Saved boot cache 0.03s 41MB C:/Users/K/AppData/Local/UnrealEngine/4.10/DerivedDataCache/Boot.ddc.
[2015.12.19-20.35.32:540][  0]LogInit: Texture streaming: Enabled
[2015.12.19-20.35.32:552][  0]LogAnalytics: Creating configured Analytics provider AnalyticsET
[2015.12.19-20.35.32:552][  0]LogAnalytics: [UEEditor.Rocket.Release] APIServer = http://et2.epicgames.com/ET2/. AppVersion = 4.10.1-2791327+++depot+UE4-Releases+4.10
[2015.12.19-20.35.32:552][  0]LogAnalytics: [UEEditor.Rocket.Release] SetUserId 9725863445f283451391ee9307d07a37|d69e99ce7d8a43a9a925913f345bcf00|1242505c-bb25-4a12-b2e6-5931f3c4781d
[2015.12.19-20.35.32:552][  0]LogAnalytics: [UEEditor.Rocket.Release] AnalyticsET::StartSession
[2015.12.19-20.35.32:631][  0]LogInit: Transaction tracking system initialized
[2015.12.19-20.35.32:726][  0]BlueprintLog: New page: Editor Load
[2015.12.19-20.35.32:972][  0]LocalizationService: Info Localization service is disabled
[2015.12.19-20.35.33:162][  0]LogConsoleResponse:Display: 
[2015.12.19-20.35.33:496][  0]LogCook:Display: Done creating registry. It took  0.00s.
[2015.12.19-20.35.33:646][  0]LogFileCache: Scanning file cache for directory 'C:/Users/K/Documents/GitHub/DaedalusEngine/Labyrinth/Content/' took 0.04s
[2015.12.19-20.35.33:646][  0]SourceControl: Info Source control is disabled
[2015.12.19-20.35.33:646][  0]Cmd: MAP LOAD FILE="../../../../../../Users/K/Documents/GitHub/DaedalusEngine/Labyrinth/Content/FirstPersonBP/Maps/FirstPersonExampleMap.umap" TEMPLATE=0 SHOWPROGRESS=1 FEATURELEVEL=3
[2015.12.19-20.35.33:657][  0]LightingResults: New page: Lighting Build
[2015.12.19-20.35.33:665][  0]MapCheck: New page: Map Check
[2015.12.19-20.35.33:665][  0]LightingResults: New page: Lighting Build
[2015.12.19-20.35.33:703][  0]LogParticles: Destroying 0 GPU particle simulations for FXSystem 0x0000009EF1337B00
[2015.12.19-20.35.36:736][  0]LogAIModule: Creating AISystem for world FirstPersonExampleMap
[2015.12.19-20.35.36:815][  0]LogSpawn:Warning: SpawnActor failed because we are running a ConstructionScript (Cell_C)
[2015.12.19-20.35.36:815][  0]LogScript:Warning: Accessed None 'placeholderCell'
	Daedalus_C /Game/FirstPersonBP/Maps/FirstPersonExampleMap.FirstPersonExampleMap:PersistentLevel.Daedalus_C_1
	Function /Game/Maze/Blueprints/Daedalus.Daedalus_C:MakePlaceholderCell:0128
[2015.12.19-20.35.36:845][  0]LogScript:Warning: Accessed None 'CallFunc_Array_Get_Item3'
	Cell_C /Game/FirstPersonBP/Maps/FirstPersonExampleMap.FirstPersonExampleMap:PersistentLevel.Cell_C_71
	Function /Game/Maze/Blueprints/Cell.Cell_C:makeWalls:059E
[2015.12.19-20.35.36:846][  0]LogScript:Warning: Accessed None 'CallFunc_Array_Get_Item2'
	Cell_C /Game/FirstPersonBP/Maps/FirstPersonExampleMap.FirstPersonExampleMap:PersistentLevel.Cell_C_71
	Function /Game/Maze/Blueprints/Cell.Cell_C:makeWalls:0826
[2015.12.19-20.35.36:855][  0]LogScript:Warning: Accessed None 'CallFunc_Array_Get_Item2'
	Cell_C /Game/FirstPersonBP/Maps/FirstPersonExampleMap.FirstPersonExampleMap:PersistentLevel.Cell_C_72
	Function /Game/Maze/Blueprints/Cell.Cell_C:makeWalls:0826
[2015.12.19-20.35.36:856][  0]LogScript:Warning: Accessed None 'CallFunc_Array_Get_Item2'
	Cell_C /Game/FirstPersonBP/Maps/FirstPersonExampleMap.FirstPersonExampleMap:PersistentLevel.Cell_C_73
	Function /Game/Maze/Blueprints/Cell.Cell_C:makeWalls:0826
[2015.12.19-20.35.36:859][  0]LogScript:Warning: Accessed None 'CallFunc_Array_Get_Item2'
	Cell_C /Game/FirstPersonBP/Maps/FirstPersonExampleMap.FirstPersonExampleMap:PersistentLevel.Cell_C_74
	Function /Game/Maze/Blueprints/Cell.Cell_C:makeWalls:0826
[2015.12.19-20.35.36:861][  0]LogScript:Warning: Accessed None 'CallFunc_Array_Get_Item2'
	Cell_C /Game/FirstPersonBP/Maps/FirstPersonExampleMap.FirstPersonExampleMap:PersistentLevel.Cell_C_75
	Function /Game/Maze/Blueprints/Cell.Cell_C:makeWalls:0826
[2015.12.19-20.35.36:862][  0]LogScript:Warning: Accessed None 'CallFunc_Array_Get_Item'
	Cell_C /Game/FirstPersonBP/Maps/FirstPersonExampleMap.FirstPersonExampleMap:PersistentLevel.Cell_C_75
	Function /Game/Maze/Blueprints/Cell.Cell_C:makeWalls:0AAE
[2015.12.19-20.35.36:863][  0]LogScript:Warning: Accessed None 'CallFunc_Array_Get_Item3'
	Cell_C /Game/FirstPersonBP/Maps/FirstPersonExampleMap.FirstPersonExampleMap:PersistentLevel.Cell_C_76
	Function /Game/Maze/Blueprints/Cell.Cell_C:makeWalls:059E
[2015.12.19-20.35.36:870][  0]LogScript:Warning: Accessed None 'CallFunc_Array_Get_Item'
	Cell_C /Game/FirstPersonBP/Maps/FirstPersonExampleMap.FirstPersonExampleMap:PersistentLevel.Cell_C_80
	Function /Game/Maze/Blueprints/Cell.Cell_C:makeWalls:0AAE
[2015.12.19-20.35.36:871][  0]LogScript:Warning: Accessed None 'CallFunc_Array_Get_Item3'
	Cell_C /Game/FirstPersonBP/Maps/FirstPersonExampleMap.FirstPersonExampleMap:PersistentLevel.Cell_C_81
	Function /Game/Maze/Blueprints/Cell.Cell_C:makeWalls:059E
[2015.12.19-20.35.36:875][  0]LogScript:Warning: Accessed None 'CallFunc_Array_Get_Item'
	Cell_C /Game/FirstPersonBP/Maps/FirstPersonExampleMap.FirstPersonExampleMap:PersistentLevel.Cell_C_85
	Function /Game/Maze/Blueprints/Cell.Cell_C:makeWalls:0AAE
[2015.12.19-20.35.36:876][  0]LogScript:Warning: Accessed None 'CallFunc_Array_Get_Item3'
	Cell_C /Game/FirstPersonBP/Maps/FirstPersonExampleMap.FirstPersonExampleMap:PersistentLevel.Cell_C_86
	Function /Game/Maze/Blueprints/Cell.Cell_C:makeWalls:059E
[2015.12.19-20.35.36:889][  0]LogScript:Warning: Accessed None 'CallFunc_Array_Get_Item'
	Cell_C /Game/FirstPersonBP/Maps/FirstPersonExampleMap.FirstPersonExampleMap:PersistentLevel.Cell_C_90
	Function /Game/Maze/Blueprints/Cell.Cell_C:makeWalls:0AAE
[2015.12.19-20.35.36:890][  0]LogScript:Warning: Accessed None 'CallFunc_Array_Get_Item4'
	Cell_C /Game/FirstPersonBP/Maps/FirstPersonExampleMap.FirstPersonExampleMap:PersistentLevel.Cell_C_91
	Function /Game/Maze/Blueprints/Cell.Cell_C:makeWalls:0340
[2015.12.19-20.35.36:890][  0]LogScript:Warning: Accessed None 'CallFunc_Array_Get_Item3'
	Cell_C /Game/FirstPersonBP/Maps/FirstPersonExampleMap.FirstPersonExampleMap:PersistentLevel.Cell_C_91
	Function /Game/Maze/Blueprints/Cell.Cell_C:makeWalls:059E
[2015.12.19-20.35.36:891][  0]LogScript:Warning: Accessed None 'CallFunc_Array_Get_Item4'
	Cell_C /Game/FirstPersonBP/Maps/FirstPersonExampleMap.FirstPersonExampleMap:PersistentLevel.Cell_C_92
	Function /Game/Maze/Blueprints/Cell.Cell_C:makeWalls:0340
[2015.12.19-20.35.36:893][  0]LogScript:Warning: Accessed None 'CallFunc_Array_Get_Item4'
	Cell_C /Game/FirstPersonBP/Maps/FirstPersonExampleMap.FirstPersonExampleMap:PersistentLevel.Cell_C_93
	Function /Game/Maze/Blueprints/Cell.Cell_C:makeWalls:0340
[2015.12.19-20.35.36:894][  0]LogScript:Warning: Accessed None 'CallFunc_Array_Get_Item4'
	Cell_C /Game/FirstPersonBP/Maps/FirstPersonExampleMap.FirstPersonExampleMap:PersistentLevel.Cell_C_94
	Function /Game/Maze/Blueprints/Cell.Cell_C:makeWalls:0340
[2015.12.19-20.35.36:896][  0]LogScript:Warning: Accessed None 'CallFunc_Array_Get_Item4'
	Cell_C /Game/FirstPersonBP/Maps/FirstPersonExampleMap.FirstPersonExampleMap:PersistentLevel.Cell_C_95
	Function /Game/Maze/Blueprints/Cell.Cell_C:makeWalls:0340
[2015.12.19-20.35.36:897][  0]LogScript:Warning: Accessed None 'CallFunc_Array_Get_Item'
	Cell_C /Game/FirstPersonBP/Maps/FirstPersonExampleMap.FirstPersonExampleMap:PersistentLevel.Cell_C_95
	Function /Game/Maze/Blueprints/Cell.Cell_C:makeWalls:0AAE
[2015.12.19-20.35.36:905][  0]LogEditorServer: Finished looking for orphan Actors (0.000 secs)
[2015.12.19-20.35.36:917][  0]Cmd: MAP CHECKDEP NOCLEARLOG
[2015.12.19-20.35.37:039][  0]MapCheck: Info Map check complete: 0 Error(s), 0 Warning(s), took 121.418ms to complete.
[2015.12.19-20.35.37:039][  0]LogFileHelpers: Loading map 'FirstPersonExampleMap' took 3.392
[2015.12.19-20.35.37:155][  0]LogCollectionManager: Loaded 0 collections in 0.010403 seconds
[2015.12.19-20.35.37:206][  0]LogFileCache: Scanning file cache for directory 'C:/Users/K/Documents/GitHub/DaedalusEngine/Labyrinth/Saved/Collections/' took 0.01s
[2015.12.19-20.35.37:206][  0]LogFileCache: Scanning file cache for directory 'C:/Users/K/Documents/GitHub/DaedalusEngine/Labyrinth/Content/Developers/K/Collections/' took 0.01s
[2015.12.19-20.35.37:206][  0]LogFileCache: Scanning file cache for directory 'C:/Users/K/Documents/GitHub/DaedalusEngine/Labyrinth/Content/Collections/' took 0.01s
[2015.12.19-20.35.37:206][  0]LogCollectionManager: Rebuilt the GUID cache for 0 collections in 0.000003 seconds
[2015.12.19-20.35.37:230][  0]LogContentBrowser: Native class hierarchy populated in 0.0237 seconds. Added 1893 classes and 338 folders.
[2015.12.19-20.35.37:255][  0]LogContentBrowser: Native class hierarchy updated for 'WidgetCarousel' in 0.0014 seconds. Added 0 classes and 0 folders.
[2015.12.19-20.35.37:364][  0]LogContentBrowser: Native class hierarchy updated for 'AddContentDialog' in 0.0007 seconds. Added 0 classes and 0 folders.
[2015.12.19-20.35.37:481][  0]LogContentBrowser: Native class hierarchy updated for 'SceneOutliner' in 0.0007 seconds. Added 1 classes and 2 folders.
[2015.12.19-20.35.37:607][  0]LogCrashTracker: Crashtracker disabled due to settings.
[2015.12.19-20.35.37:616][  0]LogUObjectGlobals:Warning: Failed to find object 'Class None.'
[2015.12.19-20.35.37:650][  0]LogLoad: Full Startup: 15.03 seconds (BP compile: 0.85 seconds)
[2015.12.19-20.35.37:678][  0]LogOcInput: Can't find Oculus library dev build: is proper Runtime installed? Version: 0.8.0.0
[2015.12.19-20.35.37:884][  0]LogContentStreaming: Texture pool size now 400 MB
[2015.12.19-20.35.38:191][  0]LogRenderer: Reallocating scene render targets to support 936x720 (Frame:2).
[2015.12.19-20.35.39:685][  7]LogAssetRegistry: Asset discovery search completed in 8.5103 seconds
[2015.12.19-20.35.39:685][  7]LogCollectionManager: Rebuilt the object cache for 0 collections in 0.000001 seconds (found 0 objects)
[2015.12.19-20.35.39:685][  7]LogCollectionManager: Fixed up redirectors for 0 collections in 0.000038 seconds (updated 0 objects)
[2015.12.19-20.36.00:959][471]LogLinker:Warning: CreateExport: Failed to load Parent for Function /Game/RealisticBlueprintWeapons/Blueprints/WeaponEffects/MuzzleEffect.MuzzleEffect_C:UserConstructionScript; removing parent information, but keeping function
[2015.12.19-20.36.01:378][471]LogBlueprint:Warning: [compiler MyCharacter] Warning  Set Text (String)  is deprecated; Use the SetText function taking an FText instead.
[2015.12.19-20.36.01:387][471]LogBlueprint:Warning: [compiler MyCharacter] Warning  Set Text (String)  is deprecated; Use the SetText function taking an FText instead.
[2015.12.19-20.36.01:402][471]LogBlueprint:Warning: [compiler MyCharacter] Warning [0038.78] Compile of MyCharacter successful, but with 2 Warning(s) [in 57 ms]
[2015.12.19-20.36.01:405][471]LogBlueprint:Warning: [compiler MyCharacter] Warning [0038.78] Compile of MyCharacter successful, but with 3 Warning(s) [in 2 ms]
[2015.12.19-20.36.01:405][471]LogBlueprint:Warning: [compiler MyCharacter] Warning [0038.78] Compile of MyCharacter successful, but with 4 Warning(s) [in 0 ms]
[2015.12.19-20.36.01:545][471]LogBlueprint:Warning: [compiler MyCharacter] Warning  Set Text (String)  is deprecated; Use the SetText function taking an FText instead.
[2015.12.19-20.36.01:557][471]LogBlueprint:Warning: [compiler MyCharacter] Warning  Set Text (String)  is deprecated; Use the SetText function taking an FText instead.
[2015.12.19-20.36.01:576][471]LogBlueprint:Warning: [compiler MyCharacter] Warning [0038.95] Compile of MyCharacter successful, but with 2 Warning(s) [in 66 ms]
[2015.12.19-20.36.01:576][471]LogBlueprint:Warning: [compiler MyCharacter] Warning [0038.95] Compile of MyCharacter successful, but with 3 Warning(s) [in 0 ms]
[2015.12.19-20.36.01:578][471]LogBlueprint:Warning: [compiler MyCharacter] Warning [0038.95] Compile of MyCharacter successful, but with 4 Warning(s) [in 2 ms]
[2015.12.19-20.36.01:958][471]LogSkeletalMesh:Warning: Building adjacency information for skeletal mesh '/Game/RealisticBlueprintWeapons/ExampleContent/AnimationDemo/Meshes/Owen.Owen'.
[2015.12.19-20.36.03:673][471]LogCrashTracker: 


[2015.12.19-20.36.03:678][471]LogCrashTracker: 


[2015.12.19-20.36.03:678][471]LogWindows:Error: === Critical error: ===
Fatal error!



[2015.12.19-20.36.03:835][471]LogExit: Executing StaticShutdownAfterError
[2015.12.19-20.36.03:846][471]LogPhysics:Warning: PHYSX: ..\..\PhysX\src\NpScene.cpp (2946) 8 : PxScene::unlockWrite() called without matching call to PxScene::lockWrite(), behaviour will be undefined.
[2015.12.19-20.36.03:847][471]LogPhysics:Warning: PHYSX: ..\..\PhysX\src\NpScene.cpp (2946) 8 : PxScene::unlockWrite() called without matching call to PxScene::lockWrite(), behaviour will be undefined.
[2015.12.19-20.36.03:847][471]LogWindows: FPlatformMisc::RequestExit(1)
[2015.12.19-20.36.03:847][471]Log file closed, 12/19/15 14:36:03
