[2015.12.19-20.57.19:098][  0]Log file open, 12/19/15 14:57:19
[2015.12.19-20.57.19:098][  0]LogInit:Display: Running engine for game: Daedalus
[2015.12.19-20.57.19:098][  0]LogPlatformFile: Not using cached read wrapper
[2015.12.19-20.57.19:098][  0]LogInit:Display: RandInit(-1647844993) SRandInit(-1647844991).
[2015.12.19-20.57.19:098][  0]LogTaskGraph: Started task graph with 4 named threads and 5 total threads.
[2015.12.19-20.57.19:098][  0]LogStats: Stats thread started at 0.080441
[2015.12.19-20.57.19:098][  0]LogInit: Version: 4.10.1-2791327+++depot+UE4-Releases+4.10
[2015.12.19-20.57.19:098][  0]LogInit: API Version: 2758231
[2015.12.19-20.57.19:098][  0]LogInit: Compiled (64-bit): Dec  4 2015 19:44:40
[2015.12.19-20.57.19:098][  0]LogInit: Compiled with Visual C++: 19.00.23026.00
[2015.12.19-20.57.19:098][  0]LogInit: Build Configuration: Development
[2015.12.19-20.57.19:098][  0]LogInit: Branch Name: ++depot+UE4-Releases+4.10
[2015.12.19-20.57.19:098][  0]LogInit: Command line:  
[2015.12.19-20.57.19:098][  0]LogInit: Base directory: C:/Program Files/Epic Games/4.10/Engine/Binaries/Win64/
[2015.12.19-20.57.19:098][  0]LogInit: Rocket: 1
[2015.12.19-20.57.19:109][  0]LogInit: Using libcurl 7.41.0
[2015.12.19-20.57.19:109][  0]LogInit:  - built for x86_64-pc-win32
[2015.12.19-20.57.19:109][  0]LogInit:  - supports SSL with WinSSL
[2015.12.19-20.57.19:109][  0]LogInit:  - other features:
[2015.12.19-20.57.19:109][  0]LogInit:      CURL_VERSION_SSL
[2015.12.19-20.57.19:109][  0]LogInit:      CURL_VERSION_IPV6
[2015.12.19-20.57.19:109][  0]LogInit:      CURL_VERSION_ASYNCHDNS
[2015.12.19-20.57.19:109][  0]LogInit:      CURL_VERSION_LARGEFILE
[2015.12.19-20.57.19:109][  0]LogInit:      CURL_VERSION_IDN
[2015.12.19-20.57.19:110][  0]LogInit:  CurlRequestOptions (configurable via config and command line):
[2015.12.19-20.57.19:110][  0]LogInit:  - bVerifyPeer = true  - Libcurl will verify peer certificate
[2015.12.19-20.57.19:110][  0]LogInit:  - bUseHttpProxy = false  - Libcurl will NOT use HTTP proxy
[2015.12.19-20.57.19:110][  0]LogInit:  - bDontReuseConnections = false  - Libcurl will reuse connections
[2015.12.19-20.57.19:110][  0]LogInit:  - CertBundlePath = nullptr  - Libcurl will use whatever was configured at build time.
[2015.12.19-20.57.19:120][  0]LogInit: Presizing for 0 objects not considered by GC, pre-allocating 0 bytes.
[2015.12.19-20.57.19:130][  0]LogInit: Object subsystem initialized
[2015.12.19-20.57.19:131][  0]LogInit: Selected Device Profile: [Windows]
[2015.12.19-20.57.19:131][  0]LogInit: Applying CVar settings loaded from the selected device profile: [Windows]
[2015.12.19-20.57.19:157][  0]LogInit: Computer: WANI
[2015.12.19-20.57.19:157][  0]LogInit: User: K
[2015.12.19-20.57.19:157][  0]LogInit: CPU Page size=4096, Cores=2
[2015.12.19-20.57.19:157][  0]LogInit: High frequency timer resolution =2.338438 MHz
[2015.12.19-20.57.19:157][  0]LogMemory: Memory total: Physical=7.6GB (8GB approx)
[2015.12.19-20.57.19:157][  0]LogMemory: Platform Memory Stats for Windows
[2015.12.19-20.57.19:157][  0]LogMemory: Process Physical Memory: 58.92 MB used, 58.92 MB peak
[2015.12.19-20.57.19:157][  0]LogMemory: Process Virtual Memory: 55.89 MB used, 55.89 MB peak
[2015.12.19-20.57.19:157][  0]LogMemory: Physical Memory: 4006.36 MB used, 7813.53 MB total
[2015.12.19-20.57.19:157][  0]LogMemory: Virtual Memory: 395.59 MB used, 134217728.00 MB total
[2015.12.19-20.57.19:222][  0]LogTextLocalizationManager: No specific translations for ('en-US') exist, so ('en') translations will be used.
[2015.12.19-20.57.19:806][  0]LogD3D11RHI: Found D3D11 adapter 0: Intel(R) HD Graphics 4000 (Feature Level 11_0)
[2015.12.19-20.57.19:806][  0]LogD3D11RHI: Adapter has 32MB of dedicated video memory, 0MB of dedicated system memory, and 1760MB of shared system memory, 1 output[s]
[2015.12.19-20.57.19:808][  0]LogD3D11RHI: Found D3D11 adapter 1: Microsoft Basic Render Driver (Feature Level 11_0)
[2015.12.19-20.57.19:808][  0]LogD3D11RHI: Adapter has 0MB of dedicated video memory, 0MB of dedicated system memory, and 3906MB of shared system memory, 0 output[s]
[2015.12.19-20.57.19:808][  0]LogD3D11RHI: Chosen D3D11 Adapter Id = 0
[2015.12.19-20.57.19:816][  0]LogD3D11RHI: !Direct3DDevice
[2015.12.19-20.57.19:816][  0]LogRHI: Texture pool is 638 MB (70% of 912 MB)
[2015.12.19-20.57.19:820][  0]LogD3D11RHI: Async texture creation enabled
[2015.12.19-20.57.19:829][  0]LogShaderCompilers: Guid format shader working directory is -26 characters bigger than the processId version (../../../../../../Users/K/Documents/GitHub/DaedalusEngine/Labyrinth/Intermediate/Shaders/WorkingDirectory/20768/).
[2015.12.19-20.57.19:829][  0]LogShaderCompilers: Cleaned the shader compiler working directory 'C:/Users/K/AppData/Local/Temp/UnrealShaderWorkingDir/2E4D0D1E4ADF0A55ED7BF9A9EBAC6643/'.
[2015.12.19-20.57.19:829][  0]LogShaderCompilers:Display: Using Local Shader Compiler.
[2015.12.19-20.57.21:503][  0]LogTemp:Display: Loaded TP AllDesktopTargetPlatform
[2015.12.19-20.57.21:510][  0]LogTemp:Display: Loaded TP WindowsClientTargetPlatform
[2015.12.19-20.57.21:518][  0]LogTemp:Display: Loaded TP WindowsNoEditorTargetPlatform
[2015.12.19-20.57.21:525][  0]LogTemp:Display: Loaded TP WindowsServerTargetPlatform
[2015.12.19-20.57.21:534][  0]LogTemp:Display: Loaded TP WindowsTargetPlatform
[2015.12.19-20.57.21:542][  0]LogTemp:Display: Loaded TP AndroidTargetPlatform
[2015.12.19-20.57.21:546][  0]LogTemp:Display: Loaded TP Android_ASTCTargetPlatform
[2015.12.19-20.57.21:550][  0]LogTemp:Display: Loaded TP Android_ATCTargetPlatform
[2015.12.19-20.57.21:554][  0]LogTemp:Display: Loaded TP Android_DXTTargetPlatform
[2015.12.19-20.57.21:558][  0]LogTemp:Display: Loaded TP Android_ETC1TargetPlatform
[2015.12.19-20.57.21:562][  0]LogTemp:Display: Loaded TP Android_ETC2TargetPlatform
[2015.12.19-20.57.21:571][  0]LogTemp:Display: Loaded TP Android_MultiTargetPlatform
[2015.12.19-20.57.21:571][  0]LogTemp:Display: Loaded TP Android_PVRTCTargetPlatform
[2015.12.19-20.57.21:572][  0]LogTemp:Display: Loaded TP HTML5TargetPlatform
[2015.12.19-20.57.21:598][  0]LogTemp:Display: Loaded TP IOSTargetPlatform
[2015.12.19-20.57.21:602][  0]LogTemp:Display: Loaded TP LinuxNoEditorTargetPlatform
[2015.12.19-20.57.21:607][  0]LogTemp:Display: Loaded TP LinuxServerTargetPlatform
[2015.12.19-20.57.21:614][  0]LogTemp:Display: Loaded TP LinuxTargetPlatform
[2015.12.19-20.57.21:614][  0]LogTargetPlatformManager:Display: Building Assets For Windows
[2015.12.19-20.57.21:769][  0]LogDerivedDataCache:Display: Max Cache Size: 512 MB
[2015.12.19-20.57.21:978][  0]LogDerivedDataCache: Loaded boot cache 0.21s 41MB C:/Users/K/AppData/Local/UnrealEngine/4.10/DerivedDataCache/Boot.ddc.
[2015.12.19-20.57.21:978][  0]LogDerivedDataCache:Display: Loaded Boot cache: C:/Users/K/AppData/Local/UnrealEngine/4.10/DerivedDataCache/Boot.ddc
[2015.12.19-20.57.21:978][  0]LogDerivedDataCache: FDerivedDataBackendGraph:  Pak pak cache file ../../../../../../Users/K/Documents/GitHub/DaedalusEngine/Labyrinth/DerivedDataCache/DDC.ddp not found, will not use a pak cache.
[2015.12.19-20.57.21:978][  0]LogDerivedDataCache: Unable to find inner node Pak for hierarchical cache Hierarchy.
[2015.12.19-20.57.21:978][  0]LogDerivedDataCache: FDerivedDataBackendGraph:  CompressedPak pak cache file ../../../../../../Users/K/Documents/GitHub/DaedalusEngine/Labyrinth/DerivedDataCache/Compressed.ddp not found, will not use a pak cache.
[2015.12.19-20.57.21:978][  0]LogDerivedDataCache: Unable to find inner node CompressedPak for hierarchical cache Hierarchy.
[2015.12.19-20.57.22:058][  0]LogDerivedDataCache:Display: Pak cache opened for reading ../../../Engine/DerivedDataCache/Compressed.ddp.
[2015.12.19-20.57.22:070][  0]LogDerivedDataCache: Using Local data cache path C:/Users/K/AppData/Local/UnrealEngine/Common/DerivedDataCache: Writable
[2015.12.19-20.57.23:571][  0]LogInit: Selected Device Profile: [Windows]
[2015.12.19-20.57.23:575][  0]LogContentStreaming: Texture pool size is 0.000000MB
[2015.12.19-20.57.23:727][  0]LogMeshUtilities: No automatic mesh reduction module available
[2015.12.19-20.57.23:727][  0]LogMeshUtilities: No automatic mesh merging module available
[2015.12.19-20.57.24:059][  0]LogInit: WinSock: version 1.1 (2.2), MaxSocks=32767, MaxUdp=65467
[2015.12.19-20.57.27:044][  0]UdpMessaging: Initializing bridge on interface 0.0.0.0:0 to multicast group 230.0.0.1:6666.
[2015.12.19-20.57.27:195][  0]LogAssetRegistry: FAssetRegistry took 0.0111 seconds to start up
[2015.12.19-20.57.27:449][  0]SourceControl: Info Source control is disabled
[2015.12.19-20.57.27:451][  0]SourceControl: Info Source control is disabled
[2015.12.19-20.57.27:468][  0]SourceControl: Info Source control is disabled
[2015.12.19-20.57.27:484][  0]SourceControl: Info Source control is disabled
[2015.12.19-20.57.27:881][  0]LogObj: 28633 objects as part of root set at end of initial load.
[2015.12.19-20.57.27:881][  0]LogUObjectAllocator: 6099752 out of 0 bytes used by permanent object pool.
[2015.12.19-20.57.27:953][  0]LogEngine: Initializing Engine...
[2015.12.19-20.57.27:956][  0]LogHMD: Can't find Oculus library dev build: is proper Runtime installed? Version: 0.8.0.0
[2015.12.19-20.57.27:971][  0]LogHMD: SteamVR failed to initialize.  Err: 110
[2015.12.19-20.57.28:123][  0]LogAIModule: Creating AISystem for world NewWorld
[2015.12.19-20.57.28:129][  0]LogInit: XAudio2 using 'Speakers (Realtek High Definition Audio)' : 2 channels at 48 kHz using 32 bits per sample (channel mask 0x3)
[2015.12.19-20.57.28:458][  0]LogInit: FAudioDevice initialized.
[2015.12.19-20.57.28:492][  0]LogDerivedDataCache: Saved boot cache 0.03s 41MB C:/Users/K/AppData/Local/UnrealEngine/4.10/DerivedDataCache/Boot.ddc.
[2015.12.19-20.57.28:498][  0]LogInit: Texture streaming: Enabled
[2015.12.19-20.57.28:508][  0]LogAnalytics: Creating configured Analytics provider AnalyticsET
[2015.12.19-20.57.28:508][  0]LogAnalytics: [UEEditor.Rocket.Release] APIServer = http://et2.epicgames.com/ET2/. AppVersion = 4.10.1-2791327+++depot+UE4-Releases+4.10
[2015.12.19-20.57.28:509][  0]LogAnalytics: [UEEditor.Rocket.Release] SetUserId 9725863445f283451391ee9307d07a37|d69e99ce7d8a43a9a925913f345bcf00|1242505c-bb25-4a12-b2e6-5931f3c4781d
[2015.12.19-20.57.28:509][  0]LogAnalytics: [UEEditor.Rocket.Release] AnalyticsET::StartSession
[2015.12.19-20.57.28:567][  0]LogInit: Transaction tracking system initialized
[2015.12.19-20.57.28:619][  0]BlueprintLog: New page: Editor Load
[2015.12.19-20.57.28:780][  0]LocalizationService: Info Localization service is disabled
[2015.12.19-20.57.28:918][  0]LogConsoleResponse:Display: 
[2015.12.19-20.57.29:110][  0]LogCook:Display: Done creating registry. It took  0.00s.
[2015.12.19-20.57.29:252][  0]LogFileCache: Scanning file cache for directory 'C:/Users/K/Documents/GitHub/DaedalusEngine/Labyrinth/Content/' took 0.02s
[2015.12.19-20.57.29:252][  0]SourceControl: Info Source control is disabled
[2015.12.19-20.57.29:252][  0]Cmd: MAP LOAD FILE="../../../../../../Users/K/Documents/GitHub/DaedalusEngine/Labyrinth/Content/FirstPersonBP/Maps/FirstPersonExampleMap.umap" TEMPLATE=0 SHOWPROGRESS=1 FEATURELEVEL=3
[2015.12.19-20.57.29:262][  0]LightingResults: New page: Lighting Build
[2015.12.19-20.57.29:286][  0]MapCheck: New page: Map Check
[2015.12.19-20.57.29:289][  0]LightingResults: New page: Lighting Build
[2015.12.19-20.57.29:328][  0]LogParticles: Destroying 0 GPU particle simulations for FXSystem 0x000000D5BD8ABB00
[2015.12.19-20.57.31:616][  0]LogAIModule: Creating AISystem for world FirstPersonExampleMap
[2015.12.19-20.57.31:646][  0]LogSpawn:Warning: SpawnActor failed because we are running a ConstructionScript (Cell_C)
[2015.12.19-20.57.31:646][  0]LogScript:Warning: Accessed None 'placeholderCell'
	Daedalus_C /Game/FirstPersonBP/Maps/FirstPersonExampleMap.FirstPersonExampleMap:PersistentLevel.Daedalus_C_1
	Function /Game/Maze/Blueprints/Daedalus.Daedalus_C:MakePlaceholderCell:0128
[2015.12.19-20.57.31:655][  0]LogScript:Warning: Accessed None 'CallFunc_Array_Get_Item3'
	Cell_C /Game/FirstPersonBP/Maps/FirstPersonExampleMap.FirstPersonExampleMap:PersistentLevel.Cell_C_71
	Function /Game/Maze/Blueprints/Cell.Cell_C:makeWalls:059E
[2015.12.19-20.57.31:655][  0]LogScript:Warning: Accessed None 'CallFunc_Array_Get_Item2'
	Cell_C /Game/FirstPersonBP/Maps/FirstPersonExampleMap.FirstPersonExampleMap:PersistentLevel.Cell_C_71
	Function /Game/Maze/Blueprints/Cell.Cell_C:makeWalls:0826
[2015.12.19-20.57.31:656][  0]LogScript:Warning: Accessed None 'CallFunc_Array_Get_Item2'
	Cell_C /Game/FirstPersonBP/Maps/FirstPersonExampleMap.FirstPersonExampleMap:PersistentLevel.Cell_C_72
	Function /Game/Maze/Blueprints/Cell.Cell_C:makeWalls:0826
[2015.12.19-20.57.31:657][  0]LogScript:Warning: Accessed None 'CallFunc_Array_Get_Item2'
	Cell_C /Game/FirstPersonBP/Maps/FirstPersonExampleMap.FirstPersonExampleMap:PersistentLevel.Cell_C_73
	Function /Game/Maze/Blueprints/Cell.Cell_C:makeWalls:0826
[2015.12.19-20.57.31:658][  0]LogScript:Warning: Accessed None 'CallFunc_Array_Get_Item2'
	Cell_C /Game/FirstPersonBP/Maps/FirstPersonExampleMap.FirstPersonExampleMap:PersistentLevel.Cell_C_74
	Function /Game/Maze/Blueprints/Cell.Cell_C:makeWalls:0826
[2015.12.19-20.57.31:659][  0]LogScript:Warning: Accessed None 'CallFunc_Array_Get_Item2'
	Cell_C /Game/FirstPersonBP/Maps/FirstPersonExampleMap.FirstPersonExampleMap:PersistentLevel.Cell_C_75
	Function /Game/Maze/Blueprints/Cell.Cell_C:makeWalls:0826
[2015.12.19-20.57.31:659][  0]LogScript:Warning: Accessed None 'CallFunc_Array_Get_Item'
	Cell_C /Game/FirstPersonBP/Maps/FirstPersonExampleMap.FirstPersonExampleMap:PersistentLevel.Cell_C_75
	Function /Game/Maze/Blueprints/Cell.Cell_C:makeWalls:0AAE
[2015.12.19-20.57.31:660][  0]LogScript:Warning: Accessed None 'CallFunc_Array_Get_Item3'
	Cell_C /Game/FirstPersonBP/Maps/FirstPersonExampleMap.FirstPersonExampleMap:PersistentLevel.Cell_C_76
	Function /Game/Maze/Blueprints/Cell.Cell_C:makeWalls:059E
[2015.12.19-20.57.31:663][  0]LogScript:Warning: Accessed None 'CallFunc_Array_Get_Item'
	Cell_C /Game/FirstPersonBP/Maps/FirstPersonExampleMap.FirstPersonExampleMap:PersistentLevel.Cell_C_80
	Function /Game/Maze/Blueprints/Cell.Cell_C:makeWalls:0AAE
[2015.12.19-20.57.31:663][  0]LogScript:Warning: Accessed None 'CallFunc_Array_Get_Item3'
	Cell_C /Game/FirstPersonBP/Maps/FirstPersonExampleMap.FirstPersonExampleMap:PersistentLevel.Cell_C_81
	Function /Game/Maze/Blueprints/Cell.Cell_C:makeWalls:059E
[2015.12.19-20.57.31:666][  0]LogScript:Warning: Accessed None 'CallFunc_Array_Get_Item'
	Cell_C /Game/FirstPersonBP/Maps/FirstPersonExampleMap.FirstPersonExampleMap:PersistentLevel.Cell_C_85
	Function /Game/Maze/Blueprints/Cell.Cell_C:makeWalls:0AAE
[2015.12.19-20.57.31:667][  0]LogScript:Warning: Accessed None 'CallFunc_Array_Get_Item3'
	Cell_C /Game/FirstPersonBP/Maps/FirstPersonExampleMap.FirstPersonExampleMap:PersistentLevel.Cell_C_86
	Function /Game/Maze/Blueprints/Cell.Cell_C:makeWalls:059E
[2015.12.19-20.57.31:669][  0]LogScript:Warning: Accessed None 'CallFunc_Array_Get_Item'
	Cell_C /Game/FirstPersonBP/Maps/FirstPersonExampleMap.FirstPersonExampleMap:PersistentLevel.Cell_C_90
	Function /Game/Maze/Blueprints/Cell.Cell_C:makeWalls:0AAE
[2015.12.19-20.57.31:670][  0]LogScript:Warning: Accessed None 'CallFunc_Array_Get_Item4'
	Cell_C /Game/FirstPersonBP/Maps/FirstPersonExampleMap.FirstPersonExampleMap:PersistentLevel.Cell_C_91
	Function /Game/Maze/Blueprints/Cell.Cell_C:makeWalls:0340
[2015.12.19-20.57.31:670][  0]LogScript:Warning: Accessed None 'CallFunc_Array_Get_Item3'
	Cell_C /Game/FirstPersonBP/Maps/FirstPersonExampleMap.FirstPersonExampleMap:PersistentLevel.Cell_C_91
	Function /Game/Maze/Blueprints/Cell.Cell_C:makeWalls:059E
[2015.12.19-20.57.31:671][  0]LogScript:Warning: Accessed None 'CallFunc_Array_Get_Item4'
	Cell_C /Game/FirstPersonBP/Maps/FirstPersonExampleMap.FirstPersonExampleMap:PersistentLevel.Cell_C_92
	Function /Game/Maze/Blueprints/Cell.Cell_C:makeWalls:0340
[2015.12.19-20.57.31:671][  0]LogScript:Warning: Accessed None 'CallFunc_Array_Get_Item4'
	Cell_C /Game/FirstPersonBP/Maps/FirstPersonExampleMap.FirstPersonExampleMap:PersistentLevel.Cell_C_93
	Function /Game/Maze/Blueprints/Cell.Cell_C:makeWalls:0340
[2015.12.19-20.57.31:672][  0]LogScript:Warning: Accessed None 'CallFunc_Array_Get_Item4'
	Cell_C /Game/FirstPersonBP/Maps/FirstPersonExampleMap.FirstPersonExampleMap:PersistentLevel.Cell_C_94
	Function /Game/Maze/Blueprints/Cell.Cell_C:makeWalls:0340
[2015.12.19-20.57.31:673][  0]LogScript:Warning: Accessed None 'CallFunc_Array_Get_Item4'
	Cell_C /Game/FirstPersonBP/Maps/FirstPersonExampleMap.FirstPersonExampleMap:PersistentLevel.Cell_C_95
	Function /Game/Maze/Blueprints/Cell.Cell_C:makeWalls:0340
[2015.12.19-20.57.31:673][  0]LogScript:Warning: Accessed None 'CallFunc_Array_Get_Item'
	Cell_C /Game/FirstPersonBP/Maps/FirstPersonExampleMap.FirstPersonExampleMap:PersistentLevel.Cell_C_95
	Function /Game/Maze/Blueprints/Cell.Cell_C:makeWalls:0AAE
[2015.12.19-20.57.31:678][  0]LogEditorServer: Finished looking for orphan Actors (0.000 secs)
[2015.12.19-20.57.31:679][  0]Cmd: MAP CHECKDEP NOCLEARLOG
[2015.12.19-20.57.31:752][  0]MapCheck: Info Map check complete: 0 Error(s), 0 Warning(s), took 72.907ms to complete.
[2015.12.19-20.57.31:752][  0]LogFileHelpers: Loading map 'FirstPersonExampleMap' took 2.500
[2015.12.19-20.57.31:850][  0]LogCollectionManager: Loaded 0 collections in 0.004862 seconds
[2015.12.19-20.57.31:894][  0]LogFileCache: Scanning file cache for directory 'C:/Users/K/Documents/GitHub/DaedalusEngine/Labyrinth/Saved/Collections/' took 0.01s
[2015.12.19-20.57.31:894][  0]LogFileCache: Scanning file cache for directory 'C:/Users/K/Documents/GitHub/DaedalusEngine/Labyrinth/Content/Developers/K/Collections/' took 0.01s
[2015.12.19-20.57.31:894][  0]LogFileCache: Scanning file cache for directory 'C:/Users/K/Documents/GitHub/DaedalusEngine/Labyrinth/Content/Collections/' took 0.01s
[2015.12.19-20.57.31:894][  0]LogCollectionManager: Rebuilt the GUID cache for 0 collections in 0.000003 seconds
[2015.12.19-20.57.31:910][  0]LogContentBrowser: Native class hierarchy populated in 0.0156 seconds. Added 1893 classes and 338 folders.
[2015.12.19-20.57.31:923][  0]LogContentBrowser: Native class hierarchy updated for 'WidgetCarousel' in 0.0006 seconds. Added 0 classes and 0 folders.
[2015.12.19-20.57.32:331][  0]LogContentBrowser: Native class hierarchy updated for 'AddContentDialog' in 0.0006 seconds. Added 0 classes and 0 folders.
[2015.12.19-20.57.32:404][  0]LogContentBrowser: Native class hierarchy updated for 'SceneOutliner' in 0.0006 seconds. Added 1 classes and 2 folders.
[2015.12.19-20.57.32:507][  0]LogCrashTracker: Crashtracker disabled due to settings.
[2015.12.19-20.57.32:513][  0]LogUObjectGlobals:Warning: Failed to find object 'Class None.'
[2015.12.19-20.57.32:539][  0]LogLoad: Full Startup: 15.37 seconds (BP compile: 0.58 seconds)
[2015.12.19-20.57.32:562][  0]LogOcInput: Can't find Oculus library dev build: is proper Runtime installed? Version: 0.8.0.0
[2015.12.19-20.57.32:720][  0]LogContentStreaming: Texture pool size now 400 MB
[2015.12.19-20.57.32:919][  0]LogRenderer: Reallocating scene render targets to support 936x720 (Frame:2).
[2015.12.19-20.57.33:752][  5]LogAssetRegistry: Asset discovery search completed in 6.5688 seconds
[2015.12.19-20.57.33:752][  5]LogCollectionManager: Rebuilt the object cache for 0 collections in 0.000001 seconds (found 0 objects)
[2015.12.19-20.57.33:752][  5]LogCollectionManager: Fixed up redirectors for 0 collections in 0.000059 seconds (updated 0 objects)
[2015.12.19-20.57.45:151][156]LogBlueprintUserMessages: Early PlayInEditor Detection: Level '/Game/FirstPersonBP/Maps/FirstPersonExampleMap.FirstPersonExampleMap:PersistentLevel' has LevelScriptBlueprint '/Game/FirstPersonBP/Maps/FirstPersonExampleMap.FirstPersonExampleMap:PersistentLevel.FirstPersonExampleMap' with GeneratedClass '/Game/FirstPersonBP/Maps/FirstPersonExampleMap.FirstPersonExampleMap_C' with ClassGeneratedBy '/Game/FirstPersonBP/Maps/FirstPersonExampleMap.FirstPersonExampleMap:PersistentLevel.FirstPersonExampleMap'
[2015.12.19-20.57.45:151][156]LogPlayLevel: PlayLevel: No blueprints needed recompiling
[2015.12.19-20.57.45:152][156]PIE: New page: PIE session: FirstPersonExampleMap (Dec 19, 2015, 8:57:45 AM)
[2015.12.19-20.57.45:152][156]LogPlayLevel: Creating play world package: /Game/FirstPersonBP/Maps/UEDPIE_0_FirstPersonExampleMap
[2015.12.19-20.57.45:207][156]LogPlayLevel: PIE: StaticDuplicateObject took: (0.055211s)
[2015.12.19-20.57.45:209][156]LogAIModule: Creating AISystem for world FirstPersonExampleMap
[2015.12.19-20.57.45:209][156]LogPlayLevel: PIE: World Init took: (0.001616s)
[2015.12.19-20.57.45:210][156]LogPlayLevel: PIE: Created PIE world by copying editor world from /Game/FirstPersonBP/Maps/FirstPersonExampleMap.FirstPersonExampleMap to /Game/FirstPersonBP/Maps/UEDPIE_0_FirstPersonExampleMap.FirstPersonExampleMap (0.057378s)
[2015.12.19-20.57.45:310][156]LogInit: XAudio2 using 'Speakers (Realtek High Definition Audio)' : 2 channels at 48 kHz using 32 bits per sample (channel mask 0x3)
[2015.12.19-20.57.45:321][156]LogInit: FAudioDevice initialized.
[2015.12.19-20.57.45:426][156]LogWorld: Game class is 'GameMode'
[2015.12.19-20.57.45:440][156]LogWorld: Bringing World /Game/FirstPersonBP/Maps/UEDPIE_0_FirstPersonExampleMap.FirstPersonExampleMap up for play (max tick rate 60) at 2015.12.19-14.57.45
[2015.12.19-20.57.45:440][156]LogActor:Warning: GameSession /Game/FirstPersonBP/Maps/UEDPIE_0_FirstPersonExampleMap.FirstPersonExampleMap:PersistentLevel.GameSession_0 has natively added scene component(s), but none of them were set as the actor's RootComponent - picking one arbitrarily
[2015.12.19-20.57.45:441][156]LogActor:Warning: GameNetworkManager /Game/FirstPersonBP/Maps/UEDPIE_0_FirstPersonExampleMap.FirstPersonExampleMap:PersistentLevel.GameNetworkManager_0 has natively added scene component(s), but none of them were set as the actor's RootComponent - picking one arbitrarily
[2015.12.19-20.57.45:441][156]LogWorld: Bringing up level for play took: 0.013651
[2015.12.19-20.57.45:447][156]LogBlueprintUserMessages: [Daedalus_C_1] -----------
[2015.12.19-20.57.45:447][156]LogBlueprintUserMessages: [Daedalus_C_1] 0
[2015.12.19-20.57.45:447][156]LogBlueprintUserMessages: [Daedalus_C_1] 1
[2015.12.19-20.57.45:447][156]LogBlueprintUserMessages: [Daedalus_C_1] 1
[2015.12.19-20.57.45:447][156]LogBlueprintUserMessages: [Daedalus_C_1] 3
[2015.12.19-20.57.45:447][156]LogScript:Warning: Attempted to set an invalid index on array CellValue_12_5A1875AC453F39D5298178B5D85E6594 [5/4]!
[2015.12.19-20.57.45:448][156]LogBlueprintUserMessages: [Daedalus_C_1] 3
[2015.12.19-20.57.45:448][156]LogBlueprintUserMessages: [Daedalus_C_1] -----------
[2015.12.19-20.57.45:448][156]LogBlueprintUserMessages: [Daedalus_C_1] 0
[2015.12.19-20.57.45:448][156]LogBlueprintUserMessages: [Daedalus_C_1] 0
[2015.12.19-20.57.45:448][156]LogBlueprintUserMessages: [Daedalus_C_1] 0
[2015.12.19-20.57.45:448][156]LogBlueprintUserMessages: [Daedalus_C_1] 0
[2015.12.19-20.57.45:448][156]LogScript:Warning: Attempted to set an invalid index on array CellValue_12_5A1875AC453F39D5298178B5D85E6594 [5/4]!
[2015.12.19-20.57.45:448][156]LogBlueprintUserMessages: [Daedalus_C_1] 0
[2015.12.19-20.57.45:448][156]LogBlueprintUserMessages: [Daedalus_C_1] -----------
[2015.12.19-20.57.45:448][156]LogBlueprintUserMessages: [Daedalus_C_1] 0
[2015.12.19-20.57.45:448][156]LogBlueprintUserMessages: [Daedalus_C_1] 0
[2015.12.19-20.57.45:448][156]LogBlueprintUserMessages: [Daedalus_C_1] 2
[2015.12.19-20.57.45:449][156]LogBlueprintUserMessages: [Daedalus_C_1] 2
[2015.12.19-20.57.45:449][156]LogScript:Warning: Attempted to set an invalid index on array CellValue_12_5A1875AC453F39D5298178B5D85E6594 [5/4]!
[2015.12.19-20.57.45:449][156]LogBlueprintUserMessages: [Daedalus_C_1] 4
[2015.12.19-20.57.45:449][156]LogBlueprintUserMessages: [Daedalus_C_1] -----------
[2015.12.19-20.57.45:449][156]LogBlueprintUserMessages: [Daedalus_C_1] 0
[2015.12.19-20.57.45:449][156]LogBlueprintUserMessages: [Daedalus_C_1] 0
[2015.12.19-20.57.45:449][156]LogBlueprintUserMessages: [Daedalus_C_1] 0
[2015.12.19-20.57.45:449][156]LogBlueprintUserMessages: [Daedalus_C_1] 0
[2015.12.19-20.57.45:449][156]LogBlueprintUserMessages: [Daedalus_C_1] 0
[2015.12.19-20.57.45:449][156]LogBlueprintUserMessages: [Daedalus_C_1] -----------
[2015.12.19-20.57.45:450][156]LogBlueprintUserMessages: [Daedalus_C_1] 0
[2015.12.19-20.57.45:450][156]LogBlueprintUserMessages: [Daedalus_C_1] 1
[2015.12.19-20.57.45:450][156]LogBlueprintUserMessages: [Daedalus_C_1] 2
[2015.12.19-20.57.45:450][156]LogBlueprintUserMessages: [Daedalus_C_1] 2
[2015.12.19-20.57.45:450][156]LogScript:Warning: Attempted to set an invalid index on array CellValue_12_5A1875AC453F39D5298178B5D85E6594 [5/4]!
[2015.12.19-20.57.45:450][156]LogBlueprintUserMessages: [Daedalus_C_1] 4
[2015.12.19-20.57.45:491][156]PIE: Info Play in editor start time for /Game/FirstPersonBP/Maps/UEDPIE_0_FirstPersonExampleMap -0.22
[2015.12.19-20.57.45:491][156]LogBlueprintUserMessages: Late PlayInEditor Detection: Level '/Game/FirstPersonBP/Maps/FirstPersonExampleMap.FirstPersonExampleMap:PersistentLevel' has LevelScriptBlueprint '/Game/FirstPersonBP/Maps/FirstPersonExampleMap.FirstPersonExampleMap:PersistentLevel.FirstPersonExampleMap' with GeneratedClass '/Game/FirstPersonBP/Maps/FirstPersonExampleMap.FirstPersonExampleMap_C' with ClassGeneratedBy '/Game/FirstPersonBP/Maps/FirstPersonExampleMap.FirstPersonExampleMap:PersistentLevel.FirstPersonExampleMap'
[2015.12.19-20.57.45:563][157]LogRenderer: Reallocating scene render targets to support 1116x720 (Frame:177).
[2015.12.19-20.58.06:200][442]LogBlueprintUserMessages: Early EndPlayMap Detection: Level '/Game/FirstPersonBP/Maps/FirstPersonExampleMap.FirstPersonExampleMap:PersistentLevel' has LevelScriptBlueprint '/Game/FirstPersonBP/Maps/FirstPersonExampleMap.FirstPersonExampleMap:PersistentLevel.FirstPersonExampleMap' with GeneratedClass '/Game/FirstPersonBP/Maps/FirstPersonExampleMap.FirstPersonExampleMap_C' with ClassGeneratedBy '/Game/FirstPersonBP/Maps/FirstPersonExampleMap.FirstPersonExampleMap:PersistentLevel.FirstPersonExampleMap'
[2015.12.19-20.58.06:307][442]LogBlueprintUserMessages: Late EndPlayMap Detection: Level '/Game/FirstPersonBP/Maps/FirstPersonExampleMap.FirstPersonExampleMap:PersistentLevel' has LevelScriptBlueprint '/Game/FirstPersonBP/Maps/FirstPersonExampleMap.FirstPersonExampleMap:PersistentLevel.FirstPersonExampleMap' with GeneratedClass '/Game/FirstPersonBP/Maps/FirstPersonExampleMap.FirstPersonExampleMap_C' with ClassGeneratedBy '/Game/FirstPersonBP/Maps/FirstPersonExampleMap.FirstPersonExampleMap:PersistentLevel.FirstPersonExampleMap'
[2015.12.19-20.58.06:353][442]LogParticles: Destroying 0 GPU particle simulations for FXSystem 0x000000D5C9337060
[2015.12.19-20.58.08:354][466]LogLinker:Warning: Asset '../../../Engine/Content/ArtTools/RenderToTexture/Macros/RenderToTextureMacros.uasset' has been saved with empty engine version. The asset will be loaded but may be incompatible.
[2015.12.19-20.58.09:239][466]LogContentBrowser: Native class hierarchy updated for 'BlueprintGraph' in 0.0013 seconds. Added 107 classes and 0 folders.
[2015.12.19-20.58.10:138][466]LogSpawn:Warning: SpawnActor failed because we are running a ConstructionScript (Cell_C)
[2015.12.19-20.58.10:138][466]LogScript:Warning: Accessed None 'placeholderCell'
	Daedalus_C /Engine/Transient.World_3:PersistentLevel.Daedalus_C_27
	Function /Game/Maze/Blueprints/Daedalus.Daedalus_C:MakePlaceholderCell:0128
[2015.12.19-20.58.10:141][466]LogScript:Warning: Accessed None 'CallFunc_Array_Get_Item3'
	Cell_C /Engine/Transient.World_3:PersistentLevel.Cell_C_96
	Function /Game/Maze/Blueprints/Cell.Cell_C:makeWalls:059E
[2015.12.19-20.58.10:142][466]LogScript:Warning: Accessed None 'CallFunc_Array_Get_Item2'
	Cell_C /Engine/Transient.World_3:PersistentLevel.Cell_C_96
	Function /Game/Maze/Blueprints/Cell.Cell_C:makeWalls:0826
[2015.12.19-20.58.10:144][466]LogScript:Warning: Accessed None 'CallFunc_Array_Get_Item2'
	Cell_C /Engine/Transient.World_3:PersistentLevel.Cell_C_97
	Function /Game/Maze/Blueprints/Cell.Cell_C:makeWalls:0826
[2015.12.19-20.58.10:145][466]LogScript:Warning: Accessed None 'CallFunc_Array_Get_Item2'
	Cell_C /Engine/Transient.World_3:PersistentLevel.Cell_C_98
	Function /Game/Maze/Blueprints/Cell.Cell_C:makeWalls:0826
[2015.12.19-20.58.10:145][466]LogScript:Warning: Accessed None 'CallFunc_Array_Get_Item'
	Cell_C /Engine/Transient.World_3:PersistentLevel.Cell_C_98
	Function /Game/Maze/Blueprints/Cell.Cell_C:makeWalls:0AAE
[2015.12.19-20.58.10:146][466]LogScript:Warning: Accessed None 'CallFunc_Array_Get_Item3'
	Cell_C /Engine/Transient.World_3:PersistentLevel.Cell_C_99
	Function /Game/Maze/Blueprints/Cell.Cell_C:makeWalls:059E
[2015.12.19-20.58.10:147][466]LogScript:Warning: Accessed None 'CallFunc_Array_Get_Item'
	Cell_C /Engine/Transient.World_3:PersistentLevel.Cell_C_101
	Function /Game/Maze/Blueprints/Cell.Cell_C:makeWalls:0AAE
[2015.12.19-20.58.10:148][466]LogScript:Warning: Accessed None 'CallFunc_Array_Get_Item4'
	Cell_C /Engine/Transient.World_3:PersistentLevel.Cell_C_102
	Function /Game/Maze/Blueprints/Cell.Cell_C:makeWalls:0340
[2015.12.19-20.58.10:148][466]LogScript:Warning: Accessed None 'CallFunc_Array_Get_Item3'
	Cell_C /Engine/Transient.World_3:PersistentLevel.Cell_C_102
	Function /Game/Maze/Blueprints/Cell.Cell_C:makeWalls:059E
[2015.12.19-20.58.10:149][466]LogScript:Warning: Accessed None 'CallFunc_Array_Get_Item4'
	Cell_C /Engine/Transient.World_3:PersistentLevel.Cell_C_103
	Function /Game/Maze/Blueprints/Cell.Cell_C:makeWalls:0340
[2015.12.19-20.58.10:149][466]LogScript:Warning: Accessed None 'CallFunc_Array_Get_Item4'
	Cell_C /Engine/Transient.World_3:PersistentLevel.Cell_C_104
	Function /Game/Maze/Blueprints/Cell.Cell_C:makeWalls:0340
[2015.12.19-20.58.10:149][466]LogScript:Warning: Accessed None 'CallFunc_Array_Get_Item'
	Cell_C /Engine/Transient.World_3:PersistentLevel.Cell_C_104
	Function /Game/Maze/Blueprints/Cell.Cell_C:makeWalls:0AAE
[2015.12.19-20.58.43:846][142]LogWindowsTextInputMethodSystem:Display: IME system now deactivated.
[2015.12.19-20.58.44:179][143]Cmd: QUIT_EDITOR
[2015.12.19-20.58.44:661][143]LogExit: Preparing to exit.
[2015.12.19-20.58.45:193][143]LogExit: Editor shut down
[2015.12.19-20.58.45:194][143]LogExit: Transaction tracking system shut down
[2015.12.19-20.58.45:203][143]LogParticles: Destroying 0 GPU particle simulations for FXSystem 0x000000D5AA69D260
[2015.12.19-20.58.45:203][143]LogParticles: Destroying 0 GPU particle simulations for FXSystem 0x000000D5CA663880
[2015.12.19-20.58.45:204][143]LogParticles: Destroying 0 GPU particle simulations for FXSystem 0x000000D5C93342C0
[2015.12.19-20.58.45:204][143]LogParticles: Destroying 0 GPU particle simulations for FXSystem 0x000000D5C9336C00
[2015.12.19-20.58.45:499][143]LogParticles: Destroying 0 GPU particle simulations for FXSystem 0x000000D5AA884AE0
[2015.12.19-20.58.45:499][143]LogExit: Object subsystem successfully closed.
[2015.12.19-20.58.45:513][143]LogD3D11RHI: Shutdown
[2015.12.19-20.58.45:513][143]LogD3D11RHI: CleanupD3DDevice
[2015.12.19-20.58.45:605][143]LogD3D11RHI: ~FD3D11DynamicRHI
[2015.12.19-20.58.45:635][143]LogModuleManager: Shutting down and abandoning module BlueprintGraph (199)
[2015.12.19-20.58.45:635][143]LogModuleManager: Shutting down and abandoning module CrashTracker (198)
[2015.12.19-20.58.45:635][143]LogModuleManager: Shutting down and abandoning module SceneOutliner (197)
[2015.12.19-20.58.45:635][143]LogModuleManager: Shutting down and abandoning module SuperSearch (196)
[2015.12.19-20.58.45:635][143]LogModuleManager: Shutting down and abandoning module WidgetCarousel (195)
[2015.12.19-20.58.45:635][143]LogModuleManager: Shutting down and abandoning module AddContentDialog (194)
[2015.12.19-20.58.45:637][143]LogModuleManager: Shutting down and abandoning module EditorWidgets (193)
[2015.12.19-20.58.45:637][143]LogModuleManager: Shutting down and abandoning module CollectionManager (192)
[2015.12.19-20.58.45:637][143]LogModuleManager: Shutting down and abandoning module StatsViewer (191)
[2015.12.19-20.58.45:637][143]LogModuleManager: Shutting down and abandoning module FoliageEdit (190)
[2015.12.19-20.58.45:637][143]LogModuleManager: Shutting down and abandoning module LandscapeEditor (189)
[2015.12.19-20.58.45:637][143]LogModuleManager: Shutting down and abandoning module ActorPickerMode (188)
[2015.12.19-20.58.45:637][143]LogModuleManager: Shutting down and abandoning module GeometryMode (187)
[2015.12.19-20.58.45:638][143]LogModuleManager: Shutting down and abandoning module TextureAlignMode (186)
[2015.12.19-20.58.45:638][143]LogModuleManager: Shutting down and abandoning module BspMode (185)
[2015.12.19-20.58.45:638][143]LogModuleManager: Shutting down and abandoning module PlacementMode (184)
[2015.12.19-20.58.45:638][143]LogModuleManager: Shutting down and abandoning module AutomationWorker (183)
[2015.12.19-20.58.45:638][143]LogModuleManager: Shutting down and abandoning module CharacterAI (182)
[2015.12.19-20.58.45:638][143]LogModuleManager: Shutting down and abandoning module SmartSnapping (181)
[2015.12.19-20.58.45:638][143]LogModuleManager: Shutting down and abandoning module ViewportSnapping (180)
[2015.12.19-20.58.45:638][143]LogModuleManager: Shutting down and abandoning module LogVisualizer (179)
[2015.12.19-20.58.45:638][143]LogModuleManager: Shutting down and abandoning module GameProjectGeneration (178)
[2015.12.19-20.58.45:638][143]LogModuleManager: Shutting down and abandoning module IntroTutorials (177)
[2015.12.19-20.58.45:638][143]LogModuleManager: Shutting down and abandoning module EditorLiveStreaming (176)
[2015.12.19-20.58.45:638][143]LogModuleManager: Shutting down and abandoning module IOSPlatformEditor (175)
[2015.12.19-20.58.45:638][143]LogModuleManager: Shutting down and abandoning module HTML5PlatformEditor (174)
[2015.12.19-20.58.45:638][143]LogModuleManager: Shutting down and abandoning module AndroidDeviceDetection (173)
[2015.12.19-20.58.45:884][143]LogModuleManager: Shutting down and abandoning module AndroidPlatformEditor (172)
[2015.12.19-20.58.45:884][143]LogModuleManager: Shutting down and abandoning module IOSRuntimeSettings (171)
[2015.12.19-20.58.45:884][143]LogModuleManager: Shutting down and abandoning module AndroidRuntimeSettings (170)
[2015.12.19-20.58.45:884][143]LogModuleManager: Shutting down and abandoning module MergeActors (169)
[2015.12.19-20.58.45:884][143]LogModuleManager: Shutting down and abandoning module SizeMap (168)
[2015.12.19-20.58.45:884][143]LogModuleManager: Shutting down and abandoning module TreeMap (167)
[2015.12.19-20.58.45:884][143]LogModuleManager: Shutting down and abandoning module ReferenceViewer (166)
[2015.12.19-20.58.45:884][143]LogModuleManager: Shutting down and abandoning module LocalizationService (165)
[2015.12.19-20.58.45:884][143]LogModuleManager: Shutting down and abandoning module LocalizationDashboard (164)
[2015.12.19-20.58.45:884][143]LogModuleManager: Shutting down and abandoning module HardwareTargeting (163)
[2015.12.19-20.58.45:884][143]LogModuleManager: Shutting down and abandoning module DeviceProfileEditor (162)
[2015.12.19-20.58.45:884][143]LogModuleManager: Shutting down and abandoning module UndoHistory (161)
[2015.12.19-20.58.45:884][143]LogModuleManager: Shutting down and abandoning module GameplayTagsEditor (160)
[2015.12.19-20.58.45:884][143]LogModuleManager: Shutting down and abandoning module UserFeedback (159)
[2015.12.19-20.58.45:884][143]LogModuleManager: Shutting down and abandoning module XmlParser (158)
[2015.12.19-20.58.45:884][143]LogModuleManager: Shutting down and abandoning module Blutility (157)
[2015.12.19-20.58.45:884][143]LogModuleManager: Shutting down and abandoning module ProjectTargetPlatformEditor (156)
[2015.12.19-20.58.45:884][143]LogModuleManager: Shutting down and abandoning module ProjectSettingsViewer (155)
[2015.12.19-20.58.45:885][143]LogModuleManager: Shutting down and abandoning module InputBindingEditor (154)
[2015.12.19-20.58.45:885][143]LogModuleManager: Shutting down and abandoning module EditorSettingsViewer (153)
[2015.12.19-20.58.45:885][143]LogModuleManager: Shutting down and abandoning module SettingsEditor (152)
[2015.12.19-20.58.45:885][143]LogModuleManager: Shutting down and abandoning module ProjectLauncher (151)
[2015.12.19-20.58.45:885][143]LogModuleManager: Shutting down and abandoning module SessionFrontend (150)
[2015.12.19-20.58.45:885][143]LogModuleManager: Shutting down and abandoning module ProfilerClient (149)
[2015.12.19-20.58.45:885][143]LogModuleManager: Shutting down and abandoning module TargetDeviceServices (148)
[2015.12.19-20.58.45:885][143]LogModuleManager: Shutting down and abandoning module DeviceManager (147)
[2015.12.19-20.58.45:885][143]LogModuleManager: Shutting down and abandoning module AutomationController (146)
[2015.12.19-20.58.45:885][143]LogModuleManager: Shutting down and abandoning module AutomationWindow (145)
[2015.12.19-20.58.45:885][143]LogModuleManager: Shutting down and abandoning module Layers (144)
[2015.12.19-20.58.45:885][143]LogModuleManager: Shutting down and abandoning module ComponentVisualizers (143)
[2015.12.19-20.58.45:885][143]LogModuleManager: Shutting down and abandoning module DetailCustomizations (142)
[2015.12.19-20.58.45:885][143]LogModuleManager: Shutting down and abandoning module PackagesDialog (141)
[2015.12.19-20.58.45:885][143]LogModuleManager: Shutting down and abandoning module Persona (140)
[2015.12.19-20.58.45:885][143]LogModuleManager: Shutting down and abandoning module Kismet (139)
[2015.12.19-20.58.45:885][143]LogModuleManager: Shutting down and abandoning module GraphEditor (138)
[2015.12.19-20.58.45:885][143]LogModuleManager: Shutting down and abandoning module ClassViewer (137)
[2015.12.19-20.58.45:885][143]LogModuleManager: Shutting down and abandoning module Toolbox (136)
[2015.12.19-20.58.45:885][143]LogModuleManager: Shutting down and abandoning module ModuleUI (135)
[2015.12.19-20.58.45:885][143]LogModuleManager: Shutting down and abandoning module MovieSceneTools (134)
[2015.12.19-20.58.45:886][143]LogModuleManager: Shutting down and abandoning module OutputLog (133)
[2015.12.19-20.58.45:886][143]LogModuleManager: Shutting down and abandoning module GammaUI (132)
[2015.12.19-20.58.45:886][143]LogModuleManager: Shutting down and abandoning module Documentation (131)
[2015.12.19-20.58.45:886][143]LogModuleManager: Shutting down and abandoning module GameLiveStreaming (130)
[2015.12.19-20.58.45:886][143]LogModuleManager: Shutting down and abandoning module StreamingPauseRendering (129)
[2015.12.19-20.58.45:886][143]LogModuleManager: Shutting down and abandoning module AnalyticsET (128)
[2015.12.19-20.58.45:886][143]LogModuleManager: Shutting down and abandoning module Analytics (127)
[2015.12.19-20.58.45:886][143]LogModuleManager: Shutting down and abandoning module AITestSuite (126)
[2015.12.19-20.58.45:886][143]LogModuleManager: Shutting down and abandoning module GameplayDebugger (125)
[2015.12.19-20.58.45:886][143]LogModuleManager: Shutting down and abandoning module AIModule (124)
[2015.12.19-20.58.45:886][143]LogModuleManager: Shutting down and abandoning module ProfilerService (123)
[2015.12.19-20.58.46:005][143]LogModuleManager: Shutting down and abandoning module TaskGraph (122)
[2015.12.19-20.58.46:005][143]LogModuleManager: Shutting down and abandoning module SlateRemote (121)
[2015.12.19-20.58.46:005][143]LogModuleManager: Shutting down and abandoning module SteamVRController (120)
[2015.12.19-20.58.46:005][143]LogModuleManager: Shutting down and abandoning module SteamVR (119)
[2015.12.19-20.58.46:005][143]LogModuleManager: Shutting down and abandoning module ProceduralMeshComponent (118)
[2015.12.19-20.58.46:005][143]LogModuleManager: Shutting down and abandoning module OculusLibrary (117)
[2015.12.19-20.58.46:005][143]LogModuleManager: Shutting down and abandoning module OculusInput (116)
[2015.12.19-20.58.46:005][143]LogModuleManager: Shutting down and abandoning module LeapMotionController (115)
[2015.12.19-20.58.46:047][143]LogModuleManager: Shutting down and abandoning module CustomMeshComponent (114)
[2015.12.19-20.58.46:047][143]LogModuleManager: Shutting down and abandoning module CableComponent (113)
[2015.12.19-20.58.46:047][143]LogModuleManager: Shutting down and abandoning module ArchVisCharacter (112)
[2015.12.19-20.58.46:047][143]LogModuleManager: Shutting down and abandoning module MessagingDebugger (111)
[2015.12.19-20.58.46:047][143]LogModuleManager: Shutting down and abandoning module MediaPlayerEditor (110)
[2015.12.19-20.58.46:047][143]LogModuleManager: Shutting down and abandoning module HTML5Networking (109)
[2015.12.19-20.58.46:047][143]LogModuleManager: Shutting down and abandoning module SpeedTreeImporter (108)
[2015.12.19-20.58.46:047][143]LogModuleManager: Shutting down and abandoning module PluginBrowser (107)
[2015.12.19-20.58.46:048][143]LogModuleManager: Shutting down and abandoning module EpicSurvey (106)
[2015.12.19-20.58.46:048][143]LogModuleManager: Shutting down and abandoning module DesktopPlatform (105)
[2015.12.19-20.58.46:048][143]LogModuleManager: Shutting down and abandoning module VisualStudioSourceCodeAccess (104)
[2015.12.19-20.58.46:048][143]LogModuleManager: Shutting down and abandoning module UObjectPlugin (103)
[2015.12.19-20.58.46:048][143]LogModuleManager: Shutting down and abandoning module SubversionSourceControl (102)
[2015.12.19-20.58.46:048][143]LogModuleManager: Shutting down and abandoning module PerforceSourceControl (101)
[2015.12.19-20.58.46:048][143]LogModuleManager: Shutting down and abandoning module SourceControl (100)
[2015.12.19-20.58.46:048][143]LogModuleManager: Shutting down and abandoning module GitSourceControl (99)
[2015.12.19-20.58.46:048][143]LogModuleManager: Shutting down and abandoning module LightPropagationVolumeEditor (98)
[2015.12.19-20.58.46:048][143]LogModuleManager: Shutting down and abandoning module PaperTiledImporter (97)
[2015.12.19-20.58.46:048][143]LogModuleManager: Shutting down and abandoning module PaperSpriteSheetImporter (96)
[2015.12.19-20.58.46:048][143]LogModuleManager: Shutting down and abandoning module MeshPaint (95)
[2015.12.19-20.58.46:048][143]LogModuleManager: Shutting down and abandoning module SlateReflector (94)
[2015.12.19-20.58.46:048][143]LogModuleManager: Shutting down and abandoning module HotReload (93)
[2015.12.19-20.58.46:048][143]LogModuleManager: Shutting down and abandoning module MainFrame (92)
[2015.12.19-20.58.46:048][143]LogModuleManager: Shutting down and abandoning module LevelEditor (91)
[2015.12.19-20.58.46:049][143]LogModuleManager: Shutting down and abandoning module DirectoryWatcher (90)
[2015.12.19-20.58.46:050][143]LogModuleManager: Shutting down and abandoning module AssetRegistry (89)
[2015.12.19-20.58.46:199][143]LogModuleManager: Shutting down and abandoning module ContentBrowser (88)
[2015.12.19-20.58.46:200][143]LogModuleManager: Shutting down and abandoning module Paper2DEditor (87)
[2015.12.19-20.58.46:200][143]LogModuleManager: Shutting down and abandoning module UdpMessaging (86)
[2015.12.19-20.58.46:300][143]LogModuleManager: Shutting down and abandoning module LightPropagationVolumeRuntime (85)
[2015.12.19-20.58.46:300][143]LogModuleManager: Shutting down and abandoning module Paper2D (84)
[2015.12.19-20.58.46:300][143]LogModuleManager: Shutting down and abandoning module WindowsMoviePlayer (83)
[2015.12.19-20.58.46:303][143]LogModuleManager: Shutting down and abandoning module Media (82)
[2015.12.19-20.58.46:303][143]LogModuleManager: Shutting down and abandoning module WmfMedia (81)
[2015.12.19-20.58.46:303][143]LogModuleManager: Shutting down and abandoning module OnlineBlueprintSupport (80)
[2015.12.19-20.58.46:303][143]LogModuleManager: Shutting down and abandoning module GameplayTasksEditor (79)
[2015.12.19-20.58.46:303][143]LogModuleManager: Shutting down and abandoning module PropertyEditor (78)
[2015.12.19-20.58.46:303][143]LogModuleManager: Shutting down and abandoning module BehaviorTreeEditor (77)
[2015.12.19-20.58.46:303][143]LogModuleManager: Shutting down and abandoning module FunctionalTesting (76)
[2015.12.19-20.58.46:303][143]LogModuleManager: Shutting down and abandoning module CollisionAnalyzer (75)
[2015.12.19-20.58.46:303][143]LogModuleManager: Shutting down and abandoning module WorkspaceMenuStructure (74)
[2015.12.19-20.58.46:303][143]LogModuleManager: Shutting down and abandoning module MessageLog (73)
[2015.12.19-20.58.46:303][143]LogModuleManager: Shutting down and abandoning module Sequencer (72)
[2015.12.19-20.58.46:303][143]LogModuleManager: Shutting down and abandoning module AssetTools (71)
[2015.12.19-20.58.46:303][143]LogModuleManager: Shutting down and abandoning module UMGEditor (70)
[2015.12.19-20.58.46:303][143]LogModuleManager: Shutting down and abandoning module UMG (69)
[2015.12.19-20.58.46:304][143]LogModuleManager: Shutting down and abandoning module Slate (68)
[2015.12.19-20.58.46:304][143]LogModuleManager: Shutting down and abandoning module EditorStyle (67)
[2015.12.19-20.58.46:307][143]LogModuleManager: Shutting down and abandoning module SessionServices (66)
[2015.12.19-20.58.46:307][143]LogModuleManager: Shutting down and abandoning module SourceCodeAccess (65)
[2015.12.19-20.58.46:307][143]LogModuleManager: Shutting down and abandoning module HeadMountedDisplay (64)
[2015.12.19-20.58.46:307][143]LogModuleManager: Shutting down and abandoning module XAudio2 (63)
[2015.12.19-20.58.46:307][143]LogModuleManager: Shutting down and abandoning module Networking (61)
[2015.12.19-20.58.46:307][143]LogModuleManager: Shutting down and abandoning module Core (60)
[2015.12.19-20.58.46:307][143]LogModuleManager: Shutting down and abandoning module KismetCompiler (59)
[2015.12.19-20.58.46:307][143]LogModuleManager: Shutting down and abandoning module PhysXFormats (58)
[2015.12.19-20.58.46:307][143]LogModuleManager: Shutting down and abandoning module MeshUtilities (57)
[2015.12.19-20.58.46:307][143]LogModuleManager: Shutting down and abandoning module DerivedDataCache (56)
[2015.12.19-20.58.46:658][143]LogDerivedDataCache: Shutdown
[2015.12.19-20.58.46:658][143]LogModuleManager: Shutting down and abandoning module ShaderFormatOpenGL (55)
[2015.12.19-20.58.46:658][143]LogModuleManager: Shutting down and abandoning module ShaderFormatD3D (54)
[2015.12.19-20.58.46:658][143]LogModuleManager: Shutting down and abandoning module MetalShaderFormat (53)
[2015.12.19-20.58.46:658][143]LogModuleManager: Shutting down and abandoning module TextureFormatUncompressed (52)
[2015.12.19-20.58.46:658][143]LogModuleManager: Shutting down and abandoning module TextureFormatPVR (51)
[2015.12.19-20.58.46:658][143]LogModuleManager: Shutting down and abandoning module TextureFormatIntelISPCTexComp (50)
[2015.12.19-20.58.46:658][143]LogModuleManager: Shutting down and abandoning module TextureFormatDXT (49)
[2015.12.19-20.58.46:658][143]LogModuleManager: Shutting down and abandoning module ImageWrapper (48)
[2015.12.19-20.58.46:658][143]LogModuleManager: Shutting down and abandoning module TextureFormatASTC (47)
[2015.12.19-20.58.46:658][143]LogModuleManager: Shutting down and abandoning module TextureFormatAndroid (46)
[2015.12.19-20.58.46:658][143]LogModuleManager: Shutting down and abandoning module AudioFormatOpus (45)
[2015.12.19-20.58.46:658][143]LogModuleManager: Shutting down and abandoning module AudioFormatOgg (44)
[2015.12.19-20.58.46:658][143]LogModuleManager: Shutting down and abandoning module AudioFormatADPCM (43)
[2015.12.19-20.58.46:658][143]LogModuleManager: Shutting down and abandoning module LinuxTargetPlatform (42)
[2015.12.19-20.58.46:658][143]LogModuleManager: Shutting down and abandoning module LinuxServerTargetPlatform (41)
[2015.12.19-20.58.46:658][143]LogModuleManager: Shutting down and abandoning module LinuxNoEditorTargetPlatform (40)
[2015.12.19-20.58.46:658][143]LogModuleManager: Shutting down and abandoning module Messaging (39)
[2015.12.19-20.58.46:658][143]LogModuleManager: Shutting down and abandoning module IOSTargetPlatform (38)
[2015.12.19-20.58.46:658][143]LogModuleManager: Shutting down and abandoning module HTML5TargetPlatform (37)
[2015.12.19-20.58.46:658][143]LogModuleManager: Shutting down and abandoning module Android_PVRTCTargetPlatform (36)
[2015.12.19-20.58.46:658][143]LogModuleManager: Shutting down and abandoning module Android_MultiTargetPlatform (35)
[2015.12.19-20.58.46:658][143]LogModuleManager: Shutting down and abandoning module Android_ETC2TargetPlatform (34)
[2015.12.19-20.58.46:658][143]LogModuleManager: Shutting down and abandoning module Android_ETC1TargetPlatform (33)
[2015.12.19-20.58.46:658][143]LogModuleManager: Shutting down and abandoning module Android_DXTTargetPlatform (32)
[2015.12.19-20.58.46:658][143]LogModuleManager: Shutting down and abandoning module Android_ATCTargetPlatform (31)
[2015.12.19-20.58.46:658][143]LogModuleManager: Shutting down and abandoning module Android_ASTCTargetPlatform (30)
[2015.12.19-20.58.46:658][143]LogModuleManager: Shutting down and abandoning module AndroidTargetPlatform (29)
[2015.12.19-20.58.46:658][143]LogModuleManager: Shutting down and abandoning module WindowsTargetPlatform (28)
[2015.12.19-20.58.46:658][143]LogModuleManager: Shutting down and abandoning module WindowsServerTargetPlatform (27)
[2015.12.19-20.58.46:658][143]LogModuleManager: Shutting down and abandoning module WindowsNoEditorTargetPlatform (26)
[2015.12.19-20.58.46:659][143]LogModuleManager: Shutting down and abandoning module WindowsClientTargetPlatform (25)
[2015.12.19-20.58.46:659][143]LogModuleManager: Shutting down and abandoning module AllDesktopTargetPlatform (24)
[2015.12.19-20.58.46:659][143]LogModuleManager: Shutting down and abandoning module TargetPlatform (23)
[2015.12.19-20.58.46:659][143]LogModuleManager: Shutting down and abandoning module InputCore (22)
[2015.12.19-20.58.46:659][143]LogModuleManager: Shutting down and abandoning module Settings (21)
[2015.12.19-20.58.46:659][143]LogModuleManager: Shutting down and abandoning module OnlineSubsystem (19)
[2015.12.19-20.58.46:659][143]LogModuleManager: Shutting down and abandoning module HTTP (18)
[2015.12.19-20.58.47:661][143]LogModuleManager: Shutting down and abandoning module XMPP (17)
[2015.12.19-20.58.47:661][143]LogModuleManager: Shutting down and abandoning module OculusRift (16)
[2015.12.19-20.58.47:661][143]LogModuleManager: Shutting down and abandoning module ExampleDeviceProfileSelector (15)
[2015.12.19-20.58.47:661][143]LogModuleManager: Shutting down and abandoning module TextureCompressor (14)
[2015.12.19-20.58.47:661][143]LogModuleManager: Shutting down and abandoning module ShaderCore (13)
[2015.12.19-20.58.47:661][143]LogModuleManager: Shutting down and abandoning module Landscape (12)
[2015.12.19-20.58.47:661][143]LogModuleManager: Shutting down and abandoning module SlateRHIRenderer (11)
[2015.12.19-20.58.47:663][143]LogModuleManager: Shutting down and abandoning module OpenGLDrv (10)
[2015.12.19-20.58.47:663][143]LogModuleManager: Shutting down and abandoning module D3D11RHI (9)
[2015.12.19-20.58.47:663][143]LogModuleManager: Shutting down and abandoning module AnimGraphRuntime (8)
[2015.12.19-20.58.47:663][143]LogModuleManager: Shutting down and abandoning module Renderer (7)
[2015.12.19-20.58.47:663][143]LogModuleManager: Shutting down and abandoning module Engine (6)
[2015.12.19-20.58.47:663][143]LogModuleManager: Shutting down and abandoning module CoreUObject (5)
[2015.12.19-20.58.47:663][143]LogModuleManager: Shutting down and abandoning module NetworkFile (4)
[2015.12.19-20.58.47:663][143]LogModuleManager: Shutting down and abandoning module StreamingFile (3)
[2015.12.19-20.58.47:663][143]LogModuleManager: Shutting down and abandoning module SandboxFile (2)
[2015.12.19-20.58.47:663][143]LogModuleManager: Shutting down and abandoning module PakFile (1)
[2015.12.19-20.58.47:664][143]LogExit: Exiting.
[2015.12.19-20.58.47:666][143]Log file closed, 12/19/15 14:58:47
