[2015.09.20-22.20.27:723][  0]Log file open, 09/20/15 17:20:27
[2015.09.20-22.20.27:723][  0]LogInit:Display: Running engine for game: Daedalus
[2015.09.20-22.20.27:723][  0]LogInit:Display: RandInit(-2087766426) SRandInit(-2087766425).
[2015.09.20-22.20.27:723][  0]LogTaskGraph: Started task graph with 4 named threads and 5 total threads.
[2015.09.20-22.20.27:723][  0]LogStats: Stats thread started at 0.090554
[2015.09.20-22.20.27:723][  0]LogInit: Version: 4.9.1-2689999+++depot+UE4-Releases+4.9
[2015.09.20-22.20.27:723][  0]LogInit: API Version: 2672455
[2015.09.20-22.20.27:723][  0]LogInit: Compiled (64-bit): Sep 14 2015 04:12:03
[2015.09.20-22.20.27:723][  0]LogInit: Compiled with Visual C++: 18.00.21005.01
[2015.09.20-22.20.27:723][  0]LogInit: Build Configuration: Development
[2015.09.20-22.20.27:723][  0]LogInit: Branch Name: ++depot+UE4-Releases+4.9
[2015.09.20-22.20.27:723][  0]LogInit: Command line:  
[2015.09.20-22.20.27:723][  0]LogInit: Base directory: C:/Program Files/Epic Games/4.9/Engine/Binaries/Win64/
[2015.09.20-22.20.27:723][  0]LogInit: Rocket: 1
[2015.09.20-22.20.27:744][  0]LogInit: Using libcurl 7.41.0
[2015.09.20-22.20.27:744][  0]LogInit:  - built for x86_64-pc-win32
[2015.09.20-22.20.27:744][  0]LogInit:  - supports SSL with WinSSL
[2015.09.20-22.20.27:744][  0]LogInit:  - other features:
[2015.09.20-22.20.27:744][  0]LogInit:      CURL_VERSION_SSL
[2015.09.20-22.20.27:744][  0]LogInit:      CURL_VERSION_IPV6
[2015.09.20-22.20.27:744][  0]LogInit:      CURL_VERSION_ASYNCHDNS
[2015.09.20-22.20.27:744][  0]LogInit:      CURL_VERSION_LARGEFILE
[2015.09.20-22.20.27:744][  0]LogInit:      CURL_VERSION_IDN
[2015.09.20-22.20.27:744][  0]LogInit:  CurlRequestOptions (configurable via config and command line):
[2015.09.20-22.20.27:744][  0]LogInit:  - bVerifyPeer = true  - Libcurl will verify peer certificate
[2015.09.20-22.20.27:744][  0]LogInit:  - bUseHttpProxy = false  - Libcurl will NOT use HTTP proxy
[2015.09.20-22.20.27:744][  0]LogInit:  - bDontReuseConnections = false  - Libcurl will reuse connections
[2015.09.20-22.20.27:744][  0]LogInit:  - CertBundlePath = nullptr  - Libcurl will use whatever was configured at build time.
[2015.09.20-22.20.27:763][  0]LogInit: Presizing for 0 objects not considered by GC, pre-allocating 0 bytes.
[2015.09.20-22.20.27:779][  0]LogInit: Object subsystem initialized
[2015.09.20-22.20.27:782][  0]LogInit: Selected Device Profile: [Windows]
[2015.09.20-22.20.27:782][  0]LogInit: Applying CVar settings loaded from the selected device profile: [Windows]
[2015.09.20-22.20.27:797][  0]LogInit: Computer: WANI
[2015.09.20-22.20.27:797][  0]LogInit: User: K
[2015.09.20-22.20.27:797][  0]LogInit: CPU Page size=4096, Cores=2
[2015.09.20-22.20.27:797][  0]LogInit: High frequency timer resolution =2.338443 MHz
[2015.09.20-22.20.27:797][  0]LogMemory: Memory total: Physical=7.6GB (8GB approx)
[2015.09.20-22.20.27:797][  0]LogMemory: Platform Memory Stats for Windows
[2015.09.20-22.20.27:797][  0]LogMemory: Process Physical Memory: 54.68 MB used, 54.68 MB peak
[2015.09.20-22.20.27:797][  0]LogMemory: Process Virtual Memory: 55.24 MB used, 55.24 MB peak
[2015.09.20-22.20.27:797][  0]LogMemory: Physical Memory: 3826.07 MB used, 7813.53 MB total
[2015.09.20-22.20.27:797][  0]LogMemory: Virtual Memory: 363.61 MB used, 134217728.00 MB total
[2015.09.20-22.20.27:845][  0]LogTextLocalizationManager: No specific translations for ('en-US') exist, so ('en') translations will be used.
[2015.09.20-22.20.28:876][  0]LogD3D11RHI: Found D3D11 adapter 0: Intel(R) HD Graphics 4000 (Feature Level 11_0)
[2015.09.20-22.20.28:876][  0]LogD3D11RHI: Adapter has 32MB of dedicated video memory, 0MB of dedicated system memory, and 1760MB of shared system memory, 1 output[s]
[2015.09.20-22.20.28:877][  0]LogD3D11RHI: Found D3D11 adapter 1: Microsoft Basic Render Driver (Feature Level 11_0)
[2015.09.20-22.20.28:877][  0]LogD3D11RHI: Adapter has 0MB of dedicated video memory, 0MB of dedicated system memory, and 3906MB of shared system memory, 0 output[s]
[2015.09.20-22.20.28:877][  0]LogD3D11RHI: Chosen D3D11 Adapter Id = 0
[2015.09.20-22.20.28:886][  0]LogD3D11RHI: !Direct3DDevice
[2015.09.20-22.20.28:887][  0]LogRHI: Texture pool is 638 MB (70% of 912 MB)
[2015.09.20-22.20.28:890][  0]LogD3D11RHI: Async texture creation enabled
[2015.09.20-22.20.28:894][  0]LogShaderCompilers: Guid format shader working directory is 14 characters bigger than the processId version (../../../../../../Users/K/Desktop/Daedalus/Labyrinth/Intermediate/Shaders/WorkingDirectory/30296/).
[2015.09.20-22.20.28:894][  0]LogShaderCompilers: Cleaned the shader compiler working directory '../../../../../../Users/K/Desktop/Daedalus/Labyrinth/Intermediate/Shaders/tmp/42B3ED144DD39EC734D413962B851EC8/'.
[2015.09.20-22.20.28:894][  0]LogShaderCompilers:Display: Using Local Shader Compiler.
[2015.09.20-22.20.30:340][  0]LogTemp:Display: Loaded TP AllDesktopTargetPlatform
[2015.09.20-22.20.30:347][  0]LogTemp:Display: Loaded TP WindowsClientTargetPlatform
[2015.09.20-22.20.30:355][  0]LogTemp:Display: Loaded TP WindowsNoEditorTargetPlatform
[2015.09.20-22.20.30:363][  0]LogTemp:Display: Loaded TP WindowsServerTargetPlatform
[2015.09.20-22.20.30:370][  0]LogTemp:Display: Loaded TP WindowsTargetPlatform
[2015.09.20-22.20.30:374][  0]LogTemp:Display: Loaded TP AndroidTargetPlatform
[2015.09.20-22.20.30:378][  0]LogTemp:Display: Loaded TP Android_ASTCTargetPlatform
[2015.09.20-22.20.30:383][  0]LogTemp:Display: Loaded TP Android_ATCTargetPlatform
[2015.09.20-22.20.30:387][  0]LogTemp:Display: Loaded TP Android_DXTTargetPlatform
[2015.09.20-22.20.30:392][  0]LogTemp:Display: Loaded TP Android_ETC1TargetPlatform
[2015.09.20-22.20.30:397][  0]LogTemp:Display: Loaded TP Android_ETC2TargetPlatform
[2015.09.20-22.20.30:401][  0]LogTemp:Display: Loaded TP Android_PVRTCTargetPlatform
[2015.09.20-22.20.30:402][  0]LogTemp:Display: Loaded TP HTML5TargetPlatform
[2015.09.20-22.20.30:422][  0]LogTemp:Display: Loaded TP IOSTargetPlatform
[2015.09.20-22.20.30:426][  0]LogTemp:Display: Loaded TP LinuxNoEditorTargetPlatform
[2015.09.20-22.20.30:430][  0]LogTemp:Display: Loaded TP LinuxServerTargetPlatform
[2015.09.20-22.20.30:435][  0]LogTemp:Display: Loaded TP LinuxTargetPlatform
[2015.09.20-22.20.30:435][  0]LogTargetPlatformManager:Display: Building Assets For Windows
[2015.09.20-22.20.30:550][  0]LogDerivedDataCache:Display: Max Cache Size: 512 MB
[2015.09.20-22.20.30:609][  0]LogDerivedDataCache: Loaded boot cache 0.06s 41MB C:/Users/K/AppData/Local/UnrealEngine/4.9/DerivedDataCache/Boot.ddc.
[2015.09.20-22.20.30:609][  0]LogDerivedDataCache:Display: Loaded Boot cache: C:/Users/K/AppData/Local/UnrealEngine/4.9/DerivedDataCache/Boot.ddc
[2015.09.20-22.20.30:609][  0]LogDerivedDataCache: FDerivedDataBackendGraph:  Pak pak cache file ../../../../../../Users/K/Desktop/Daedalus/Labyrinth/DerivedDataCache/DDC.ddp not found, will not use a pak cache.
[2015.09.20-22.20.30:609][  0]LogDerivedDataCache: Unable to find inner node Pak for hierarchical cache Hierarchy.
[2015.09.20-22.20.30:609][  0]LogDerivedDataCache: FDerivedDataBackendGraph:  CompressedPak pak cache file ../../../../../../Users/K/Desktop/Daedalus/Labyrinth/DerivedDataCache/Compressed.ddp not found, will not use a pak cache.
[2015.09.20-22.20.30:609][  0]LogDerivedDataCache: Unable to find inner node CompressedPak for hierarchical cache Hierarchy.
[2015.09.20-22.20.30:807][  0]LogDerivedDataCache:Display: Pak cache opened for reading ../../../Engine/DerivedDataCache/Compressed.ddp.
[2015.09.20-22.20.30:819][  0]LogDerivedDataCache: Using Local data cache path C:/Users/K/AppData/Local/UnrealEngine/Common/DerivedDataCache: Writable
[2015.09.20-22.20.31:101][  0]LogInit: Selected Device Profile: [Windows]
[2015.09.20-22.20.31:105][  0]LogContentStreaming: Texture pool size is 0.000000MB
[2015.09.20-22.20.31:262][  0]LogMeshUtilities: No automatic mesh reduction module available
[2015.09.20-22.20.31:262][  0]LogMeshUtilities: No automatic mesh merging module available
[2015.09.20-22.20.31:604][  0]LogInit: WinSock: version 1.1 (2.2), MaxSocks=32767, MaxUdp=65467
[2015.09.20-22.20.32:541][  0]LogAssetRegistry: FAssetRegistry took 0.0110 seconds to start up
[2015.09.20-22.20.32:564][  0]UdpMessaging: Initializing bridge on interface 0.0.0.0:0 to multicast group 230.0.0.1:6666.
[2015.09.20-22.20.32:924][  0]SourceControl: Info Source control is disabled
[2015.09.20-22.20.32:937][  0]SourceControl: Info Source control is disabled
[2015.09.20-22.20.32:954][  0]SourceControl: Info Source control is disabled
[2015.09.20-22.20.32:970][  0]SourceControl: Info Source control is disabled
[2015.09.20-22.20.33:168][  0]LogLinker:Warning: Asset '../../../Engine/Plugins/Runtime/LeapMotionController/Content/LM_PassthroughMaterial.uasset' has been saved with empty engine version. The asset will be loaded but may be incompatible.
[2015.09.20-22.20.33:296][  0]LogObj: 28528 objects as part of root set at end of initial load.
[2015.09.20-22.20.33:296][  0]LogUObjectAllocator: 6068456 out of 0 bytes used by permanent object pool.
[2015.09.20-22.20.33:369][  0]LogEngine: Initializing Engine...
[2015.09.20-22.20.33:373][  0]LogHMD: Can't find Oculus library dev build: is proper Runtime installed? Version: 0.7.0.0
[2015.09.20-22.20.33:373][  0]LogHMD: SteamVR failed to initialize.  Err: 110
[2015.09.20-22.20.33:535][  0]LogAIModule: Creating AISystem for world NewWorld
[2015.09.20-22.20.33:539][  0]LogInit: XAudio2 using 'Speakers (Realtek High Definition Audio)' : 2 channels at 48 kHz using 32 bits per sample (channel mask 0x3)
[2015.09.20-22.20.33:813][  0]LogInit: FAudioDevice initialized.
[2015.09.20-22.20.33:840][  0]LogDerivedDataCache: Saved boot cache 0.03s 41MB C:/Users/K/AppData/Local/UnrealEngine/4.9/DerivedDataCache/Boot.ddc.
[2015.09.20-22.20.33:845][  0]LogInit: Texture streaming: Enabled
[2015.09.20-22.20.33:853][  0]LogAnalytics: Creating configured Analytics provider AnalyticsET
[2015.09.20-22.20.33:853][  0]LogAnalytics: [UEEditor.Rocket.Release] APIServer = http://et2.epicgames.com/ET2/. AppVersion = 4.9.1-2689999+++depot+UE4-Releases+4.9
[2015.09.20-22.20.33:853][  0]LogAnalytics: [UEEditor.Rocket.Release] SetUserId 9725863445f283451391ee9307d07a37|d69e99ce7d8a43a9a925913f345bcf00|1242505c-bb25-4a12-b2e6-5931f3c4781d
[2015.09.20-22.20.33:853][  0]LogAnalytics: [UEEditor.Rocket.Release] AnalyticsET::StartSession
[2015.09.20-22.20.33:905][  0]LogInit: Transaction tracking system initialized
[2015.09.20-22.20.33:963][  0]BlueprintLog: New page: Editor Load
[2015.09.20-22.20.34:106][  0]LocalizationService: Info Localization service is disabled
[2015.09.20-22.20.34:232][  0]LogConsoleResponse:Display: 
[2015.09.20-22.20.34:450][  0]LogCook:Display: Done creating registry. It took  0.00s.
[2015.09.20-22.20.34:558][  0]LogFileCache: Scanning file cache for directory 'C:/Users/K/Desktop/Daedalus/Labyrinth/Content/' took 0.02s
[2015.09.20-22.20.34:558][  0]SourceControl: Info Source control is disabled
[2015.09.20-22.20.34:558][  0]Cmd: MAP LOAD FILE="../../../../../../Users/K/Desktop/Daedalus/Labyrinth/Content/FirstPersonBP/Maps/FirstPersonExampleMap.umap" TEMPLATE=0 SHOWPROGRESS=1 FEATURELEVEL=3
[2015.09.20-22.20.34:559][  0]LightingResults: New page: Lighting Build
[2015.09.20-22.20.34:566][  0]MapCheck: New page: Map Check
[2015.09.20-22.20.34:566][  0]LightingResults: New page: Lighting Build
[2015.09.20-22.20.34:601][  0]LogParticles: Destroying 0 GPU particle simulations for FXSystem 0x000000B7095EBCE0
[2015.09.20-22.20.35:893][  0]LogAIModule: Creating AISystem for world FirstPersonExampleMap
[2015.09.20-22.20.35:901][  0]LogEditorServer: Finished looking for orphan Actors (0.000 secs)
[2015.09.20-22.20.35:901][  0]Cmd: MAP CHECKDEP NOCLEARLOG
[2015.09.20-22.20.35:976][  0]MapCheck: Info Map check complete: 0 Error(s), 0 Warning(s), took 74.751ms to complete.
[2015.09.20-22.20.35:976][  0]LogFileHelpers: Loading map 'FirstPersonExampleMap' took 1.418
[2015.09.20-22.20.36:066][  0]LogCollectionManager: Loaded 0 collections in 0.004362 seconds
[2015.09.20-22.20.36:146][  0]LogFileCache: Scanning file cache for directory 'C:/Users/K/Desktop/Daedalus/Labyrinth/Saved/Collections/' took 0.04s
[2015.09.20-22.20.36:146][  0]LogFileCache: Scanning file cache for directory 'C:/Users/K/Desktop/Daedalus/Labyrinth/Content/Developers/K/Collections/' took 0.01s
[2015.09.20-22.20.36:146][  0]LogFileCache: Scanning file cache for directory 'C:/Users/K/Desktop/Daedalus/Labyrinth/Content/Collections/' took 0.01s
[2015.09.20-22.20.36:146][  0]LogContentBrowser: Native class hierarchy populated in 0.0155 seconds. Added 1882 classes and 339 folders.
[2015.09.20-22.20.36:154][  0]LogCollectionManager: Rebuilt the GUID cache for 0 collections in 0.000004 seconds
[2015.09.20-22.20.36:168][  0]LogContentBrowser: Native class hierarchy updated for 'WidgetCarousel' in 0.0006 seconds. Added 0 classes and 0 folders.
[2015.09.20-22.20.36:237][  0]LogContentBrowser: Native class hierarchy updated for 'AddContentDialog' in 0.0006 seconds. Added 0 classes and 0 folders.
[2015.09.20-22.20.36:310][  0]LogContentBrowser: Native class hierarchy updated for 'SceneOutliner' in 0.0006 seconds. Added 1 classes and 2 folders.
[2015.09.20-22.20.36:425][  0]LogCrashTracker: Crashtracker disabled due to settings.
[2015.09.20-22.20.36:432][  0]LogUObjectGlobals:Warning: Failed to find object 'Class None.'
[2015.09.20-22.20.36:459][  0]LogLoad: Full Startup: 9.52 seconds (BP compile: 0.32 seconds)
[2015.09.20-22.20.36:582][  0]LogContentStreaming: Texture pool size now 200 MB
[2015.09.20-22.20.36:821][  1]LogRenderer: Reallocating scene render targets to support 788x644 (Frame:2).
[2015.09.20-22.20.38:177][  6]LogAssetRegistry: Asset discovery search completed in 5.6466 seconds
[2015.09.20-22.20.38:177][  6]LogCollectionManager: Rebuilt the object cache for 0 collections in 0.000001 seconds (found 0 objects)
[2015.09.20-22.20.38:177][  6]LogCollectionManager: Fixed up redirectors for 0 collections in 0.000053 seconds (updated 0 objects)
[2015.09.20-22.21.17:701][ 74]LogBlueprintUserMessages: Early PlayInEditor Detection: Level '/Game/FirstPersonBP/Maps/FirstPersonExampleMap.FirstPersonExampleMap:PersistentLevel' has LevelScriptBlueprint '/Game/FirstPersonBP/Maps/FirstPersonExampleMap.FirstPersonExampleMap:PersistentLevel.FirstPersonExampleMap' with GeneratedClass '/Game/FirstPersonBP/Maps/FirstPersonExampleMap.FirstPersonExampleMap_C' with ClassGeneratedBy '/Game/FirstPersonBP/Maps/FirstPersonExampleMap.FirstPersonExampleMap:PersistentLevel.FirstPersonExampleMap'
[2015.09.20-22.21.17:701][ 74]LogPlayLevel: PlayLevel: No blueprints needed recompiling
[2015.09.20-22.21.17:702][ 74]PIE: New page: PIE session: FirstPersonExampleMap (Sep 20, 2015, 12:21:17 PM)
[2015.09.20-22.21.17:702][ 74]LogPlayLevel: Creating play world package: /Game/FirstPersonBP/Maps/UEDPIE_0_FirstPersonExampleMap
[2015.09.20-22.21.17:751][ 74]LogPlayLevel: PIE: StaticDuplicateObject took: (0.047778s)
[2015.09.20-22.21.17:753][ 74]LogAIModule: Creating AISystem for world FirstPersonExampleMap
[2015.09.20-22.21.17:753][ 74]LogPlayLevel: PIE: World Init took: (0.002028s)
[2015.09.20-22.21.17:754][ 74]LogPlayLevel: PIE: Created PIE world by copying editor world from /Game/FirstPersonBP/Maps/FirstPersonExampleMap.FirstPersonExampleMap to /Game/FirstPersonBP/Maps/UEDPIE_0_FirstPersonExampleMap.FirstPersonExampleMap (0.050796s)
[2015.09.20-22.21.17:830][ 74]LogInit: XAudio2 using 'Speakers (Realtek High Definition Audio)' : 2 channels at 48 kHz using 32 bits per sample (channel mask 0x3)
[2015.09.20-22.21.17:840][ 74]LogInit: FAudioDevice initialized.
[2015.09.20-22.21.17:894][ 74]LogWorld: Game class is 'GameMode'
[2015.09.20-22.21.17:900][ 74]LogWorld: Bringing World /Game/FirstPersonBP/Maps/UEDPIE_0_FirstPersonExampleMap.FirstPersonExampleMap up for play (max tick rate 60) at 2015.09.20-17.21.17
[2015.09.20-22.21.17:900][ 74]LogActor:Warning: GameSession /Game/FirstPersonBP/Maps/UEDPIE_0_FirstPersonExampleMap.FirstPersonExampleMap:PersistentLevel.GameSession_0 has natively added scene component(s), but none of them were set as the actor's RootComponent - picking one arbitrarily
[2015.09.20-22.21.17:900][ 74]LogActor:Warning: GameNetworkManager /Game/FirstPersonBP/Maps/UEDPIE_0_FirstPersonExampleMap.FirstPersonExampleMap:PersistentLevel.GameNetworkManager_0 has natively added scene component(s), but none of them were set as the actor's RootComponent - picking one arbitrarily
[2015.09.20-22.21.17:901][ 74]LogWorld: Bringing up level for play took: 0.005542
[2015.09.20-22.21.19:091][ 74]PIE: Info Play in editor start time for /Game/FirstPersonBP/Maps/UEDPIE_0_FirstPersonExampleMap 1.027
[2015.09.20-22.21.19:091][ 74]LogBlueprintUserMessages: Late PlayInEditor Detection: Level '/Game/FirstPersonBP/Maps/FirstPersonExampleMap.FirstPersonExampleMap:PersistentLevel' has LevelScriptBlueprint '/Game/FirstPersonBP/Maps/FirstPersonExampleMap.FirstPersonExampleMap:PersistentLevel.FirstPersonExampleMap' with GeneratedClass '/Game/FirstPersonBP/Maps/FirstPersonExampleMap.FirstPersonExampleMap_C' with ClassGeneratedBy '/Game/FirstPersonBP/Maps/FirstPersonExampleMap.FirstPersonExampleMap:PersistentLevel.FirstPersonExampleMap'
[2015.09.20-22.21.19:206][ 75]LogRenderer: Reallocating scene render targets to support 1280x720 (Frame:1035).
[2015.09.20-22.23.05:931][480]LogBlueprintUserMessages: Early EndPlayMap Detection: Level '/Game/FirstPersonBP/Maps/FirstPersonExampleMap.FirstPersonExampleMap:PersistentLevel' has LevelScriptBlueprint '/Game/FirstPersonBP/Maps/FirstPersonExampleMap.FirstPersonExampleMap:PersistentLevel.FirstPersonExampleMap' with GeneratedClass '/Game/FirstPersonBP/Maps/FirstPersonExampleMap.FirstPersonExampleMap_C' with ClassGeneratedBy '/Game/FirstPersonBP/Maps/FirstPersonExampleMap.FirstPersonExampleMap:PersistentLevel.FirstPersonExampleMap'
[2015.09.20-22.23.06:126][480]LogBlueprintUserMessages: Late EndPlayMap Detection: Level '/Game/FirstPersonBP/Maps/FirstPersonExampleMap.FirstPersonExampleMap:PersistentLevel' has LevelScriptBlueprint '/Game/FirstPersonBP/Maps/FirstPersonExampleMap.FirstPersonExampleMap:PersistentLevel.FirstPersonExampleMap' with GeneratedClass '/Game/FirstPersonBP/Maps/FirstPersonExampleMap.FirstPersonExampleMap_C' with ClassGeneratedBy '/Game/FirstPersonBP/Maps/FirstPersonExampleMap.FirstPersonExampleMap:PersistentLevel.FirstPersonExampleMap'
[2015.09.20-22.23.06:261][480]LogParticles: Destroying 0 GPU particle simulations for FXSystem 0x000000B76AC004A0
[2015.09.20-22.23.12:858][630]LogBlueprintUserMessages: Early PlayInEditor Detection: Level '/Game/FirstPersonBP/Maps/FirstPersonExampleMap.FirstPersonExampleMap:PersistentLevel' has LevelScriptBlueprint '/Game/FirstPersonBP/Maps/FirstPersonExampleMap.FirstPersonExampleMap:PersistentLevel.FirstPersonExampleMap' with GeneratedClass '/Game/FirstPersonBP/Maps/FirstPersonExampleMap.FirstPersonExampleMap_C' with ClassGeneratedBy '/Game/FirstPersonBP/Maps/FirstPersonExampleMap.FirstPersonExampleMap:PersistentLevel.FirstPersonExampleMap'
[2015.09.20-22.23.12:858][630]LogPlayLevel: PlayLevel: No blueprints needed recompiling
[2015.09.20-22.23.12:858][630]PIE: New page: PIE session: FirstPersonExampleMap (Sep 20, 2015, 12:23:12 PM)
[2015.09.20-22.23.12:858][630]LogPlayLevel: Creating play world package: /Game/FirstPersonBP/Maps/UEDPIE_0_FirstPersonExampleMap
[2015.09.20-22.23.12:901][630]LogPlayLevel: PIE: StaticDuplicateObject took: (0.042241s)
[2015.09.20-22.23.12:902][630]LogAIModule: Creating AISystem for world FirstPersonExampleMap
[2015.09.20-22.23.12:902][630]LogPlayLevel: PIE: World Init took: (0.001368s)
[2015.09.20-22.23.12:902][630]LogPlayLevel: PIE: Created PIE world by copying editor world from /Game/FirstPersonBP/Maps/FirstPersonExampleMap.FirstPersonExampleMap to /Game/FirstPersonBP/Maps/UEDPIE_0_FirstPersonExampleMap.FirstPersonExampleMap (0.043987s)
[2015.09.20-22.23.12:951][630]LogInit: XAudio2 using 'Speakers (Realtek High Definition Audio)' : 2 channels at 48 kHz using 32 bits per sample (channel mask 0x3)
[2015.09.20-22.23.12:960][630]LogInit: FAudioDevice initialized.
[2015.09.20-22.23.13:006][630]LogWorld: Game class is 'GameMode'
[2015.09.20-22.23.13:012][630]LogWorld: Bringing World /Game/FirstPersonBP/Maps/UEDPIE_0_FirstPersonExampleMap.FirstPersonExampleMap up for play (max tick rate 60) at 2015.09.20-17.23.13
[2015.09.20-22.23.13:012][630]LogActor:Warning: GameSession /Game/FirstPersonBP/Maps/UEDPIE_0_FirstPersonExampleMap.FirstPersonExampleMap:PersistentLevel.GameSession_1 has natively added scene component(s), but none of them were set as the actor's RootComponent - picking one arbitrarily
[2015.09.20-22.23.13:013][630]LogActor:Warning: GameNetworkManager /Game/FirstPersonBP/Maps/UEDPIE_0_FirstPersonExampleMap.FirstPersonExampleMap:PersistentLevel.GameNetworkManager_1 has natively added scene component(s), but none of them were set as the actor's RootComponent - picking one arbitrarily
[2015.09.20-22.23.13:013][630]LogWorld: Bringing up level for play took: 0.006323
[2015.09.20-22.23.13:544][630]PIE: Info Play in editor start time for /Game/FirstPersonBP/Maps/UEDPIE_0_FirstPersonExampleMap 1.479
[2015.09.20-22.23.13:544][630]LogBlueprintUserMessages: Late PlayInEditor Detection: Level '/Game/FirstPersonBP/Maps/FirstPersonExampleMap.FirstPersonExampleMap:PersistentLevel' has LevelScriptBlueprint '/Game/FirstPersonBP/Maps/FirstPersonExampleMap.FirstPersonExampleMap:PersistentLevel.FirstPersonExampleMap' with GeneratedClass '/Game/FirstPersonBP/Maps/FirstPersonExampleMap.FirstPersonExampleMap_C' with ClassGeneratedBy '/Game/FirstPersonBP/Maps/FirstPersonExampleMap.FirstPersonExampleMap:PersistentLevel.FirstPersonExampleMap'
[2015.09.20-22.24.33:511][544]LogBlueprintUserMessages: Early EndPlayMap Detection: Level '/Game/FirstPersonBP/Maps/FirstPersonExampleMap.FirstPersonExampleMap:PersistentLevel' has LevelScriptBlueprint '/Game/FirstPersonBP/Maps/FirstPersonExampleMap.FirstPersonExampleMap:PersistentLevel.FirstPersonExampleMap' with GeneratedClass '/Game/FirstPersonBP/Maps/FirstPersonExampleMap.FirstPersonExampleMap_C' with ClassGeneratedBy '/Game/FirstPersonBP/Maps/FirstPersonExampleMap.FirstPersonExampleMap:PersistentLevel.FirstPersonExampleMap'
[2015.09.20-22.24.33:686][544]LogBlueprintUserMessages: Late EndPlayMap Detection: Level '/Game/FirstPersonBP/Maps/FirstPersonExampleMap.FirstPersonExampleMap:PersistentLevel' has LevelScriptBlueprint '/Game/FirstPersonBP/Maps/FirstPersonExampleMap.FirstPersonExampleMap:PersistentLevel.FirstPersonExampleMap' with GeneratedClass '/Game/FirstPersonBP/Maps/FirstPersonExampleMap.FirstPersonExampleMap_C' with ClassGeneratedBy '/Game/FirstPersonBP/Maps/FirstPersonExampleMap.FirstPersonExampleMap:PersistentLevel.FirstPersonExampleMap'
[2015.09.20-22.24.33:824][545]LogParticles: Destroying 0 GPU particle simulations for FXSystem 0x000000B778282C00
[2015.09.20-22.24.49:131][895]LogBlueprintUserMessages: Early PlayInEditor Detection: Level '/Game/FirstPersonBP/Maps/FirstPersonExampleMap.FirstPersonExampleMap:PersistentLevel' has LevelScriptBlueprint '/Game/FirstPersonBP/Maps/FirstPersonExampleMap.FirstPersonExampleMap:PersistentLevel.FirstPersonExampleMap' with GeneratedClass '/Game/FirstPersonBP/Maps/FirstPersonExampleMap.FirstPersonExampleMap_C' with ClassGeneratedBy '/Game/FirstPersonBP/Maps/FirstPersonExampleMap.FirstPersonExampleMap:PersistentLevel.FirstPersonExampleMap'
[2015.09.20-22.24.49:131][895]LogPlayLevel: PlayLevel: No blueprints needed recompiling
[2015.09.20-22.24.49:131][895]PIE: New page: PIE session: FirstPersonExampleMap (Sep 20, 2015, 12:24:49 PM)
[2015.09.20-22.24.49:131][895]LogPlayLevel: Creating play world package: /Game/FirstPersonBP/Maps/UEDPIE_0_FirstPersonExampleMap
[2015.09.20-22.24.49:167][895]LogPlayLevel: PIE: StaticDuplicateObject took: (0.035317s)
[2015.09.20-22.24.49:169][895]LogAIModule: Creating AISystem for world FirstPersonExampleMap
[2015.09.20-22.24.49:169][895]LogPlayLevel: PIE: World Init took: (0.002399s)
[2015.09.20-22.24.49:169][895]LogPlayLevel: PIE: Created PIE world by copying editor world from /Game/FirstPersonBP/Maps/FirstPersonExampleMap.FirstPersonExampleMap to /Game/FirstPersonBP/Maps/UEDPIE_0_FirstPersonExampleMap.FirstPersonExampleMap (0.038140s)
[2015.09.20-22.24.49:225][895]LogInit: XAudio2 using 'Speakers (Realtek High Definition Audio)' : 2 channels at 48 kHz using 32 bits per sample (channel mask 0x3)
[2015.09.20-22.24.49:236][895]LogInit: FAudioDevice initialized.
[2015.09.20-22.24.49:277][895]LogWorld: Game class is 'GameMode'
[2015.09.20-22.24.49:281][895]LogWorld: Bringing World /Game/FirstPersonBP/Maps/UEDPIE_0_FirstPersonExampleMap.FirstPersonExampleMap up for play (max tick rate 60) at 2015.09.20-17.24.49
[2015.09.20-22.24.49:281][895]LogActor:Warning: GameSession /Game/FirstPersonBP/Maps/UEDPIE_0_FirstPersonExampleMap.FirstPersonExampleMap:PersistentLevel.GameSession_2 has natively added scene component(s), but none of them were set as the actor's RootComponent - picking one arbitrarily
[2015.09.20-22.24.49:282][895]LogActor:Warning: GameNetworkManager /Game/FirstPersonBP/Maps/UEDPIE_0_FirstPersonExampleMap.FirstPersonExampleMap:PersistentLevel.GameNetworkManager_2 has natively added scene component(s), but none of them were set as the actor's RootComponent - picking one arbitrarily
[2015.09.20-22.24.49:282][895]LogWorld: Bringing up level for play took: 0.004565
[2015.09.20-22.24.52:654][895]PIE: Info Play in editor start time for /Game/FirstPersonBP/Maps/UEDPIE_0_FirstPersonExampleMap 2.589
[2015.09.20-22.24.52:654][895]LogBlueprintUserMessages: Late PlayInEditor Detection: Level '/Game/FirstPersonBP/Maps/FirstPersonExampleMap.FirstPersonExampleMap:PersistentLevel' has LevelScriptBlueprint '/Game/FirstPersonBP/Maps/FirstPersonExampleMap.FirstPersonExampleMap:PersistentLevel.FirstPersonExampleMap' with GeneratedClass '/Game/FirstPersonBP/Maps/FirstPersonExampleMap.FirstPersonExampleMap_C' with ClassGeneratedBy '/Game/FirstPersonBP/Maps/FirstPersonExampleMap.FirstPersonExampleMap:PersistentLevel.FirstPersonExampleMap'
[2015.09.20-22.25.19:709][176]LogBlueprintUserMessages: Early EndPlayMap Detection: Level '/Game/FirstPersonBP/Maps/FirstPersonExampleMap.FirstPersonExampleMap:PersistentLevel' has LevelScriptBlueprint '/Game/FirstPersonBP/Maps/FirstPersonExampleMap.FirstPersonExampleMap:PersistentLevel.FirstPersonExampleMap' with GeneratedClass '/Game/FirstPersonBP/Maps/FirstPersonExampleMap.FirstPersonExampleMap_C' with ClassGeneratedBy '/Game/FirstPersonBP/Maps/FirstPersonExampleMap.FirstPersonExampleMap:PersistentLevel.FirstPersonExampleMap'
[2015.09.20-22.25.20:050][176]LogBlueprintUserMessages: Late EndPlayMap Detection: Level '/Game/FirstPersonBP/Maps/FirstPersonExampleMap.FirstPersonExampleMap:PersistentLevel' has LevelScriptBlueprint '/Game/FirstPersonBP/Maps/FirstPersonExampleMap.FirstPersonExampleMap:PersistentLevel.FirstPersonExampleMap' with GeneratedClass '/Game/FirstPersonBP/Maps/FirstPersonExampleMap.FirstPersonExampleMap_C' with ClassGeneratedBy '/Game/FirstPersonBP/Maps/FirstPersonExampleMap.FirstPersonExampleMap:PersistentLevel.FirstPersonExampleMap'
[2015.09.20-22.25.20:236][176]LogParticles: Destroying 0 GPU particle simulations for FXSystem 0x000000B778722660
[2015.09.20-22.25.25:218][294]LogBlueprintUserMessages: Early PlayInEditor Detection: Level '/Game/FirstPersonBP/Maps/FirstPersonExampleMap.FirstPersonExampleMap:PersistentLevel' has LevelScriptBlueprint '/Game/FirstPersonBP/Maps/FirstPersonExampleMap.FirstPersonExampleMap:PersistentLevel.FirstPersonExampleMap' with GeneratedClass '/Game/FirstPersonBP/Maps/FirstPersonExampleMap.FirstPersonExampleMap_C' with ClassGeneratedBy '/Game/FirstPersonBP/Maps/FirstPersonExampleMap.FirstPersonExampleMap:PersistentLevel.FirstPersonExampleMap'
[2015.09.20-22.25.25:218][294]LogPlayLevel: PlayLevel: No blueprints needed recompiling
[2015.09.20-22.25.25:218][294]PIE: New page: PIE session: FirstPersonExampleMap (Sep 20, 2015, 12:25:25 PM)
[2015.09.20-22.25.25:219][294]LogPlayLevel: Creating play world package: /Game/FirstPersonBP/Maps/UEDPIE_0_FirstPersonExampleMap
[2015.09.20-22.25.25:260][294]LogPlayLevel: PIE: StaticDuplicateObject took: (0.041209s)
[2015.09.20-22.25.25:261][294]LogAIModule: Creating AISystem for world FirstPersonExampleMap
[2015.09.20-22.25.25:261][294]LogPlayLevel: PIE: World Init took: (0.001428s)
[2015.09.20-22.25.25:262][294]LogPlayLevel: PIE: Created PIE world by copying editor world from /Game/FirstPersonBP/Maps/FirstPersonExampleMap.FirstPersonExampleMap to /Game/FirstPersonBP/Maps/UEDPIE_0_FirstPersonExampleMap.FirstPersonExampleMap (0.043048s)
[2015.09.20-22.25.25:311][294]LogInit: XAudio2 using 'Speakers (Realtek High Definition Audio)' : 2 channels at 48 kHz using 32 bits per sample (channel mask 0x3)
[2015.09.20-22.25.25:322][294]LogInit: FAudioDevice initialized.
[2015.09.20-22.25.25:364][294]LogWorld: Game class is 'GameMode'
[2015.09.20-22.25.25:369][294]LogWorld: Bringing World /Game/FirstPersonBP/Maps/UEDPIE_0_FirstPersonExampleMap.FirstPersonExampleMap up for play (max tick rate 60) at 2015.09.20-17.25.25
[2015.09.20-22.25.25:369][294]LogActor:Warning: GameSession /Game/FirstPersonBP/Maps/UEDPIE_0_FirstPersonExampleMap.FirstPersonExampleMap:PersistentLevel.GameSession_3 has natively added scene component(s), but none of them were set as the actor's RootComponent - picking one arbitrarily
[2015.09.20-22.25.25:370][294]LogActor:Warning: GameNetworkManager /Game/FirstPersonBP/Maps/UEDPIE_0_FirstPersonExampleMap.FirstPersonExampleMap:PersistentLevel.GameNetworkManager_3 has natively added scene component(s), but none of them were set as the actor's RootComponent - picking one arbitrarily
[2015.09.20-22.25.25:371][294]LogWorld: Bringing up level for play took: 0.005931
[2015.09.20-22.25.25:483][294]PIE: Info Play in editor start time for /Game/FirstPersonBP/Maps/UEDPIE_0_FirstPersonExampleMap -0.581
[2015.09.20-22.25.25:484][294]LogBlueprintUserMessages: Late PlayInEditor Detection: Level '/Game/FirstPersonBP/Maps/FirstPersonExampleMap.FirstPersonExampleMap:PersistentLevel' has LevelScriptBlueprint '/Game/FirstPersonBP/Maps/FirstPersonExampleMap.FirstPersonExampleMap:PersistentLevel.FirstPersonExampleMap' with GeneratedClass '/Game/FirstPersonBP/Maps/FirstPersonExampleMap.FirstPersonExampleMap_C' with ClassGeneratedBy '/Game/FirstPersonBP/Maps/FirstPersonExampleMap.FirstPersonExampleMap:PersistentLevel.FirstPersonExampleMap'
[2015.09.20-22.26.10:420][933]LogBlueprintUserMessages: Early EndPlayMap Detection: Level '/Game/FirstPersonBP/Maps/FirstPersonExampleMap.FirstPersonExampleMap:PersistentLevel' has LevelScriptBlueprint '/Game/FirstPersonBP/Maps/FirstPersonExampleMap.FirstPersonExampleMap:PersistentLevel.FirstPersonExampleMap' with GeneratedClass '/Game/FirstPersonBP/Maps/FirstPersonExampleMap.FirstPersonExampleMap_C' with ClassGeneratedBy '/Game/FirstPersonBP/Maps/FirstPersonExampleMap.FirstPersonExampleMap:PersistentLevel.FirstPersonExampleMap'
[2015.09.20-22.26.10:542][933]LogBlueprintUserMessages: Late EndPlayMap Detection: Level '/Game/FirstPersonBP/Maps/FirstPersonExampleMap.FirstPersonExampleMap:PersistentLevel' has LevelScriptBlueprint '/Game/FirstPersonBP/Maps/FirstPersonExampleMap.FirstPersonExampleMap:PersistentLevel.FirstPersonExampleMap' with GeneratedClass '/Game/FirstPersonBP/Maps/FirstPersonExampleMap.FirstPersonExampleMap_C' with ClassGeneratedBy '/Game/FirstPersonBP/Maps/FirstPersonExampleMap.FirstPersonExampleMap:PersistentLevel.FirstPersonExampleMap'
[2015.09.20-22.26.10:629][934]LogParticles: Destroying 0 GPU particle simulations for FXSystem 0x000000B7777C40E0
[2015.09.20-22.32.30:588][538]LogEditorViewport: Clicking on Actor (LMB): BP_Sky_Sphere_C (SkySphereBlueprint)
[2015.09.20-22.32.32:656][556]LogSavePackage: Save=97.645744ms
[2015.09.20-22.32.32:656][556]LogSavePackage: Moving '../../../../../../Users/K/Desktop/Daedalus/Labyrinth/Saved/FirstPersonExampleMap8A3F8CA84BC8EC27893FB096BD42ED13.tmp' to '../../../../../../Users/K/Desktop/Daedalus/Labyrinth/Content/FirstPersonBP/Maps/FirstPersonExampleMap.umap'
[2015.09.20-22.32.32:664][556]LogSavePackage: Total save time: 131.052587ms
[2015.09.20-22.32.32:664][556]LogSavePackage:Warning: Finished SavePackage ../../../../../../Users/K/Desktop/Daedalus/Labyrinth/Content/FirstPersonBP/Maps/FirstPersonExampleMap.umap
[2015.09.20-22.32.32:734][556]LogFileHelpers: Saving map 'FirstPersonExampleMap' took 0.298
[2015.09.20-22.32.32:888][556]LogWindowsTextInputMethodSystem:Display: IME system now deactivated.
[2015.09.20-22.32.33:264][557]Cmd: QUIT_EDITOR
[2015.09.20-22.32.34:101][557]LogExit: Preparing to exit.
[2015.09.20-22.32.35:168][557]LogExit: Editor shut down
[2015.09.20-22.32.35:168][557]LogExit: Transaction tracking system shut down
[2015.09.20-22.32.35:172][557]LogParticles: Destroying 0 GPU particle simulations for FXSystem 0x000000B777290CC0
[2015.09.20-22.32.35:173][557]LogParticles: Destroying 0 GPU particle simulations for FXSystem 0x000000B715A0F880
[2015.09.20-22.32.35:371][557]LogParticles: Destroying 0 GPU particle simulations for FXSystem 0x000000B71ADCC7C0
[2015.09.20-22.32.35:371][557]LogParticles: Destroying 0 GPU particle simulations for FXSystem 0x000000B71ADCC5E0
[2015.09.20-22.32.35:371][557]LogExit: Object subsystem successfully closed.
[2015.09.20-22.32.35:388][557]LogD3D11RHI: Shutdown
[2015.09.20-22.32.35:388][557]LogD3D11RHI: CleanupD3DDevice
[2015.09.20-22.32.35:498][557]LogD3D11RHI: ~FD3D11DynamicRHI
[2015.09.20-22.32.35:527][557]LogModuleManager: Shutting down and abandoning module CrashTracker (199)
[2015.09.20-22.32.35:527][557]LogModuleManager: Shutting down and abandoning module SceneOutliner (198)
[2015.09.20-22.32.35:527][557]LogModuleManager: Shutting down and abandoning module SuperSearch (197)
[2015.09.20-22.32.35:527][557]LogModuleManager: Shutting down and abandoning module WidgetCarousel (196)
[2015.09.20-22.32.35:527][557]LogModuleManager: Shutting down and abandoning module AddContentDialog (195)
[2015.09.20-22.32.35:531][557]LogModuleManager: Shutting down and abandoning module EditorWidgets (194)
[2015.09.20-22.32.35:531][557]LogModuleManager: Shutting down and abandoning module CollectionManager (193)
[2015.09.20-22.32.35:531][557]LogModuleManager: Shutting down and abandoning module StatsViewer (192)
[2015.09.20-22.32.35:531][557]LogModuleManager: Shutting down and abandoning module FoliageEdit (191)
[2015.09.20-22.32.35:531][557]LogModuleManager: Shutting down and abandoning module LandscapeEditor (190)
[2015.09.20-22.32.35:531][557]LogModuleManager: Shutting down and abandoning module ActorPickerMode (189)
[2015.09.20-22.32.35:531][557]LogModuleManager: Shutting down and abandoning module GeometryMode (188)
[2015.09.20-22.32.35:531][557]LogModuleManager: Shutting down and abandoning module TextureAlignMode (187)
[2015.09.20-22.32.35:531][557]LogModuleManager: Shutting down and abandoning module BspMode (186)
[2015.09.20-22.32.35:531][557]LogModuleManager: Shutting down and abandoning module PlacementMode (185)
[2015.09.20-22.32.35:531][557]LogModuleManager: Shutting down and abandoning module AutomationWorker (184)
[2015.09.20-22.32.35:531][557]LogModuleManager: Shutting down and abandoning module CharacterAI (183)
[2015.09.20-22.32.35:531][557]LogModuleManager: Shutting down and abandoning module SmartSnapping (182)
[2015.09.20-22.32.35:532][557]LogModuleManager: Shutting down and abandoning module ViewportSnapping (181)
[2015.09.20-22.32.35:532][557]LogModuleManager: Shutting down and abandoning module LogVisualizer (180)
[2015.09.20-22.32.35:532][557]LogModuleManager: Shutting down and abandoning module GameProjectGeneration (179)
[2015.09.20-22.32.35:532][557]LogModuleManager: Shutting down and abandoning module IntroTutorials (178)
[2015.09.20-22.32.35:532][557]LogModuleManager: Shutting down and abandoning module EditorLiveStreaming (177)
[2015.09.20-22.32.35:532][557]LogModuleManager: Shutting down and abandoning module IOSPlatformEditor (176)
[2015.09.20-22.32.35:532][557]LogModuleManager: Shutting down and abandoning module HTML5PlatformEditor (175)
[2015.09.20-22.32.35:532][557]LogModuleManager: Shutting down and abandoning module AndroidDeviceDetection (174)
[2015.09.20-22.32.35:675][557]LogModuleManager: Shutting down and abandoning module AndroidPlatformEditor (173)
[2015.09.20-22.32.35:675][557]LogModuleManager: Shutting down and abandoning module IOSRuntimeSettings (172)
[2015.09.20-22.32.35:675][557]LogModuleManager: Shutting down and abandoning module AndroidRuntimeSettings (171)
[2015.09.20-22.32.35:675][557]LogModuleManager: Shutting down and abandoning module MergeActors (170)
[2015.09.20-22.32.35:675][557]LogModuleManager: Shutting down and abandoning module SizeMap (169)
[2015.09.20-22.32.35:675][557]LogModuleManager: Shutting down and abandoning module TreeMap (168)
[2015.09.20-22.32.35:675][557]LogModuleManager: Shutting down and abandoning module ReferenceViewer (167)
[2015.09.20-22.32.35:675][557]LogModuleManager: Shutting down and abandoning module LocalizationService (166)
[2015.09.20-22.32.35:675][557]LogModuleManager: Shutting down and abandoning module LocalizationDashboard (165)
[2015.09.20-22.32.35:675][557]LogModuleManager: Shutting down and abandoning module HardwareTargeting (164)
[2015.09.20-22.32.35:675][557]LogModuleManager: Shutting down and abandoning module DeviceProfileEditor (163)
[2015.09.20-22.32.35:675][557]LogModuleManager: Shutting down and abandoning module UndoHistory (162)
[2015.09.20-22.32.35:675][557]LogModuleManager: Shutting down and abandoning module GameplayTagsEditor (161)
[2015.09.20-22.32.35:676][557]LogModuleManager: Shutting down and abandoning module UserFeedback (160)
[2015.09.20-22.32.35:676][557]LogModuleManager: Shutting down and abandoning module XmlParser (159)
[2015.09.20-22.32.35:676][557]LogModuleManager: Shutting down and abandoning module Blutility (158)
[2015.09.20-22.32.35:676][557]LogModuleManager: Shutting down and abandoning module ProjectTargetPlatformEditor (157)
[2015.09.20-22.32.35:676][557]LogModuleManager: Shutting down and abandoning module ProjectSettingsViewer (156)
[2015.09.20-22.32.35:676][557]LogModuleManager: Shutting down and abandoning module InputBindingEditor (155)
[2015.09.20-22.32.35:676][557]LogModuleManager: Shutting down and abandoning module EditorSettingsViewer (154)
[2015.09.20-22.32.35:676][557]LogModuleManager: Shutting down and abandoning module SettingsEditor (153)
[2015.09.20-22.32.35:676][557]LogModuleManager: Shutting down and abandoning module ProjectLauncher (152)
[2015.09.20-22.32.35:676][557]LogModuleManager: Shutting down and abandoning module SessionFrontend (151)
[2015.09.20-22.32.35:676][557]LogModuleManager: Shutting down and abandoning module ProfilerClient (150)
[2015.09.20-22.32.35:676][557]LogModuleManager: Shutting down and abandoning module TargetDeviceServices (149)
[2015.09.20-22.32.35:676][557]LogModuleManager: Shutting down and abandoning module DeviceManager (148)
[2015.09.20-22.32.35:677][557]LogModuleManager: Shutting down and abandoning module AutomationController (147)
[2015.09.20-22.32.35:677][557]LogModuleManager: Shutting down and abandoning module AutomationWindow (146)
[2015.09.20-22.32.35:677][557]LogModuleManager: Shutting down and abandoning module Layers (145)
[2015.09.20-22.32.35:677][557]LogModuleManager: Shutting down and abandoning module ComponentVisualizers (144)
[2015.09.20-22.32.35:677][557]LogModuleManager: Shutting down and abandoning module DetailCustomizations (143)
[2015.09.20-22.32.35:677][557]LogModuleManager: Shutting down and abandoning module PackagesDialog (142)
[2015.09.20-22.32.35:677][557]LogModuleManager: Shutting down and abandoning module Persona (141)
[2015.09.20-22.32.35:677][557]LogModuleManager: Shutting down and abandoning module Kismet (140)
[2015.09.20-22.32.35:677][557]LogModuleManager: Shutting down and abandoning module GraphEditor (139)
[2015.09.20-22.32.35:677][557]LogModuleManager: Shutting down and abandoning module ClassViewer (138)
[2015.09.20-22.32.35:677][557]LogModuleManager: Shutting down and abandoning module Toolbox (137)
[2015.09.20-22.32.35:677][557]LogModuleManager: Shutting down and abandoning module ModuleUI (136)
[2015.09.20-22.32.35:677][557]LogModuleManager: Shutting down and abandoning module MovieSceneTools (135)
[2015.09.20-22.32.35:677][557]LogModuleManager: Shutting down and abandoning module OutputLog (134)
[2015.09.20-22.32.35:677][557]LogModuleManager: Shutting down and abandoning module GammaUI (133)
[2015.09.20-22.32.35:677][557]LogModuleManager: Shutting down and abandoning module Documentation (132)
[2015.09.20-22.32.35:677][557]LogModuleManager: Shutting down and abandoning module GameLiveStreaming (131)
[2015.09.20-22.32.35:677][557]LogModuleManager: Shutting down and abandoning module StreamingPauseRendering (130)
[2015.09.20-22.32.35:677][557]LogModuleManager: Shutting down and abandoning module AnalyticsET (129)
[2015.09.20-22.32.35:677][557]LogModuleManager: Shutting down and abandoning module Analytics (128)
[2015.09.20-22.32.35:677][557]LogModuleManager: Shutting down and abandoning module AITestSuite (127)
[2015.09.20-22.32.35:677][557]LogModuleManager: Shutting down and abandoning module GameplayDebugger (126)
[2015.09.20-22.32.35:677][557]LogModuleManager: Shutting down and abandoning module AIModule (125)
[2015.09.20-22.32.35:677][557]LogModuleManager: Shutting down and abandoning module ProfilerService (124)
[2015.09.20-22.32.35:782][557]LogModuleManager: Shutting down and abandoning module TaskGraph (123)
[2015.09.20-22.32.35:782][557]LogModuleManager: Shutting down and abandoning module SubstanceEditor (122)
[2015.09.20-22.32.35:782][557]LogModuleManager: Shutting down and abandoning module SlateRemote (121)
[2015.09.20-22.32.35:782][557]LogModuleManager: Shutting down and abandoning module SteamVRController (120)
[2015.09.20-22.32.35:782][557]LogModuleManager: Shutting down and abandoning module SteamVR (119)
[2015.09.20-22.32.35:782][557]LogModuleManager: Shutting down and abandoning module ProceduralMeshComponent (118)
[2015.09.20-22.32.35:782][557]LogModuleManager: Shutting down and abandoning module OculusRift (117)
[2015.09.20-22.32.35:782][557]LogModuleManager: Shutting down and abandoning module OculusLibrary (116)
[2015.09.20-22.32.35:782][557]LogModuleManager: Shutting down and abandoning module LeapMotionController (115)
[2015.09.20-22.32.35:812][557]LogModuleManager: Shutting down and abandoning module CustomMeshComponent (114)
[2015.09.20-22.32.35:812][557]LogModuleManager: Shutting down and abandoning module CableComponent (113)
[2015.09.20-22.32.35:812][557]LogModuleManager: Shutting down and abandoning module ArchVisCharacter (112)
[2015.09.20-22.32.35:812][557]LogModuleManager: Shutting down and abandoning module MessagingDebugger (111)
[2015.09.20-22.32.35:812][557]LogModuleManager: Shutting down and abandoning module MediaPlayerEditor (110)
[2015.09.20-22.32.35:813][557]LogModuleManager: Shutting down and abandoning module HTML5Networking (109)
[2015.09.20-22.32.35:813][557]LogModuleManager: Shutting down and abandoning module SpeedTreeImporter (108)
[2015.09.20-22.32.35:813][557]LogModuleManager: Shutting down and abandoning module PluginBrowser (107)
[2015.09.20-22.32.35:813][557]LogModuleManager: Shutting down and abandoning module EpicSurvey (106)
[2015.09.20-22.32.35:813][557]LogModuleManager: Shutting down and abandoning module DesktopPlatform (105)
[2015.09.20-22.32.35:813][557]LogModuleManager: Shutting down and abandoning module VisualStudioSourceCodeAccess (104)
[2015.09.20-22.32.35:813][557]LogModuleManager: Shutting down and abandoning module UObjectPlugin (103)
[2015.09.20-22.32.35:813][557]LogModuleManager: Shutting down and abandoning module SubversionSourceControl (102)
[2015.09.20-22.32.35:813][557]LogModuleManager: Shutting down and abandoning module PerforceSourceControl (101)
[2015.09.20-22.32.35:813][557]LogModuleManager: Shutting down and abandoning module SourceControl (100)
[2015.09.20-22.32.35:813][557]LogModuleManager: Shutting down and abandoning module GitSourceControl (99)
[2015.09.20-22.32.35:813][557]LogModuleManager: Shutting down and abandoning module LightPropagationVolumeEditor (98)
[2015.09.20-22.32.35:813][557]LogModuleManager: Shutting down and abandoning module PaperTiledImporter (97)
[2015.09.20-22.32.35:813][557]LogModuleManager: Shutting down and abandoning module PaperSpriteSheetImporter (96)
[2015.09.20-22.32.35:813][557]LogModuleManager: Shutting down and abandoning module MeshPaint (95)
[2015.09.20-22.32.35:813][557]LogModuleManager: Shutting down and abandoning module SlateReflector (94)
[2015.09.20-22.32.35:813][557]LogModuleManager: Shutting down and abandoning module HotReload (93)
[2015.09.20-22.32.35:813][557]LogModuleManager: Shutting down and abandoning module MainFrame (92)
[2015.09.20-22.32.35:813][557]LogModuleManager: Shutting down and abandoning module LevelEditor (91)
[2015.09.20-22.32.35:814][557]LogModuleManager: Shutting down and abandoning module ContentBrowser (90)
[2015.09.20-22.32.35:815][557]LogModuleManager: Shutting down and abandoning module Paper2DEditor (89)
[2015.09.20-22.32.35:815][557]LogModuleManager: Shutting down and abandoning module UdpMessaging (88)
[2015.09.20-22.32.35:916][557]LogModuleManager: Shutting down and abandoning module DirectoryWatcher (87)
[2015.09.20-22.32.35:918][557]LogModuleManager: Shutting down and abandoning module AssetRegistry (86)
[2015.09.20-22.32.36:050][557]LogModuleManager: Shutting down and abandoning module SubstanceCore (85)
[2015.09.20-22.32.36:050][557]LogModuleManager: Shutting down and abandoning module LightPropagationVolumeRuntime (84)
[2015.09.20-22.32.36:050][557]LogModuleManager: Shutting down and abandoning module Paper2D (83)
[2015.09.20-22.32.36:050][557]LogModuleManager: Shutting down and abandoning module WindowsMoviePlayer (82)
[2015.09.20-22.32.36:054][557]LogModuleManager: Shutting down and abandoning module Media (81)
[2015.09.20-22.32.36:054][557]LogModuleManager: Shutting down and abandoning module WmfMedia (80)
[2015.09.20-22.32.36:054][557]LogModuleManager: Shutting down and abandoning module OnlineBlueprintSupport (79)
[2015.09.20-22.32.36:054][557]LogModuleManager: Shutting down and abandoning module GameplayTasksEditor (78)
[2015.09.20-22.32.36:054][557]LogModuleManager: Shutting down and abandoning module PropertyEditor (77)
[2015.09.20-22.32.36:054][557]LogModuleManager: Shutting down and abandoning module BehaviorTreeEditor (76)
[2015.09.20-22.32.36:054][557]LogModuleManager: Shutting down and abandoning module FunctionalTesting (75)
[2015.09.20-22.32.36:054][557]LogModuleManager: Shutting down and abandoning module CollisionAnalyzer (74)
[2015.09.20-22.32.36:054][557]LogModuleManager: Shutting down and abandoning module WorkspaceMenuStructure (73)
[2015.09.20-22.32.36:054][557]LogModuleManager: Shutting down and abandoning module MessageLog (72)
[2015.09.20-22.32.36:054][557]LogModuleManager: Shutting down and abandoning module Sequencer (71)
[2015.09.20-22.32.36:054][557]LogModuleManager: Shutting down and abandoning module AssetTools (70)
[2015.09.20-22.32.36:054][557]LogModuleManager: Shutting down and abandoning module UMGEditor (69)
[2015.09.20-22.32.36:054][557]LogModuleManager: Shutting down and abandoning module UMG (68)
[2015.09.20-22.32.36:054][557]LogModuleManager: Shutting down and abandoning module Slate (67)
[2015.09.20-22.32.36:054][557]LogModuleManager: Shutting down and abandoning module EditorStyle (66)
[2015.09.20-22.32.36:057][557]LogModuleManager: Shutting down and abandoning module SessionServices (65)
[2015.09.20-22.32.36:057][557]LogModuleManager: Shutting down and abandoning module SourceCodeAccess (64)
[2015.09.20-22.32.36:057][557]LogModuleManager: Shutting down and abandoning module HeadMountedDisplay (63)
[2015.09.20-22.32.36:057][557]LogModuleManager: Shutting down and abandoning module XAudio2 (62)
[2015.09.20-22.32.36:057][557]LogModuleManager: Shutting down and abandoning module Networking (60)
[2015.09.20-22.32.36:057][557]LogModuleManager: Shutting down and abandoning module Core (59)
[2015.09.20-22.32.36:057][557]LogModuleManager: Shutting down and abandoning module KismetCompiler (58)
[2015.09.20-22.32.36:057][557]LogModuleManager: Shutting down and abandoning module PhysXFormats (57)
[2015.09.20-22.32.36:057][557]LogModuleManager: Shutting down and abandoning module MeshUtilities (56)
[2015.09.20-22.32.36:057][557]LogModuleManager: Shutting down and abandoning module CookingStats (55)
[2015.09.20-22.32.36:058][557]LogModuleManager: Shutting down and abandoning module DerivedDataCache (54)
[2015.09.20-22.32.36:130][557]LogDerivedDataCache: Shutdown
[2015.09.20-22.32.36:130][557]LogModuleManager: Shutting down and abandoning module ShaderFormatOpenGL (53)
[2015.09.20-22.32.36:130][557]LogModuleManager: Shutting down and abandoning module ShaderFormatD3D (52)
[2015.09.20-22.32.36:130][557]LogModuleManager: Shutting down and abandoning module MetalShaderFormat (51)
[2015.09.20-22.32.36:130][557]LogModuleManager: Shutting down and abandoning module TextureFormatUncompressed (50)
[2015.09.20-22.32.36:130][557]LogModuleManager: Shutting down and abandoning module TextureFormatPVR (49)
[2015.09.20-22.32.36:130][557]LogModuleManager: Shutting down and abandoning module TextureFormatIntelISPCTexComp (48)
[2015.09.20-22.32.36:130][557]LogModuleManager: Shutting down and abandoning module TextureFormatDXT (47)
[2015.09.20-22.32.36:130][557]LogModuleManager: Shutting down and abandoning module ImageWrapper (46)
[2015.09.20-22.32.36:130][557]LogModuleManager: Shutting down and abandoning module TextureFormatASTC (45)
[2015.09.20-22.32.36:130][557]LogModuleManager: Shutting down and abandoning module TextureFormatAndroid (44)
[2015.09.20-22.32.36:130][557]LogModuleManager: Shutting down and abandoning module AudioFormatOpus (43)
[2015.09.20-22.32.36:130][557]LogModuleManager: Shutting down and abandoning module AudioFormatOgg (42)
[2015.09.20-22.32.36:130][557]LogModuleManager: Shutting down and abandoning module AudioFormatADPCM (41)
[2015.09.20-22.32.36:130][557]LogModuleManager: Shutting down and abandoning module LinuxTargetPlatform (40)
[2015.09.20-22.32.36:130][557]LogModuleManager: Shutting down and abandoning module LinuxServerTargetPlatform (39)
[2015.09.20-22.32.36:130][557]LogModuleManager: Shutting down and abandoning module LinuxNoEditorTargetPlatform (38)
[2015.09.20-22.32.36:130][557]LogModuleManager: Shutting down and abandoning module Messaging (37)
[2015.09.20-22.32.36:130][557]LogModuleManager: Shutting down and abandoning module IOSTargetPlatform (36)
[2015.09.20-22.32.36:130][557]LogModuleManager: Shutting down and abandoning module HTML5TargetPlatform (35)
[2015.09.20-22.32.36:130][557]LogModuleManager: Shutting down and abandoning module Android_PVRTCTargetPlatform (34)
[2015.09.20-22.32.36:130][557]LogModuleManager: Shutting down and abandoning module Android_ETC2TargetPlatform (33)
[2015.09.20-22.32.36:130][557]LogModuleManager: Shutting down and abandoning module Android_ETC1TargetPlatform (32)
[2015.09.20-22.32.36:130][557]LogModuleManager: Shutting down and abandoning module Android_DXTTargetPlatform (31)
[2015.09.20-22.32.36:130][557]LogModuleManager: Shutting down and abandoning module Android_ATCTargetPlatform (30)
[2015.09.20-22.32.36:130][557]LogModuleManager: Shutting down and abandoning module Android_ASTCTargetPlatform (29)
[2015.09.20-22.32.36:130][557]LogModuleManager: Shutting down and abandoning module AndroidTargetPlatform (28)
[2015.09.20-22.32.36:130][557]LogModuleManager: Shutting down and abandoning module WindowsTargetPlatform (27)
[2015.09.20-22.32.36:130][557]LogModuleManager: Shutting down and abandoning module WindowsServerTargetPlatform (26)
[2015.09.20-22.32.36:130][557]LogModuleManager: Shutting down and abandoning module WindowsNoEditorTargetPlatform (25)
[2015.09.20-22.32.36:130][557]LogModuleManager: Shutting down and abandoning module WindowsClientTargetPlatform (24)
[2015.09.20-22.32.36:131][557]LogModuleManager: Shutting down and abandoning module AllDesktopTargetPlatform (23)
[2015.09.20-22.32.36:131][557]LogModuleManager: Shutting down and abandoning module TargetPlatform (22)
[2015.09.20-22.32.36:131][557]LogModuleManager: Shutting down and abandoning module InputCore (21)
[2015.09.20-22.32.36:131][557]LogModuleManager: Shutting down and abandoning module Settings (20)
[2015.09.20-22.32.36:131][557]LogModuleManager: Shutting down and abandoning module OnlineSubsystem (18)
[2015.09.20-22.32.36:131][557]LogModuleManager: Shutting down and abandoning module HTTP (17)
[2015.09.20-22.32.37:134][557]LogModuleManager: Shutting down and abandoning module XMPP (16)
[2015.09.20-22.32.37:134][557]LogModuleManager: Shutting down and abandoning module ExampleDeviceProfileSelector (15)
[2015.09.20-22.32.37:134][557]LogModuleManager: Shutting down and abandoning module TextureCompressor (14)
[2015.09.20-22.32.37:134][557]LogModuleManager: Shutting down and abandoning module ShaderCore (13)
[2015.09.20-22.32.37:134][557]LogModuleManager: Shutting down and abandoning module Landscape (12)
[2015.09.20-22.32.37:134][557]LogModuleManager: Shutting down and abandoning module SlateRHIRenderer (11)
[2015.09.20-22.32.37:136][557]LogModuleManager: Shutting down and abandoning module OpenGLDrv (10)
[2015.09.20-22.32.37:136][557]LogModuleManager: Shutting down and abandoning module D3D11RHI (9)
[2015.09.20-22.32.37:136][557]LogModuleManager: Shutting down and abandoning module AnimGraphRuntime (8)
[2015.09.20-22.32.37:136][557]LogModuleManager: Shutting down and abandoning module Renderer (7)
[2015.09.20-22.32.37:136][557]LogModuleManager: Shutting down and abandoning module Engine (6)
[2015.09.20-22.32.37:136][557]LogModuleManager: Shutting down and abandoning module CoreUObject (5)
[2015.09.20-22.32.37:136][557]LogModuleManager: Shutting down and abandoning module NetworkFile (4)
[2015.09.20-22.32.37:136][557]LogModuleManager: Shutting down and abandoning module StreamingFile (3)
[2015.09.20-22.32.37:136][557]LogModuleManager: Shutting down and abandoning module SandboxFile (2)
[2015.09.20-22.32.37:136][557]LogModuleManager: Shutting down and abandoning module PakFile (1)
[2015.09.20-22.32.37:137][557]LogExit: Exiting.
[2015.09.20-22.32.37:138][557]Log file closed, 09/20/15 17:32:37
