[2015.09.20-14.28.22:969][  0]Log file open, 09/20/15 09:28:22
[2015.09.20-14.28.22:969][  0]LogInit:Display: Running engine for game: Labyrinth
[2015.09.20-14.28.22:969][  0]LogInit:Display: RandInit(395907561) SRandInit(395907562).
[2015.09.20-14.28.22:969][  0]LogTaskGraph: Started task graph with 4 named threads and 5 total threads.
[2015.09.20-14.28.22:969][  0]LogStats: Stats thread started at 0.080387
[2015.09.20-14.28.22:969][  0]LogInit: Version: 4.9.1-2689999+++depot+UE4-Releases+4.9
[2015.09.20-14.28.22:969][  0]LogInit: API Version: 2672455
[2015.09.20-14.28.22:969][  0]LogInit: Compiled (64-bit): Sep 14 2015 04:12:03
[2015.09.20-14.28.22:969][  0]LogInit: Compiled with Visual C++: 18.00.21005.01
[2015.09.20-14.28.22:969][  0]LogInit: Build Configuration: Development
[2015.09.20-14.28.22:969][  0]LogInit: Branch Name: ++depot+UE4-Releases+4.9
[2015.09.20-14.28.22:970][  0]LogInit: Command line:  
[2015.09.20-14.28.22:970][  0]LogInit: Base directory: C:/Program Files/Epic Games/4.9/Engine/Binaries/Win64/
[2015.09.20-14.28.22:970][  0]LogInit: Rocket: 1
[2015.09.20-14.28.22:980][  0]LogInit: Using libcurl 7.41.0
[2015.09.20-14.28.22:980][  0]LogInit:  - built for x86_64-pc-win32
[2015.09.20-14.28.22:980][  0]LogInit:  - supports SSL with WinSSL
[2015.09.20-14.28.22:980][  0]LogInit:  - other features:
[2015.09.20-14.28.22:980][  0]LogInit:      CURL_VERSION_SSL
[2015.09.20-14.28.22:980][  0]LogInit:      CURL_VERSION_IPV6
[2015.09.20-14.28.22:980][  0]LogInit:      CURL_VERSION_ASYNCHDNS
[2015.09.20-14.28.22:980][  0]LogInit:      CURL_VERSION_LARGEFILE
[2015.09.20-14.28.22:980][  0]LogInit:      CURL_VERSION_IDN
[2015.09.20-14.28.22:980][  0]LogInit:  CurlRequestOptions (configurable via config and command line):
[2015.09.20-14.28.22:980][  0]LogInit:  - bVerifyPeer = true  - Libcurl will verify peer certificate
[2015.09.20-14.28.22:980][  0]LogInit:  - bUseHttpProxy = false  - Libcurl will NOT use HTTP proxy
[2015.09.20-14.28.22:980][  0]LogInit:  - bDontReuseConnections = false  - Libcurl will reuse connections
[2015.09.20-14.28.22:980][  0]LogInit:  - CertBundlePath = nullptr  - Libcurl will use whatever was configured at build time.
[2015.09.20-14.28.22:988][  0]LogInit: Presizing for 0 objects not considered by GC, pre-allocating 0 bytes.
[2015.09.20-14.28.22:998][  0]LogInit: Object subsystem initialized
[2015.09.20-14.28.23:000][  0]LogInit: Selected Device Profile: [Windows]
[2015.09.20-14.28.23:000][  0]LogInit: Applying CVar settings loaded from the selected device profile: [Windows]
[2015.09.20-14.28.23:013][  0]LogInit: Computer: WANI
[2015.09.20-14.28.23:013][  0]LogInit: User: K
[2015.09.20-14.28.23:013][  0]LogInit: CPU Page size=4096, Cores=2
[2015.09.20-14.28.23:013][  0]LogInit: High frequency timer resolution =2.338443 MHz
[2015.09.20-14.28.23:014][  0]LogMemory: Memory total: Physical=7.6GB (8GB approx)
[2015.09.20-14.28.23:014][  0]LogMemory: Platform Memory Stats for Windows
[2015.09.20-14.28.23:014][  0]LogMemory: Process Physical Memory: 54.84 MB used, 54.84 MB peak
[2015.09.20-14.28.23:014][  0]LogMemory: Process Virtual Memory: 55.23 MB used, 55.23 MB peak
[2015.09.20-14.28.23:014][  0]LogMemory: Physical Memory: 4307.75 MB used, 7813.53 MB total
[2015.09.20-14.28.23:014][  0]LogMemory: Virtual Memory: 363.61 MB used, 134217728.00 MB total
[2015.09.20-14.28.23:052][  0]LogTextLocalizationManager: No specific translations for ('en-US') exist, so ('en') translations will be used.
[2015.09.20-14.28.23:919][  0]LogD3D11RHI: Found D3D11 adapter 0: Intel(R) HD Graphics 4000 (Feature Level 11_0)
[2015.09.20-14.28.23:919][  0]LogD3D11RHI: Adapter has 32MB of dedicated video memory, 0MB of dedicated system memory, and 1760MB of shared system memory, 1 output[s]
[2015.09.20-14.28.23:920][  0]LogD3D11RHI: Found D3D11 adapter 1: Microsoft Basic Render Driver (Feature Level 11_0)
[2015.09.20-14.28.23:920][  0]LogD3D11RHI: Adapter has 0MB of dedicated video memory, 0MB of dedicated system memory, and 3906MB of shared system memory, 0 output[s]
[2015.09.20-14.28.23:920][  0]LogD3D11RHI: Chosen D3D11 Adapter Id = 0
[2015.09.20-14.28.23:931][  0]LogD3D11RHI: !Direct3DDevice
[2015.09.20-14.28.23:931][  0]LogRHI: Texture pool is 638 MB (70% of 912 MB)
[2015.09.20-14.28.23:948][  0]LogD3D11RHI: Async texture creation enabled
[2015.09.20-14.28.23:953][  0]LogShaderCompilers: Guid format shader working directory is 14 characters bigger than the processId version (../../../../../../Users/K/Desktop/Labyrinth - Copy/Labyrinth/Intermediate/Shaders/WorkingDirectory/34548/).
[2015.09.20-14.28.23:953][  0]LogShaderCompilers: Cleaned the shader compiler working directory '../../../../../../Users/K/Desktop/Labyrinth - Copy/Labyrinth/Intermediate/Shaders/tmp/F429E0B34971C97C1A4E16BA3232C599/'.
[2015.09.20-14.28.23:953][  0]LogShaderCompilers:Display: Using Local Shader Compiler.
[2015.09.20-14.28.25:209][  0]LogTemp:Display: Loaded TP AllDesktopTargetPlatform
[2015.09.20-14.28.25:216][  0]LogTemp:Display: Loaded TP WindowsClientTargetPlatform
[2015.09.20-14.28.25:222][  0]LogTemp:Display: Loaded TP WindowsNoEditorTargetPlatform
[2015.09.20-14.28.25:229][  0]LogTemp:Display: Loaded TP WindowsServerTargetPlatform
[2015.09.20-14.28.25:235][  0]LogTemp:Display: Loaded TP WindowsTargetPlatform
[2015.09.20-14.28.25:239][  0]LogTemp:Display: Loaded TP AndroidTargetPlatform
[2015.09.20-14.28.25:243][  0]LogTemp:Display: Loaded TP Android_ASTCTargetPlatform
[2015.09.20-14.28.25:248][  0]LogTemp:Display: Loaded TP Android_ATCTargetPlatform
[2015.09.20-14.28.25:252][  0]LogTemp:Display: Loaded TP Android_DXTTargetPlatform
[2015.09.20-14.28.25:256][  0]LogTemp:Display: Loaded TP Android_ETC1TargetPlatform
[2015.09.20-14.28.25:260][  0]LogTemp:Display: Loaded TP Android_ETC2TargetPlatform
[2015.09.20-14.28.25:264][  0]LogTemp:Display: Loaded TP Android_PVRTCTargetPlatform
[2015.09.20-14.28.25:265][  0]LogTemp:Display: Loaded TP HTML5TargetPlatform
[2015.09.20-14.28.25:284][  0]LogTemp:Display: Loaded TP IOSTargetPlatform
[2015.09.20-14.28.25:288][  0]LogTemp:Display: Loaded TP LinuxNoEditorTargetPlatform
[2015.09.20-14.28.25:292][  0]LogTemp:Display: Loaded TP LinuxServerTargetPlatform
[2015.09.20-14.28.25:297][  0]LogTemp:Display: Loaded TP LinuxTargetPlatform
[2015.09.20-14.28.25:297][  0]LogTargetPlatformManager:Display: Building Assets For Windows
[2015.09.20-14.28.25:397][  0]LogDerivedDataCache:Display: Max Cache Size: 512 MB
[2015.09.20-14.28.25:439][  0]LogDerivedDataCache: Loaded boot cache 0.04s 41MB C:/Users/K/AppData/Local/UnrealEngine/4.9/DerivedDataCache/Boot.ddc.
[2015.09.20-14.28.25:439][  0]LogDerivedDataCache:Display: Loaded Boot cache: C:/Users/K/AppData/Local/UnrealEngine/4.9/DerivedDataCache/Boot.ddc
[2015.09.20-14.28.25:440][  0]LogDerivedDataCache: FDerivedDataBackendGraph:  Pak pak cache file ../../../../../../Users/K/Desktop/Labyrinth - Copy/Labyrinth/DerivedDataCache/DDC.ddp not found, will not use a pak cache.
[2015.09.20-14.28.25:440][  0]LogDerivedDataCache: Unable to find inner node Pak for hierarchical cache Hierarchy.
[2015.09.20-14.28.25:440][  0]LogDerivedDataCache: FDerivedDataBackendGraph:  CompressedPak pak cache file ../../../../../../Users/K/Desktop/Labyrinth - Copy/Labyrinth/DerivedDataCache/Compressed.ddp not found, will not use a pak cache.
[2015.09.20-14.28.25:440][  0]LogDerivedDataCache: Unable to find inner node CompressedPak for hierarchical cache Hierarchy.
[2015.09.20-14.28.25:611][  0]LogDerivedDataCache:Display: Pak cache opened for reading ../../../Engine/DerivedDataCache/Compressed.ddp.
[2015.09.20-14.28.25:623][  0]LogDerivedDataCache: Using Local data cache path C:/Users/K/AppData/Local/UnrealEngine/Common/DerivedDataCache: Writable
[2015.09.20-14.28.25:847][  0]LogInit: Selected Device Profile: [Windows]
[2015.09.20-14.28.25:850][  0]LogContentStreaming: Texture pool size is 0.000000MB
[2015.09.20-14.28.26:000][  0]LogMeshUtilities: No automatic mesh reduction module available
[2015.09.20-14.28.26:000][  0]LogMeshUtilities: No automatic mesh merging module available
[2015.09.20-14.28.26:320][  0]LogInit: WinSock: version 1.1 (2.2), MaxSocks=32767, MaxUdp=65467
[2015.09.20-14.28.27:123][  0]LogAssetRegistry: FAssetRegistry took 0.0111 seconds to start up
[2015.09.20-14.28.27:147][  0]UdpMessaging: Initializing bridge on interface 0.0.0.0:0 to multicast group 230.0.0.1:6666.
[2015.09.20-14.28.27:457][  0]SourceControl: Info Source control is disabled
[2015.09.20-14.28.27:471][  0]SourceControl: Info Source control is disabled
[2015.09.20-14.28.27:489][  0]SourceControl: Info Source control is disabled
[2015.09.20-14.28.27:506][  0]SourceControl: Info Source control is disabled
[2015.09.20-14.28.27:786][  0]LogLinker:Warning: Asset '../../../Engine/Plugins/Runtime/LeapMotionController/Content/LM_PassthroughMaterial.uasset' has been saved with empty engine version. The asset will be loaded but may be incompatible.
[2015.09.20-14.28.27:898][  0]LogObj: 28528 objects as part of root set at end of initial load.
[2015.09.20-14.28.27:898][  0]LogUObjectAllocator: 6068456 out of 0 bytes used by permanent object pool.
[2015.09.20-14.28.27:966][  0]LogEngine: Initializing Engine...
[2015.09.20-14.28.27:971][  0]LogHMD: Can't find Oculus library dev build: is proper Runtime installed? Version: 0.7.0.0
[2015.09.20-14.28.27:972][  0]LogHMD: SteamVR failed to initialize.  Err: 110
[2015.09.20-14.28.28:110][  0]LogAIModule: Creating AISystem for world NewWorld
[2015.09.20-14.28.28:114][  0]LogInit: XAudio2 using 'Speakers (Realtek High Definition Audio)' : 2 channels at 48 kHz using 32 bits per sample (channel mask 0x3)
[2015.09.20-14.28.28:391][  0]LogInit: FAudioDevice initialized.
[2015.09.20-14.28.28:419][  0]LogDerivedDataCache: Saved boot cache 0.03s 41MB C:/Users/K/AppData/Local/UnrealEngine/4.9/DerivedDataCache/Boot.ddc.
[2015.09.20-14.28.28:424][  0]LogInit: Texture streaming: Enabled
[2015.09.20-14.28.28:431][  0]LogAnalytics: Creating configured Analytics provider AnalyticsET
[2015.09.20-14.28.28:431][  0]LogAnalytics: [UEEditor.Rocket.Release] APIServer = http://et2.epicgames.com/ET2/. AppVersion = 4.9.1-2689999+++depot+UE4-Releases+4.9
[2015.09.20-14.28.28:431][  0]LogAnalytics: [UEEditor.Rocket.Release] SetUserId 9725863445f283451391ee9307d07a37|d69e99ce7d8a43a9a925913f345bcf00|1242505c-bb25-4a12-b2e6-5931f3c4781d
[2015.09.20-14.28.28:431][  0]LogAnalytics: [UEEditor.Rocket.Release] AnalyticsET::StartSession
[2015.09.20-14.28.28:481][  0]LogInit: Transaction tracking system initialized
[2015.09.20-14.28.28:530][  0]BlueprintLog: New page: Editor Load
[2015.09.20-14.28.28:652][  0]LocalizationService: Info Localization service is disabled
[2015.09.20-14.28.28:759][  0]LogConsoleResponse:Display: 
[2015.09.20-14.28.28:928][  0]LogCook:Display: Done creating registry. It took  0.00s.
[2015.09.20-14.28.29:011][  0]LogFileCache: Scanning file cache for directory 'C:/Users/K/Desktop/Labyrinth - Copy/Labyrinth/Content/' took 0.02s
[2015.09.20-14.28.29:011][  0]SourceControl: Info Source control is disabled
[2015.09.20-14.28.29:012][  0]Cmd: MAP LOAD FILE="../../../../../../Users/K/Desktop/Labyrinth - Copy/Labyrinth/Content/FirstPersonBP/Maps/FirstPersonExampleMap.umap" TEMPLATE=0 SHOWPROGRESS=1 FEATURELEVEL=3
[2015.09.20-14.28.29:012][  0]LightingResults: New page: Lighting Build
[2015.09.20-14.28.29:017][  0]MapCheck: New page: Map Check
[2015.09.20-14.28.29:017][  0]LightingResults: New page: Lighting Build
[2015.09.20-14.28.29:038][  0]LogParticles: Destroying 0 GPU particle simulations for FXSystem 0x00000011A5CC82C0
[2015.09.20-14.28.29:248][  0]LogLinker:Warning: Asset '../../../../../../Users/K/Desktop/Labyrinth - Copy/Labyrinth/Content/FirstPersonBP/Blueprints/FirstPersonProjectile.uasset' has been saved with empty engine version. The asset will be loaded but may be incompatible.
[2015.09.20-14.28.29:253][  0]LogLinker:Warning: Asset '../../../../../../Users/K/Desktop/Labyrinth - Copy/Labyrinth/Content/FirstPerson/Meshes/FirstPersonProjectileMesh.uasset' has been saved with empty engine version. The asset will be loaded but may be incompatible.
[2015.09.20-14.28.30:300][  0]LogAIModule: Creating AISystem for world FirstPersonExampleMap
[2015.09.20-14.28.30:310][  0]LogSpawn:Warning: SpawnActor failed because we are running a ConstructionScript (Cell_C)
[2015.09.20-14.28.30:312][  0]LogEditorServer: Finished looking for orphan Actors (0.000 secs)
[2015.09.20-14.28.30:313][  0]Cmd: MAP CHECKDEP NOCLEARLOG
[2015.09.20-14.28.30:393][  0]MapCheck: Info Map check complete: 0 Error(s), 0 Warning(s), took 79.432ms to complete.
[2015.09.20-14.28.30:393][  0]LogFileHelpers: Loading map 'FirstPersonExampleMap' took 1.381
[2015.09.20-14.28.30:483][  0]LogCollectionManager: Loaded 0 collections in 0.005035 seconds
[2015.09.20-14.28.30:531][  0]LogFileCache: Scanning file cache for directory 'C:/Users/K/Desktop/Labyrinth - Copy/Labyrinth/Saved/Collections/' took 0.01s
[2015.09.20-14.28.30:531][  0]LogFileCache: Scanning file cache for directory 'C:/Users/K/Desktop/Labyrinth - Copy/Labyrinth/Content/Developers/K/Collections/' took 0.01s
[2015.09.20-14.28.30:531][  0]LogFileCache: Scanning file cache for directory 'C:/Users/K/Desktop/Labyrinth - Copy/Labyrinth/Content/Collections/' took 0.01s
[2015.09.20-14.28.30:531][  0]LogContentBrowser: Native class hierarchy populated in 0.0144 seconds. Added 1882 classes and 339 folders.
[2015.09.20-14.28.30:538][  0]LogCollectionManager: Rebuilt the GUID cache for 0 collections in 0.000004 seconds
[2015.09.20-14.28.30:547][  0]LogContentBrowser: Native class hierarchy updated for 'WidgetCarousel' in 0.0005 seconds. Added 0 classes and 0 folders.
[2015.09.20-14.28.30:605][  0]LogContentBrowser: Native class hierarchy updated for 'AddContentDialog' in 0.0004 seconds. Added 0 classes and 0 folders.
[2015.09.20-14.28.30:664][  0]LogContentBrowser: Native class hierarchy updated for 'SceneOutliner' in 0.0006 seconds. Added 1 classes and 2 folders.
[2015.09.20-14.28.30:763][  0]LogCrashTracker: Crashtracker disabled due to settings.
[2015.09.20-14.28.30:770][  0]LogUObjectGlobals:Warning: Failed to find object 'Class None.'
[2015.09.20-14.28.30:792][  0]LogLoad: Full Startup: 8.58 seconds (BP compile: 0.34 seconds)
[2015.09.20-14.28.30:902][  0]LogContentStreaming: Texture pool size now 200 MB
[2015.09.20-14.28.31:098][  0]LogRenderer: Reallocating scene render targets to support 876x724 (Frame:2).
[2015.09.20-14.28.32:295][  7]LogAssetRegistry: Asset discovery search completed in 5.1833 seconds
[2015.09.20-14.28.32:295][  7]LogCollectionManager: Rebuilt the object cache for 0 collections in 0.000001 seconds (found 0 objects)
[2015.09.20-14.28.32:295][  7]LogCollectionManager: Fixed up redirectors for 0 collections in 0.000030 seconds (updated 0 objects)
[2015.09.20-14.28.35:473][ 99]LogBlueprintUserMessages: Early PlayInEditor Detection: Level '/Game/FirstPersonBP/Maps/FirstPersonExampleMap.FirstPersonExampleMap:PersistentLevel' has LevelScriptBlueprint '/Game/FirstPersonBP/Maps/FirstPersonExampleMap.FirstPersonExampleMap:PersistentLevel.FirstPersonExampleMap' with GeneratedClass '/Game/FirstPersonBP/Maps/FirstPersonExampleMap.FirstPersonExampleMap_C' with ClassGeneratedBy '/Game/FirstPersonBP/Maps/FirstPersonExampleMap.FirstPersonExampleMap:PersistentLevel.FirstPersonExampleMap'
[2015.09.20-14.28.35:473][ 99]LogPlayLevel: PlayLevel: No blueprints needed recompiling
[2015.09.20-14.28.35:474][ 99]PIE: New page: PIE session: FirstPersonExampleMap (Sep 20, 2015, 4:28:35 AM)
[2015.09.20-14.28.35:474][ 99]LogPlayLevel: Creating play world package: /Game/FirstPersonBP/Maps/UEDPIE_0_FirstPersonExampleMap
[2015.09.20-14.28.35:504][ 99]LogPlayLevel: PIE: StaticDuplicateObject took: (0.030076s)
[2015.09.20-14.28.35:507][ 99]LogAIModule: Creating AISystem for world FirstPersonExampleMap
[2015.09.20-14.28.35:507][ 99]LogPlayLevel: PIE: World Init took: (0.003259s)
[2015.09.20-14.28.35:507][ 99]LogPlayLevel: PIE: Created PIE world by copying editor world from /Game/FirstPersonBP/Maps/FirstPersonExampleMap.FirstPersonExampleMap to /Game/FirstPersonBP/Maps/UEDPIE_0_FirstPersonExampleMap.FirstPersonExampleMap (0.033632s)
[2015.09.20-14.28.35:556][ 99]LogInit: XAudio2 using 'Speakers (Realtek High Definition Audio)' : 2 channels at 48 kHz using 32 bits per sample (channel mask 0x3)
[2015.09.20-14.28.35:563][ 99]LogInit: FAudioDevice initialized.
[2015.09.20-14.28.35:617][ 99]LogLinker:Warning: Asset '../../../../../../Users/K/Desktop/Labyrinth - Copy/Labyrinth/Content/FirstPersonBP/Blueprints/FirstPersonHUD.uasset' has been saved with empty engine version. The asset will be loaded but may be incompatible.
[2015.09.20-14.28.35:648][ 99]LogWorld: Game class is 'FirstPersonGameMode_C'
[2015.09.20-14.28.35:654][ 99]LogWorld: Bringing World /Game/FirstPersonBP/Maps/UEDPIE_0_FirstPersonExampleMap.FirstPersonExampleMap up for play (max tick rate 60) at 2015.09.20-09.28.35
[2015.09.20-14.28.35:654][ 99]LogActor:Warning: GameSession /Game/FirstPersonBP/Maps/UEDPIE_0_FirstPersonExampleMap.FirstPersonExampleMap:PersistentLevel.GameSession_0 has natively added scene component(s), but none of them were set as the actor's RootComponent - picking one arbitrarily
[2015.09.20-14.28.35:654][ 99]LogActor:Warning: GameNetworkManager /Game/FirstPersonBP/Maps/UEDPIE_0_FirstPersonExampleMap.FirstPersonExampleMap:PersistentLevel.GameNetworkManager_0 has natively added scene component(s), but none of them were set as the actor's RootComponent - picking one arbitrarily
[2015.09.20-14.28.35:655][ 99]LogWorld: Bringing up level for play took: 0.005258
[2015.09.20-14.28.35:656][ 99]PIE: Info Play in editor start time for /Game/FirstPersonBP/Maps/UEDPIE_0_FirstPersonExampleMap -0.417
[2015.09.20-14.28.35:657][ 99]LogBlueprintUserMessages: Late PlayInEditor Detection: Level '/Game/FirstPersonBP/Maps/FirstPersonExampleMap.FirstPersonExampleMap:PersistentLevel' has LevelScriptBlueprint '/Game/FirstPersonBP/Maps/FirstPersonExampleMap.FirstPersonExampleMap:PersistentLevel.FirstPersonExampleMap' with GeneratedClass '/Game/FirstPersonBP/Maps/FirstPersonExampleMap.FirstPersonExampleMap_C' with ClassGeneratedBy '/Game/FirstPersonBP/Maps/FirstPersonExampleMap.FirstPersonExampleMap:PersistentLevel.FirstPersonExampleMap'
[2015.09.20-14.28.37:782][145]LogBlueprintUserMessages: Early EndPlayMap Detection: Level '/Game/FirstPersonBP/Maps/FirstPersonExampleMap.FirstPersonExampleMap:PersistentLevel' has LevelScriptBlueprint '/Game/FirstPersonBP/Maps/FirstPersonExampleMap.FirstPersonExampleMap:PersistentLevel.FirstPersonExampleMap' with GeneratedClass '/Game/FirstPersonBP/Maps/FirstPersonExampleMap.FirstPersonExampleMap_C' with ClassGeneratedBy '/Game/FirstPersonBP/Maps/FirstPersonExampleMap.FirstPersonExampleMap:PersistentLevel.FirstPersonExampleMap'
[2015.09.20-14.28.37:851][145]LogBlueprintUserMessages: Late EndPlayMap Detection: Level '/Game/FirstPersonBP/Maps/FirstPersonExampleMap.FirstPersonExampleMap:PersistentLevel' has LevelScriptBlueprint '/Game/FirstPersonBP/Maps/FirstPersonExampleMap.FirstPersonExampleMap:PersistentLevel.FirstPersonExampleMap' with GeneratedClass '/Game/FirstPersonBP/Maps/FirstPersonExampleMap.FirstPersonExampleMap_C' with ClassGeneratedBy '/Game/FirstPersonBP/Maps/FirstPersonExampleMap.FirstPersonExampleMap:PersistentLevel.FirstPersonExampleMap'
[2015.09.20-14.28.37:887][145]LogParticles: Destroying 0 GPU particle simulations for FXSystem 0x00000011B38D0C20
[2015.09.20-14.28.43:260][249]LogSpawn:Warning: SpawnActor failed because we are running a ConstructionScript (Cell_C)
[2015.09.20-14.28.43:283][250]LogSpawn:Warning: SpawnActor failed because we are running a ConstructionScript (Cell_C)
[2015.09.20-14.28.43:332][251]LogSpawn:Warning: SpawnActor failed because we are running a ConstructionScript (Cell_C)
[2015.09.20-14.28.43:382][252]LogSpawn:Warning: SpawnActor failed because we are running a ConstructionScript (Cell_C)
[2015.09.20-14.28.43:431][253]LogSpawn:Warning: SpawnActor failed because we are running a ConstructionScript (Cell_C)
[2015.09.20-14.28.43:625][257]LogSpawn:Warning: SpawnActor failed because we are running a ConstructionScript (Cell_C)
[2015.09.20-14.28.43:674][258]LogSpawn:Warning: SpawnActor failed because we are running a ConstructionScript (Cell_C)
[2015.09.20-14.28.43:722][259]LogSpawn:Warning: SpawnActor failed because we are running a ConstructionScript (Cell_C)
[2015.09.20-14.28.44:873][282]LogSpawn:Warning: SpawnActor failed because we are running a ConstructionScript (Cell_C)
[2015.09.20-14.28.44:918][283]LogSpawn:Warning: SpawnActor failed because we are running a ConstructionScript (Cell_C)
[2015.09.20-14.28.44:965][284]LogSpawn:Warning: SpawnActor failed because we are running a ConstructionScript (Cell_C)
[2015.09.20-14.28.45:013][285]LogSpawn:Warning: SpawnActor failed because we are running a ConstructionScript (Cell_C)
[2015.09.20-14.28.45:067][286]LogSpawn:Warning: SpawnActor failed because we are running a ConstructionScript (Cell_C)
[2015.09.20-14.28.45:116][287]LogSpawn:Warning: SpawnActor failed because we are running a ConstructionScript (Cell_C)
[2015.09.20-14.28.45:164][288]LogSpawn:Warning: SpawnActor failed because we are running a ConstructionScript (Cell_C)
[2015.09.20-14.28.45:303][291]LogSpawn:Warning: SpawnActor failed because we are running a ConstructionScript (Cell_C)
[2015.09.20-14.28.46:550][313]LogLinker:Warning: Asset '../../../Engine/Content/ArtTools/RenderToTexture/Macros/RenderToTextureMacros.uasset' has been saved with empty engine version. The asset will be loaded but may be incompatible.
[2015.09.20-14.28.47:227][313]LogContentBrowser: Native class hierarchy updated for 'BlueprintGraph' in 0.0008 seconds. Added 107 classes and 0 folders.
[2015.09.20-14.28.47:780][313]LogSpawn:Warning: SpawnActor failed because we are running a ConstructionScript (Cell_C)
[2015.09.20-14.28.47:780][313]LogBlueprintUserMessages: [Cell_C_0] init cell
[2015.09.20-14.28.47:780][313]LogScript:Warning: Accessed None 'placeholderCell'
	Cell_C /Engine/Transient.World_3:PersistentLevel.Cell_C_0
	Function /Game/FirstPersonBP/Cell.Cell_C:initCell:0114
[2015.09.20-14.28.47:780][313]LogScript:Warning: Accessed None 'placeholderCell'
	Cell_C /Engine/Transient.World_3:PersistentLevel.Cell_C_0
	Function /Game/FirstPersonBP/Cell.Cell_C:initCell:014D
[2015.09.20-14.28.47:780][313]LogScript:Warning: Accessed None 'placeholderCell'
	Cell_C /Engine/Transient.World_3:PersistentLevel.Cell_C_0
	Function /Game/FirstPersonBP/Cell.Cell_C:initCell:0186
[2015.09.20-14.28.47:780][313]LogScript:Warning: Accessed None 'placeholderCell'
	Cell_C /Engine/Transient.World_3:PersistentLevel.Cell_C_0
	Function /Game/FirstPersonBP/Cell.Cell_C:initCell:01BF
[2015.09.20-14.28.47:781][313]LogBlueprintUserMessages: [Cell_C_1] init cell
[2015.09.20-14.28.47:781][313]LogScript:Warning: Accessed None 'placeholderCell'
	Cell_C /Engine/Transient.World_3:PersistentLevel.Cell_C_1
	Function /Game/FirstPersonBP/Cell.Cell_C:initCell:0114
[2015.09.20-14.28.47:781][313]LogScript:Warning: Accessed None 'placeholderCell'
	Cell_C /Engine/Transient.World_3:PersistentLevel.Cell_C_1
	Function /Game/FirstPersonBP/Cell.Cell_C:initCell:014D
[2015.09.20-14.28.47:781][313]LogScript:Warning: Accessed None 'placeholderCell'
	Cell_C /Engine/Transient.World_3:PersistentLevel.Cell_C_1
	Function /Game/FirstPersonBP/Cell.Cell_C:initCell:0186
[2015.09.20-14.28.47:781][313]LogScript:Warning: Accessed None 'placeholderCell'
	Cell_C /Engine/Transient.World_3:PersistentLevel.Cell_C_1
	Function /Game/FirstPersonBP/Cell.Cell_C:initCell:01BF
[2015.09.20-14.28.47:781][313]LogBlueprintUserMessages: [Cell_C_2] init cell
[2015.09.20-14.28.47:781][313]LogScript:Warning: Accessed None 'placeholderCell'
	Cell_C /Engine/Transient.World_3:PersistentLevel.Cell_C_2
	Function /Game/FirstPersonBP/Cell.Cell_C:initCell:0114
[2015.09.20-14.28.47:781][313]LogScript:Warning: Accessed None 'placeholderCell'
	Cell_C /Engine/Transient.World_3:PersistentLevel.Cell_C_2
	Function /Game/FirstPersonBP/Cell.Cell_C:initCell:014D
[2015.09.20-14.28.47:781][313]LogScript:Warning: Accessed None 'placeholderCell'
	Cell_C /Engine/Transient.World_3:PersistentLevel.Cell_C_2
	Function /Game/FirstPersonBP/Cell.Cell_C:initCell:0186
[2015.09.20-14.28.47:781][313]LogScript:Warning: Accessed None 'placeholderCell'
	Cell_C /Engine/Transient.World_3:PersistentLevel.Cell_C_2
	Function /Game/FirstPersonBP/Cell.Cell_C:initCell:01BF
[2015.09.20-14.28.47:781][313]LogBlueprintUserMessages: [Cell_C_3] init cell
[2015.09.20-14.28.47:781][313]LogScript:Warning: Accessed None 'placeholderCell'
	Cell_C /Engine/Transient.World_3:PersistentLevel.Cell_C_3
	Function /Game/FirstPersonBP/Cell.Cell_C:initCell:0114
[2015.09.20-14.28.47:781][313]LogScript:Warning: Accessed None 'placeholderCell'
	Cell_C /Engine/Transient.World_3:PersistentLevel.Cell_C_3
	Function /Game/FirstPersonBP/Cell.Cell_C:initCell:014D
[2015.09.20-14.28.47:781][313]LogScript:Warning: Accessed None 'placeholderCell'
	Cell_C /Engine/Transient.World_3:PersistentLevel.Cell_C_3
	Function /Game/FirstPersonBP/Cell.Cell_C:initCell:0186
[2015.09.20-14.28.47:781][313]LogScript:Warning: Accessed None 'placeholderCell'
	Cell_C /Engine/Transient.World_3:PersistentLevel.Cell_C_3
	Function /Game/FirstPersonBP/Cell.Cell_C:initCell:01BF
[2015.09.20-14.28.47:782][313]LogBlueprintUserMessages: [Cell_C_4] init cell
[2015.09.20-14.28.47:782][313]LogScript:Warning: Accessed None 'placeholderCell'
	Cell_C /Engine/Transient.World_3:PersistentLevel.Cell_C_4
	Function /Game/FirstPersonBP/Cell.Cell_C:initCell:0114
[2015.09.20-14.28.47:782][313]LogScript:Warning: Accessed None 'placeholderCell'
	Cell_C /Engine/Transient.World_3:PersistentLevel.Cell_C_4
	Function /Game/FirstPersonBP/Cell.Cell_C:initCell:014D
[2015.09.20-14.28.47:782][313]LogScript:Warning: Accessed None 'placeholderCell'
	Cell_C /Engine/Transient.World_3:PersistentLevel.Cell_C_4
	Function /Game/FirstPersonBP/Cell.Cell_C:initCell:0186
[2015.09.20-14.28.47:782][313]LogScript:Warning: Accessed None 'placeholderCell'
	Cell_C /Engine/Transient.World_3:PersistentLevel.Cell_C_4
	Function /Game/FirstPersonBP/Cell.Cell_C:initCell:01BF
[2015.09.20-14.28.47:782][313]LogBlueprintUserMessages: [Cell_C_5] init cell
[2015.09.20-14.28.47:782][313]LogScript:Warning: Accessed None 'placeholderCell'
	Cell_C /Engine/Transient.World_3:PersistentLevel.Cell_C_5
	Function /Game/FirstPersonBP/Cell.Cell_C:initCell:0114
[2015.09.20-14.28.47:782][313]LogScript:Warning: Accessed None 'placeholderCell'
	Cell_C /Engine/Transient.World_3:PersistentLevel.Cell_C_5
	Function /Game/FirstPersonBP/Cell.Cell_C:initCell:014D
[2015.09.20-14.28.47:782][313]LogScript:Warning: Accessed None 'placeholderCell'
	Cell_C /Engine/Transient.World_3:PersistentLevel.Cell_C_5
	Function /Game/FirstPersonBP/Cell.Cell_C:initCell:0186
[2015.09.20-14.28.47:782][313]LogScript:Warning: Accessed None 'placeholderCell'
	Cell_C /Engine/Transient.World_3:PersistentLevel.Cell_C_5
	Function /Game/FirstPersonBP/Cell.Cell_C:initCell:01BF
[2015.09.20-14.28.47:782][313]LogBlueprintUserMessages: [Cell_C_6] init cell
[2015.09.20-14.28.47:782][313]LogScript:Warning: Accessed None 'placeholderCell'
	Cell_C /Engine/Transient.World_3:PersistentLevel.Cell_C_6
	Function /Game/FirstPersonBP/Cell.Cell_C:initCell:0114
[2015.09.20-14.28.47:782][313]LogScript:Warning: Accessed None 'placeholderCell'
	Cell_C /Engine/Transient.World_3:PersistentLevel.Cell_C_6
	Function /Game/FirstPersonBP/Cell.Cell_C:initCell:014D
[2015.09.20-14.28.47:782][313]LogScript:Warning: Accessed None 'placeholderCell'
	Cell_C /Engine/Transient.World_3:PersistentLevel.Cell_C_6
	Function /Game/FirstPersonBP/Cell.Cell_C:initCell:0186
[2015.09.20-14.28.47:782][313]LogScript:Warning: Accessed None 'placeholderCell'
	Cell_C /Engine/Transient.World_3:PersistentLevel.Cell_C_6
	Function /Game/FirstPersonBP/Cell.Cell_C:initCell:01BF
[2015.09.20-14.28.47:782][313]LogBlueprintUserMessages: [Cell_C_7] init cell
[2015.09.20-14.28.47:783][313]LogScript:Warning: Accessed None 'placeholderCell'
	Cell_C /Engine/Transient.World_3:PersistentLevel.Cell_C_7
	Function /Game/FirstPersonBP/Cell.Cell_C:initCell:0114
[2015.09.20-14.28.47:783][313]LogScript:Warning: Accessed None 'placeholderCell'
	Cell_C /Engine/Transient.World_3:PersistentLevel.Cell_C_7
	Function /Game/FirstPersonBP/Cell.Cell_C:initCell:014D
[2015.09.20-14.28.47:783][313]LogScript:Warning: Accessed None 'placeholderCell'
	Cell_C /Engine/Transient.World_3:PersistentLevel.Cell_C_7
	Function /Game/FirstPersonBP/Cell.Cell_C:initCell:0186
[2015.09.20-14.28.47:783][313]LogScript:Warning: Accessed None 'placeholderCell'
	Cell_C /Engine/Transient.World_3:PersistentLevel.Cell_C_7
	Function /Game/FirstPersonBP/Cell.Cell_C:initCell:01BF
[2015.09.20-14.28.47:783][313]LogBlueprintUserMessages: [Cell_C_8] init cell
[2015.09.20-14.28.47:783][313]LogScript:Warning: Accessed None 'placeholderCell'
	Cell_C /Engine/Transient.World_3:PersistentLevel.Cell_C_8
	Function /Game/FirstPersonBP/Cell.Cell_C:initCell:0114
[2015.09.20-14.28.47:783][313]LogScript:Warning: Accessed None 'placeholderCell'
	Cell_C /Engine/Transient.World_3:PersistentLevel.Cell_C_8
	Function /Game/FirstPersonBP/Cell.Cell_C:initCell:014D
[2015.09.20-14.28.47:783][313]LogScript:Warning: Accessed None 'placeholderCell'
	Cell_C /Engine/Transient.World_3:PersistentLevel.Cell_C_8
	Function /Game/FirstPersonBP/Cell.Cell_C:initCell:0186
[2015.09.20-14.28.47:783][313]LogScript:Warning: Accessed None 'placeholderCell'
	Cell_C /Engine/Transient.World_3:PersistentLevel.Cell_C_8
	Function /Game/FirstPersonBP/Cell.Cell_C:initCell:01BF
[2015.09.20-14.28.47:783][313]LogBlueprintUserMessages: [Cell_C_0] Hello
[2015.09.20-14.28.47:783][313]LogBlueprintUserMessages: [Cell_C_0] Hello
[2015.09.20-14.28.47:783][313]LogBlueprintUserMessages: [Cell_C_0] hello
[2015.09.20-14.28.47:784][313]LogBlueprintUserMessages: [Cell_C_1] Hello
[2015.09.20-14.28.47:784][313]LogBlueprintUserMessages: [Cell_C_1] Hello
[2015.09.20-14.28.47:784][313]LogBlueprintUserMessages: [Cell_C_2] Hello
[2015.09.20-14.28.47:784][313]LogBlueprintUserMessages: [Cell_C_2] Hello
[2015.09.20-14.28.47:784][313]LogBlueprintUserMessages: [Cell_C_3] Hello
[2015.09.20-14.28.47:784][313]LogBlueprintUserMessages: [Cell_C_3] Hello
[2015.09.20-14.28.47:784][313]LogBlueprintUserMessages: [Cell_C_4] Hello
[2015.09.20-14.28.47:785][313]LogBlueprintUserMessages: [Cell_C_4] Hello
[2015.09.20-14.28.47:785][313]LogBlueprintUserMessages: [Cell_C_5] Hello
[2015.09.20-14.28.47:785][313]LogBlueprintUserMessages: [Cell_C_5] Hello
[2015.09.20-14.28.47:785][313]LogBlueprintUserMessages: [Cell_C_6] Hello
[2015.09.20-14.28.47:785][313]LogBlueprintUserMessages: [Cell_C_6] Hello
[2015.09.20-14.28.47:785][313]LogBlueprintUserMessages: [Cell_C_7] Hello
[2015.09.20-14.28.47:785][313]LogBlueprintUserMessages: [Cell_C_7] Hello
[2015.09.20-14.28.47:786][313]LogBlueprintUserMessages: [Cell_C_8] Hello
[2015.09.20-14.28.47:786][313]LogBlueprintUserMessages: [Cell_C_8] Hello
[2015.09.20-14.28.53:399][545]BlueprintLog: New page: Compile Daedalus
[2015.09.20-14.28.53:468][545]LogSpawn:Warning: SpawnActor failed because we are running a ConstructionScript (Cell_C)
[2015.09.20-14.28.53:480][545]LogSpawn:Warning: SpawnActor failed because we are running a ConstructionScript (Cell_C)
[2015.09.20-14.28.53:480][545]LogBlueprintUserMessages: [Cell_C_18] init cell
[2015.09.20-14.28.53:480][545]LogScript:Warning: Accessed None 'placeholderCell'
	Cell_C /Engine/Transient.World_3:PersistentLevel.Cell_C_18
	Function /Game/FirstPersonBP/Cell.Cell_C:initCell:0114
[2015.09.20-14.28.53:480][545]LogScript:Warning: Accessed None 'placeholderCell'
	Cell_C /Engine/Transient.World_3:PersistentLevel.Cell_C_18
	Function /Game/FirstPersonBP/Cell.Cell_C:initCell:014D
[2015.09.20-14.28.53:480][545]LogScript:Warning: Accessed None 'placeholderCell'
	Cell_C /Engine/Transient.World_3:PersistentLevel.Cell_C_18
	Function /Game/FirstPersonBP/Cell.Cell_C:initCell:0186
[2015.09.20-14.28.53:480][545]LogScript:Warning: Accessed None 'placeholderCell'
	Cell_C /Engine/Transient.World_3:PersistentLevel.Cell_C_18
	Function /Game/FirstPersonBP/Cell.Cell_C:initCell:01BF
[2015.09.20-14.28.53:481][545]LogBlueprintUserMessages: [Cell_C_19] init cell
[2015.09.20-14.28.53:481][545]LogScript:Warning: Accessed None 'placeholderCell'
	Cell_C /Engine/Transient.World_3:PersistentLevel.Cell_C_19
	Function /Game/FirstPersonBP/Cell.Cell_C:initCell:0114
[2015.09.20-14.28.53:481][545]LogScript:Warning: Accessed None 'placeholderCell'
	Cell_C /Engine/Transient.World_3:PersistentLevel.Cell_C_19
	Function /Game/FirstPersonBP/Cell.Cell_C:initCell:014D
[2015.09.20-14.28.53:481][545]LogScript:Warning: Accessed None 'placeholderCell'
	Cell_C /Engine/Transient.World_3:PersistentLevel.Cell_C_19
	Function /Game/FirstPersonBP/Cell.Cell_C:initCell:0186
[2015.09.20-14.28.53:481][545]LogScript:Warning: Accessed None 'placeholderCell'
	Cell_C /Engine/Transient.World_3:PersistentLevel.Cell_C_19
	Function /Game/FirstPersonBP/Cell.Cell_C:initCell:01BF
[2015.09.20-14.28.53:481][545]LogBlueprintUserMessages: [Cell_C_20] init cell
[2015.09.20-14.28.53:481][545]LogScript:Warning: Accessed None 'placeholderCell'
	Cell_C /Engine/Transient.World_3:PersistentLevel.Cell_C_20
	Function /Game/FirstPersonBP/Cell.Cell_C:initCell:0114
[2015.09.20-14.28.53:481][545]LogScript:Warning: Accessed None 'placeholderCell'
	Cell_C /Engine/Transient.World_3:PersistentLevel.Cell_C_20
	Function /Game/FirstPersonBP/Cell.Cell_C:initCell:014D
[2015.09.20-14.28.53:481][545]LogScript:Warning: Accessed None 'placeholderCell'
	Cell_C /Engine/Transient.World_3:PersistentLevel.Cell_C_20
	Function /Game/FirstPersonBP/Cell.Cell_C:initCell:0186
[2015.09.20-14.28.53:481][545]LogScript:Warning: Accessed None 'placeholderCell'
	Cell_C /Engine/Transient.World_3:PersistentLevel.Cell_C_20
	Function /Game/FirstPersonBP/Cell.Cell_C:initCell:01BF
[2015.09.20-14.28.53:482][545]LogBlueprintUserMessages: [Cell_C_21] init cell
[2015.09.20-14.28.53:482][545]LogScript:Warning: Accessed None 'placeholderCell'
	Cell_C /Engine/Transient.World_3:PersistentLevel.Cell_C_21
	Function /Game/FirstPersonBP/Cell.Cell_C:initCell:0114
[2015.09.20-14.28.53:482][545]LogScript:Warning: Accessed None 'placeholderCell'
	Cell_C /Engine/Transient.World_3:PersistentLevel.Cell_C_21
	Function /Game/FirstPersonBP/Cell.Cell_C:initCell:014D
[2015.09.20-14.28.53:482][545]LogScript:Warning: Accessed None 'placeholderCell'
	Cell_C /Engine/Transient.World_3:PersistentLevel.Cell_C_21
	Function /Game/FirstPersonBP/Cell.Cell_C:initCell:0186
[2015.09.20-14.28.53:482][545]LogScript:Warning: Accessed None 'placeholderCell'
	Cell_C /Engine/Transient.World_3:PersistentLevel.Cell_C_21
	Function /Game/FirstPersonBP/Cell.Cell_C:initCell:01BF
[2015.09.20-14.28.53:482][545]LogBlueprintUserMessages: [Cell_C_22] init cell
[2015.09.20-14.28.53:482][545]LogScript:Warning: Accessed None 'placeholderCell'
	Cell_C /Engine/Transient.World_3:PersistentLevel.Cell_C_22
	Function /Game/FirstPersonBP/Cell.Cell_C:initCell:0114
[2015.09.20-14.28.53:482][545]LogScript:Warning: Accessed None 'placeholderCell'
	Cell_C /Engine/Transient.World_3:PersistentLevel.Cell_C_22
	Function /Game/FirstPersonBP/Cell.Cell_C:initCell:014D
[2015.09.20-14.28.53:482][545]LogScript:Warning: Accessed None 'placeholderCell'
	Cell_C /Engine/Transient.World_3:PersistentLevel.Cell_C_22
	Function /Game/FirstPersonBP/Cell.Cell_C:initCell:0186
[2015.09.20-14.28.53:482][545]LogScript:Warning: Accessed None 'placeholderCell'
	Cell_C /Engine/Transient.World_3:PersistentLevel.Cell_C_22
	Function /Game/FirstPersonBP/Cell.Cell_C:initCell:01BF
[2015.09.20-14.28.53:483][545]LogBlueprintUserMessages: [Cell_C_23] init cell
[2015.09.20-14.28.53:483][545]LogScript:Warning: Accessed None 'placeholderCell'
	Cell_C /Engine/Transient.World_3:PersistentLevel.Cell_C_23
	Function /Game/FirstPersonBP/Cell.Cell_C:initCell:0114
[2015.09.20-14.28.53:483][545]LogScript:Warning: Accessed None 'placeholderCell'
	Cell_C /Engine/Transient.World_3:PersistentLevel.Cell_C_23
	Function /Game/FirstPersonBP/Cell.Cell_C:initCell:014D
[2015.09.20-14.28.53:483][545]LogScript:Warning: Accessed None 'placeholderCell'
	Cell_C /Engine/Transient.World_3:PersistentLevel.Cell_C_23
	Function /Game/FirstPersonBP/Cell.Cell_C:initCell:0186
[2015.09.20-14.28.53:483][545]LogScript:Warning: Accessed None 'placeholderCell'
	Cell_C /Engine/Transient.World_3:PersistentLevel.Cell_C_23
	Function /Game/FirstPersonBP/Cell.Cell_C:initCell:01BF
[2015.09.20-14.28.53:483][545]LogBlueprintUserMessages: [Cell_C_24] init cell
[2015.09.20-14.28.53:483][545]LogScript:Warning: Accessed None 'placeholderCell'
	Cell_C /Engine/Transient.World_3:PersistentLevel.Cell_C_24
	Function /Game/FirstPersonBP/Cell.Cell_C:initCell:0114
[2015.09.20-14.28.53:483][545]LogScript:Warning: Accessed None 'placeholderCell'
	Cell_C /Engine/Transient.World_3:PersistentLevel.Cell_C_24
	Function /Game/FirstPersonBP/Cell.Cell_C:initCell:014D
[2015.09.20-14.28.53:484][545]LogScript:Warning: Accessed None 'placeholderCell'
	Cell_C /Engine/Transient.World_3:PersistentLevel.Cell_C_24
	Function /Game/FirstPersonBP/Cell.Cell_C:initCell:0186
[2015.09.20-14.28.53:484][545]LogScript:Warning: Accessed None 'placeholderCell'
	Cell_C /Engine/Transient.World_3:PersistentLevel.Cell_C_24
	Function /Game/FirstPersonBP/Cell.Cell_C:initCell:01BF
[2015.09.20-14.28.53:484][545]LogBlueprintUserMessages: [Cell_C_25] init cell
[2015.09.20-14.28.53:484][545]LogScript:Warning: Accessed None 'placeholderCell'
	Cell_C /Engine/Transient.World_3:PersistentLevel.Cell_C_25
	Function /Game/FirstPersonBP/Cell.Cell_C:initCell:0114
[2015.09.20-14.28.53:484][545]LogScript:Warning: Accessed None 'placeholderCell'
	Cell_C /Engine/Transient.World_3:PersistentLevel.Cell_C_25
	Function /Game/FirstPersonBP/Cell.Cell_C:initCell:014D
[2015.09.20-14.28.53:484][545]LogScript:Warning: Accessed None 'placeholderCell'
	Cell_C /Engine/Transient.World_3:PersistentLevel.Cell_C_25
	Function /Game/FirstPersonBP/Cell.Cell_C:initCell:0186
[2015.09.20-14.28.53:484][545]LogScript:Warning: Accessed None 'placeholderCell'
	Cell_C /Engine/Transient.World_3:PersistentLevel.Cell_C_25
	Function /Game/FirstPersonBP/Cell.Cell_C:initCell:01BF
[2015.09.20-14.28.53:485][545]LogBlueprintUserMessages: [Cell_C_26] init cell
[2015.09.20-14.28.53:485][545]LogScript:Warning: Accessed None 'placeholderCell'
	Cell_C /Engine/Transient.World_3:PersistentLevel.Cell_C_26
	Function /Game/FirstPersonBP/Cell.Cell_C:initCell:0114
[2015.09.20-14.28.53:485][545]LogScript:Warning: Accessed None 'placeholderCell'
	Cell_C /Engine/Transient.World_3:PersistentLevel.Cell_C_26
	Function /Game/FirstPersonBP/Cell.Cell_C:initCell:014D
[2015.09.20-14.28.53:485][545]LogScript:Warning: Accessed None 'placeholderCell'
	Cell_C /Engine/Transient.World_3:PersistentLevel.Cell_C_26
	Function /Game/FirstPersonBP/Cell.Cell_C:initCell:0186
[2015.09.20-14.28.53:485][545]LogScript:Warning: Accessed None 'placeholderCell'
	Cell_C /Engine/Transient.World_3:PersistentLevel.Cell_C_26
	Function /Game/FirstPersonBP/Cell.Cell_C:initCell:01BF
[2015.09.20-14.28.53:485][545]LogBlueprintUserMessages: [Cell_C_18] Hello
[2015.09.20-14.28.53:485][545]LogBlueprintUserMessages: [Cell_C_18] Hello
[2015.09.20-14.28.53:485][545]LogBlueprintUserMessages: [Cell_C_18] hello
[2015.09.20-14.28.53:486][545]LogBlueprintUserMessages: [Cell_C_19] Hello
[2015.09.20-14.28.53:486][545]LogBlueprintUserMessages: [Cell_C_19] Hello
[2015.09.20-14.28.53:486][545]LogBlueprintUserMessages: [Cell_C_20] Hello
[2015.09.20-14.28.53:486][545]LogBlueprintUserMessages: [Cell_C_20] Hello
[2015.09.20-14.28.53:487][545]LogBlueprintUserMessages: [Cell_C_21] Hello
[2015.09.20-14.28.53:487][545]LogBlueprintUserMessages: [Cell_C_21] Hello
[2015.09.20-14.28.53:487][545]LogBlueprintUserMessages: [Cell_C_22] Hello
[2015.09.20-14.28.53:487][545]LogBlueprintUserMessages: [Cell_C_22] Hello
[2015.09.20-14.28.53:488][545]LogBlueprintUserMessages: [Cell_C_23] Hello
[2015.09.20-14.28.53:488][545]LogBlueprintUserMessages: [Cell_C_23] Hello
[2015.09.20-14.28.53:488][545]LogBlueprintUserMessages: [Cell_C_24] Hello
[2015.09.20-14.28.53:488][545]LogBlueprintUserMessages: [Cell_C_24] Hello
[2015.09.20-14.28.53:488][545]LogBlueprintUserMessages: [Cell_C_25] Hello
[2015.09.20-14.28.53:489][545]LogBlueprintUserMessages: [Cell_C_25] Hello
[2015.09.20-14.28.53:489][545]LogBlueprintUserMessages: [Cell_C_26] Hello
[2015.09.20-14.28.53:489][545]LogBlueprintUserMessages: [Cell_C_26] Hello
[2015.09.20-14.28.53:583][545]LogSpawn:Warning: SpawnActor failed because we are running a ConstructionScript (Cell_C)
[2015.09.20-14.28.53:584][545]LogSpawn:Warning: SpawnActor failed because we are running a ConstructionScript (Cell_C)
[2015.09.20-14.28.53:584][545]LogBlueprintUserMessages: [Cell_C_36] init cell
[2015.09.20-14.28.53:584][545]LogScript:Warning: Accessed None 'placeholderCell'
	Cell_C /Engine/Transient.World_3:PersistentLevel.Cell_C_36
	Function /Game/FirstPersonBP/Cell.Cell_C:initCell:0114
[2015.09.20-14.28.53:584][545]LogScript:Warning: Accessed None 'placeholderCell'
	Cell_C /Engine/Transient.World_3:PersistentLevel.Cell_C_36
	Function /Game/FirstPersonBP/Cell.Cell_C:initCell:014D
[2015.09.20-14.28.53:584][545]LogScript:Warning: Accessed None 'placeholderCell'
	Cell_C /Engine/Transient.World_3:PersistentLevel.Cell_C_36
	Function /Game/FirstPersonBP/Cell.Cell_C:initCell:0186
[2015.09.20-14.28.53:584][545]LogScript:Warning: Accessed None 'placeholderCell'
	Cell_C /Engine/Transient.World_3:PersistentLevel.Cell_C_36
	Function /Game/FirstPersonBP/Cell.Cell_C:initCell:01BF
[2015.09.20-14.28.53:585][545]LogBlueprintUserMessages: [Cell_C_37] init cell
[2015.09.20-14.28.53:585][545]LogScript:Warning: Accessed None 'placeholderCell'
	Cell_C /Engine/Transient.World_3:PersistentLevel.Cell_C_37
	Function /Game/FirstPersonBP/Cell.Cell_C:initCell:0114
[2015.09.20-14.28.53:585][545]LogScript:Warning: Accessed None 'placeholderCell'
	Cell_C /Engine/Transient.World_3:PersistentLevel.Cell_C_37
	Function /Game/FirstPersonBP/Cell.Cell_C:initCell:014D
[2015.09.20-14.28.53:585][545]LogScript:Warning: Accessed None 'placeholderCell'
	Cell_C /Engine/Transient.World_3:PersistentLevel.Cell_C_37
	Function /Game/FirstPersonBP/Cell.Cell_C:initCell:0186
[2015.09.20-14.28.53:585][545]LogScript:Warning: Accessed None 'placeholderCell'
	Cell_C /Engine/Transient.World_3:PersistentLevel.Cell_C_37
	Function /Game/FirstPersonBP/Cell.Cell_C:initCell:01BF
[2015.09.20-14.28.53:585][545]LogBlueprintUserMessages: [Cell_C_38] init cell
[2015.09.20-14.28.53:585][545]LogScript:Warning: Accessed None 'placeholderCell'
	Cell_C /Engine/Transient.World_3:PersistentLevel.Cell_C_38
	Function /Game/FirstPersonBP/Cell.Cell_C:initCell:0114
[2015.09.20-14.28.53:585][545]LogScript:Warning: Accessed None 'placeholderCell'
	Cell_C /Engine/Transient.World_3:PersistentLevel.Cell_C_38
	Function /Game/FirstPersonBP/Cell.Cell_C:initCell:014D
[2015.09.20-14.28.53:585][545]LogScript:Warning: Accessed None 'placeholderCell'
	Cell_C /Engine/Transient.World_3:PersistentLevel.Cell_C_38
	Function /Game/FirstPersonBP/Cell.Cell_C:initCell:0186
[2015.09.20-14.28.53:585][545]LogScript:Warning: Accessed None 'placeholderCell'
	Cell_C /Engine/Transient.World_3:PersistentLevel.Cell_C_38
	Function /Game/FirstPersonBP/Cell.Cell_C:initCell:01BF
[2015.09.20-14.28.53:585][545]LogBlueprintUserMessages: [Cell_C_39] init cell
[2015.09.20-14.28.53:585][545]LogScript:Warning: Accessed None 'placeholderCell'
	Cell_C /Engine/Transient.World_3:PersistentLevel.Cell_C_39
	Function /Game/FirstPersonBP/Cell.Cell_C:initCell:0114
[2015.09.20-14.28.53:585][545]LogScript:Warning: Accessed None 'placeholderCell'
	Cell_C /Engine/Transient.World_3:PersistentLevel.Cell_C_39
	Function /Game/FirstPersonBP/Cell.Cell_C:initCell:014D
[2015.09.20-14.28.53:585][545]LogScript:Warning: Accessed None 'placeholderCell'
	Cell_C /Engine/Transient.World_3:PersistentLevel.Cell_C_39
	Function /Game/FirstPersonBP/Cell.Cell_C:initCell:0186
[2015.09.20-14.28.53:585][545]LogScript:Warning: Accessed None 'placeholderCell'
	Cell_C /Engine/Transient.World_3:PersistentLevel.Cell_C_39
	Function /Game/FirstPersonBP/Cell.Cell_C:initCell:01BF
[2015.09.20-14.28.53:585][545]LogBlueprintUserMessages: [Cell_C_40] init cell
[2015.09.20-14.28.53:585][545]LogScript:Warning: Accessed None 'placeholderCell'
	Cell_C /Engine/Transient.World_3:PersistentLevel.Cell_C_40
	Function /Game/FirstPersonBP/Cell.Cell_C:initCell:0114
[2015.09.20-14.28.53:586][545]LogScript:Warning: Accessed None 'placeholderCell'
	Cell_C /Engine/Transient.World_3:PersistentLevel.Cell_C_40
	Function /Game/FirstPersonBP/Cell.Cell_C:initCell:014D
[2015.09.20-14.28.53:586][545]LogScript:Warning: Accessed None 'placeholderCell'
	Cell_C /Engine/Transient.World_3:PersistentLevel.Cell_C_40
	Function /Game/FirstPersonBP/Cell.Cell_C:initCell:0186
[2015.09.20-14.28.53:586][545]LogScript:Warning: Accessed None 'placeholderCell'
	Cell_C /Engine/Transient.World_3:PersistentLevel.Cell_C_40
	Function /Game/FirstPersonBP/Cell.Cell_C:initCell:01BF
[2015.09.20-14.28.53:586][545]LogBlueprintUserMessages: [Cell_C_41] init cell
[2015.09.20-14.28.53:586][545]LogScript:Warning: Accessed None 'placeholderCell'
	Cell_C /Engine/Transient.World_3:PersistentLevel.Cell_C_41
	Function /Game/FirstPersonBP/Cell.Cell_C:initCell:0114
[2015.09.20-14.28.53:586][545]LogScript:Warning: Accessed None 'placeholderCell'
	Cell_C /Engine/Transient.World_3:PersistentLevel.Cell_C_41
	Function /Game/FirstPersonBP/Cell.Cell_C:initCell:014D
[2015.09.20-14.28.53:586][545]LogScript:Warning: Accessed None 'placeholderCell'
	Cell_C /Engine/Transient.World_3:PersistentLevel.Cell_C_41
	Function /Game/FirstPersonBP/Cell.Cell_C:initCell:0186
[2015.09.20-14.28.53:586][545]LogScript:Warning: Accessed None 'placeholderCell'
	Cell_C /Engine/Transient.World_3:PersistentLevel.Cell_C_41
	Function /Game/FirstPersonBP/Cell.Cell_C:initCell:01BF
[2015.09.20-14.28.53:586][545]LogBlueprintUserMessages: [Cell_C_42] init cell
[2015.09.20-14.28.53:586][545]LogScript:Warning: Accessed None 'placeholderCell'
	Cell_C /Engine/Transient.World_3:PersistentLevel.Cell_C_42
	Function /Game/FirstPersonBP/Cell.Cell_C:initCell:0114
[2015.09.20-14.28.53:586][545]LogScript:Warning: Accessed None 'placeholderCell'
	Cell_C /Engine/Transient.World_3:PersistentLevel.Cell_C_42
	Function /Game/FirstPersonBP/Cell.Cell_C:initCell:014D
[2015.09.20-14.28.53:586][545]LogScript:Warning: Accessed None 'placeholderCell'
	Cell_C /Engine/Transient.World_3:PersistentLevel.Cell_C_42
	Function /Game/FirstPersonBP/Cell.Cell_C:initCell:0186
[2015.09.20-14.28.53:586][545]LogScript:Warning: Accessed None 'placeholderCell'
	Cell_C /Engine/Transient.World_3:PersistentLevel.Cell_C_42
	Function /Game/FirstPersonBP/Cell.Cell_C:initCell:01BF
[2015.09.20-14.28.53:586][545]LogBlueprintUserMessages: [Cell_C_43] init cell
[2015.09.20-14.28.53:586][545]LogScript:Warning: Accessed None 'placeholderCell'
	Cell_C /Engine/Transient.World_3:PersistentLevel.Cell_C_43
	Function /Game/FirstPersonBP/Cell.Cell_C:initCell:0114
[2015.09.20-14.28.53:587][545]LogScript:Warning: Accessed None 'placeholderCell'
	Cell_C /Engine/Transient.World_3:PersistentLevel.Cell_C_43
	Function /Game/FirstPersonBP/Cell.Cell_C:initCell:014D
[2015.09.20-14.28.53:587][545]LogScript:Warning: Accessed None 'placeholderCell'
	Cell_C /Engine/Transient.World_3:PersistentLevel.Cell_C_43
	Function /Game/FirstPersonBP/Cell.Cell_C:initCell:0186
[2015.09.20-14.28.53:587][545]LogScript:Warning: Accessed None 'placeholderCell'
	Cell_C /Engine/Transient.World_3:PersistentLevel.Cell_C_43
	Function /Game/FirstPersonBP/Cell.Cell_C:initCell:01BF
[2015.09.20-14.28.53:587][545]LogBlueprintUserMessages: [Cell_C_44] init cell
[2015.09.20-14.28.53:587][545]LogScript:Warning: Accessed None 'placeholderCell'
	Cell_C /Engine/Transient.World_3:PersistentLevel.Cell_C_44
	Function /Game/FirstPersonBP/Cell.Cell_C:initCell:0114
[2015.09.20-14.28.53:587][545]LogScript:Warning: Accessed None 'placeholderCell'
	Cell_C /Engine/Transient.World_3:PersistentLevel.Cell_C_44
	Function /Game/FirstPersonBP/Cell.Cell_C:initCell:014D
[2015.09.20-14.28.53:587][545]LogScript:Warning: Accessed None 'placeholderCell'
	Cell_C /Engine/Transient.World_3:PersistentLevel.Cell_C_44
	Function /Game/FirstPersonBP/Cell.Cell_C:initCell:0186
[2015.09.20-14.28.53:587][545]LogScript:Warning: Accessed None 'placeholderCell'
	Cell_C /Engine/Transient.World_3:PersistentLevel.Cell_C_44
	Function /Game/FirstPersonBP/Cell.Cell_C:initCell:01BF
[2015.09.20-14.28.53:587][545]LogBlueprintUserMessages: [Cell_C_36] Hello
[2015.09.20-14.28.53:587][545]LogBlueprintUserMessages: [Cell_C_36] Hello
[2015.09.20-14.28.53:587][545]LogBlueprintUserMessages: [Cell_C_36] hello
[2015.09.20-14.28.53:587][545]LogBlueprintUserMessages: [Cell_C_37] Hello
[2015.09.20-14.28.53:587][545]LogBlueprintUserMessages: [Cell_C_37] Hello
[2015.09.20-14.28.53:588][545]LogBlueprintUserMessages: [Cell_C_38] Hello
[2015.09.20-14.28.53:588][545]LogBlueprintUserMessages: [Cell_C_38] Hello
[2015.09.20-14.28.53:588][545]LogBlueprintUserMessages: [Cell_C_39] Hello
[2015.09.20-14.28.53:588][545]LogBlueprintUserMessages: [Cell_C_39] Hello
[2015.09.20-14.28.53:588][545]LogBlueprintUserMessages: [Cell_C_40] Hello
[2015.09.20-14.28.53:588][545]LogBlueprintUserMessages: [Cell_C_40] Hello
[2015.09.20-14.28.53:588][545]LogBlueprintUserMessages: [Cell_C_41] Hello
[2015.09.20-14.28.53:589][545]LogBlueprintUserMessages: [Cell_C_41] Hello
[2015.09.20-14.28.53:589][545]LogBlueprintUserMessages: [Cell_C_42] Hello
[2015.09.20-14.28.53:589][545]LogBlueprintUserMessages: [Cell_C_42] Hello
[2015.09.20-14.28.53:589][545]LogBlueprintUserMessages: [Cell_C_43] Hello
[2015.09.20-14.28.53:589][545]LogBlueprintUserMessages: [Cell_C_43] Hello
[2015.09.20-14.28.53:589][545]LogBlueprintUserMessages: [Cell_C_44] Hello
[2015.09.20-14.28.53:589][545]LogBlueprintUserMessages: [Cell_C_44] Hello
[2015.09.20-14.28.53:594][545]BlueprintEditorCompileResults: Info [0031.38] Compile of Daedalus successful! [in 194 ms]
[2015.09.20-14.28.55:678][619]LogSpawn:Warning: SpawnActor failed because we are running a ConstructionScript (Cell_C)
[2015.09.20-14.28.55:725][620]LogSpawn:Warning: SpawnActor failed because we are running a ConstructionScript (Cell_C)
[2015.09.20-14.28.55:772][621]LogSpawn:Warning: SpawnActor failed because we are running a ConstructionScript (Cell_C)
[2015.09.20-14.28.55:822][622]LogSpawn:Warning: SpawnActor failed because we are running a ConstructionScript (Cell_C)
[2015.09.20-14.28.55:866][623]LogSpawn:Warning: SpawnActor failed because we are running a ConstructionScript (Cell_C)
[2015.09.20-14.28.55:912][624]LogSpawn:Warning: SpawnActor failed because we are running a ConstructionScript (Cell_C)
[2015.09.20-14.28.55:960][625]LogSpawn:Warning: SpawnActor failed because we are running a ConstructionScript (Cell_C)
[2015.09.20-14.28.56:005][626]LogSpawn:Warning: SpawnActor failed because we are running a ConstructionScript (Cell_C)
[2015.09.20-14.28.56:051][627]LogSpawn:Warning: SpawnActor failed because we are running a ConstructionScript (Cell_C)
[2015.09.20-14.28.56:238][631]LogSpawn:Warning: SpawnActor failed because we are running a ConstructionScript (Cell_C)
[2015.09.20-14.28.56:283][632]LogSpawn:Warning: SpawnActor failed because we are running a ConstructionScript (Cell_C)
[2015.09.20-14.28.56:330][633]LogSpawn:Warning: SpawnActor failed because we are running a ConstructionScript (Cell_C)
[2015.09.20-14.28.56:426][635]LogSpawn:Warning: SpawnActor failed because we are running a ConstructionScript (Cell_C)
[2015.09.20-14.28.56:472][636]LogSpawn:Warning: SpawnActor failed because we are running a ConstructionScript (Cell_C)
[2015.09.20-14.28.56:517][637]LogSpawn:Warning: SpawnActor failed because we are running a ConstructionScript (Cell_C)
[2015.09.20-14.28.56:563][638]LogSpawn:Warning: SpawnActor failed because we are running a ConstructionScript (Cell_C)
[2015.09.20-14.28.56:654][640]LogSpawn:Warning: SpawnActor failed because we are running a ConstructionScript (Cell_C)
[2015.09.20-14.28.59:546][700]LogSpawn:Warning: SpawnActor failed because we are running a ConstructionScript (Cell_C)
[2015.09.20-14.28.59:546][700]LogBlueprintUserMessages: [Cell_C_45] init cell
[2015.09.20-14.28.59:546][700]LogScript:Warning: Accessed None 'placeholderCell'
	Cell_C /Game/FirstPersonBP/Maps/FirstPersonExampleMap.FirstPersonExampleMap:PersistentLevel.Cell_C_45
	Function /Game/FirstPersonBP/Cell.Cell_C:initCell:0114
[2015.09.20-14.28.59:546][700]LogScript:Warning: Accessed None 'placeholderCell'
	Cell_C /Game/FirstPersonBP/Maps/FirstPersonExampleMap.FirstPersonExampleMap:PersistentLevel.Cell_C_45
	Function /Game/FirstPersonBP/Cell.Cell_C:initCell:014D
[2015.09.20-14.28.59:546][700]LogScript:Warning: Accessed None 'placeholderCell'
	Cell_C /Game/FirstPersonBP/Maps/FirstPersonExampleMap.FirstPersonExampleMap:PersistentLevel.Cell_C_45
	Function /Game/FirstPersonBP/Cell.Cell_C:initCell:0186
[2015.09.20-14.28.59:547][700]LogScript:Warning: Accessed None 'placeholderCell'
	Cell_C /Game/FirstPersonBP/Maps/FirstPersonExampleMap.FirstPersonExampleMap:PersistentLevel.Cell_C_45
	Function /Game/FirstPersonBP/Cell.Cell_C:initCell:01BF
[2015.09.20-14.28.59:547][700]LogBlueprintUserMessages: [Cell_C_46] init cell
[2015.09.20-14.28.59:547][700]LogScript:Warning: Accessed None 'placeholderCell'
	Cell_C /Game/FirstPersonBP/Maps/FirstPersonExampleMap.FirstPersonExampleMap:PersistentLevel.Cell_C_46
	Function /Game/FirstPersonBP/Cell.Cell_C:initCell:0114
[2015.09.20-14.28.59:547][700]LogScript:Warning: Accessed None 'placeholderCell'
	Cell_C /Game/FirstPersonBP/Maps/FirstPersonExampleMap.FirstPersonExampleMap:PersistentLevel.Cell_C_46
	Function /Game/FirstPersonBP/Cell.Cell_C:initCell:014D
[2015.09.20-14.28.59:547][700]LogScript:Warning: Accessed None 'placeholderCell'
	Cell_C /Game/FirstPersonBP/Maps/FirstPersonExampleMap.FirstPersonExampleMap:PersistentLevel.Cell_C_46
	Function /Game/FirstPersonBP/Cell.Cell_C:initCell:0186
[2015.09.20-14.28.59:547][700]LogScript:Warning: Accessed None 'placeholderCell'
	Cell_C /Game/FirstPersonBP/Maps/FirstPersonExampleMap.FirstPersonExampleMap:PersistentLevel.Cell_C_46
	Function /Game/FirstPersonBP/Cell.Cell_C:initCell:01BF
[2015.09.20-14.28.59:548][700]LogBlueprintUserMessages: [Cell_C_47] init cell
[2015.09.20-14.28.59:548][700]LogScript:Warning: Accessed None 'placeholderCell'
	Cell_C /Game/FirstPersonBP/Maps/FirstPersonExampleMap.FirstPersonExampleMap:PersistentLevel.Cell_C_47
	Function /Game/FirstPersonBP/Cell.Cell_C:initCell:0114
[2015.09.20-14.28.59:548][700]LogScript:Warning: Accessed None 'placeholderCell'
	Cell_C /Game/FirstPersonBP/Maps/FirstPersonExampleMap.FirstPersonExampleMap:PersistentLevel.Cell_C_47
	Function /Game/FirstPersonBP/Cell.Cell_C:initCell:014D
[2015.09.20-14.28.59:548][700]LogScript:Warning: Accessed None 'placeholderCell'
	Cell_C /Game/FirstPersonBP/Maps/FirstPersonExampleMap.FirstPersonExampleMap:PersistentLevel.Cell_C_47
	Function /Game/FirstPersonBP/Cell.Cell_C:initCell:0186
[2015.09.20-14.28.59:548][700]LogScript:Warning: Accessed None 'placeholderCell'
	Cell_C /Game/FirstPersonBP/Maps/FirstPersonExampleMap.FirstPersonExampleMap:PersistentLevel.Cell_C_47
	Function /Game/FirstPersonBP/Cell.Cell_C:initCell:01BF
[2015.09.20-14.28.59:548][700]LogBlueprintUserMessages: [Cell_C_48] init cell
[2015.09.20-14.28.59:548][700]LogScript:Warning: Accessed None 'placeholderCell'
	Cell_C /Game/FirstPersonBP/Maps/FirstPersonExampleMap.FirstPersonExampleMap:PersistentLevel.Cell_C_48
	Function /Game/FirstPersonBP/Cell.Cell_C:initCell:0114
[2015.09.20-14.28.59:548][700]LogScript:Warning: Accessed None 'placeholderCell'
	Cell_C /Game/FirstPersonBP/Maps/FirstPersonExampleMap.FirstPersonExampleMap:PersistentLevel.Cell_C_48
	Function /Game/FirstPersonBP/Cell.Cell_C:initCell:014D
[2015.09.20-14.28.59:548][700]LogScript:Warning: Accessed None 'placeholderCell'
	Cell_C /Game/FirstPersonBP/Maps/FirstPersonExampleMap.FirstPersonExampleMap:PersistentLevel.Cell_C_48
	Function /Game/FirstPersonBP/Cell.Cell_C:initCell:0186
[2015.09.20-14.28.59:548][700]LogScript:Warning: Accessed None 'placeholderCell'
	Cell_C /Game/FirstPersonBP/Maps/FirstPersonExampleMap.FirstPersonExampleMap:PersistentLevel.Cell_C_48
	Function /Game/FirstPersonBP/Cell.Cell_C:initCell:01BF
[2015.09.20-14.28.59:549][700]LogBlueprintUserMessages: [Cell_C_49] init cell
[2015.09.20-14.28.59:549][700]LogScript:Warning: Accessed None 'placeholderCell'
	Cell_C /Game/FirstPersonBP/Maps/FirstPersonExampleMap.FirstPersonExampleMap:PersistentLevel.Cell_C_49
	Function /Game/FirstPersonBP/Cell.Cell_C:initCell:0114
[2015.09.20-14.28.59:549][700]LogScript:Warning: Accessed None 'placeholderCell'
	Cell_C /Game/FirstPersonBP/Maps/FirstPersonExampleMap.FirstPersonExampleMap:PersistentLevel.Cell_C_49
	Function /Game/FirstPersonBP/Cell.Cell_C:initCell:014D
[2015.09.20-14.28.59:549][700]LogScript:Warning: Accessed None 'placeholderCell'
	Cell_C /Game/FirstPersonBP/Maps/FirstPersonExampleMap.FirstPersonExampleMap:PersistentLevel.Cell_C_49
	Function /Game/FirstPersonBP/Cell.Cell_C:initCell:0186
[2015.09.20-14.28.59:549][700]LogScript:Warning: Accessed None 'placeholderCell'
	Cell_C /Game/FirstPersonBP/Maps/FirstPersonExampleMap.FirstPersonExampleMap:PersistentLevel.Cell_C_49
	Function /Game/FirstPersonBP/Cell.Cell_C:initCell:01BF
[2015.09.20-14.28.59:549][700]LogBlueprintUserMessages: [Cell_C_50] init cell
[2015.09.20-14.28.59:549][700]LogScript:Warning: Accessed None 'placeholderCell'
	Cell_C /Game/FirstPersonBP/Maps/FirstPersonExampleMap.FirstPersonExampleMap:PersistentLevel.Cell_C_50
	Function /Game/FirstPersonBP/Cell.Cell_C:initCell:0114
[2015.09.20-14.28.59:549][700]LogScript:Warning: Accessed None 'placeholderCell'
	Cell_C /Game/FirstPersonBP/Maps/FirstPersonExampleMap.FirstPersonExampleMap:PersistentLevel.Cell_C_50
	Function /Game/FirstPersonBP/Cell.Cell_C:initCell:014D
[2015.09.20-14.28.59:549][700]LogScript:Warning: Accessed None 'placeholderCell'
	Cell_C /Game/FirstPersonBP/Maps/FirstPersonExampleMap.FirstPersonExampleMap:PersistentLevel.Cell_C_50
	Function /Game/FirstPersonBP/Cell.Cell_C:initCell:0186
[2015.09.20-14.28.59:550][700]LogScript:Warning: Accessed None 'placeholderCell'
	Cell_C /Game/FirstPersonBP/Maps/FirstPersonExampleMap.FirstPersonExampleMap:PersistentLevel.Cell_C_50
	Function /Game/FirstPersonBP/Cell.Cell_C:initCell:01BF
[2015.09.20-14.28.59:550][700]LogBlueprintUserMessages: [Cell_C_51] init cell
[2015.09.20-14.28.59:550][700]LogScript:Warning: Accessed None 'placeholderCell'
	Cell_C /Game/FirstPersonBP/Maps/FirstPersonExampleMap.FirstPersonExampleMap:PersistentLevel.Cell_C_51
	Function /Game/FirstPersonBP/Cell.Cell_C:initCell:0114
[2015.09.20-14.28.59:550][700]LogScript:Warning: Accessed None 'placeholderCell'
	Cell_C /Game/FirstPersonBP/Maps/FirstPersonExampleMap.FirstPersonExampleMap:PersistentLevel.Cell_C_51
	Function /Game/FirstPersonBP/Cell.Cell_C:initCell:014D
[2015.09.20-14.28.59:550][700]LogScript:Warning: Accessed None 'placeholderCell'
	Cell_C /Game/FirstPersonBP/Maps/FirstPersonExampleMap.FirstPersonExampleMap:PersistentLevel.Cell_C_51
	Function /Game/FirstPersonBP/Cell.Cell_C:initCell:0186
[2015.09.20-14.28.59:550][700]LogScript:Warning: Accessed None 'placeholderCell'
	Cell_C /Game/FirstPersonBP/Maps/FirstPersonExampleMap.FirstPersonExampleMap:PersistentLevel.Cell_C_51
	Function /Game/FirstPersonBP/Cell.Cell_C:initCell:01BF
[2015.09.20-14.28.59:551][700]LogBlueprintUserMessages: [Cell_C_52] init cell
[2015.09.20-14.28.59:551][700]LogScript:Warning: Accessed None 'placeholderCell'
	Cell_C /Game/FirstPersonBP/Maps/FirstPersonExampleMap.FirstPersonExampleMap:PersistentLevel.Cell_C_52
	Function /Game/FirstPersonBP/Cell.Cell_C:initCell:0114
[2015.09.20-14.28.59:551][700]LogScript:Warning: Accessed None 'placeholderCell'
	Cell_C /Game/FirstPersonBP/Maps/FirstPersonExampleMap.FirstPersonExampleMap:PersistentLevel.Cell_C_52
	Function /Game/FirstPersonBP/Cell.Cell_C:initCell:014D
[2015.09.20-14.28.59:551][700]LogScript:Warning: Accessed None 'placeholderCell'
	Cell_C /Game/FirstPersonBP/Maps/FirstPersonExampleMap.FirstPersonExampleMap:PersistentLevel.Cell_C_52
	Function /Game/FirstPersonBP/Cell.Cell_C:initCell:0186
[2015.09.20-14.28.59:551][700]LogScript:Warning: Accessed None 'placeholderCell'
	Cell_C /Game/FirstPersonBP/Maps/FirstPersonExampleMap.FirstPersonExampleMap:PersistentLevel.Cell_C_52
	Function /Game/FirstPersonBP/Cell.Cell_C:initCell:01BF
[2015.09.20-14.28.59:551][700]LogBlueprintUserMessages: [Cell_C_53] init cell
[2015.09.20-14.28.59:551][700]LogScript:Warning: Accessed None 'placeholderCell'
	Cell_C /Game/FirstPersonBP/Maps/FirstPersonExampleMap.FirstPersonExampleMap:PersistentLevel.Cell_C_53
	Function /Game/FirstPersonBP/Cell.Cell_C:initCell:0114
[2015.09.20-14.28.59:551][700]LogScript:Warning: Accessed None 'placeholderCell'
	Cell_C /Game/FirstPersonBP/Maps/FirstPersonExampleMap.FirstPersonExampleMap:PersistentLevel.Cell_C_53
	Function /Game/FirstPersonBP/Cell.Cell_C:initCell:014D
[2015.09.20-14.28.59:551][700]LogScript:Warning: Accessed None 'placeholderCell'
	Cell_C /Game/FirstPersonBP/Maps/FirstPersonExampleMap.FirstPersonExampleMap:PersistentLevel.Cell_C_53
	Function /Game/FirstPersonBP/Cell.Cell_C:initCell:0186
[2015.09.20-14.28.59:551][700]LogScript:Warning: Accessed None 'placeholderCell'
	Cell_C /Game/FirstPersonBP/Maps/FirstPersonExampleMap.FirstPersonExampleMap:PersistentLevel.Cell_C_53
	Function /Game/FirstPersonBP/Cell.Cell_C:initCell:01BF
[2015.09.20-14.28.59:551][700]LogBlueprintUserMessages: [Cell_C_45] Hello
[2015.09.20-14.28.59:552][700]LogBlueprintUserMessages: [Cell_C_45] Hello
[2015.09.20-14.28.59:552][700]LogBlueprintUserMessages: [Cell_C_45] hello
[2015.09.20-14.28.59:552][700]LogBlueprintUserMessages: [Cell_C_46] Hello
[2015.09.20-14.28.59:552][700]LogBlueprintUserMessages: [Cell_C_46] Hello
[2015.09.20-14.28.59:553][700]LogBlueprintUserMessages: [Cell_C_47] Hello
[2015.09.20-14.28.59:553][700]LogBlueprintUserMessages: [Cell_C_47] Hello
[2015.09.20-14.28.59:553][700]LogBlueprintUserMessages: [Cell_C_48] Hello
[2015.09.20-14.28.59:553][700]LogBlueprintUserMessages: [Cell_C_48] Hello
[2015.09.20-14.28.59:553][700]LogBlueprintUserMessages: [Cell_C_49] Hello
[2015.09.20-14.28.59:554][700]LogBlueprintUserMessages: [Cell_C_49] Hello
[2015.09.20-14.28.59:554][700]LogBlueprintUserMessages: [Cell_C_50] Hello
[2015.09.20-14.28.59:554][700]LogBlueprintUserMessages: [Cell_C_50] Hello
[2015.09.20-14.28.59:555][700]LogBlueprintUserMessages: [Cell_C_51] Hello
[2015.09.20-14.28.59:555][700]LogBlueprintUserMessages: [Cell_C_51] Hello
[2015.09.20-14.28.59:555][700]LogBlueprintUserMessages: [Cell_C_52] Hello
[2015.09.20-14.28.59:555][700]LogBlueprintUserMessages: [Cell_C_52] Hello
[2015.09.20-14.28.59:555][700]LogBlueprintUserMessages: [Cell_C_53] Hello
[2015.09.20-14.28.59:556][700]LogBlueprintUserMessages: [Cell_C_53] Hello
[2015.09.20-14.29.20:650][109]LogBlueprintUserMessages: Early PlayInEditor Detection: Level '/Game/FirstPersonBP/Maps/FirstPersonExampleMap.FirstPersonExampleMap:PersistentLevel' has LevelScriptBlueprint '/Game/FirstPersonBP/Maps/FirstPersonExampleMap.FirstPersonExampleMap:PersistentLevel.FirstPersonExampleMap' with GeneratedClass '/Game/FirstPersonBP/Maps/FirstPersonExampleMap.FirstPersonExampleMap_C' with ClassGeneratedBy '/Game/FirstPersonBP/Maps/FirstPersonExampleMap.FirstPersonExampleMap:PersistentLevel.FirstPersonExampleMap'
[2015.09.20-14.29.20:650][109]LogPlayLevel: PlayLevel: No blueprints needed recompiling
[2015.09.20-14.29.20:650][109]PIE: New page: PIE session: FirstPersonExampleMap (Sep 20, 2015, 4:29:20 AM)
[2015.09.20-14.29.20:650][109]LogPlayLevel: Creating play world package: /Game/FirstPersonBP/Maps/UEDPIE_0_FirstPersonExampleMap
[2015.09.20-14.29.20:693][109]LogPlayLevel: PIE: StaticDuplicateObject took: (0.042264s)
[2015.09.20-14.29.20:694][109]LogAIModule: Creating AISystem for world FirstPersonExampleMap
[2015.09.20-14.29.20:695][109]LogPlayLevel: PIE: World Init took: (0.002131s)
[2015.09.20-14.29.20:695][109]LogPlayLevel: PIE: Created PIE world by copying editor world from /Game/FirstPersonBP/Maps/FirstPersonExampleMap.FirstPersonExampleMap to /Game/FirstPersonBP/Maps/UEDPIE_0_FirstPersonExampleMap.FirstPersonExampleMap (0.044837s)
[2015.09.20-14.29.20:751][109]LogInit: XAudio2 using 'Speakers (Realtek High Definition Audio)' : 2 channels at 48 kHz using 32 bits per sample (channel mask 0x3)
[2015.09.20-14.29.20:758][109]LogInit: FAudioDevice initialized.
[2015.09.20-14.29.20:802][109]LogWorld: Game class is 'FirstPersonGameMode_C'
[2015.09.20-14.29.20:810][109]LogWorld: Bringing World /Game/FirstPersonBP/Maps/UEDPIE_0_FirstPersonExampleMap.FirstPersonExampleMap up for play (max tick rate 60) at 2015.09.20-09.29.20
[2015.09.20-14.29.20:810][109]LogActor:Warning: GameSession /Game/FirstPersonBP/Maps/UEDPIE_0_FirstPersonExampleMap.FirstPersonExampleMap:PersistentLevel.GameSession_1 has natively added scene component(s), but none of them were set as the actor's RootComponent - picking one arbitrarily
[2015.09.20-14.29.20:810][109]LogActor:Warning: GameNetworkManager /Game/FirstPersonBP/Maps/UEDPIE_0_FirstPersonExampleMap.FirstPersonExampleMap:PersistentLevel.GameNetworkManager_1 has natively added scene component(s), but none of them were set as the actor's RootComponent - picking one arbitrarily
[2015.09.20-14.29.20:811][109]LogWorld: Bringing up level for play took: 0.007908
[2015.09.20-14.29.20:813][109]PIE: Info Play in editor start time for /Game/FirstPersonBP/Maps/UEDPIE_0_FirstPersonExampleMap 0.74
[2015.09.20-14.29.20:813][109]LogBlueprintUserMessages: Late PlayInEditor Detection: Level '/Game/FirstPersonBP/Maps/FirstPersonExampleMap.FirstPersonExampleMap:PersistentLevel' has LevelScriptBlueprint '/Game/FirstPersonBP/Maps/FirstPersonExampleMap.FirstPersonExampleMap:PersistentLevel.FirstPersonExampleMap' with GeneratedClass '/Game/FirstPersonBP/Maps/FirstPersonExampleMap.FirstPersonExampleMap_C' with ClassGeneratedBy '/Game/FirstPersonBP/Maps/FirstPersonExampleMap.FirstPersonExampleMap:PersistentLevel.FirstPersonExampleMap'
[2015.09.20-14.29.46:546][650]LogBlueprintUserMessages: Early EndPlayMap Detection: Level '/Game/FirstPersonBP/Maps/FirstPersonExampleMap.FirstPersonExampleMap:PersistentLevel' has LevelScriptBlueprint '/Game/FirstPersonBP/Maps/FirstPersonExampleMap.FirstPersonExampleMap:PersistentLevel.FirstPersonExampleMap' with GeneratedClass '/Game/FirstPersonBP/Maps/FirstPersonExampleMap.FirstPersonExampleMap_C' with ClassGeneratedBy '/Game/FirstPersonBP/Maps/FirstPersonExampleMap.FirstPersonExampleMap:PersistentLevel.FirstPersonExampleMap'
[2015.09.20-14.29.46:625][650]LogBlueprintUserMessages: Late EndPlayMap Detection: Level '/Game/FirstPersonBP/Maps/FirstPersonExampleMap.FirstPersonExampleMap:PersistentLevel' has LevelScriptBlueprint '/Game/FirstPersonBP/Maps/FirstPersonExampleMap.FirstPersonExampleMap:PersistentLevel.FirstPersonExampleMap' with GeneratedClass '/Game/FirstPersonBP/Maps/FirstPersonExampleMap.FirstPersonExampleMap_C' with ClassGeneratedBy '/Game/FirstPersonBP/Maps/FirstPersonExampleMap.FirstPersonExampleMap:PersistentLevel.FirstPersonExampleMap'
[2015.09.20-14.29.46:692][650]LogParticles: Destroying 0 GPU particle simulations for FXSystem 0x00000011D8F07E20
[2015.09.20-14.36.03:754][696]LogSavePackage: Save=3019.848633ms
[2015.09.20-14.36.03:760][696]LogSavePackage: Moving '../../../../../../Users/K/Desktop/Labyrinth - Copy/Labyrinth/Saved/FirstPersonExampleMapDA05FD33417FF2A0A36D0CB52B6ADD80.tmp' to '../../../../../../Users/K/Desktop/Labyrinth - Copy/Labyrinth/Content/FirstPersonBP/Maps/FirstPersonExampleMap.umap'
[2015.09.20-14.36.03:780][696]LogSavePackage: Total save time: 3587.330114ms
[2015.09.20-14.36.03:780][696]LogSavePackage:Warning: Finished SavePackage ../../../../../../Users/K/Desktop/Labyrinth - Copy/Labyrinth/Content/FirstPersonBP/Maps/FirstPersonExampleMap.umap
[2015.09.20-14.36.03:858][696]LogFileHelpers: Saving map 'FirstPersonExampleMap' took 6.919
[2015.09.20-14.36.04:276][696]LogActorComponent: UnregisterComponent: (/Engine/Transient.EditorFloorComp) Not registered. Aborting.
[2015.09.20-14.36.04:360][696]LogWindowsTextInputMethodSystem:Display: IME system now deactivated.
[2015.09.20-14.36.04:806][697]Cmd: QUIT_EDITOR
[2015.09.20-14.36.05:295][697]LogExit: Preparing to exit.
[2015.09.20-14.36.06:898][697]LogExit: Editor shut down
[2015.09.20-14.36.06:904][697]LogExit: Transaction tracking system shut down
[2015.09.20-14.36.07:009][697]LogParticles: Destroying 0 GPU particle simulations for FXSystem 0x00000011948667A0
[2015.09.20-14.36.07:011][697]LogParticles: Destroying 0 GPU particle simulations for FXSystem 0x00000011B49FB880
[2015.09.20-14.36.07:020][697]LogParticles: Destroying 0 GPU particle simulations for FXSystem 0x00000011B4D994E0
[2015.09.20-14.36.07:021][697]LogParticles: Destroying 0 GPU particle simulations for FXSystem 0x00000011B8BE23E0
[2015.09.20-14.36.07:021][697]LogParticles: Destroying 0 GPU particle simulations for FXSystem 0x00000011950A1E40
[2015.09.20-14.36.07:635][697]LogParticles: Destroying 0 GPU particle simulations for FXSystem 0x00000011941F2F20
[2015.09.20-14.36.07:635][697]LogExit: Object subsystem successfully closed.
[2015.09.20-14.36.07:736][697]LogD3D11RHI: Shutdown
[2015.09.20-14.36.07:736][697]LogD3D11RHI: CleanupD3DDevice
[2015.09.20-14.36.07:856][697]LogD3D11RHI: ~FD3D11DynamicRHI
[2015.09.20-14.36.07:966][697]LogModuleManager: Shutting down and abandoning module BlueprintGraph (200)
[2015.09.20-14.36.07:966][697]LogModuleManager: Shutting down and abandoning module CrashTracker (199)
[2015.09.20-14.36.07:966][697]LogModuleManager: Shutting down and abandoning module SceneOutliner (198)
[2015.09.20-14.36.07:967][697]LogModuleManager: Shutting down and abandoning module SuperSearch (197)
[2015.09.20-14.36.07:967][697]LogModuleManager: Shutting down and abandoning module WidgetCarousel (196)
[2015.09.20-14.36.07:968][697]LogModuleManager: Shutting down and abandoning module AddContentDialog (195)
[2015.09.20-14.36.07:981][697]LogModuleManager: Shutting down and abandoning module EditorWidgets (194)
[2015.09.20-14.36.07:981][697]LogModuleManager: Shutting down and abandoning module CollectionManager (193)
[2015.09.20-14.36.07:982][697]LogModuleManager: Shutting down and abandoning module StatsViewer (192)
[2015.09.20-14.36.07:984][697]LogModuleManager: Shutting down and abandoning module FoliageEdit (191)
[2015.09.20-14.36.07:985][697]LogModuleManager: Shutting down and abandoning module LandscapeEditor (190)
[2015.09.20-14.36.07:990][697]LogModuleManager: Shutting down and abandoning module ActorPickerMode (189)
[2015.09.20-14.36.07:990][697]LogModuleManager: Shutting down and abandoning module GeometryMode (188)
[2015.09.20-14.36.07:990][697]LogModuleManager: Shutting down and abandoning module TextureAlignMode (187)
[2015.09.20-14.36.07:990][697]LogModuleManager: Shutting down and abandoning module BspMode (186)
[2015.09.20-14.36.07:990][697]LogModuleManager: Shutting down and abandoning module PlacementMode (185)
[2015.09.20-14.36.07:990][697]LogModuleManager: Shutting down and abandoning module AutomationWorker (184)
[2015.09.20-14.36.07:991][697]LogModuleManager: Shutting down and abandoning module CharacterAI (183)
[2015.09.20-14.36.07:991][697]LogModuleManager: Shutting down and abandoning module SmartSnapping (182)
[2015.09.20-14.36.07:991][697]LogModuleManager: Shutting down and abandoning module ViewportSnapping (181)
[2015.09.20-14.36.07:991][697]LogModuleManager: Shutting down and abandoning module LogVisualizer (180)
[2015.09.20-14.36.07:994][697]LogModuleManager: Shutting down and abandoning module GameProjectGeneration (179)
[2015.09.20-14.36.07:996][697]LogModuleManager: Shutting down and abandoning module IntroTutorials (178)
[2015.09.20-14.36.08:000][697]LogModuleManager: Shutting down and abandoning module EditorLiveStreaming (177)
[2015.09.20-14.36.08:000][697]LogModuleManager: Shutting down and abandoning module IOSPlatformEditor (176)
[2015.09.20-14.36.08:000][697]LogModuleManager: Shutting down and abandoning module HTML5PlatformEditor (175)
[2015.09.20-14.36.08:000][697]LogModuleManager: Shutting down and abandoning module AndroidDeviceDetection (174)
[2015.09.20-14.36.08:954][697]LogModuleManager: Shutting down and abandoning module AndroidPlatformEditor (173)
[2015.09.20-14.36.08:954][697]LogModuleManager: Shutting down and abandoning module IOSRuntimeSettings (172)
[2015.09.20-14.36.08:954][697]LogModuleManager: Shutting down and abandoning module AndroidRuntimeSettings (171)
[2015.09.20-14.36.08:954][697]LogModuleManager: Shutting down and abandoning module MergeActors (170)
[2015.09.20-14.36.08:955][697]LogModuleManager: Shutting down and abandoning module SizeMap (169)
[2015.09.20-14.36.08:956][697]LogModuleManager: Shutting down and abandoning module TreeMap (168)
[2015.09.20-14.36.08:958][697]LogModuleManager: Shutting down and abandoning module ReferenceViewer (167)
[2015.09.20-14.36.08:958][697]LogModuleManager: Shutting down and abandoning module LocalizationService (166)
[2015.09.20-14.36.08:960][697]LogModuleManager: Shutting down and abandoning module LocalizationDashboard (165)
[2015.09.20-14.36.08:962][697]LogModuleManager: Shutting down and abandoning module HardwareTargeting (164)
[2015.09.20-14.36.08:962][697]LogModuleManager: Shutting down and abandoning module DeviceProfileEditor (163)
[2015.09.20-14.36.08:963][697]LogModuleManager: Shutting down and abandoning module UndoHistory (162)
[2015.09.20-14.36.08:963][697]LogModuleManager: Shutting down and abandoning module GameplayTagsEditor (161)
[2015.09.20-14.36.08:964][697]LogModuleManager: Shutting down and abandoning module UserFeedback (160)
[2015.09.20-14.36.08:964][697]LogModuleManager: Shutting down and abandoning module XmlParser (159)
[2015.09.20-14.36.08:964][697]LogModuleManager: Shutting down and abandoning module Blutility (158)
[2015.09.20-14.36.08:964][697]LogModuleManager: Shutting down and abandoning module ProjectTargetPlatformEditor (157)
[2015.09.20-14.36.08:977][697]LogModuleManager: Shutting down and abandoning module ProjectSettingsViewer (156)
[2015.09.20-14.36.08:977][697]LogModuleManager: Shutting down and abandoning module InputBindingEditor (155)
[2015.09.20-14.36.08:980][697]LogModuleManager: Shutting down and abandoning module EditorSettingsViewer (154)
[2015.09.20-14.36.08:981][697]LogModuleManager: Shutting down and abandoning module SettingsEditor (153)
[2015.09.20-14.36.08:983][697]LogModuleManager: Shutting down and abandoning module ProjectLauncher (152)
[2015.09.20-14.36.08:984][697]LogModuleManager: Shutting down and abandoning module SessionFrontend (151)
[2015.09.20-14.36.08:985][697]LogModuleManager: Shutting down and abandoning module ProfilerClient (150)
[2015.09.20-14.36.08:985][697]LogModuleManager: Shutting down and abandoning module TargetDeviceServices (149)
[2015.09.20-14.36.08:985][697]LogModuleManager: Shutting down and abandoning module DeviceManager (148)
[2015.09.20-14.36.08:987][697]LogModuleManager: Shutting down and abandoning module AutomationController (147)
[2015.09.20-14.36.08:988][697]LogModuleManager: Shutting down and abandoning module AutomationWindow (146)
[2015.09.20-14.36.08:989][697]LogModuleManager: Shutting down and abandoning module Layers (145)
[2015.09.20-14.36.08:991][697]LogModuleManager: Shutting down and abandoning module ComponentVisualizers (144)
[2015.09.20-14.36.08:991][697]LogModuleManager: Shutting down and abandoning module DetailCustomizations (143)
[2015.09.20-14.36.08:994][697]LogModuleManager: Shutting down and abandoning module PackagesDialog (142)
[2015.09.20-14.36.08:994][697]LogModuleManager: Shutting down and abandoning module Persona (141)
[2015.09.20-14.36.08:996][697]LogModuleManager: Shutting down and abandoning module Kismet (140)
[2015.09.20-14.36.08:997][697]LogModuleManager: Shutting down and abandoning module GraphEditor (139)
[2015.09.20-14.36.08:998][697]LogModuleManager: Shutting down and abandoning module ClassViewer (138)
[2015.09.20-14.36.08:998][697]LogModuleManager: Shutting down and abandoning module Toolbox (137)
[2015.09.20-14.36.08:999][697]LogModuleManager: Shutting down and abandoning module ModuleUI (136)
[2015.09.20-14.36.08:999][697]LogModuleManager: Shutting down and abandoning module MovieSceneTools (135)
[2015.09.20-14.36.09:002][697]LogModuleManager: Shutting down and abandoning module OutputLog (134)
[2015.09.20-14.36.09:003][697]LogModuleManager: Shutting down and abandoning module GammaUI (133)
[2015.09.20-14.36.09:003][697]LogModuleManager: Shutting down and abandoning module Documentation (132)
[2015.09.20-14.36.09:004][697]LogModuleManager: Shutting down and abandoning module GameLiveStreaming (131)
[2015.09.20-14.36.09:005][697]LogModuleManager: Shutting down and abandoning module StreamingPauseRendering (130)
[2015.09.20-14.36.09:005][697]LogModuleManager: Shutting down and abandoning module AnalyticsET (129)
[2015.09.20-14.36.09:005][697]LogModuleManager: Shutting down and abandoning module Analytics (128)
[2015.09.20-14.36.09:006][697]LogModuleManager: Shutting down and abandoning module AITestSuite (127)
[2015.09.20-14.36.09:006][697]LogModuleManager: Shutting down and abandoning module GameplayDebugger (126)
[2015.09.20-14.36.09:007][697]LogModuleManager: Shutting down and abandoning module AIModule (125)
[2015.09.20-14.36.09:007][697]LogModuleManager: Shutting down and abandoning module ProfilerService (124)
[2015.09.20-14.36.09:214][697]LogModuleManager: Shutting down and abandoning module TaskGraph (123)
[2015.09.20-14.36.09:215][697]LogModuleManager: Shutting down and abandoning module SubstanceEditor (122)
[2015.09.20-14.36.09:216][697]LogModuleManager: Shutting down and abandoning module SlateRemote (121)
[2015.09.20-14.36.09:217][697]LogModuleManager: Shutting down and abandoning module SteamVRController (120)
[2015.09.20-14.36.09:217][697]LogModuleManager: Shutting down and abandoning module SteamVR (119)
[2015.09.20-14.36.09:217][697]LogModuleManager: Shutting down and abandoning module ProceduralMeshComponent (118)
[2015.09.20-14.36.09:217][697]LogModuleManager: Shutting down and abandoning module OculusRift (117)
[2015.09.20-14.36.09:218][697]LogModuleManager: Shutting down and abandoning module OculusLibrary (116)
[2015.09.20-14.36.09:218][697]LogModuleManager: Shutting down and abandoning module LeapMotionController (115)
[2015.09.20-14.36.09:253][697]LogModuleManager: Shutting down and abandoning module CustomMeshComponent (114)
[2015.09.20-14.36.09:253][697]LogModuleManager: Shutting down and abandoning module CableComponent (113)
[2015.09.20-14.36.09:253][697]LogModuleManager: Shutting down and abandoning module ArchVisCharacter (112)
[2015.09.20-14.36.09:253][697]LogModuleManager: Shutting down and abandoning module MessagingDebugger (111)
[2015.09.20-14.36.09:256][697]LogModuleManager: Shutting down and abandoning module MediaPlayerEditor (110)
[2015.09.20-14.36.09:258][697]LogModuleManager: Shutting down and abandoning module HTML5Networking (109)
[2015.09.20-14.36.09:258][697]LogModuleManager: Shutting down and abandoning module SpeedTreeImporter (108)
[2015.09.20-14.36.09:258][697]LogModuleManager: Shutting down and abandoning module PluginBrowser (107)
[2015.09.20-14.36.09:260][697]LogModuleManager: Shutting down and abandoning module EpicSurvey (106)
[2015.09.20-14.36.09:263][697]LogModuleManager: Shutting down and abandoning module DesktopPlatform (105)
[2015.09.20-14.36.09:264][697]LogModuleManager: Shutting down and abandoning module VisualStudioSourceCodeAccess (104)
[2015.09.20-14.36.09:265][697]LogModuleManager: Shutting down and abandoning module UObjectPlugin (103)
[2015.09.20-14.36.09:265][697]LogModuleManager: Shutting down and abandoning module SubversionSourceControl (102)
[2015.09.20-14.36.09:267][697]LogModuleManager: Shutting down and abandoning module PerforceSourceControl (101)
[2015.09.20-14.36.09:269][697]LogModuleManager: Shutting down and abandoning module SourceControl (100)
[2015.09.20-14.36.09:270][697]LogModuleManager: Shutting down and abandoning module GitSourceControl (99)
[2015.09.20-14.36.09:272][697]LogModuleManager: Shutting down and abandoning module LightPropagationVolumeEditor (98)
[2015.09.20-14.36.09:272][697]LogModuleManager: Shutting down and abandoning module PaperTiledImporter (97)
[2015.09.20-14.36.09:273][697]LogModuleManager: Shutting down and abandoning module PaperSpriteSheetImporter (96)
[2015.09.20-14.36.09:273][697]LogModuleManager: Shutting down and abandoning module MeshPaint (95)
[2015.09.20-14.36.09:274][697]LogModuleManager: Shutting down and abandoning module SlateReflector (94)
[2015.09.20-14.36.09:275][697]LogModuleManager: Shutting down and abandoning module HotReload (93)
[2015.09.20-14.36.09:276][697]LogModuleManager: Shutting down and abandoning module MainFrame (92)
[2015.09.20-14.36.09:277][697]LogModuleManager: Shutting down and abandoning module LevelEditor (91)
[2015.09.20-14.36.09:285][697]LogModuleManager: Shutting down and abandoning module ContentBrowser (90)
[2015.09.20-14.36.09:289][697]LogModuleManager: Shutting down and abandoning module Paper2DEditor (89)
[2015.09.20-14.36.09:291][697]LogModuleManager: Shutting down and abandoning module UdpMessaging (88)
[2015.09.20-14.36.09:392][697]LogModuleManager: Shutting down and abandoning module DirectoryWatcher (87)
[2015.09.20-14.36.09:402][697]LogModuleManager: Shutting down and abandoning module AssetRegistry (86)
[2015.09.20-14.36.09:679][697]LogModuleManager: Shutting down and abandoning module SubstanceCore (85)
[2015.09.20-14.36.09:682][697]LogModuleManager: Shutting down and abandoning module LightPropagationVolumeRuntime (84)
[2015.09.20-14.36.09:682][697]LogModuleManager: Shutting down and abandoning module Paper2D (83)
[2015.09.20-14.36.09:682][697]LogModuleManager: Shutting down and abandoning module WindowsMoviePlayer (82)
[2015.09.20-14.36.09:699][697]LogModuleManager: Shutting down and abandoning module Media (81)
[2015.09.20-14.36.09:700][697]LogModuleManager: Shutting down and abandoning module WmfMedia (80)
[2015.09.20-14.36.09:701][697]LogModuleManager: Shutting down and abandoning module OnlineBlueprintSupport (79)
[2015.09.20-14.36.09:701][697]LogModuleManager: Shutting down and abandoning module GameplayTasksEditor (78)
[2015.09.20-14.36.09:701][697]LogModuleManager: Shutting down and abandoning module PropertyEditor (77)
[2015.09.20-14.36.09:703][697]LogModuleManager: Shutting down and abandoning module BehaviorTreeEditor (76)
[2015.09.20-14.36.09:704][697]LogModuleManager: Shutting down and abandoning module FunctionalTesting (75)
[2015.09.20-14.36.09:705][697]LogModuleManager: Shutting down and abandoning module CollisionAnalyzer (74)
[2015.09.20-14.36.09:707][697]LogModuleManager: Shutting down and abandoning module WorkspaceMenuStructure (73)
[2015.09.20-14.36.09:709][697]LogModuleManager: Shutting down and abandoning module MessageLog (72)
[2015.09.20-14.36.09:709][697]LogModuleManager: Shutting down and abandoning module Sequencer (71)
[2015.09.20-14.36.09:711][697]LogModuleManager: Shutting down and abandoning module AssetTools (70)
[2015.09.20-14.36.09:713][697]LogModuleManager: Shutting down and abandoning module UMGEditor (69)
[2015.09.20-14.36.09:714][697]LogModuleManager: Shutting down and abandoning module UMG (68)
[2015.09.20-14.36.09:715][697]LogModuleManager: Shutting down and abandoning module Slate (67)
[2015.09.20-14.36.09:715][697]LogModuleManager: Shutting down and abandoning module EditorStyle (66)
[2015.09.20-14.36.09:725][697]LogModuleManager: Shutting down and abandoning module SessionServices (65)
[2015.09.20-14.36.09:725][697]LogModuleManager: Shutting down and abandoning module SourceCodeAccess (64)
[2015.09.20-14.36.09:725][697]LogModuleManager: Shutting down and abandoning module HeadMountedDisplay (63)
[2015.09.20-14.36.09:725][697]LogModuleManager: Shutting down and abandoning module XAudio2 (62)
[2015.09.20-14.36.09:725][697]LogModuleManager: Shutting down and abandoning module Networking (60)
[2015.09.20-14.36.09:725][697]LogModuleManager: Shutting down and abandoning module Core (59)
[2015.09.20-14.36.09:726][697]LogModuleManager: Shutting down and abandoning module KismetCompiler (58)
[2015.09.20-14.36.09:726][697]LogModuleManager: Shutting down and abandoning module PhysXFormats (57)
[2015.09.20-14.36.09:726][697]LogModuleManager: Shutting down and abandoning module MeshUtilities (56)
[2015.09.20-14.36.09:727][697]LogModuleManager: Shutting down and abandoning module CookingStats (55)
[2015.09.20-14.36.09:729][697]LogModuleManager: Shutting down and abandoning module DerivedDataCache (54)
[2015.09.20-14.36.09:809][697]LogDerivedDataCache: Shutdown
[2015.09.20-14.36.09:809][697]LogModuleManager: Shutting down and abandoning module ShaderFormatOpenGL (53)
[2015.09.20-14.36.09:809][697]LogModuleManager: Shutting down and abandoning module ShaderFormatD3D (52)
[2015.09.20-14.36.09:810][697]LogModuleManager: Shutting down and abandoning module MetalShaderFormat (51)
[2015.09.20-14.36.09:810][697]LogModuleManager: Shutting down and abandoning module TextureFormatUncompressed (50)
[2015.09.20-14.36.09:810][697]LogModuleManager: Shutting down and abandoning module TextureFormatPVR (49)
[2015.09.20-14.36.09:810][697]LogModuleManager: Shutting down and abandoning module TextureFormatIntelISPCTexComp (48)
[2015.09.20-14.36.09:811][697]LogModuleManager: Shutting down and abandoning module TextureFormatDXT (47)
[2015.09.20-14.36.09:811][697]LogModuleManager: Shutting down and abandoning module ImageWrapper (46)
[2015.09.20-14.36.09:811][697]LogModuleManager: Shutting down and abandoning module TextureFormatASTC (45)
[2015.09.20-14.36.09:811][697]LogModuleManager: Shutting down and abandoning module TextureFormatAndroid (44)
[2015.09.20-14.36.09:812][697]LogModuleManager: Shutting down and abandoning module AudioFormatOpus (43)
[2015.09.20-14.36.09:812][697]LogModuleManager: Shutting down and abandoning module AudioFormatOgg (42)
[2015.09.20-14.36.09:812][697]LogModuleManager: Shutting down and abandoning module AudioFormatADPCM (41)
[2015.09.20-14.36.09:812][697]LogModuleManager: Shutting down and abandoning module LinuxTargetPlatform (40)
[2015.09.20-14.36.09:813][697]LogModuleManager: Shutting down and abandoning module LinuxServerTargetPlatform (39)
[2015.09.20-14.36.09:813][697]LogModuleManager: Shutting down and abandoning module LinuxNoEditorTargetPlatform (38)
[2015.09.20-14.36.09:813][697]LogModuleManager: Shutting down and abandoning module Messaging (37)
[2015.09.20-14.36.09:813][697]LogModuleManager: Shutting down and abandoning module IOSTargetPlatform (36)
[2015.09.20-14.36.09:814][697]LogModuleManager: Shutting down and abandoning module HTML5TargetPlatform (35)
[2015.09.20-14.36.09:814][697]LogModuleManager: Shutting down and abandoning module Android_PVRTCTargetPlatform (34)
[2015.09.20-14.36.09:814][697]LogModuleManager: Shutting down and abandoning module Android_ETC2TargetPlatform (33)
[2015.09.20-14.36.09:815][697]LogModuleManager: Shutting down and abandoning module Android_ETC1TargetPlatform (32)
[2015.09.20-14.36.09:815][697]LogModuleManager: Shutting down and abandoning module Android_DXTTargetPlatform (31)
[2015.09.20-14.36.09:815][697]LogModuleManager: Shutting down and abandoning module Android_ATCTargetPlatform (30)
[2015.09.20-14.36.09:815][697]LogModuleManager: Shutting down and abandoning module Android_ASTCTargetPlatform (29)
[2015.09.20-14.36.09:816][697]LogModuleManager: Shutting down and abandoning module AndroidTargetPlatform (28)
[2015.09.20-14.36.09:816][697]LogModuleManager: Shutting down and abandoning module WindowsTargetPlatform (27)
[2015.09.20-14.36.09:816][697]LogModuleManager: Shutting down and abandoning module WindowsServerTargetPlatform (26)
[2015.09.20-14.36.09:817][697]LogModuleManager: Shutting down and abandoning module WindowsNoEditorTargetPlatform (25)
[2015.09.20-14.36.09:817][697]LogModuleManager: Shutting down and abandoning module WindowsClientTargetPlatform (24)
[2015.09.20-14.36.09:817][697]LogModuleManager: Shutting down and abandoning module AllDesktopTargetPlatform (23)
[2015.09.20-14.36.09:818][697]LogModuleManager: Shutting down and abandoning module TargetPlatform (22)
[2015.09.20-14.36.09:819][697]LogModuleManager: Shutting down and abandoning module InputCore (21)
[2015.09.20-14.36.09:819][697]LogModuleManager: Shutting down and abandoning module Settings (20)
[2015.09.20-14.36.09:819][697]LogModuleManager: Shutting down and abandoning module OnlineSubsystem (18)
[2015.09.20-14.36.09:819][697]LogModuleManager: Shutting down and abandoning module HTTP (17)
[2015.09.20-14.36.11:823][697]LogModuleManager: Shutting down and abandoning module XMPP (16)
[2015.09.20-14.36.11:825][697]LogModuleManager: Shutting down and abandoning module ExampleDeviceProfileSelector (15)
[2015.09.20-14.36.11:825][697]LogModuleManager: Shutting down and abandoning module TextureCompressor (14)
[2015.09.20-14.36.11:826][697]LogModuleManager: Shutting down and abandoning module ShaderCore (13)
[2015.09.20-14.36.11:826][697]LogModuleManager: Shutting down and abandoning module Landscape (12)
[2015.09.20-14.36.11:826][697]LogModuleManager: Shutting down and abandoning module SlateRHIRenderer (11)
[2015.09.20-14.36.11:843][697]LogModuleManager: Shutting down and abandoning module OpenGLDrv (10)
[2015.09.20-14.36.11:844][697]LogModuleManager: Shutting down and abandoning module D3D11RHI (9)
[2015.09.20-14.36.11:844][697]LogModuleManager: Shutting down and abandoning module AnimGraphRuntime (8)
[2015.09.20-14.36.11:844][697]LogModuleManager: Shutting down and abandoning module Renderer (7)
[2015.09.20-14.36.11:844][697]LogModuleManager: Shutting down and abandoning module Engine (6)
[2015.09.20-14.36.11:844][697]LogModuleManager: Shutting down and abandoning module CoreUObject (5)
[2015.09.20-14.36.11:844][697]LogModuleManager: Shutting down and abandoning module NetworkFile (4)
[2015.09.20-14.36.11:844][697]LogModuleManager: Shutting down and abandoning module StreamingFile (3)
[2015.09.20-14.36.11:845][697]LogModuleManager: Shutting down and abandoning module SandboxFile (2)
[2015.09.20-14.36.11:845][697]LogModuleManager: Shutting down and abandoning module PakFile (1)
[2015.09.20-14.36.11:849][697]LogExit: Exiting.
[2015.09.20-14.36.11:858][697]Log file closed, 09/20/15 09:36:11
