[2015.09.20-14.38.17:161][  0]Log file open, 09/20/15 09:38:17
[2015.09.20-14.38.17:161][  0]LogInit:Display: Running engine for game: Labyrinth
[2015.09.20-14.38.17:161][  0]LogInit:Display: RandInit(1784781662) SRandInit(1784781663).
[2015.09.20-14.38.17:161][  0]LogTaskGraph: Started task graph with 4 named threads and 5 total threads.
[2015.09.20-14.38.17:161][  0]LogStats: Stats thread started at 0.074195
[2015.09.20-14.38.17:161][  0]LogInit: Version: 4.9.1-2689999+++depot+UE4-Releases+4.9
[2015.09.20-14.38.17:161][  0]LogInit: API Version: 2672455
[2015.09.20-14.38.17:161][  0]LogInit: Compiled (64-bit): Sep 14 2015 04:12:03
[2015.09.20-14.38.17:161][  0]LogInit: Compiled with Visual C++: 18.00.21005.01
[2015.09.20-14.38.17:161][  0]LogInit: Build Configuration: Development
[2015.09.20-14.38.17:162][  0]LogInit: Branch Name: ++depot+UE4-Releases+4.9
[2015.09.20-14.38.17:162][  0]LogInit: Command line:  
[2015.09.20-14.38.17:162][  0]LogInit: Base directory: C:/Program Files/Epic Games/4.9/Engine/Binaries/Win64/
[2015.09.20-14.38.17:162][  0]LogInit: Rocket: 1
[2015.09.20-14.38.17:172][  0]LogInit: Using libcurl 7.41.0
[2015.09.20-14.38.17:172][  0]LogInit:  - built for x86_64-pc-win32
[2015.09.20-14.38.17:172][  0]LogInit:  - supports SSL with WinSSL
[2015.09.20-14.38.17:172][  0]LogInit:  - other features:
[2015.09.20-14.38.17:172][  0]LogInit:      CURL_VERSION_SSL
[2015.09.20-14.38.17:172][  0]LogInit:      CURL_VERSION_IPV6
[2015.09.20-14.38.17:172][  0]LogInit:      CURL_VERSION_ASYNCHDNS
[2015.09.20-14.38.17:172][  0]LogInit:      CURL_VERSION_LARGEFILE
[2015.09.20-14.38.17:172][  0]LogInit:      CURL_VERSION_IDN
[2015.09.20-14.38.17:172][  0]LogInit:  CurlRequestOptions (configurable via config and command line):
[2015.09.20-14.38.17:172][  0]LogInit:  - bVerifyPeer = true  - Libcurl will verify peer certificate
[2015.09.20-14.38.17:172][  0]LogInit:  - bUseHttpProxy = false  - Libcurl will NOT use HTTP proxy
[2015.09.20-14.38.17:172][  0]LogInit:  - bDontReuseConnections = false  - Libcurl will reuse connections
[2015.09.20-14.38.17:172][  0]LogInit:  - CertBundlePath = nullptr  - Libcurl will use whatever was configured at build time.
[2015.09.20-14.38.17:181][  0]LogInit: Presizing for 0 objects not considered by GC, pre-allocating 0 bytes.
[2015.09.20-14.38.17:190][  0]LogInit: Object subsystem initialized
[2015.09.20-14.38.17:192][  0]LogInit: Selected Device Profile: [Windows]
[2015.09.20-14.38.17:192][  0]LogInit: Applying CVar settings loaded from the selected device profile: [Windows]
[2015.09.20-14.38.17:214][  0]LogInit: Computer: WANI
[2015.09.20-14.38.17:214][  0]LogInit: User: K
[2015.09.20-14.38.17:214][  0]LogInit: CPU Page size=4096, Cores=2
[2015.09.20-14.38.17:214][  0]LogInit: High frequency timer resolution =2.338443 MHz
[2015.09.20-14.38.17:214][  0]LogMemory: Memory total: Physical=7.6GB (8GB approx)
[2015.09.20-14.38.17:214][  0]LogMemory: Platform Memory Stats for Windows
[2015.09.20-14.38.17:214][  0]LogMemory: Process Physical Memory: 54.11 MB used, 54.11 MB peak
[2015.09.20-14.38.17:214][  0]LogMemory: Process Virtual Memory: 55.25 MB used, 55.25 MB peak
[2015.09.20-14.38.17:214][  0]LogMemory: Physical Memory: 3124.55 MB used, 7813.53 MB total
[2015.09.20-14.38.17:214][  0]LogMemory: Virtual Memory: 363.61 MB used, 134217728.00 MB total
[2015.09.20-14.38.17:276][  0]LogTextLocalizationManager: No specific translations for ('en-US') exist, so ('en') translations will be used.
[2015.09.20-14.38.18:407][  0]LogD3D11RHI: Found D3D11 adapter 0: Intel(R) HD Graphics 4000 (Feature Level 11_0)
[2015.09.20-14.38.18:407][  0]LogD3D11RHI: Adapter has 32MB of dedicated video memory, 0MB of dedicated system memory, and 1760MB of shared system memory, 1 output[s]
[2015.09.20-14.38.18:408][  0]LogD3D11RHI: Found D3D11 adapter 1: Microsoft Basic Render Driver (Feature Level 11_0)
[2015.09.20-14.38.18:408][  0]LogD3D11RHI: Adapter has 0MB of dedicated video memory, 0MB of dedicated system memory, and 3906MB of shared system memory, 0 output[s]
[2015.09.20-14.38.18:408][  0]LogD3D11RHI: Chosen D3D11 Adapter Id = 0
[2015.09.20-14.38.18:417][  0]LogD3D11RHI: !Direct3DDevice
[2015.09.20-14.38.18:417][  0]LogRHI: Texture pool is 638 MB (70% of 912 MB)
[2015.09.20-14.38.18:420][  0]LogD3D11RHI: Async texture creation enabled
[2015.09.20-14.38.18:441][  0]LogShaderCompilers: Guid format shader working directory is 14 characters bigger than the processId version (../../../../../../Users/K/Desktop/Labyrinth - Copy/Labyrinth/Intermediate/Shaders/WorkingDirectory/36392/).
[2015.09.20-14.38.18:441][  0]LogShaderCompilers: Cleaned the shader compiler working directory '../../../../../../Users/K/Desktop/Labyrinth - Copy/Labyrinth/Intermediate/Shaders/tmp/88BD4469422A67B37A483E8B6C7F4931/'.
[2015.09.20-14.38.18:441][  0]LogShaderCompilers:Display: Using Local Shader Compiler.
[2015.09.20-14.38.20:655][  0]LogTemp:Display: Loaded TP AllDesktopTargetPlatform
[2015.09.20-14.38.20:663][  0]LogTemp:Display: Loaded TP WindowsClientTargetPlatform
[2015.09.20-14.38.20:670][  0]LogTemp:Display: Loaded TP WindowsNoEditorTargetPlatform
[2015.09.20-14.38.20:678][  0]LogTemp:Display: Loaded TP WindowsServerTargetPlatform
[2015.09.20-14.38.20:686][  0]LogTemp:Display: Loaded TP WindowsTargetPlatform
[2015.09.20-14.38.20:692][  0]LogTemp:Display: Loaded TP AndroidTargetPlatform
[2015.09.20-14.38.20:697][  0]LogTemp:Display: Loaded TP Android_ASTCTargetPlatform
[2015.09.20-14.38.20:703][  0]LogTemp:Display: Loaded TP Android_ATCTargetPlatform
[2015.09.20-14.38.20:707][  0]LogTemp:Display: Loaded TP Android_DXTTargetPlatform
[2015.09.20-14.38.20:714][  0]LogTemp:Display: Loaded TP Android_ETC1TargetPlatform
[2015.09.20-14.38.20:719][  0]LogTemp:Display: Loaded TP Android_ETC2TargetPlatform
[2015.09.20-14.38.20:724][  0]LogTemp:Display: Loaded TP Android_PVRTCTargetPlatform
[2015.09.20-14.38.20:726][  0]LogTemp:Display: Loaded TP HTML5TargetPlatform
[2015.09.20-14.38.20:751][  0]LogTemp:Display: Loaded TP IOSTargetPlatform
[2015.09.20-14.38.20:756][  0]LogTemp:Display: Loaded TP LinuxNoEditorTargetPlatform
[2015.09.20-14.38.20:761][  0]LogTemp:Display: Loaded TP LinuxServerTargetPlatform
[2015.09.20-14.38.20:768][  0]LogTemp:Display: Loaded TP LinuxTargetPlatform
[2015.09.20-14.38.20:768][  0]LogTargetPlatformManager:Display: Building Assets For Windows
[2015.09.20-14.38.20:903][  0]LogDerivedDataCache:Display: Max Cache Size: 512 MB
[2015.09.20-14.38.21:105][  0]LogDerivedDataCache: Loaded boot cache 0.20s 41MB C:/Users/K/AppData/Local/UnrealEngine/4.9/DerivedDataCache/Boot.ddc.
[2015.09.20-14.38.21:105][  0]LogDerivedDataCache:Display: Loaded Boot cache: C:/Users/K/AppData/Local/UnrealEngine/4.9/DerivedDataCache/Boot.ddc
[2015.09.20-14.38.21:105][  0]LogDerivedDataCache: FDerivedDataBackendGraph:  Pak pak cache file ../../../../../../Users/K/Desktop/Labyrinth - Copy/Labyrinth/DerivedDataCache/DDC.ddp not found, will not use a pak cache.
[2015.09.20-14.38.21:105][  0]LogDerivedDataCache: Unable to find inner node Pak for hierarchical cache Hierarchy.
[2015.09.20-14.38.21:105][  0]LogDerivedDataCache: FDerivedDataBackendGraph:  CompressedPak pak cache file ../../../../../../Users/K/Desktop/Labyrinth - Copy/Labyrinth/DerivedDataCache/Compressed.ddp not found, will not use a pak cache.
[2015.09.20-14.38.21:105][  0]LogDerivedDataCache: Unable to find inner node CompressedPak for hierarchical cache Hierarchy.
[2015.09.20-14.38.21:283][  0]LogDerivedDataCache:Display: Pak cache opened for reading ../../../Engine/DerivedDataCache/Compressed.ddp.
[2015.09.20-14.38.21:295][  0]LogDerivedDataCache: Using Local data cache path C:/Users/K/AppData/Local/UnrealEngine/Common/DerivedDataCache: Writable
[2015.09.20-14.38.23:160][  0]LogInit: Selected Device Profile: [Windows]
[2015.09.20-14.38.23:165][  0]LogContentStreaming: Texture pool size is 0.000000MB
[2015.09.20-14.38.23:346][  0]LogMeshUtilities: No automatic mesh reduction module available
[2015.09.20-14.38.23:346][  0]LogMeshUtilities: No automatic mesh merging module available
[2015.09.20-14.38.23:865][  0]LogInit: WinSock: version 1.1 (2.2), MaxSocks=32767, MaxUdp=65467
[2015.09.20-14.38.26:521][  0]LogAssetRegistry: FAssetRegistry took 0.0116 seconds to start up
[2015.09.20-14.38.26:544][  0]UdpMessaging: Initializing bridge on interface 0.0.0.0:0 to multicast group 230.0.0.1:6666.
[2015.09.20-14.38.26:972][  0]SourceControl: Info Source control is disabled
[2015.09.20-14.38.27:059][  0]SourceControl: Info Source control is disabled
[2015.09.20-14.38.27:082][  0]SourceControl: Info Source control is disabled
[2015.09.20-14.38.27:104][  0]SourceControl: Info Source control is disabled
[2015.09.20-14.38.27:362][  0]LogLinker:Warning: Asset '../../../Engine/Plugins/Runtime/LeapMotionController/Content/LM_PassthroughMaterial.uasset' has been saved with empty engine version. The asset will be loaded but may be incompatible.
[2015.09.20-14.38.27:500][  0]LogObj: 28528 objects as part of root set at end of initial load.
[2015.09.20-14.38.27:500][  0]LogUObjectAllocator: 6068456 out of 0 bytes used by permanent object pool.
[2015.09.20-14.38.27:600][  0]LogEngine: Initializing Engine...
[2015.09.20-14.38.27:606][  0]LogHMD: Can't find Oculus library dev build: is proper Runtime installed? Version: 0.7.0.0
[2015.09.20-14.38.27:626][  0]LogHMD: SteamVR failed to initialize.  Err: 110
[2015.09.20-14.38.27:827][  0]LogAIModule: Creating AISystem for world NewWorld
[2015.09.20-14.38.27:838][  0]LogInit: XAudio2 using 'Speakers (Realtek High Definition Audio)' : 2 channels at 48 kHz using 32 bits per sample (channel mask 0x3)
[2015.09.20-14.38.27:888][  0]LogInit: FAudioDevice initialized.
[2015.09.20-14.38.27:918][  0]LogDerivedDataCache: Saved boot cache 0.03s 41MB C:/Users/K/AppData/Local/UnrealEngine/4.9/DerivedDataCache/Boot.ddc.
[2015.09.20-14.38.27:923][  0]LogInit: Texture streaming: Enabled
[2015.09.20-14.38.27:937][  0]LogAnalytics: Creating configured Analytics provider AnalyticsET
[2015.09.20-14.38.27:937][  0]LogAnalytics: [UEEditor.Rocket.Release] APIServer = http://et2.epicgames.com/ET2/. AppVersion = 4.9.1-2689999+++depot+UE4-Releases+4.9
[2015.09.20-14.38.27:937][  0]LogAnalytics: [UEEditor.Rocket.Release] SetUserId 9725863445f283451391ee9307d07a37|d69e99ce7d8a43a9a925913f345bcf00|1242505c-bb25-4a12-b2e6-5931f3c4781d
[2015.09.20-14.38.27:937][  0]LogAnalytics: [UEEditor.Rocket.Release] AnalyticsET::StartSession
[2015.09.20-14.38.28:034][  0]LogInit: Transaction tracking system initialized
[2015.09.20-14.38.28:121][  0]BlueprintLog: New page: Editor Load
[2015.09.20-14.38.28:303][  0]LocalizationService: Info Localization service is disabled
[2015.09.20-14.38.28:454][  0]LogConsoleResponse:Display: 
[2015.09.20-14.38.28:654][  0]LogCook:Display: Done creating registry. It took  0.00s.
[2015.09.20-14.38.28:691][  0]LogFileCache: Scanning file cache for directory 'C:/Users/K/Desktop/Labyrinth - Copy/Labyrinth/Content/' took 0.02s
[2015.09.20-14.38.28:819][  0]SourceControl: Info Source control is disabled
[2015.09.20-14.38.28:820][  0]Cmd: MAP LOAD FILE="../../../../../../Users/K/Desktop/Labyrinth - Copy/Labyrinth/Content/FirstPersonBP/Maps/FirstPersonExampleMap.umap" TEMPLATE=0 SHOWPROGRESS=1 FEATURELEVEL=3
[2015.09.20-14.38.28:821][  0]LightingResults: New page: Lighting Build
[2015.09.20-14.38.28:828][  0]MapCheck: New page: Map Check
[2015.09.20-14.38.28:828][  0]LightingResults: New page: Lighting Build
[2015.09.20-14.38.28:858][  0]LogParticles: Destroying 0 GPU particle simulations for FXSystem 0x000000C3B65282C0
[2015.09.20-14.38.29:202][  0]LogLinker:Warning: Asset '../../../../../../Users/K/Desktop/Labyrinth - Copy/Labyrinth/Content/FirstPersonBP/Blueprints/FirstPersonProjectile.uasset' has been saved with empty engine version. The asset will be loaded but may be incompatible.
[2015.09.20-14.38.29:209][  0]LogLinker:Warning: Asset '../../../../../../Users/K/Desktop/Labyrinth - Copy/Labyrinth/Content/FirstPerson/Meshes/FirstPersonProjectileMesh.uasset' has been saved with empty engine version. The asset will be loaded but may be incompatible.
[2015.09.20-14.38.30:969][  0]LogAIModule: Creating AISystem for world FirstPersonExampleMap
[2015.09.20-14.38.31:364][  0]LogSpawn:Warning: SpawnActor failed because we are running a ConstructionScript (Cell_C)
[2015.09.20-14.38.31:364][  0]LogBlueprintUserMessages: [Cell_C_62] init cell
[2015.09.20-14.38.31:365][  0]LogScript:Warning: Accessed None 'placeholderCell'
	Cell_C /Game/FirstPersonBP/Maps/FirstPersonExampleMap.FirstPersonExampleMap:PersistentLevel.Cell_C_62
	Function /Game/FirstPersonBP/Cell.Cell_C:initCell:0114
[2015.09.20-14.38.31:365][  0]LogScript:Warning: Accessed None 'placeholderCell'
	Cell_C /Game/FirstPersonBP/Maps/FirstPersonExampleMap.FirstPersonExampleMap:PersistentLevel.Cell_C_62
	Function /Game/FirstPersonBP/Cell.Cell_C:initCell:014D
[2015.09.20-14.38.31:365][  0]LogScript:Warning: Accessed None 'placeholderCell'
	Cell_C /Game/FirstPersonBP/Maps/FirstPersonExampleMap.FirstPersonExampleMap:PersistentLevel.Cell_C_62
	Function /Game/FirstPersonBP/Cell.Cell_C:initCell:0186
[2015.09.20-14.38.31:365][  0]LogScript:Warning: Accessed None 'placeholderCell'
	Cell_C /Game/FirstPersonBP/Maps/FirstPersonExampleMap.FirstPersonExampleMap:PersistentLevel.Cell_C_62
	Function /Game/FirstPersonBP/Cell.Cell_C:initCell:01BF
[2015.09.20-14.38.31:365][  0]LogBlueprintUserMessages: [Cell_C_63] init cell
[2015.09.20-14.38.31:365][  0]LogScript:Warning: Accessed None 'placeholderCell'
	Cell_C /Game/FirstPersonBP/Maps/FirstPersonExampleMap.FirstPersonExampleMap:PersistentLevel.Cell_C_63
	Function /Game/FirstPersonBP/Cell.Cell_C:initCell:0114
[2015.09.20-14.38.31:365][  0]LogScript:Warning: Accessed None 'placeholderCell'
	Cell_C /Game/FirstPersonBP/Maps/FirstPersonExampleMap.FirstPersonExampleMap:PersistentLevel.Cell_C_63
	Function /Game/FirstPersonBP/Cell.Cell_C:initCell:014D
[2015.09.20-14.38.31:365][  0]LogScript:Warning: Accessed None 'placeholderCell'
	Cell_C /Game/FirstPersonBP/Maps/FirstPersonExampleMap.FirstPersonExampleMap:PersistentLevel.Cell_C_63
	Function /Game/FirstPersonBP/Cell.Cell_C:initCell:0186
[2015.09.20-14.38.31:365][  0]LogScript:Warning: Accessed None 'placeholderCell'
	Cell_C /Game/FirstPersonBP/Maps/FirstPersonExampleMap.FirstPersonExampleMap:PersistentLevel.Cell_C_63
	Function /Game/FirstPersonBP/Cell.Cell_C:initCell:01BF
[2015.09.20-14.38.31:366][  0]LogBlueprintUserMessages: [Cell_C_64] init cell
[2015.09.20-14.38.31:366][  0]LogScript:Warning: Accessed None 'placeholderCell'
	Cell_C /Game/FirstPersonBP/Maps/FirstPersonExampleMap.FirstPersonExampleMap:PersistentLevel.Cell_C_64
	Function /Game/FirstPersonBP/Cell.Cell_C:initCell:0114
[2015.09.20-14.38.31:366][  0]LogScript:Warning: Accessed None 'placeholderCell'
	Cell_C /Game/FirstPersonBP/Maps/FirstPersonExampleMap.FirstPersonExampleMap:PersistentLevel.Cell_C_64
	Function /Game/FirstPersonBP/Cell.Cell_C:initCell:014D
[2015.09.20-14.38.31:366][  0]LogScript:Warning: Accessed None 'placeholderCell'
	Cell_C /Game/FirstPersonBP/Maps/FirstPersonExampleMap.FirstPersonExampleMap:PersistentLevel.Cell_C_64
	Function /Game/FirstPersonBP/Cell.Cell_C:initCell:0186
[2015.09.20-14.38.31:366][  0]LogScript:Warning: Accessed None 'placeholderCell'
	Cell_C /Game/FirstPersonBP/Maps/FirstPersonExampleMap.FirstPersonExampleMap:PersistentLevel.Cell_C_64
	Function /Game/FirstPersonBP/Cell.Cell_C:initCell:01BF
[2015.09.20-14.38.31:366][  0]LogBlueprintUserMessages: [Cell_C_65] init cell
[2015.09.20-14.38.31:366][  0]LogScript:Warning: Accessed None 'placeholderCell'
	Cell_C /Game/FirstPersonBP/Maps/FirstPersonExampleMap.FirstPersonExampleMap:PersistentLevel.Cell_C_65
	Function /Game/FirstPersonBP/Cell.Cell_C:initCell:0114
[2015.09.20-14.38.31:366][  0]LogScript:Warning: Accessed None 'placeholderCell'
	Cell_C /Game/FirstPersonBP/Maps/FirstPersonExampleMap.FirstPersonExampleMap:PersistentLevel.Cell_C_65
	Function /Game/FirstPersonBP/Cell.Cell_C:initCell:014D
[2015.09.20-14.38.31:366][  0]LogScript:Warning: Accessed None 'placeholderCell'
	Cell_C /Game/FirstPersonBP/Maps/FirstPersonExampleMap.FirstPersonExampleMap:PersistentLevel.Cell_C_65
	Function /Game/FirstPersonBP/Cell.Cell_C:initCell:0186
[2015.09.20-14.38.31:366][  0]LogScript:Warning: Accessed None 'placeholderCell'
	Cell_C /Game/FirstPersonBP/Maps/FirstPersonExampleMap.FirstPersonExampleMap:PersistentLevel.Cell_C_65
	Function /Game/FirstPersonBP/Cell.Cell_C:initCell:01BF
[2015.09.20-14.38.31:367][  0]LogBlueprintUserMessages: [Cell_C_66] init cell
[2015.09.20-14.38.31:367][  0]LogScript:Warning: Accessed None 'placeholderCell'
	Cell_C /Game/FirstPersonBP/Maps/FirstPersonExampleMap.FirstPersonExampleMap:PersistentLevel.Cell_C_66
	Function /Game/FirstPersonBP/Cell.Cell_C:initCell:0114
[2015.09.20-14.38.31:367][  0]LogScript:Warning: Accessed None 'placeholderCell'
	Cell_C /Game/FirstPersonBP/Maps/FirstPersonExampleMap.FirstPersonExampleMap:PersistentLevel.Cell_C_66
	Function /Game/FirstPersonBP/Cell.Cell_C:initCell:014D
[2015.09.20-14.38.31:367][  0]LogScript:Warning: Accessed None 'placeholderCell'
	Cell_C /Game/FirstPersonBP/Maps/FirstPersonExampleMap.FirstPersonExampleMap:PersistentLevel.Cell_C_66
	Function /Game/FirstPersonBP/Cell.Cell_C:initCell:0186
[2015.09.20-14.38.31:367][  0]LogScript:Warning: Accessed None 'placeholderCell'
	Cell_C /Game/FirstPersonBP/Maps/FirstPersonExampleMap.FirstPersonExampleMap:PersistentLevel.Cell_C_66
	Function /Game/FirstPersonBP/Cell.Cell_C:initCell:01BF
[2015.09.20-14.38.31:367][  0]LogBlueprintUserMessages: [Cell_C_67] init cell
[2015.09.20-14.38.31:367][  0]LogScript:Warning: Accessed None 'placeholderCell'
	Cell_C /Game/FirstPersonBP/Maps/FirstPersonExampleMap.FirstPersonExampleMap:PersistentLevel.Cell_C_67
	Function /Game/FirstPersonBP/Cell.Cell_C:initCell:0114
[2015.09.20-14.38.31:368][  0]LogScript:Warning: Accessed None 'placeholderCell'
	Cell_C /Game/FirstPersonBP/Maps/FirstPersonExampleMap.FirstPersonExampleMap:PersistentLevel.Cell_C_67
	Function /Game/FirstPersonBP/Cell.Cell_C:initCell:014D
[2015.09.20-14.38.31:368][  0]LogScript:Warning: Accessed None 'placeholderCell'
	Cell_C /Game/FirstPersonBP/Maps/FirstPersonExampleMap.FirstPersonExampleMap:PersistentLevel.Cell_C_67
	Function /Game/FirstPersonBP/Cell.Cell_C:initCell:0186
[2015.09.20-14.38.31:368][  0]LogScript:Warning: Accessed None 'placeholderCell'
	Cell_C /Game/FirstPersonBP/Maps/FirstPersonExampleMap.FirstPersonExampleMap:PersistentLevel.Cell_C_67
	Function /Game/FirstPersonBP/Cell.Cell_C:initCell:01BF
[2015.09.20-14.38.31:368][  0]LogBlueprintUserMessages: [Cell_C_68] init cell
[2015.09.20-14.38.31:368][  0]LogScript:Warning: Accessed None 'placeholderCell'
	Cell_C /Game/FirstPersonBP/Maps/FirstPersonExampleMap.FirstPersonExampleMap:PersistentLevel.Cell_C_68
	Function /Game/FirstPersonBP/Cell.Cell_C:initCell:0114
[2015.09.20-14.38.31:368][  0]LogScript:Warning: Accessed None 'placeholderCell'
	Cell_C /Game/FirstPersonBP/Maps/FirstPersonExampleMap.FirstPersonExampleMap:PersistentLevel.Cell_C_68
	Function /Game/FirstPersonBP/Cell.Cell_C:initCell:014D
[2015.09.20-14.38.31:368][  0]LogScript:Warning: Accessed None 'placeholderCell'
	Cell_C /Game/FirstPersonBP/Maps/FirstPersonExampleMap.FirstPersonExampleMap:PersistentLevel.Cell_C_68
	Function /Game/FirstPersonBP/Cell.Cell_C:initCell:0186
[2015.09.20-14.38.31:368][  0]LogScript:Warning: Accessed None 'placeholderCell'
	Cell_C /Game/FirstPersonBP/Maps/FirstPersonExampleMap.FirstPersonExampleMap:PersistentLevel.Cell_C_68
	Function /Game/FirstPersonBP/Cell.Cell_C:initCell:01BF
[2015.09.20-14.38.31:369][  0]LogBlueprintUserMessages: [Cell_C_69] init cell
[2015.09.20-14.38.31:369][  0]LogScript:Warning: Accessed None 'placeholderCell'
	Cell_C /Game/FirstPersonBP/Maps/FirstPersonExampleMap.FirstPersonExampleMap:PersistentLevel.Cell_C_69
	Function /Game/FirstPersonBP/Cell.Cell_C:initCell:0114
[2015.09.20-14.38.31:369][  0]LogScript:Warning: Accessed None 'placeholderCell'
	Cell_C /Game/FirstPersonBP/Maps/FirstPersonExampleMap.FirstPersonExampleMap:PersistentLevel.Cell_C_69
	Function /Game/FirstPersonBP/Cell.Cell_C:initCell:014D
[2015.09.20-14.38.31:369][  0]LogScript:Warning: Accessed None 'placeholderCell'
	Cell_C /Game/FirstPersonBP/Maps/FirstPersonExampleMap.FirstPersonExampleMap:PersistentLevel.Cell_C_69
	Function /Game/FirstPersonBP/Cell.Cell_C:initCell:0186
[2015.09.20-14.38.31:369][  0]LogScript:Warning: Accessed None 'placeholderCell'
	Cell_C /Game/FirstPersonBP/Maps/FirstPersonExampleMap.FirstPersonExampleMap:PersistentLevel.Cell_C_69
	Function /Game/FirstPersonBP/Cell.Cell_C:initCell:01BF
[2015.09.20-14.38.31:369][  0]LogBlueprintUserMessages: [Cell_C_70] init cell
[2015.09.20-14.38.31:369][  0]LogScript:Warning: Accessed None 'placeholderCell'
	Cell_C /Game/FirstPersonBP/Maps/FirstPersonExampleMap.FirstPersonExampleMap:PersistentLevel.Cell_C_70
	Function /Game/FirstPersonBP/Cell.Cell_C:initCell:0114
[2015.09.20-14.38.31:369][  0]LogScript:Warning: Accessed None 'placeholderCell'
	Cell_C /Game/FirstPersonBP/Maps/FirstPersonExampleMap.FirstPersonExampleMap:PersistentLevel.Cell_C_70
	Function /Game/FirstPersonBP/Cell.Cell_C:initCell:014D
[2015.09.20-14.38.31:369][  0]LogScript:Warning: Accessed None 'placeholderCell'
	Cell_C /Game/FirstPersonBP/Maps/FirstPersonExampleMap.FirstPersonExampleMap:PersistentLevel.Cell_C_70
	Function /Game/FirstPersonBP/Cell.Cell_C:initCell:0186
[2015.09.20-14.38.31:369][  0]LogScript:Warning: Accessed None 'placeholderCell'
	Cell_C /Game/FirstPersonBP/Maps/FirstPersonExampleMap.FirstPersonExampleMap:PersistentLevel.Cell_C_70
	Function /Game/FirstPersonBP/Cell.Cell_C:initCell:01BF
[2015.09.20-14.38.31:370][  0]LogBlueprintUserMessages: [Cell_C_62] Hello
[2015.09.20-14.38.31:370][  0]LogBlueprintUserMessages: [Cell_C_62] Hello
[2015.09.20-14.38.31:370][  0]LogBlueprintUserMessages: [Cell_C_62] hello
[2015.09.20-14.38.31:370][  0]LogBlueprintUserMessages: [Cell_C_63] Hello
[2015.09.20-14.38.31:371][  0]LogBlueprintUserMessages: [Cell_C_63] Hello
[2015.09.20-14.38.31:371][  0]LogBlueprintUserMessages: [Cell_C_64] Hello
[2015.09.20-14.38.31:371][  0]LogBlueprintUserMessages: [Cell_C_64] Hello
[2015.09.20-14.38.31:371][  0]LogBlueprintUserMessages: [Cell_C_65] Hello
[2015.09.20-14.38.31:371][  0]LogBlueprintUserMessages: [Cell_C_65] Hello
[2015.09.20-14.38.31:372][  0]LogBlueprintUserMessages: [Cell_C_66] Hello
[2015.09.20-14.38.31:372][  0]LogBlueprintUserMessages: [Cell_C_66] Hello
[2015.09.20-14.38.31:372][  0]LogBlueprintUserMessages: [Cell_C_67] Hello
[2015.09.20-14.38.31:372][  0]LogBlueprintUserMessages: [Cell_C_67] Hello
[2015.09.20-14.38.31:372][  0]LogBlueprintUserMessages: [Cell_C_68] Hello
[2015.09.20-14.38.31:372][  0]LogBlueprintUserMessages: [Cell_C_68] Hello
[2015.09.20-14.38.31:373][  0]LogBlueprintUserMessages: [Cell_C_69] Hello
[2015.09.20-14.38.31:373][  0]LogBlueprintUserMessages: [Cell_C_69] Hello
[2015.09.20-14.38.31:373][  0]LogBlueprintUserMessages: [Cell_C_70] Hello
[2015.09.20-14.38.31:373][  0]LogBlueprintUserMessages: [Cell_C_70] Hello
[2015.09.20-14.38.31:378][  0]LogEditorServer: Finished looking for orphan Actors (0.000 secs)
[2015.09.20-14.38.31:382][  0]Cmd: MAP CHECKDEP NOCLEARLOG
[2015.09.20-14.38.31:453][  0]MapCheck: Info Map check complete: 0 Error(s), 0 Warning(s), took 71.171ms to complete.
[2015.09.20-14.38.31:453][  0]LogFileHelpers: Loading map 'FirstPersonExampleMap' took 2.635
[2015.09.20-14.38.31:600][  0]LogCollectionManager: Loaded 0 collections in 0.006081 seconds
[2015.09.20-14.38.31:674][  0]LogFileCache: Scanning file cache for directory 'C:/Users/K/Desktop/Labyrinth - Copy/Labyrinth/Saved/Collections/' took 0.01s
[2015.09.20-14.38.31:674][  0]LogFileCache: Scanning file cache for directory 'C:/Users/K/Desktop/Labyrinth - Copy/Labyrinth/Content/Developers/K/Collections/' took 0.01s
[2015.09.20-14.38.31:674][  0]LogFileCache: Scanning file cache for directory 'C:/Users/K/Desktop/Labyrinth - Copy/Labyrinth/Content/Collections/' took 0.01s
[2015.09.20-14.38.31:674][  0]LogContentBrowser: Native class hierarchy populated in 0.0159 seconds. Added 1882 classes and 339 folders.
[2015.09.20-14.38.31:717][  0]LogCollectionManager: Rebuilt the GUID cache for 0 collections in 0.000005 seconds
[2015.09.20-14.38.31:742][  0]LogContentBrowser: Native class hierarchy updated for 'WidgetCarousel' in 0.0006 seconds. Added 0 classes and 0 folders.
[2015.09.20-14.38.32:318][  0]LogContentBrowser: Native class hierarchy updated for 'AddContentDialog' in 0.0005 seconds. Added 0 classes and 0 folders.
[2015.09.20-14.38.32:436][  0]LogContentBrowser: Native class hierarchy updated for 'SceneOutliner' in 0.0005 seconds. Added 1 classes and 2 folders.
[2015.09.20-14.38.32:645][  0]LogCrashTracker: Crashtracker disabled due to settings.
[2015.09.20-14.38.32:668][  0]LogUObjectGlobals:Warning: Failed to find object 'Class None.'
[2015.09.20-14.38.32:698][  0]LogLoad: Full Startup: 16.55 seconds (BP compile: 0.51 seconds)
[2015.09.20-14.38.33:185][  0]LogContentStreaming: Texture pool size now 200 MB
[2015.09.20-14.38.33:364][  0]LogRenderer: Reallocating scene render targets to support 876x724 (Frame:2).
[2015.09.20-14.38.35:211][  4]LogWindowsTextInputMethodSystem:Display: IME system now deactivated.
[2015.09.20-14.38.36:478][  5]Cmd: QUIT_EDITOR
[2015.09.20-14.38.36:832][  5]LogExit: Preparing to exit.
[2015.09.20-14.38.37:639][  5]LogExit: Editor shut down
[2015.09.20-14.38.37:640][  5]LogExit: Transaction tracking system shut down
[2015.09.20-14.38.37:645][  5]LogParticles: Destroying 0 GPU particle simulations for FXSystem 0x000000C3A4BB5E40
[2015.09.20-14.38.37:646][  5]LogParticles: Destroying 0 GPU particle simulations for FXSystem 0x000000C3CE29F880
[2015.09.20-14.38.37:932][  5]LogParticles: Destroying 0 GPU particle simulations for FXSystem 0x000000C3CEE33560
[2015.09.20-14.38.37:932][  5]LogParticles: Destroying 0 GPU particle simulations for FXSystem 0x000000C3D7A85260
[2015.09.20-14.38.37:932][  5]LogExit: Object subsystem successfully closed.
[2015.09.20-14.38.37:948][  5]LogD3D11RHI: Shutdown
[2015.09.20-14.38.37:948][  5]LogD3D11RHI: CleanupD3DDevice
[2015.09.20-14.38.38:023][  5]LogD3D11RHI: ~FD3D11DynamicRHI
[2015.09.20-14.38.38:046][  5]LogModuleManager: Shutting down and abandoning module CrashTracker (199)
[2015.09.20-14.38.38:046][  5]LogModuleManager: Shutting down and abandoning module SceneOutliner (198)
[2015.09.20-14.38.38:046][  5]LogModuleManager: Shutting down and abandoning module SuperSearch (197)
[2015.09.20-14.38.38:046][  5]LogModuleManager: Shutting down and abandoning module WidgetCarousel (196)
[2015.09.20-14.38.38:046][  5]LogModuleManager: Shutting down and abandoning module AddContentDialog (195)
[2015.09.20-14.38.38:050][  5]LogModuleManager: Shutting down and abandoning module EditorWidgets (194)
[2015.09.20-14.38.38:050][  5]LogModuleManager: Shutting down and abandoning module CollectionManager (193)
[2015.09.20-14.38.38:050][  5]LogModuleManager: Shutting down and abandoning module StatsViewer (192)
[2015.09.20-14.38.38:050][  5]LogModuleManager: Shutting down and abandoning module FoliageEdit (191)
[2015.09.20-14.38.38:050][  5]LogModuleManager: Shutting down and abandoning module LandscapeEditor (190)
[2015.09.20-14.38.38:051][  5]LogModuleManager: Shutting down and abandoning module ActorPickerMode (189)
[2015.09.20-14.38.38:051][  5]LogModuleManager: Shutting down and abandoning module GeometryMode (188)
[2015.09.20-14.38.38:051][  5]LogModuleManager: Shutting down and abandoning module TextureAlignMode (187)
[2015.09.20-14.38.38:051][  5]LogModuleManager: Shutting down and abandoning module BspMode (186)
[2015.09.20-14.38.38:051][  5]LogModuleManager: Shutting down and abandoning module PlacementMode (185)
[2015.09.20-14.38.38:051][  5]LogModuleManager: Shutting down and abandoning module AutomationWorker (184)
[2015.09.20-14.38.38:051][  5]LogModuleManager: Shutting down and abandoning module CharacterAI (183)
[2015.09.20-14.38.38:051][  5]LogModuleManager: Shutting down and abandoning module SmartSnapping (182)
[2015.09.20-14.38.38:051][  5]LogModuleManager: Shutting down and abandoning module ViewportSnapping (181)
[2015.09.20-14.38.38:051][  5]LogModuleManager: Shutting down and abandoning module LogVisualizer (180)
[2015.09.20-14.38.38:051][  5]LogModuleManager: Shutting down and abandoning module GameProjectGeneration (179)
[2015.09.20-14.38.38:051][  5]LogModuleManager: Shutting down and abandoning module IntroTutorials (178)
[2015.09.20-14.38.38:051][  5]LogModuleManager: Shutting down and abandoning module EditorLiveStreaming (177)
[2015.09.20-14.38.38:051][  5]LogModuleManager: Shutting down and abandoning module IOSPlatformEditor (176)
[2015.09.20-14.38.38:051][  5]LogModuleManager: Shutting down and abandoning module HTML5PlatformEditor (175)
[2015.09.20-14.38.38:051][  5]LogModuleManager: Shutting down and abandoning module AndroidDeviceDetection (174)
[2015.09.20-14.38.38:380][  5]LogModuleManager: Shutting down and abandoning module AndroidPlatformEditor (173)
[2015.09.20-14.38.38:380][  5]LogModuleManager: Shutting down and abandoning module IOSRuntimeSettings (172)
[2015.09.20-14.38.38:380][  5]LogModuleManager: Shutting down and abandoning module AndroidRuntimeSettings (171)
[2015.09.20-14.38.38:380][  5]LogModuleManager: Shutting down and abandoning module MergeActors (170)
[2015.09.20-14.38.38:380][  5]LogModuleManager: Shutting down and abandoning module SizeMap (169)
[2015.09.20-14.38.38:380][  5]LogModuleManager: Shutting down and abandoning module TreeMap (168)
[2015.09.20-14.38.38:380][  5]LogModuleManager: Shutting down and abandoning module ReferenceViewer (167)
[2015.09.20-14.38.38:380][  5]LogModuleManager: Shutting down and abandoning module LocalizationService (166)
[2015.09.20-14.38.38:380][  5]LogModuleManager: Shutting down and abandoning module LocalizationDashboard (165)
[2015.09.20-14.38.38:380][  5]LogModuleManager: Shutting down and abandoning module HardwareTargeting (164)
[2015.09.20-14.38.38:380][  5]LogModuleManager: Shutting down and abandoning module DeviceProfileEditor (163)
[2015.09.20-14.38.38:380][  5]LogModuleManager: Shutting down and abandoning module UndoHistory (162)
[2015.09.20-14.38.38:380][  5]LogModuleManager: Shutting down and abandoning module GameplayTagsEditor (161)
[2015.09.20-14.38.38:380][  5]LogModuleManager: Shutting down and abandoning module UserFeedback (160)
[2015.09.20-14.38.38:380][  5]LogModuleManager: Shutting down and abandoning module XmlParser (159)
[2015.09.20-14.38.38:380][  5]LogModuleManager: Shutting down and abandoning module Blutility (158)
[2015.09.20-14.38.38:380][  5]LogModuleManager: Shutting down and abandoning module ProjectTargetPlatformEditor (157)
[2015.09.20-14.38.38:380][  5]LogModuleManager: Shutting down and abandoning module ProjectSettingsViewer (156)
[2015.09.20-14.38.38:380][  5]LogModuleManager: Shutting down and abandoning module InputBindingEditor (155)
[2015.09.20-14.38.38:380][  5]LogModuleManager: Shutting down and abandoning module EditorSettingsViewer (154)
[2015.09.20-14.38.38:380][  5]LogModuleManager: Shutting down and abandoning module SettingsEditor (153)
[2015.09.20-14.38.38:380][  5]LogModuleManager: Shutting down and abandoning module ProjectLauncher (152)
[2015.09.20-14.38.38:380][  5]LogModuleManager: Shutting down and abandoning module SessionFrontend (151)
[2015.09.20-14.38.38:380][  5]LogModuleManager: Shutting down and abandoning module ProfilerClient (150)
[2015.09.20-14.38.38:380][  5]LogModuleManager: Shutting down and abandoning module TargetDeviceServices (149)
[2015.09.20-14.38.38:381][  5]LogModuleManager: Shutting down and abandoning module DeviceManager (148)
[2015.09.20-14.38.38:381][  5]LogModuleManager: Shutting down and abandoning module AutomationController (147)
[2015.09.20-14.38.38:381][  5]LogModuleManager: Shutting down and abandoning module AutomationWindow (146)
[2015.09.20-14.38.38:381][  5]LogModuleManager: Shutting down and abandoning module Layers (145)
[2015.09.20-14.38.38:381][  5]LogModuleManager: Shutting down and abandoning module ComponentVisualizers (144)
[2015.09.20-14.38.38:381][  5]LogModuleManager: Shutting down and abandoning module DetailCustomizations (143)
[2015.09.20-14.38.38:381][  5]LogModuleManager: Shutting down and abandoning module PackagesDialog (142)
[2015.09.20-14.38.38:381][  5]LogModuleManager: Shutting down and abandoning module Persona (141)
[2015.09.20-14.38.38:381][  5]LogModuleManager: Shutting down and abandoning module Kismet (140)
[2015.09.20-14.38.38:381][  5]LogModuleManager: Shutting down and abandoning module GraphEditor (139)
[2015.09.20-14.38.38:381][  5]LogModuleManager: Shutting down and abandoning module ClassViewer (138)
[2015.09.20-14.38.38:381][  5]LogModuleManager: Shutting down and abandoning module Toolbox (137)
[2015.09.20-14.38.38:381][  5]LogModuleManager: Shutting down and abandoning module ModuleUI (136)
[2015.09.20-14.38.38:381][  5]LogModuleManager: Shutting down and abandoning module MovieSceneTools (135)
[2015.09.20-14.38.38:381][  5]LogModuleManager: Shutting down and abandoning module OutputLog (134)
[2015.09.20-14.38.38:381][  5]LogModuleManager: Shutting down and abandoning module GammaUI (133)
[2015.09.20-14.38.38:381][  5]LogModuleManager: Shutting down and abandoning module Documentation (132)
[2015.09.20-14.38.38:381][  5]LogModuleManager: Shutting down and abandoning module GameLiveStreaming (131)
[2015.09.20-14.38.38:381][  5]LogModuleManager: Shutting down and abandoning module StreamingPauseRendering (130)
[2015.09.20-14.38.38:381][  5]LogModuleManager: Shutting down and abandoning module AnalyticsET (129)
[2015.09.20-14.38.38:381][  5]LogModuleManager: Shutting down and abandoning module Analytics (128)
[2015.09.20-14.38.38:381][  5]LogModuleManager: Shutting down and abandoning module AITestSuite (127)
[2015.09.20-14.38.38:381][  5]LogModuleManager: Shutting down and abandoning module GameplayDebugger (126)
[2015.09.20-14.38.38:381][  5]LogModuleManager: Shutting down and abandoning module AIModule (125)
[2015.09.20-14.38.38:381][  5]LogModuleManager: Shutting down and abandoning module ProfilerService (124)
[2015.09.20-14.38.38:592][  5]LogModuleManager: Shutting down and abandoning module TaskGraph (123)
[2015.09.20-14.38.38:592][  5]LogModuleManager: Shutting down and abandoning module SubstanceEditor (122)
[2015.09.20-14.38.38:592][  5]LogModuleManager: Shutting down and abandoning module SlateRemote (121)
[2015.09.20-14.38.38:592][  5]LogModuleManager: Shutting down and abandoning module SteamVRController (120)
[2015.09.20-14.38.38:592][  5]LogModuleManager: Shutting down and abandoning module SteamVR (119)
[2015.09.20-14.38.38:592][  5]LogModuleManager: Shutting down and abandoning module ProceduralMeshComponent (118)
[2015.09.20-14.38.38:592][  5]LogModuleManager: Shutting down and abandoning module OculusRift (117)
[2015.09.20-14.38.38:592][  5]LogModuleManager: Shutting down and abandoning module OculusLibrary (116)
[2015.09.20-14.38.38:592][  5]LogModuleManager: Shutting down and abandoning module LeapMotionController (115)
[2015.09.20-14.38.38:614][  5]LogModuleManager: Shutting down and abandoning module CustomMeshComponent (114)
[2015.09.20-14.38.38:614][  5]LogModuleManager: Shutting down and abandoning module CableComponent (113)
[2015.09.20-14.38.38:614][  5]LogModuleManager: Shutting down and abandoning module ArchVisCharacter (112)
[2015.09.20-14.38.38:614][  5]LogModuleManager: Shutting down and abandoning module MessagingDebugger (111)
[2015.09.20-14.38.38:614][  5]LogModuleManager: Shutting down and abandoning module MediaPlayerEditor (110)
[2015.09.20-14.38.38:614][  5]LogModuleManager: Shutting down and abandoning module HTML5Networking (109)
[2015.09.20-14.38.38:614][  5]LogModuleManager: Shutting down and abandoning module SpeedTreeImporter (108)
[2015.09.20-14.38.38:614][  5]LogModuleManager: Shutting down and abandoning module PluginBrowser (107)
[2015.09.20-14.38.38:614][  5]LogModuleManager: Shutting down and abandoning module EpicSurvey (106)
[2015.09.20-14.38.38:614][  5]LogModuleManager: Shutting down and abandoning module DesktopPlatform (105)
[2015.09.20-14.38.38:614][  5]LogModuleManager: Shutting down and abandoning module VisualStudioSourceCodeAccess (104)
[2015.09.20-14.38.38:614][  5]LogModuleManager: Shutting down and abandoning module UObjectPlugin (103)
[2015.09.20-14.38.38:614][  5]LogModuleManager: Shutting down and abandoning module SubversionSourceControl (102)
[2015.09.20-14.38.38:615][  5]LogModuleManager: Shutting down and abandoning module PerforceSourceControl (101)
[2015.09.20-14.38.38:615][  5]LogModuleManager: Shutting down and abandoning module SourceControl (100)
[2015.09.20-14.38.38:615][  5]LogModuleManager: Shutting down and abandoning module GitSourceControl (99)
[2015.09.20-14.38.38:615][  5]LogModuleManager: Shutting down and abandoning module LightPropagationVolumeEditor (98)
[2015.09.20-14.38.38:615][  5]LogModuleManager: Shutting down and abandoning module PaperTiledImporter (97)
[2015.09.20-14.38.38:615][  5]LogModuleManager: Shutting down and abandoning module PaperSpriteSheetImporter (96)
[2015.09.20-14.38.38:615][  5]LogModuleManager: Shutting down and abandoning module MeshPaint (95)
[2015.09.20-14.38.38:615][  5]LogModuleManager: Shutting down and abandoning module SlateReflector (94)
[2015.09.20-14.38.38:615][  5]LogModuleManager: Shutting down and abandoning module HotReload (93)
[2015.09.20-14.38.38:615][  5]LogModuleManager: Shutting down and abandoning module MainFrame (92)
[2015.09.20-14.38.38:615][  5]LogModuleManager: Shutting down and abandoning module LevelEditor (91)
[2015.09.20-14.38.38:616][  5]LogModuleManager: Shutting down and abandoning module ContentBrowser (90)
[2015.09.20-14.38.38:617][  5]LogModuleManager: Shutting down and abandoning module Paper2DEditor (89)
[2015.09.20-14.38.38:617][  5]LogModuleManager: Shutting down and abandoning module UdpMessaging (88)
[2015.09.20-14.38.38:718][  5]LogModuleManager: Shutting down and abandoning module DirectoryWatcher (87)
[2015.09.20-14.38.38:721][  5]LogModuleManager: Shutting down and abandoning module AssetRegistry (86)
[2015.09.20-14.38.38:827][  5]LogModuleManager: Shutting down and abandoning module SubstanceCore (85)
[2015.09.20-14.38.38:827][  5]LogModuleManager: Shutting down and abandoning module LightPropagationVolumeRuntime (84)
[2015.09.20-14.38.38:827][  5]LogModuleManager: Shutting down and abandoning module Paper2D (83)
[2015.09.20-14.38.38:827][  5]LogModuleManager: Shutting down and abandoning module WindowsMoviePlayer (82)
[2015.09.20-14.38.38:830][  5]LogModuleManager: Shutting down and abandoning module Media (81)
[2015.09.20-14.38.38:830][  5]LogModuleManager: Shutting down and abandoning module WmfMedia (80)
[2015.09.20-14.38.38:831][  5]LogModuleManager: Shutting down and abandoning module OnlineBlueprintSupport (79)
[2015.09.20-14.38.38:831][  5]LogModuleManager: Shutting down and abandoning module GameplayTasksEditor (78)
[2015.09.20-14.38.38:831][  5]LogModuleManager: Shutting down and abandoning module PropertyEditor (77)
[2015.09.20-14.38.38:831][  5]LogModuleManager: Shutting down and abandoning module BehaviorTreeEditor (76)
[2015.09.20-14.38.38:831][  5]LogModuleManager: Shutting down and abandoning module FunctionalTesting (75)
[2015.09.20-14.38.38:831][  5]LogModuleManager: Shutting down and abandoning module CollisionAnalyzer (74)
[2015.09.20-14.38.38:831][  5]LogModuleManager: Shutting down and abandoning module WorkspaceMenuStructure (73)
[2015.09.20-14.38.38:831][  5]LogModuleManager: Shutting down and abandoning module MessageLog (72)
[2015.09.20-14.38.38:831][  5]LogModuleManager: Shutting down and abandoning module Sequencer (71)
[2015.09.20-14.38.38:831][  5]LogModuleManager: Shutting down and abandoning module AssetTools (70)
[2015.09.20-14.38.38:831][  5]LogModuleManager: Shutting down and abandoning module UMGEditor (69)
[2015.09.20-14.38.38:831][  5]LogModuleManager: Shutting down and abandoning module UMG (68)
[2015.09.20-14.38.38:831][  5]LogModuleManager: Shutting down and abandoning module Slate (67)
[2015.09.20-14.38.38:831][  5]LogModuleManager: Shutting down and abandoning module EditorStyle (66)
[2015.09.20-14.38.38:835][  5]LogModuleManager: Shutting down and abandoning module SessionServices (65)
[2015.09.20-14.38.38:835][  5]LogModuleManager: Shutting down and abandoning module SourceCodeAccess (64)
[2015.09.20-14.38.38:835][  5]LogModuleManager: Shutting down and abandoning module HeadMountedDisplay (63)
[2015.09.20-14.38.38:835][  5]LogModuleManager: Shutting down and abandoning module XAudio2 (62)
[2015.09.20-14.38.38:835][  5]LogModuleManager: Shutting down and abandoning module Networking (60)
[2015.09.20-14.38.38:835][  5]LogModuleManager: Shutting down and abandoning module Core (59)
[2015.09.20-14.38.38:835][  5]LogModuleManager: Shutting down and abandoning module KismetCompiler (58)
[2015.09.20-14.38.38:835][  5]LogModuleManager: Shutting down and abandoning module PhysXFormats (57)
[2015.09.20-14.38.38:835][  5]LogModuleManager: Shutting down and abandoning module MeshUtilities (56)
[2015.09.20-14.38.38:835][  5]LogModuleManager: Shutting down and abandoning module CookingStats (55)
[2015.09.20-14.38.38:836][  5]LogModuleManager: Shutting down and abandoning module DerivedDataCache (54)
[2015.09.20-14.38.39:057][  5]LogDerivedDataCache: Shutdown
[2015.09.20-14.38.39:058][  5]LogModuleManager: Shutting down and abandoning module ShaderFormatOpenGL (53)
[2015.09.20-14.38.39:058][  5]LogModuleManager: Shutting down and abandoning module ShaderFormatD3D (52)
[2015.09.20-14.38.39:058][  5]LogModuleManager: Shutting down and abandoning module MetalShaderFormat (51)
[2015.09.20-14.38.39:058][  5]LogModuleManager: Shutting down and abandoning module TextureFormatUncompressed (50)
[2015.09.20-14.38.39:058][  5]LogModuleManager: Shutting down and abandoning module TextureFormatPVR (49)
[2015.09.20-14.38.39:058][  5]LogModuleManager: Shutting down and abandoning module TextureFormatIntelISPCTexComp (48)
[2015.09.20-14.38.39:058][  5]LogModuleManager: Shutting down and abandoning module TextureFormatDXT (47)
[2015.09.20-14.38.39:058][  5]LogModuleManager: Shutting down and abandoning module ImageWrapper (46)
[2015.09.20-14.38.39:058][  5]LogModuleManager: Shutting down and abandoning module TextureFormatASTC (45)
[2015.09.20-14.38.39:058][  5]LogModuleManager: Shutting down and abandoning module TextureFormatAndroid (44)
[2015.09.20-14.38.39:058][  5]LogModuleManager: Shutting down and abandoning module AudioFormatOpus (43)
[2015.09.20-14.38.39:058][  5]LogModuleManager: Shutting down and abandoning module AudioFormatOgg (42)
[2015.09.20-14.38.39:058][  5]LogModuleManager: Shutting down and abandoning module AudioFormatADPCM (41)
[2015.09.20-14.38.39:058][  5]LogModuleManager: Shutting down and abandoning module LinuxTargetPlatform (40)
[2015.09.20-14.38.39:058][  5]LogModuleManager: Shutting down and abandoning module LinuxServerTargetPlatform (39)
[2015.09.20-14.38.39:058][  5]LogModuleManager: Shutting down and abandoning module LinuxNoEditorTargetPlatform (38)
[2015.09.20-14.38.39:058][  5]LogModuleManager: Shutting down and abandoning module Messaging (37)
[2015.09.20-14.38.39:058][  5]LogModuleManager: Shutting down and abandoning module IOSTargetPlatform (36)
[2015.09.20-14.38.39:058][  5]LogModuleManager: Shutting down and abandoning module HTML5TargetPlatform (35)
[2015.09.20-14.38.39:058][  5]LogModuleManager: Shutting down and abandoning module Android_PVRTCTargetPlatform (34)
[2015.09.20-14.38.39:058][  5]LogModuleManager: Shutting down and abandoning module Android_ETC2TargetPlatform (33)
[2015.09.20-14.38.39:058][  5]LogModuleManager: Shutting down and abandoning module Android_ETC1TargetPlatform (32)
[2015.09.20-14.38.39:058][  5]LogModuleManager: Shutting down and abandoning module Android_DXTTargetPlatform (31)
[2015.09.20-14.38.39:058][  5]LogModuleManager: Shutting down and abandoning module Android_ATCTargetPlatform (30)
[2015.09.20-14.38.39:058][  5]LogModuleManager: Shutting down and abandoning module Android_ASTCTargetPlatform (29)
[2015.09.20-14.38.39:058][  5]LogModuleManager: Shutting down and abandoning module AndroidTargetPlatform (28)
[2015.09.20-14.38.39:058][  5]LogModuleManager: Shutting down and abandoning module WindowsTargetPlatform (27)
[2015.09.20-14.38.39:058][  5]LogModuleManager: Shutting down and abandoning module WindowsServerTargetPlatform (26)
[2015.09.20-14.38.39:058][  5]LogModuleManager: Shutting down and abandoning module WindowsNoEditorTargetPlatform (25)
[2015.09.20-14.38.39:058][  5]LogModuleManager: Shutting down and abandoning module WindowsClientTargetPlatform (24)
[2015.09.20-14.38.39:059][  5]LogModuleManager: Shutting down and abandoning module AllDesktopTargetPlatform (23)
[2015.09.20-14.38.39:059][  5]LogModuleManager: Shutting down and abandoning module TargetPlatform (22)
[2015.09.20-14.38.39:059][  5]LogModuleManager: Shutting down and abandoning module InputCore (21)
[2015.09.20-14.38.39:059][  5]LogModuleManager: Shutting down and abandoning module Settings (20)
[2015.09.20-14.38.39:059][  5]LogModuleManager: Shutting down and abandoning module OnlineSubsystem (18)
[2015.09.20-14.38.39:059][  5]LogModuleManager: Shutting down and abandoning module HTTP (17)
[2015.09.20-14.38.41:062][  5]LogModuleManager: Shutting down and abandoning module XMPP (16)
[2015.09.20-14.38.41:063][  5]LogModuleManager: Shutting down and abandoning module ExampleDeviceProfileSelector (15)
[2015.09.20-14.38.41:063][  5]LogModuleManager: Shutting down and abandoning module TextureCompressor (14)
[2015.09.20-14.38.41:063][  5]LogModuleManager: Shutting down and abandoning module ShaderCore (13)
[2015.09.20-14.38.41:063][  5]LogModuleManager: Shutting down and abandoning module Landscape (12)
[2015.09.20-14.38.41:063][  5]LogModuleManager: Shutting down and abandoning module SlateRHIRenderer (11)
[2015.09.20-14.38.41:067][  5]LogModuleManager: Shutting down and abandoning module OpenGLDrv (10)
[2015.09.20-14.38.41:067][  5]LogModuleManager: Shutting down and abandoning module D3D11RHI (9)
[2015.09.20-14.38.41:067][  5]LogModuleManager: Shutting down and abandoning module AnimGraphRuntime (8)
[2015.09.20-14.38.41:067][  5]LogModuleManager: Shutting down and abandoning module Renderer (7)
[2015.09.20-14.38.41:067][  5]LogModuleManager: Shutting down and abandoning module Engine (6)
[2015.09.20-14.38.41:067][  5]LogModuleManager: Shutting down and abandoning module CoreUObject (5)
[2015.09.20-14.38.41:067][  5]LogModuleManager: Shutting down and abandoning module NetworkFile (4)
[2015.09.20-14.38.41:067][  5]LogModuleManager: Shutting down and abandoning module StreamingFile (3)
[2015.09.20-14.38.41:067][  5]LogModuleManager: Shutting down and abandoning module SandboxFile (2)
[2015.09.20-14.38.41:067][  5]LogModuleManager: Shutting down and abandoning module PakFile (1)
[2015.09.20-14.38.41:067][  5]LogExit: Exiting.
[2015.09.20-14.38.41:071][  5]Log file closed, 09/20/15 09:38:41
